[0.795s] Invoking command in '/home/alexmin9/Desktop/TCI_AERO/ws_drones/src/crazyflie': DEBUGINFOD_URLS=https://debuginfod.ubuntu.com PS1=\[\e]0;\u@\h: \w\a\]${debian_chroot:+($debian_chroot)}\[\033[01;32m\]\u@\h\[\033[00m\]:\[\033[01;34m\]\w\[\033[00m\]\$ PYTHONPATH=/home/alexmin9/Desktop/TCI_AERO/ws_drones/build/crazyflie/prefix_override:/usr/lib/python3/dist-packages/colcon_core/task/python/colcon_distutils_commands:/home/alexmin9/Desktop/TCI_AERO/ws_drones/install/crazyflie/lib/python3.12/site-packages:${PYTHONPATH} /usr/bin/python3 -W ignore:setup.py install is deprecated -W ignore:easy_install command is deprecated setup.py egg_info --egg-base ../../build/crazyflie build --build-base /home/alexmin9/Desktop/TCI_AERO/ws_drones/build/crazyflie/build install --record /home/alexmin9/Desktop/TCI_AERO/ws_drones/build/crazyflie/install.log --single-version-externally-managed install_data
[0.936s] running egg_info
[0.936s] creating ../../build/crazyflie/crazyflie.egg-info
[0.945s] writing ../../build/crazyflie/crazyflie.egg-info/PKG-INFO
[0.946s] writing dependency_links to ../../build/crazyflie/crazyflie.egg-info/dependency_links.txt
[0.946s] writing entry points to ../../build/crazyflie/crazyflie.egg-info/entry_points.txt
[0.946s] writing requirements to ../../build/crazyflie/crazyflie.egg-info/requires.txt
[0.946s] writing top-level names to ../../build/crazyflie/crazyflie.egg-info/top_level.txt
[0.946s] writing manifest file '../../build/crazyflie/crazyflie.egg-info/SOURCES.txt'
[0.965s] reading manifest file '../../build/crazyflie/crazyflie.egg-info/SOURCES.txt'
[0.965s] writing manifest file '../../build/crazyflie/crazyflie.egg-info/SOURCES.txt'
[0.965s] running build
[0.965s] running build_py
[0.965s] creating /home/alexmin9/Desktop/TCI_AERO/ws_drones/build/crazyflie/build
[0.965s] creating /home/alexmin9/Desktop/TCI_AERO/ws_drones/build/crazyflie/build/lib
[0.966s] creating /home/alexmin9/Desktop/TCI_AERO/ws_drones/build/crazyflie/build/lib/crazyflie
[0.966s] copying crazyflie/__init__.py -> /home/alexmin9/Desktop/TCI_AERO/ws_drones/build/crazyflie/build/lib/crazyflie
[0.966s] copying crazyflie/Control_node.py -> /home/alexmin9/Desktop/TCI_AERO/ws_drones/build/crazyflie/build/lib/crazyflie
[0.966s] running install
[0.969s] running install_lib
[0.979s] creating /home/alexmin9/Desktop/TCI_AERO/ws_drones/install/crazyflie/lib/python3.12/site-packages/crazyflie
[0.979s] copying /home/alexmin9/Desktop/TCI_AERO/ws_drones/build/crazyflie/build/lib/crazyflie/__init__.py -> /home/alexmin9/Desktop/TCI_AERO/ws_drones/install/crazyflie/lib/python3.12/site-packages/crazyflie
[0.979s] copying /home/alexmin9/Desktop/TCI_AERO/ws_drones/build/crazyflie/build/lib/crazyflie/Control_node.py -> /home/alexmin9/Desktop/TCI_AERO/ws_drones/install/crazyflie/lib/python3.12/site-packages/crazyflie
[0.979s] byte-compiling /home/alexmin9/Desktop/TCI_AERO/ws_drones/install/crazyflie/lib/python3.12/site-packages/crazyflie/__init__.py to __init__.cpython-312.pyc
[0.979s] byte-compiling /home/alexmin9/Desktop/TCI_AERO/ws_drones/install/crazyflie/lib/python3.12/site-packages/crazyflie/Control_node.py to Control_node.cpython-312.pyc
[0.980s] running install_data
[0.981s] creating /home/alexmin9/Desktop/TCI_AERO/ws_drones/install/crazyflie/share/ament_index
[0.981s] creating /home/alexmin9/Desktop/TCI_AERO/ws_drones/install/crazyflie/share/ament_index/resource_index
[0.981s] creating /home/alexmin9/Desktop/TCI_AERO/ws_drones/install/crazyflie/share/ament_index/resource_index/packages
[0.981s] copying resource/crazyflie -> /home/alexmin9/Desktop/TCI_AERO/ws_drones/install/crazyflie/share/ament_index/resource_index/packages
[0.981s] copying package.xml -> /home/alexmin9/Desktop/TCI_AERO/ws_drones/install/crazyflie/share/crazyflie
[0.981s] running install_egg_info
[0.991s] Copying ../../build/crazyflie/crazyflie.egg-info to /home/alexmin9/Desktop/TCI_AERO/ws_drones/install/crazyflie/lib/python3.12/site-packages/crazyflie-0.0.0-py3.12.egg-info
[0.991s] running install_scripts
[1.067s] Installing Control_node script to /home/alexmin9/Desktop/TCI_AERO/ws_drones/install/crazyflie/lib/crazyflie
[1.067s] writing list of installed files to '/home/alexmin9/Desktop/TCI_AERO/ws_drones/build/crazyflie/install.log'
[1.089s] Invoked command in '/home/alexmin9/Desktop/TCI_AERO/ws_drones/src/crazyflie' returned '0': DEBUGINFOD_URLS=https://debuginfod.ubuntu.com PS1=\[\e]0;\u@\h: \w\a\]${debian_chroot:+($debian_chroot)}\[\033[01;32m\]\u@\h\[\033[00m\]:\[\033[01;34m\]\w\[\033[00m\]\$ PYTHONPATH=/home/alexmin9/Desktop/TCI_AERO/ws_drones/build/crazyflie/prefix_override:/usr/lib/python3/dist-packages/colcon_core/task/python/colcon_distutils_commands:/home/alexmin9/Desktop/TCI_AERO/ws_drones/install/crazyflie/lib/python3.12/site-packages:${PYTHONPATH} /usr/bin/python3 -W ignore:setup.py install is deprecated -W ignore:easy_install command is deprecated setup.py egg_info --egg-base ../../build/crazyflie build --build-base /home/alexmin9/Desktop/TCI_AERO/ws_drones/build/crazyflie/build install --record /home/alexmin9/Desktop/TCI_AERO/ws_drones/build/crazyflie/install.log --single-version-externally-managed install_data
