[0.024s] Invoking command in '/home/alexmin9/Desktop/TCI_AERO/ws_drones/build/my_custom_interfaces': CMAKE_PREFIX_PATH=${CMAKE_PREFIX_PATH}:/home/alexmin9/Desktop/TCI_AERO/ws_drones/install/crazyflie:/home/alexmin9/Desktop/TCI_AERO/ws_drones/install/tortues:/home/alexmin9/Desktop/TCI_AERO/ws_drones/install/pid_control:/home/alexmin9/Desktop/TCI_AERO/ws_drones/install/fusion_CP_Consensus:/home/alexmin9/Desktop/TCI_AERO/ws_simu/install/webots_ros2:/home/alexmin9/Desktop/TCI_AERO/ws_simu/install/webots_ros2_universal_robot:/home/alexmin9/Desktop/TCI_AERO/ws_simu/install/webots_ros2_turtlebot:/home/alexmin9/Desktop/TCI_AERO/ws_simu/install/webots_ros2_tiago:/home/alexmin9/Desktop/TCI_AERO/ws_simu/install/webots_ros2_tests:/home/alexmin9/Desktop/TCI_AERO/ws_simu/install/webots_ros2_tesla:/home/alexmin9/Desktop/TCI_AERO/ws_simu/install/webots_ros2_mavic:/home/alexmin9/Desktop/TCI_AERO/ws_simu/install/webots_ros2_husarion:/home/alexmin9/Desktop/TCI_AERO/ws_simu/install/webots_ros2_epuck:/home/alexmin9/Desktop/TCI_AERO/ws_simu/install/webots_ros2_crazyflie:/home/alexmin9/Desktop/TCI_AERO/ws_simu/install/webots_ros2_importer:/home/alexmin9/Desktop/TCI_AERO/ws_simu/install/tortues:/home/alexmin9/Desktop/TCI_AERO/ws_simu/install/swarm_package:/home/alexmin9/Desktop/TCI_AERO/ws_simu/install/my_package:/opt/ros/kilted DEBUGINFOD_URLS=https://debuginfod.ubuntu.com /usr/bin/cmake --build /home/alexmin9/Desktop/TCI_AERO/ws_drones/build/my_custom_interfaces -- -j32 -l32
[0.304s] [  2%] Built target my_custom_interfaces__rosidl_generator_type_description
[0.304s] [  2%] Built target ament_cmake_python_copy_my_custom_interfaces
[0.304s] [  4%] Built target my_custom_interfaces__cpp
[0.305s] [ 22%] Built target my_custom_interfaces__rosidl_generator_c
[0.305s] [ 31%] Built target my_custom_interfaces__rosidl_typesupport_c
[0.305s] [ 54%] Built target my_custom_interfaces__rosidl_typesupport_cpp
[0.305s] [ 54%] Built target my_custom_interfaces__rosidl_typesupport_introspection_c
[0.305s] [ 59%] Built target my_custom_interfaces__rosidl_typesupport_fastrtps_c
[0.305s] [ 68%] Built target my_custom_interfaces__rosidl_typesupport_introspection_cpp
[0.305s] [ 77%] Built target my_custom_interfaces__rosidl_typesupport_fastrtps_cpp
[0.305s] [ 77%] Built target my_custom_interfaces
[0.305s] [ 79%] Built target my_custom_interfaces__py
[0.305s] [ 86%] Built target my_custom_interfaces__rosidl_generator_py
[0.305s] [ 95%] Built target my_custom_interfaces_s__rosidl_typesupport_fastrtps_c
[0.305s] [ 95%] Built target my_custom_interfaces_s__rosidl_typesupport_introspection_c
[0.305s] [100%] Built target my_custom_interfaces_s__rosidl_typesupport_c
[0.305s] running egg_info
[0.305s] writing my_custom_interfaces.egg-info/PKG-INFO
[0.305s] writing dependency_links to my_custom_interfaces.egg-info/dependency_links.txt
[0.305s] writing top-level names to my_custom_interfaces.egg-info/top_level.txt
[0.306s] reading manifest file 'my_custom_interfaces.egg-info/SOURCES.txt'
[0.306s] writing manifest file 'my_custom_interfaces.egg-info/SOURCES.txt'
[0.306s] [100%] Built target ament_cmake_python_build_my_custom_interfaces_egg
[0.306s] Invoked command in '/home/alexmin9/Desktop/TCI_AERO/ws_drones/build/my_custom_interfaces' returned '0': CMAKE_PREFIX_PATH=${CMAKE_PREFIX_PATH}:/home/alexmin9/Desktop/TCI_AERO/ws_drones/install/crazyflie:/home/alexmin9/Desktop/TCI_AERO/ws_drones/install/tortues:/home/alexmin9/Desktop/TCI_AERO/ws_drones/install/pid_control:/home/alexmin9/Desktop/TCI_AERO/ws_drones/install/fusion_CP_Consensus:/home/alexmin9/Desktop/TCI_AERO/ws_simu/install/webots_ros2:/home/alexmin9/Desktop/TCI_AERO/ws_simu/install/webots_ros2_universal_robot:/home/alexmin9/Desktop/TCI_AERO/ws_simu/install/webots_ros2_turtlebot:/home/alexmin9/Desktop/TCI_AERO/ws_simu/install/webots_ros2_tiago:/home/alexmin9/Desktop/TCI_AERO/ws_simu/install/webots_ros2_tests:/home/alexmin9/Desktop/TCI_AERO/ws_simu/install/webots_ros2_tesla:/home/alexmin9/Desktop/TCI_AERO/ws_simu/install/webots_ros2_mavic:/home/alexmin9/Desktop/TCI_AERO/ws_simu/install/webots_ros2_husarion:/home/alexmin9/Desktop/TCI_AERO/ws_simu/install/webots_ros2_epuck:/home/alexmin9/Desktop/TCI_AERO/ws_simu/install/webots_ros2_crazyflie:/home/alexmin9/Desktop/TCI_AERO/ws_simu/install/webots_ros2_importer:/home/alexmin9/Desktop/TCI_AERO/ws_simu/install/tortues:/home/alexmin9/Desktop/TCI_AERO/ws_simu/install/swarm_package:/home/alexmin9/Desktop/TCI_AERO/ws_simu/install/my_package:/opt/ros/kilted DEBUGINFOD_URLS=https://debuginfod.ubuntu.com /usr/bin/cmake --build /home/alexmin9/Desktop/TCI_AERO/ws_drones/build/my_custom_interfaces -- -j32 -l32
[0.312s] Invoking command in '/home/alexmin9/Desktop/TCI_AERO/ws_drones/build/my_custom_interfaces': CMAKE_PREFIX_PATH=${CMAKE_PREFIX_PATH}:/home/alexmin9/Desktop/TCI_AERO/ws_drones/install/crazyflie:/home/alexmin9/Desktop/TCI_AERO/ws_drones/install/tortues:/home/alexmin9/Desktop/TCI_AERO/ws_drones/install/pid_control:/home/alexmin9/Desktop/TCI_AERO/ws_drones/install/fusion_CP_Consensus:/home/alexmin9/Desktop/TCI_AERO/ws_simu/install/webots_ros2:/home/alexmin9/Desktop/TCI_AERO/ws_simu/install/webots_ros2_universal_robot:/home/alexmin9/Desktop/TCI_AERO/ws_simu/install/webots_ros2_turtlebot:/home/alexmin9/Desktop/TCI_AERO/ws_simu/install/webots_ros2_tiago:/home/alexmin9/Desktop/TCI_AERO/ws_simu/install/webots_ros2_tests:/home/alexmin9/Desktop/TCI_AERO/ws_simu/install/webots_ros2_tesla:/home/alexmin9/Desktop/TCI_AERO/ws_simu/install/webots_ros2_mavic:/home/alexmin9/Desktop/TCI_AERO/ws_simu/install/webots_ros2_husarion:/home/alexmin9/Desktop/TCI_AERO/ws_simu/install/webots_ros2_epuck:/home/alexmin9/Desktop/TCI_AERO/ws_simu/install/webots_ros2_crazyflie:/home/alexmin9/Desktop/TCI_AERO/ws_simu/install/webots_ros2_importer:/home/alexmin9/Desktop/TCI_AERO/ws_simu/install/tortues:/home/alexmin9/Desktop/TCI_AERO/ws_simu/install/swarm_package:/home/alexmin9/Desktop/TCI_AERO/ws_simu/install/my_package:/opt/ros/kilted DEBUGINFOD_URLS=https://debuginfod.ubuntu.com /usr/bin/cmake --install /home/alexmin9/Desktop/TCI_AERO/ws_drones/build/my_custom_interfaces
[0.440s] -- Install configuration: ""
[0.440s] -- Up-to-date: /home/alexmin9/Desktop/TCI_AERO/ws_drones/install/my_custom_interfaces/share/ament_index/resource_index/rosidl_interfaces/my_custom_interfaces
[0.440s] -- Up-to-date: /home/alexmin9/Desktop/TCI_AERO/ws_drones/install/my_custom_interfaces/share/my_custom_interfaces/srv/Position3D.json
[0.440s] -- Up-to-date: /home/alexmin9/Desktop/TCI_AERO/ws_drones/install/my_custom_interfaces/share/my_custom_interfaces/msg/PosObstacles.json
[0.440s] -- Up-to-date: /home/alexmin9/Desktop/TCI_AERO/ws_drones/install/my_custom_interfaces/include/my_custom_interfaces/my_custom_interfaces
[0.440s] -- Up-to-date: /home/alexmin9/Desktop/TCI_AERO/ws_drones/install/my_custom_interfaces/include/my_custom_interfaces/my_custom_interfaces/msg
[0.440s] -- Up-to-date: /home/alexmin9/Desktop/TCI_AERO/ws_drones/install/my_custom_interfaces/include/my_custom_interfaces/my_custom_interfaces/msg/pos_obstacles.h
[0.440s] -- Up-to-date: /home/alexmin9/Desktop/TCI_AERO/ws_drones/install/my_custom_interfaces/include/my_custom_interfaces/my_custom_interfaces/msg/rosidl_generator_c__visibility_control.h
[0.440s] -- Up-to-date: /home/alexmin9/Desktop/TCI_AERO/ws_drones/install/my_custom_interfaces/include/my_custom_interfaces/my_custom_interfaces/msg/detail
[0.440s] -- Up-to-date: /home/alexmin9/Desktop/TCI_AERO/ws_drones/install/my_custom_interfaces/include/my_custom_interfaces/my_custom_interfaces/msg/detail/pos_obstacles__type_support.c
[0.440s] -- Up-to-date: /home/alexmin9/Desktop/TCI_AERO/ws_drones/install/my_custom_interfaces/include/my_custom_interfaces/my_custom_interfaces/msg/detail/pos_obstacles__type_support.h
[0.440s] -- Up-to-date: /home/alexmin9/Desktop/TCI_AERO/ws_drones/install/my_custom_interfaces/include/my_custom_interfaces/my_custom_interfaces/msg/detail/pos_obstacles__description.c
[0.440s] -- Up-to-date: /home/alexmin9/Desktop/TCI_AERO/ws_drones/install/my_custom_interfaces/include/my_custom_interfaces/my_custom_interfaces/msg/detail/pos_obstacles__functions.h
[0.440s] -- Up-to-date: /home/alexmin9/Desktop/TCI_AERO/ws_drones/install/my_custom_interfaces/include/my_custom_interfaces/my_custom_interfaces/msg/detail/pos_obstacles__functions.c
[0.441s] -- Up-to-date: /home/alexmin9/Desktop/TCI_AERO/ws_drones/install/my_custom_interfaces/include/my_custom_interfaces/my_custom_interfaces/msg/detail/pos_obstacles__struct.h
[0.441s] -- Up-to-date: /home/alexmin9/Desktop/TCI_AERO/ws_drones/install/my_custom_interfaces/include/my_custom_interfaces/my_custom_interfaces/srv
[0.441s] -- Up-to-date: /home/alexmin9/Desktop/TCI_AERO/ws_drones/install/my_custom_interfaces/include/my_custom_interfaces/my_custom_interfaces/srv/position3_d.h
[0.441s] -- Up-to-date: /home/alexmin9/Desktop/TCI_AERO/ws_drones/install/my_custom_interfaces/include/my_custom_interfaces/my_custom_interfaces/srv/detail
[0.441s] -- Up-to-date: /home/alexmin9/Desktop/TCI_AERO/ws_drones/install/my_custom_interfaces/include/my_custom_interfaces/my_custom_interfaces/srv/detail/position3_d__functions.h
[0.441s] -- Up-to-date: /home/alexmin9/Desktop/TCI_AERO/ws_drones/install/my_custom_interfaces/include/my_custom_interfaces/my_custom_interfaces/srv/detail/position3_d__struct.h
[0.441s] -- Up-to-date: /home/alexmin9/Desktop/TCI_AERO/ws_drones/install/my_custom_interfaces/include/my_custom_interfaces/my_custom_interfaces/srv/detail/position3_d__description.c
[0.441s] -- Up-to-date: /home/alexmin9/Desktop/TCI_AERO/ws_drones/install/my_custom_interfaces/include/my_custom_interfaces/my_custom_interfaces/srv/detail/position3_d__functions.c
[0.441s] -- Up-to-date: /home/alexmin9/Desktop/TCI_AERO/ws_drones/install/my_custom_interfaces/include/my_custom_interfaces/my_custom_interfaces/srv/detail/position3_d__type_support.h
[0.441s] -- Up-to-date: /home/alexmin9/Desktop/TCI_AERO/ws_drones/install/my_custom_interfaces/include/my_custom_interfaces/my_custom_interfaces/srv/detail/position3_d__type_support.c
[0.441s] -- Up-to-date: /home/alexmin9/Desktop/TCI_AERO/ws_drones/install/my_custom_interfaces/share/my_custom_interfaces/environment/library_path.sh
[0.441s] -- Up-to-date: /home/alexmin9/Desktop/TCI_AERO/ws_drones/install/my_custom_interfaces/share/my_custom_interfaces/environment/library_path.dsv
[0.441s] -- Up-to-date: /home/alexmin9/Desktop/TCI_AERO/ws_drones/install/my_custom_interfaces/lib/libmy_custom_interfaces__rosidl_generator_c.so
[0.442s] -- Up-to-date: /home/alexmin9/Desktop/TCI_AERO/ws_drones/install/my_custom_interfaces/include/my_custom_interfaces/my_custom_interfaces
[0.442s] -- Up-to-date: /home/alexmin9/Desktop/TCI_AERO/ws_drones/install/my_custom_interfaces/include/my_custom_interfaces/my_custom_interfaces/msg
[0.442s] -- Up-to-date: /home/alexmin9/Desktop/TCI_AERO/ws_drones/install/my_custom_interfaces/include/my_custom_interfaces/my_custom_interfaces/msg/detail
[0.442s] -- Up-to-date: /home/alexmin9/Desktop/TCI_AERO/ws_drones/install/my_custom_interfaces/include/my_custom_interfaces/my_custom_interfaces/msg/detail/pos_obstacles__rosidl_typesupport_fastrtps_c.h
[0.442s] -- Up-to-date: /home/alexmin9/Desktop/TCI_AERO/ws_drones/install/my_custom_interfaces/include/my_custom_interfaces/my_custom_interfaces/msg/rosidl_typesupport_fastrtps_c__visibility_control.h
[0.442s] -- Up-to-date: /home/alexmin9/Desktop/TCI_AERO/ws_drones/install/my_custom_interfaces/include/my_custom_interfaces/my_custom_interfaces/srv
[0.442s] -- Up-to-date: /home/alexmin9/Desktop/TCI_AERO/ws_drones/install/my_custom_interfaces/include/my_custom_interfaces/my_custom_interfaces/srv/detail
[0.442s] -- Up-to-date: /home/alexmin9/Desktop/TCI_AERO/ws_drones/install/my_custom_interfaces/include/my_custom_interfaces/my_custom_interfaces/srv/detail/position3_d__rosidl_typesupport_fastrtps_c.h
[0.442s] -- Up-to-date: /home/alexmin9/Desktop/TCI_AERO/ws_drones/install/my_custom_interfaces/lib/libmy_custom_interfaces__rosidl_typesupport_fastrtps_c.so
[0.442s] -- Up-to-date: /home/alexmin9/Desktop/TCI_AERO/ws_drones/install/my_custom_interfaces/include/my_custom_interfaces/my_custom_interfaces
[0.442s] -- Up-to-date: /home/alexmin9/Desktop/TCI_AERO/ws_drones/install/my_custom_interfaces/include/my_custom_interfaces/my_custom_interfaces/msg
[0.442s] -- Up-to-date: /home/alexmin9/Desktop/TCI_AERO/ws_drones/install/my_custom_interfaces/include/my_custom_interfaces/my_custom_interfaces/msg/rosidl_typesupport_introspection_c__visibility_control.h
[0.442s] -- Up-to-date: /home/alexmin9/Desktop/TCI_AERO/ws_drones/install/my_custom_interfaces/include/my_custom_interfaces/my_custom_interfaces/msg/detail
[0.443s] -- Up-to-date: /home/alexmin9/Desktop/TCI_AERO/ws_drones/install/my_custom_interfaces/include/my_custom_interfaces/my_custom_interfaces/msg/detail/pos_obstacles__type_support.c
[0.443s] -- Up-to-date: /home/alexmin9/Desktop/TCI_AERO/ws_drones/install/my_custom_interfaces/include/my_custom_interfaces/my_custom_interfaces/msg/detail/pos_obstacles__rosidl_typesupport_introspection_c.h
[0.443s] -- Up-to-date: /home/alexmin9/Desktop/TCI_AERO/ws_drones/install/my_custom_interfaces/include/my_custom_interfaces/my_custom_interfaces/srv
[0.443s] -- Up-to-date: /home/alexmin9/Desktop/TCI_AERO/ws_drones/install/my_custom_interfaces/include/my_custom_interfaces/my_custom_interfaces/srv/detail
[0.443s] -- Up-to-date: /home/alexmin9/Desktop/TCI_AERO/ws_drones/install/my_custom_interfaces/include/my_custom_interfaces/my_custom_interfaces/srv/detail/position3_d__rosidl_typesupport_introspection_c.h
[0.443s] -- Up-to-date: /home/alexmin9/Desktop/TCI_AERO/ws_drones/install/my_custom_interfaces/include/my_custom_interfaces/my_custom_interfaces/srv/detail/position3_d__type_support.c
[0.443s] -- Up-to-date: /home/alexmin9/Desktop/TCI_AERO/ws_drones/install/my_custom_interfaces/lib/libmy_custom_interfaces__rosidl_typesupport_introspection_c.so
[0.443s] -- Up-to-date: /home/alexmin9/Desktop/TCI_AERO/ws_drones/install/my_custom_interfaces/lib/libmy_custom_interfaces__rosidl_typesupport_c.so
[0.443s] -- Up-to-date: /home/alexmin9/Desktop/TCI_AERO/ws_drones/install/my_custom_interfaces/include/my_custom_interfaces/my_custom_interfaces
[0.443s] -- Up-to-date: /home/alexmin9/Desktop/TCI_AERO/ws_drones/install/my_custom_interfaces/include/my_custom_interfaces/my_custom_interfaces/msg
[0.443s] -- Up-to-date: /home/alexmin9/Desktop/TCI_AERO/ws_drones/install/my_custom_interfaces/include/my_custom_interfaces/my_custom_interfaces/msg/pos_obstacles.hpp
[0.443s] -- Up-to-date: /home/alexmin9/Desktop/TCI_AERO/ws_drones/install/my_custom_interfaces/include/my_custom_interfaces/my_custom_interfaces/msg/rosidl_generator_cpp__visibility_control.hpp
[0.443s] -- Up-to-date: /home/alexmin9/Desktop/TCI_AERO/ws_drones/install/my_custom_interfaces/include/my_custom_interfaces/my_custom_interfaces/msg/detail
[0.443s] -- Up-to-date: /home/alexmin9/Desktop/TCI_AERO/ws_drones/install/my_custom_interfaces/include/my_custom_interfaces/my_custom_interfaces/msg/detail/pos_obstacles__type_support.hpp
[0.443s] -- Up-to-date: /home/alexmin9/Desktop/TCI_AERO/ws_drones/install/my_custom_interfaces/include/my_custom_interfaces/my_custom_interfaces/msg/detail/pos_obstacles__traits.hpp
[0.443s] -- Up-to-date: /home/alexmin9/Desktop/TCI_AERO/ws_drones/install/my_custom_interfaces/include/my_custom_interfaces/my_custom_interfaces/msg/detail/pos_obstacles__builder.hpp
[0.443s] -- Up-to-date: /home/alexmin9/Desktop/TCI_AERO/ws_drones/install/my_custom_interfaces/include/my_custom_interfaces/my_custom_interfaces/msg/detail/pos_obstacles__struct.hpp
[0.443s] -- Up-to-date: /home/alexmin9/Desktop/TCI_AERO/ws_drones/install/my_custom_interfaces/include/my_custom_interfaces/my_custom_interfaces/srv
[0.443s] -- Up-to-date: /home/alexmin9/Desktop/TCI_AERO/ws_drones/install/my_custom_interfaces/include/my_custom_interfaces/my_custom_interfaces/srv/position3_d.hpp
[0.443s] -- Up-to-date: /home/alexmin9/Desktop/TCI_AERO/ws_drones/install/my_custom_interfaces/include/my_custom_interfaces/my_custom_interfaces/srv/detail
[0.443s] -- Up-to-date: /home/alexmin9/Desktop/TCI_AERO/ws_drones/install/my_custom_interfaces/include/my_custom_interfaces/my_custom_interfaces/srv/detail/position3_d__traits.hpp
[0.444s] -- Up-to-date: /home/alexmin9/Desktop/TCI_AERO/ws_drones/install/my_custom_interfaces/include/my_custom_interfaces/my_custom_interfaces/srv/detail/position3_d__struct.hpp
[0.444s] -- Up-to-date: /home/alexmin9/Desktop/TCI_AERO/ws_drones/install/my_custom_interfaces/include/my_custom_interfaces/my_custom_interfaces/srv/detail/position3_d__builder.hpp
[0.444s] -- Up-to-date: /home/alexmin9/Desktop/TCI_AERO/ws_drones/install/my_custom_interfaces/include/my_custom_interfaces/my_custom_interfaces/srv/detail/position3_d__type_support.hpp
[0.444s] -- Up-to-date: /home/alexmin9/Desktop/TCI_AERO/ws_drones/install/my_custom_interfaces/include/my_custom_interfaces/my_custom_interfaces
[0.444s] -- Up-to-date: /home/alexmin9/Desktop/TCI_AERO/ws_drones/install/my_custom_interfaces/include/my_custom_interfaces/my_custom_interfaces/msg
[0.444s] -- Up-to-date: /home/alexmin9/Desktop/TCI_AERO/ws_drones/install/my_custom_interfaces/include/my_custom_interfaces/my_custom_interfaces/msg/rosidl_typesupport_fastrtps_cpp__visibility_control.h
[0.444s] -- Up-to-date: /home/alexmin9/Desktop/TCI_AERO/ws_drones/install/my_custom_interfaces/include/my_custom_interfaces/my_custom_interfaces/msg/detail
[0.444s] -- Up-to-date: /home/alexmin9/Desktop/TCI_AERO/ws_drones/install/my_custom_interfaces/include/my_custom_interfaces/my_custom_interfaces/msg/detail/pos_obstacles__rosidl_typesupport_fastrtps_cpp.hpp
[0.444s] -- Up-to-date: /home/alexmin9/Desktop/TCI_AERO/ws_drones/install/my_custom_interfaces/include/my_custom_interfaces/my_custom_interfaces/msg/detail/dds_fastrtps
[0.444s] -- Up-to-date: /home/alexmin9/Desktop/TCI_AERO/ws_drones/install/my_custom_interfaces/include/my_custom_interfaces/my_custom_interfaces/srv
[0.444s] -- Up-to-date: /home/alexmin9/Desktop/TCI_AERO/ws_drones/install/my_custom_interfaces/include/my_custom_interfaces/my_custom_interfaces/srv/detail
[0.444s] -- Up-to-date: /home/alexmin9/Desktop/TCI_AERO/ws_drones/install/my_custom_interfaces/include/my_custom_interfaces/my_custom_interfaces/srv/detail/position3_d__rosidl_typesupport_fastrtps_cpp.hpp
[0.444s] -- Up-to-date: /home/alexmin9/Desktop/TCI_AERO/ws_drones/install/my_custom_interfaces/include/my_custom_interfaces/my_custom_interfaces/srv/detail/dds_fastrtps
[0.444s] -- Up-to-date: /home/alexmin9/Desktop/TCI_AERO/ws_drones/install/my_custom_interfaces/lib/libmy_custom_interfaces__rosidl_typesupport_fastrtps_cpp.so
[0.444s] -- Up-to-date: /home/alexmin9/Desktop/TCI_AERO/ws_drones/install/my_custom_interfaces/include/my_custom_interfaces/my_custom_interfaces
[0.444s] -- Up-to-date: /home/alexmin9/Desktop/TCI_AERO/ws_drones/install/my_custom_interfaces/include/my_custom_interfaces/my_custom_interfaces/msg
[0.444s] -- Up-to-date: /home/alexmin9/Desktop/TCI_AERO/ws_drones/install/my_custom_interfaces/include/my_custom_interfaces/my_custom_interfaces/msg/detail
[0.444s] -- Up-to-date: /home/alexmin9/Desktop/TCI_AERO/ws_drones/install/my_custom_interfaces/include/my_custom_interfaces/my_custom_interfaces/msg/detail/pos_obstacles__type_support.cpp
[0.444s] -- Up-to-date: /home/alexmin9/Desktop/TCI_AERO/ws_drones/install/my_custom_interfaces/include/my_custom_interfaces/my_custom_interfaces/msg/detail/pos_obstacles__rosidl_typesupport_introspection_cpp.hpp
[0.445s] -- Up-to-date: /home/alexmin9/Desktop/TCI_AERO/ws_drones/install/my_custom_interfaces/include/my_custom_interfaces/my_custom_interfaces/srv
[0.445s] -- Up-to-date: /home/alexmin9/Desktop/TCI_AERO/ws_drones/install/my_custom_interfaces/include/my_custom_interfaces/my_custom_interfaces/srv/detail
[0.445s] -- Up-to-date: /home/alexmin9/Desktop/TCI_AERO/ws_drones/install/my_custom_interfaces/include/my_custom_interfaces/my_custom_interfaces/srv/detail/position3_d__type_support.cpp
[0.445s] -- Up-to-date: /home/alexmin9/Desktop/TCI_AERO/ws_drones/install/my_custom_interfaces/include/my_custom_interfaces/my_custom_interfaces/srv/detail/position3_d__rosidl_typesupport_introspection_cpp.hpp
[0.445s] -- Up-to-date: /home/alexmin9/Desktop/TCI_AERO/ws_drones/install/my_custom_interfaces/lib/libmy_custom_interfaces__rosidl_typesupport_introspection_cpp.so
[0.445s] -- Up-to-date: /home/alexmin9/Desktop/TCI_AERO/ws_drones/install/my_custom_interfaces/lib/libmy_custom_interfaces__rosidl_typesupport_cpp.so
[0.445s] -- Up-to-date: /home/alexmin9/Desktop/TCI_AERO/ws_drones/install/my_custom_interfaces/share/my_custom_interfaces/environment/pythonpath.sh
[0.445s] -- Up-to-date: /home/alexmin9/Desktop/TCI_AERO/ws_drones/install/my_custom_interfaces/share/my_custom_interfaces/environment/pythonpath.dsv
[0.445s] -- Up-to-date: /home/alexmin9/Desktop/TCI_AERO/ws_drones/install/my_custom_interfaces/lib/python3.12/site-packages/my_custom_interfaces-0.0.0-py3.12.egg-info
[0.445s] -- Installing: /home/alexmin9/Desktop/TCI_AERO/ws_drones/install/my_custom_interfaces/lib/python3.12/site-packages/my_custom_interfaces-0.0.0-py3.12.egg-info/top_level.txt
[0.445s] -- Installing: /home/alexmin9/Desktop/TCI_AERO/ws_drones/install/my_custom_interfaces/lib/python3.12/site-packages/my_custom_interfaces-0.0.0-py3.12.egg-info/dependency_links.txt
[0.445s] -- Installing: /home/alexmin9/Desktop/TCI_AERO/ws_drones/install/my_custom_interfaces/lib/python3.12/site-packages/my_custom_interfaces-0.0.0-py3.12.egg-info/PKG-INFO
[0.445s] -- Installing: /home/alexmin9/Desktop/TCI_AERO/ws_drones/install/my_custom_interfaces/lib/python3.12/site-packages/my_custom_interfaces-0.0.0-py3.12.egg-info/SOURCES.txt
[0.445s] -- Up-to-date: /home/alexmin9/Desktop/TCI_AERO/ws_drones/install/my_custom_interfaces/lib/python3.12/site-packages/my_custom_interfaces
[0.445s] -- Up-to-date: /home/alexmin9/Desktop/TCI_AERO/ws_drones/install/my_custom_interfaces/lib/python3.12/site-packages/my_custom_interfaces/my_custom_interfaces_s__rosidl_typesupport_c.so
[0.445s] -- Up-to-date: /home/alexmin9/Desktop/TCI_AERO/ws_drones/install/my_custom_interfaces/lib/python3.12/site-packages/my_custom_interfaces/_my_custom_interfaces_s.ep.rosidl_typesupport_introspection_c.c
[0.445s] -- Up-to-date: /home/alexmin9/Desktop/TCI_AERO/ws_drones/install/my_custom_interfaces/lib/python3.12/site-packages/my_custom_interfaces/my_custom_interfaces_s__rosidl_typesupport_fastrtps_c.so
[0.445s] -- Up-to-date: /home/alexmin9/Desktop/TCI_AERO/ws_drones/install/my_custom_interfaces/lib/python3.12/site-packages/my_custom_interfaces/msg
[0.445s] -- Up-to-date: /home/alexmin9/Desktop/TCI_AERO/ws_drones/install/my_custom_interfaces/lib/python3.12/site-packages/my_custom_interfaces/msg/_pos_obstacles.py
[0.446s] -- Up-to-date: /home/alexmin9/Desktop/TCI_AERO/ws_drones/install/my_custom_interfaces/lib/python3.12/site-packages/my_custom_interfaces/msg/__init__.py
[0.446s] -- Up-to-date: /home/alexmin9/Desktop/TCI_AERO/ws_drones/install/my_custom_interfaces/lib/python3.12/site-packages/my_custom_interfaces/msg/_pos_obstacles_s.c
[0.446s] -- Up-to-date: /home/alexmin9/Desktop/TCI_AERO/ws_drones/install/my_custom_interfaces/lib/python3.12/site-packages/my_custom_interfaces/my_custom_interfaces_s__rosidl_typesupport_introspection_c.so
[0.446s] -- Up-to-date: /home/alexmin9/Desktop/TCI_AERO/ws_drones/install/my_custom_interfaces/lib/python3.12/site-packages/my_custom_interfaces/_my_custom_interfaces_s.ep.rosidl_typesupport_fastrtps_c.c
[0.446s] -- Up-to-date: /home/alexmin9/Desktop/TCI_AERO/ws_drones/install/my_custom_interfaces/lib/python3.12/site-packages/my_custom_interfaces/srv
[0.446s] -- Up-to-date: /home/alexmin9/Desktop/TCI_AERO/ws_drones/install/my_custom_interfaces/lib/python3.12/site-packages/my_custom_interfaces/srv/_position3_d.py
[0.446s] -- Up-to-date: /home/alexmin9/Desktop/TCI_AERO/ws_drones/install/my_custom_interfaces/lib/python3.12/site-packages/my_custom_interfaces/srv/_position3_d_s.c
[0.446s] -- Up-to-date: /home/alexmin9/Desktop/TCI_AERO/ws_drones/install/my_custom_interfaces/lib/python3.12/site-packages/my_custom_interfaces/srv/__init__.py
[0.446s] -- Up-to-date: /home/alexmin9/Desktop/TCI_AERO/ws_drones/install/my_custom_interfaces/lib/python3.12/site-packages/my_custom_interfaces/__init__.py
[0.446s] -- Up-to-date: /home/alexmin9/Desktop/TCI_AERO/ws_drones/install/my_custom_interfaces/lib/python3.12/site-packages/my_custom_interfaces/_my_custom_interfaces_s.ep.rosidl_typesupport_c.c
[0.446s] Listing '/home/alexmin9/Desktop/TCI_AERO/ws_drones/install/my_custom_interfaces/lib/python3.12/site-packages/my_custom_interfaces'...
[0.446s] Listing '/home/alexmin9/Desktop/TCI_AERO/ws_drones/install/my_custom_interfaces/lib/python3.12/site-packages/my_custom_interfaces/msg'...
[0.446s] Listing '/home/alexmin9/Desktop/TCI_AERO/ws_drones/install/my_custom_interfaces/lib/python3.12/site-packages/my_custom_interfaces/srv'...
[0.446s] -- Up-to-date: /home/alexmin9/Desktop/TCI_AERO/ws_drones/install/my_custom_interfaces/lib/python3.12/site-packages/my_custom_interfaces/my_custom_interfaces_s__rosidl_typesupport_fastrtps_c.so
[0.446s] -- Up-to-date: /home/alexmin9/Desktop/TCI_AERO/ws_drones/install/my_custom_interfaces/lib/python3.12/site-packages/my_custom_interfaces/my_custom_interfaces_s__rosidl_typesupport_introspection_c.so
[0.446s] -- Up-to-date: /home/alexmin9/Desktop/TCI_AERO/ws_drones/install/my_custom_interfaces/lib/python3.12/site-packages/my_custom_interfaces/my_custom_interfaces_s__rosidl_typesupport_c.so
[0.446s] -- Up-to-date: /home/alexmin9/Desktop/TCI_AERO/ws_drones/install/my_custom_interfaces/lib/libmy_custom_interfaces__rosidl_generator_py.so
[0.446s] -- Up-to-date: /home/alexmin9/Desktop/TCI_AERO/ws_drones/install/my_custom_interfaces/share/my_custom_interfaces/srv/Position3D.idl
[0.446s] -- Up-to-date: /home/alexmin9/Desktop/TCI_AERO/ws_drones/install/my_custom_interfaces/share/my_custom_interfaces/msg/PosObstacles.idl
[0.447s] -- Up-to-date: /home/alexmin9/Desktop/TCI_AERO/ws_drones/install/my_custom_interfaces/share/my_custom_interfaces/srv/Position3D.srv
[0.447s] -- Up-to-date: /home/alexmin9/Desktop/TCI_AERO/ws_drones/install/my_custom_interfaces/share/my_custom_interfaces/msg/PosObstacles.msg
[0.447s] -- Up-to-date: /home/alexmin9/Desktop/TCI_AERO/ws_drones/install/my_custom_interfaces/share/ament_index/resource_index/package_run_dependencies/my_custom_interfaces
[0.447s] -- Up-to-date: /home/alexmin9/Desktop/TCI_AERO/ws_drones/install/my_custom_interfaces/share/ament_index/resource_index/parent_prefix_path/my_custom_interfaces
[0.447s] -- Up-to-date: /home/alexmin9/Desktop/TCI_AERO/ws_drones/install/my_custom_interfaces/share/my_custom_interfaces/environment/ament_prefix_path.sh
[0.447s] -- Up-to-date: /home/alexmin9/Desktop/TCI_AERO/ws_drones/install/my_custom_interfaces/share/my_custom_interfaces/environment/ament_prefix_path.dsv
[0.447s] -- Up-to-date: /home/alexmin9/Desktop/TCI_AERO/ws_drones/install/my_custom_interfaces/share/my_custom_interfaces/environment/path.sh
[0.447s] -- Up-to-date: /home/alexmin9/Desktop/TCI_AERO/ws_drones/install/my_custom_interfaces/share/my_custom_interfaces/environment/path.dsv
[0.447s] -- Up-to-date: /home/alexmin9/Desktop/TCI_AERO/ws_drones/install/my_custom_interfaces/share/my_custom_interfaces/local_setup.bash
[0.447s] -- Up-to-date: /home/alexmin9/Desktop/TCI_AERO/ws_drones/install/my_custom_interfaces/share/my_custom_interfaces/local_setup.sh
[0.447s] -- Up-to-date: /home/alexmin9/Desktop/TCI_AERO/ws_drones/install/my_custom_interfaces/share/my_custom_interfaces/local_setup.zsh
[0.447s] -- Up-to-date: /home/alexmin9/Desktop/TCI_AERO/ws_drones/install/my_custom_interfaces/share/my_custom_interfaces/local_setup.dsv
[0.447s] -- Installing: /home/alexmin9/Desktop/TCI_AERO/ws_drones/install/my_custom_interfaces/share/my_custom_interfaces/package.dsv
[0.447s] -- Up-to-date: /home/alexmin9/Desktop/TCI_AERO/ws_drones/install/my_custom_interfaces/share/ament_index/resource_index/packages/my_custom_interfaces
[0.447s] -- Up-to-date: /home/alexmin9/Desktop/TCI_AERO/ws_drones/install/my_custom_interfaces/share/my_custom_interfaces/cmake/export_my_custom_interfaces__rosidl_generator_cExport.cmake
[0.447s] -- Up-to-date: /home/alexmin9/Desktop/TCI_AERO/ws_drones/install/my_custom_interfaces/share/my_custom_interfaces/cmake/export_my_custom_interfaces__rosidl_generator_cExport-noconfig.cmake
[0.447s] -- Up-to-date: /home/alexmin9/Desktop/TCI_AERO/ws_drones/install/my_custom_interfaces/share/my_custom_interfaces/cmake/export_my_custom_interfaces__rosidl_typesupport_fastrtps_cExport.cmake
[0.447s] -- Up-to-date: /home/alexmin9/Desktop/TCI_AERO/ws_drones/install/my_custom_interfaces/share/my_custom_interfaces/cmake/export_my_custom_interfaces__rosidl_typesupport_fastrtps_cExport-noconfig.cmake
[0.447s] -- Up-to-date: /home/alexmin9/Desktop/TCI_AERO/ws_drones/install/my_custom_interfaces/share/my_custom_interfaces/cmake/my_custom_interfaces__rosidl_typesupport_introspection_cExport.cmake
[0.447s] -- Up-to-date: /home/alexmin9/Desktop/TCI_AERO/ws_drones/install/my_custom_interfaces/share/my_custom_interfaces/cmake/my_custom_interfaces__rosidl_typesupport_introspection_cExport-noconfig.cmake
[0.448s] -- Up-to-date: /home/alexmin9/Desktop/TCI_AERO/ws_drones/install/my_custom_interfaces/share/my_custom_interfaces/cmake/my_custom_interfaces__rosidl_typesupport_cExport.cmake
[0.448s] -- Up-to-date: /home/alexmin9/Desktop/TCI_AERO/ws_drones/install/my_custom_interfaces/share/my_custom_interfaces/cmake/my_custom_interfaces__rosidl_typesupport_cExport-noconfig.cmake
[0.448s] -- Up-to-date: /home/alexmin9/Desktop/TCI_AERO/ws_drones/install/my_custom_interfaces/share/my_custom_interfaces/cmake/export_my_custom_interfaces__rosidl_generator_cppExport.cmake
[0.448s] -- Up-to-date: /home/alexmin9/Desktop/TCI_AERO/ws_drones/install/my_custom_interfaces/share/my_custom_interfaces/cmake/export_my_custom_interfaces__rosidl_typesupport_fastrtps_cppExport.cmake
[0.448s] -- Up-to-date: /home/alexmin9/Desktop/TCI_AERO/ws_drones/install/my_custom_interfaces/share/my_custom_interfaces/cmake/export_my_custom_interfaces__rosidl_typesupport_fastrtps_cppExport-noconfig.cmake
[0.448s] -- Up-to-date: /home/alexmin9/Desktop/TCI_AERO/ws_drones/install/my_custom_interfaces/share/my_custom_interfaces/cmake/my_custom_interfaces__rosidl_typesupport_introspection_cppExport.cmake
[0.448s] -- Up-to-date: /home/alexmin9/Desktop/TCI_AERO/ws_drones/install/my_custom_interfaces/share/my_custom_interfaces/cmake/my_custom_interfaces__rosidl_typesupport_introspection_cppExport-noconfig.cmake
[0.448s] -- Up-to-date: /home/alexmin9/Desktop/TCI_AERO/ws_drones/install/my_custom_interfaces/share/my_custom_interfaces/cmake/my_custom_interfaces__rosidl_typesupport_cppExport.cmake
[0.448s] -- Up-to-date: /home/alexmin9/Desktop/TCI_AERO/ws_drones/install/my_custom_interfaces/share/my_custom_interfaces/cmake/my_custom_interfaces__rosidl_typesupport_cppExport-noconfig.cmake
[0.448s] -- Up-to-date: /home/alexmin9/Desktop/TCI_AERO/ws_drones/install/my_custom_interfaces/share/my_custom_interfaces/cmake/export_my_custom_interfaces__rosidl_generator_pyExport.cmake
[0.448s] -- Up-to-date: /home/alexmin9/Desktop/TCI_AERO/ws_drones/install/my_custom_interfaces/share/my_custom_interfaces/cmake/export_my_custom_interfaces__rosidl_generator_pyExport-noconfig.cmake
[0.448s] -- Up-to-date: /home/alexmin9/Desktop/TCI_AERO/ws_drones/install/my_custom_interfaces/share/my_custom_interfaces/cmake/rosidl_cmake-extras.cmake
[0.448s] -- Up-to-date: /home/alexmin9/Desktop/TCI_AERO/ws_drones/install/my_custom_interfaces/share/my_custom_interfaces/cmake/ament_cmake_export_dependencies-extras.cmake
[0.448s] -- Up-to-date: /home/alexmin9/Desktop/TCI_AERO/ws_drones/install/my_custom_interfaces/share/my_custom_interfaces/cmake/ament_cmake_export_include_directories-extras.cmake
[0.448s] -- Up-to-date: /home/alexmin9/Desktop/TCI_AERO/ws_drones/install/my_custom_interfaces/share/my_custom_interfaces/cmake/ament_cmake_export_libraries-extras.cmake
[0.448s] -- Up-to-date: /home/alexmin9/Desktop/TCI_AERO/ws_drones/install/my_custom_interfaces/share/my_custom_interfaces/cmake/ament_cmake_export_targets-extras.cmake
[0.448s] -- Up-to-date: /home/alexmin9/Desktop/TCI_AERO/ws_drones/install/my_custom_interfaces/share/my_custom_interfaces/cmake/rosidl_cmake_export_typesupport_targets-extras.cmake
[0.448s] -- Up-to-date: /home/alexmin9/Desktop/TCI_AERO/ws_drones/install/my_custom_interfaces/share/my_custom_interfaces/cmake/rosidl_cmake_export_typesupport_libraries-extras.cmake
[0.448s] -- Up-to-date: /home/alexmin9/Desktop/TCI_AERO/ws_drones/install/my_custom_interfaces/share/my_custom_interfaces/cmake/my_custom_interfacesConfig.cmake
[0.448s] -- Up-to-date: /home/alexmin9/Desktop/TCI_AERO/ws_drones/install/my_custom_interfaces/share/my_custom_interfaces/cmake/my_custom_interfacesConfig-version.cmake
[0.449s] -- Up-to-date: /home/alexmin9/Desktop/TCI_AERO/ws_drones/install/my_custom_interfaces/share/my_custom_interfaces/package.xml
[0.451s] Invoked command in '/home/alexmin9/Desktop/TCI_AERO/ws_drones/build/my_custom_interfaces' returned '0': CMAKE_PREFIX_PATH=${CMAKE_PREFIX_PATH}:/home/alexmin9/Desktop/TCI_AERO/ws_drones/install/crazyflie:/home/alexmin9/Desktop/TCI_AERO/ws_drones/install/tortues:/home/alexmin9/Desktop/TCI_AERO/ws_drones/install/pid_control:/home/alexmin9/Desktop/TCI_AERO/ws_drones/install/fusion_CP_Consensus:/home/alexmin9/Desktop/TCI_AERO/ws_simu/install/webots_ros2:/home/alexmin9/Desktop/TCI_AERO/ws_simu/install/webots_ros2_universal_robot:/home/alexmin9/Desktop/TCI_AERO/ws_simu/install/webots_ros2_turtlebot:/home/alexmin9/Desktop/TCI_AERO/ws_simu/install/webots_ros2_tiago:/home/alexmin9/Desktop/TCI_AERO/ws_simu/install/webots_ros2_tests:/home/alexmin9/Desktop/TCI_AERO/ws_simu/install/webots_ros2_tesla:/home/alexmin9/Desktop/TCI_AERO/ws_simu/install/webots_ros2_mavic:/home/alexmin9/Desktop/TCI_AERO/ws_simu/install/webots_ros2_husarion:/home/alexmin9/Desktop/TCI_AERO/ws_simu/install/webots_ros2_epuck:/home/alexmin9/Desktop/TCI_AERO/ws_simu/install/webots_ros2_crazyflie:/home/alexmin9/Desktop/TCI_AERO/ws_simu/install/webots_ros2_importer:/home/alexmin9/Desktop/TCI_AERO/ws_simu/install/tortues:/home/alexmin9/Desktop/TCI_AERO/ws_simu/install/swarm_package:/home/alexmin9/Desktop/TCI_AERO/ws_simu/install/my_package:/opt/ros/kilted DEBUGINFOD_URLS=https://debuginfod.ubuntu.com /usr/bin/cmake --install /home/alexmin9/Desktop/TCI_AERO/ws_drones/build/my_custom_interfaces
