/home/alexmin9/Desktop/TCI_AERO/ws_drones/install/tortues/lib/python3.12/site-packages/tortues/observer.py
/home/alexmin9/Desktop/TCI_AERO/ws_drones/install/tortues/lib/python3.12/site-packages/tortues/Turtle3_Node.py
/home/alexmin9/Desktop/TCI_AERO/ws_drones/install/tortues/lib/python3.12/site-packages/tortues/Turtle4_Node.py
/home/alexmin9/Desktop/TCI_AERO/ws_drones/install/tortues/lib/python3.12/site-packages/tortues/pid_lib.py
/home/alexmin9/Desktop/TCI_AERO/ws_drones/install/tortues/lib/python3.12/site-packages/tortues/Turtle1_Node.py
/home/alexmin9/Desktop/TCI_AERO/ws_drones/install/tortues/lib/python3.12/site-packages/tortues/__init__.py
/home/alexmin9/Desktop/TCI_AERO/ws_drones/install/tortues/lib/python3.12/site-packages/tortues/testSTART.py
/home/alexmin9/Desktop/TCI_AERO/ws_drones/install/tortues/lib/python3.12/site-packages/tortues/Turtle2_Node.py
/home/alexmin9/Desktop/TCI_AERO/ws_drones/install/tortues/lib/python3.12/site-packages/tortues/__pycache__/observer.cpython-312.pyc
/home/alexmin9/Desktop/TCI_AERO/ws_drones/install/tortues/lib/python3.12/site-packages/tortues/__pycache__/Turtle3_Node.cpython-312.pyc
/home/alexmin9/Desktop/TCI_AERO/ws_drones/install/tortues/lib/python3.12/site-packages/tortues/__pycache__/Turtle4_Node.cpython-312.pyc
/home/alexmin9/Desktop/TCI_AERO/ws_drones/install/tortues/lib/python3.12/site-packages/tortues/__pycache__/pid_lib.cpython-312.pyc
/home/alexmin9/Desktop/TCI_AERO/ws_drones/install/tortues/lib/python3.12/site-packages/tortues/__pycache__/Turtle1_Node.cpython-312.pyc
/home/alexmin9/Desktop/TCI_AERO/ws_drones/install/tortues/lib/python3.12/site-packages/tortues/__pycache__/__init__.cpython-312.pyc
/home/alexmin9/Desktop/TCI_AERO/ws_drones/install/tortues/lib/python3.12/site-packages/tortues/__pycache__/testSTART.cpython-312.pyc
/home/alexmin9/Desktop/TCI_AERO/ws_drones/install/tortues/lib/python3.12/site-packages/tortues/__pycache__/Turtle2_Node.cpython-312.pyc
/home/alexmin9/Desktop/TCI_AERO/ws_drones/install/tortues/share/ament_index/resource_index/packages/tortues
/home/alexmin9/Desktop/TCI_AERO/ws_drones/install/tortues/share/tortues/package.xml
/home/alexmin9/Desktop/TCI_AERO/ws_drones/install/tortues/share/tortues/launch/test_launch.yaml
/home/alexmin9/Desktop/TCI_AERO/ws_drones/install/tortues/lib/python3.12/site-packages/tortues-0.0.0-py3.12.egg-info/entry_points.txt
/home/alexmin9/Desktop/TCI_AERO/ws_drones/install/tortues/lib/python3.12/site-packages/tortues-0.0.0-py3.12.egg-info/zip-safe
/home/alexmin9/Desktop/TCI_AERO/ws_drones/install/tortues/lib/python3.12/site-packages/tortues-0.0.0-py3.12.egg-info/requires.txt
/home/alexmin9/Desktop/TCI_AERO/ws_drones/install/tortues/lib/python3.12/site-packages/tortues-0.0.0-py3.12.egg-info/top_level.txt
/home/alexmin9/Desktop/TCI_AERO/ws_drones/install/tortues/lib/python3.12/site-packages/tortues-0.0.0-py3.12.egg-info/dependency_links.txt
/home/alexmin9/Desktop/TCI_AERO/ws_drones/install/tortues/lib/python3.12/site-packages/tortues-0.0.0-py3.12.egg-info/PKG-INFO
/home/alexmin9/Desktop/TCI_AERO/ws_drones/install/tortues/lib/python3.12/site-packages/tortues-0.0.0-py3.12.egg-info/SOURCES.txt
/home/alexmin9/Desktop/TCI_AERO/ws_drones/install/tortues/lib/tortues/Turtle1_Node
/home/alexmin9/Desktop/TCI_AERO/ws_drones/install/tortues/lib/tortues/Turtle2_Node
/home/alexmin9/Desktop/TCI_AERO/ws_drones/install/tortues/lib/tortues/Turtle3_Node
/home/alexmin9/Desktop/TCI_AERO/ws_drones/install/tortues/lib/tortues/Turtle4_Node
/home/alexmin9/Desktop/TCI_AERO/ws_drones/install/tortues/lib/tortues/observer
/home/alexmin9/Desktop/TCI_AERO/ws_drones/install/tortues/lib/tortues/spawn
