/home/alexmin9/Desktop/TCI_AERO/ws_drones/install/pid_control/lib/python3.12/site-packages/pid_control/global_path_node.py
/home/alexmin9/Desktop/TCI_AERO/ws_drones/install/pid_control/lib/python3.12/site-packages/pid_control/local_path_node.py
/home/alexmin9/Desktop/TCI_AERO/ws_drones/install/pid_control/lib/python3.12/site-packages/pid_control/pid_class.py
/home/alexmin9/Desktop/TCI_AERO/ws_drones/install/pid_control/lib/python3.12/site-packages/pid_control/pid_control_node_example.py
/home/alexmin9/Desktop/TCI_AERO/ws_drones/install/pid_control/lib/python3.12/site-packages/pid_control/__init__.py
/home/alexmin9/Desktop/TCI_AERO/ws_drones/install/pid_control/lib/python3.12/site-packages/pid_control/__pycache__/global_path_node.cpython-312.pyc
/home/alexmin9/Desktop/TCI_AERO/ws_drones/install/pid_control/lib/python3.12/site-packages/pid_control/__pycache__/local_path_node.cpython-312.pyc
/home/alexmin9/Desktop/TCI_AERO/ws_drones/install/pid_control/lib/python3.12/site-packages/pid_control/__pycache__/pid_class.cpython-312.pyc
/home/alexmin9/Desktop/TCI_AERO/ws_drones/install/pid_control/lib/python3.12/site-packages/pid_control/__pycache__/pid_control_node_example.cpython-312.pyc
/home/alexmin9/Desktop/TCI_AERO/ws_drones/install/pid_control/lib/python3.12/site-packages/pid_control/__pycache__/__init__.cpython-312.pyc
/home/alexmin9/Desktop/TCI_AERO/ws_drones/install/pid_control/share/ament_index/resource_index/packages/pid_control
/home/alexmin9/Desktop/TCI_AERO/ws_drones/install/pid_control/share/pid_control/package.xml
/home/alexmin9/Desktop/TCI_AERO/ws_drones/install/pid_control/share/pid_control/launch/essaim_launch.yaml
/home/alexmin9/Desktop/TCI_AERO/ws_drones/install/pid_control/lib/python3.12/site-packages/pid_control-0.0.0-py3.12.egg-info/entry_points.txt
/home/alexmin9/Desktop/TCI_AERO/ws_drones/install/pid_control/lib/python3.12/site-packages/pid_control-0.0.0-py3.12.egg-info/zip-safe
/home/alexmin9/Desktop/TCI_AERO/ws_drones/install/pid_control/lib/python3.12/site-packages/pid_control-0.0.0-py3.12.egg-info/requires.txt
/home/alexmin9/Desktop/TCI_AERO/ws_drones/install/pid_control/lib/python3.12/site-packages/pid_control-0.0.0-py3.12.egg-info/top_level.txt
/home/alexmin9/Desktop/TCI_AERO/ws_drones/install/pid_control/lib/python3.12/site-packages/pid_control-0.0.0-py3.12.egg-info/dependency_links.txt
/home/alexmin9/Desktop/TCI_AERO/ws_drones/install/pid_control/lib/python3.12/site-packages/pid_control-0.0.0-py3.12.egg-info/PKG-INFO
/home/alexmin9/Desktop/TCI_AERO/ws_drones/install/pid_control/lib/python3.12/site-packages/pid_control-0.0.0-py3.12.egg-info/SOURCES.txt
/home/alexmin9/Desktop/TCI_AERO/ws_drones/install/pid_control/lib/pid_control/global_path_node
/home/alexmin9/Desktop/TCI_AERO/ws_drones/install/pid_control/lib/pid_control/local_path_node
/home/alexmin9/Desktop/TCI_AERO/ws_drones/install/pid_control/lib/pid_control/pid_control_node_example
