[0.753s] Invoking command in '/home/alexmin9/Desktop/TCI_AERO/ws_drones/src/tortues': DEBUGINFOD_URLS=https://debuginfod.ubuntu.com PYTHONPATH=/home/alexmin9/Desktop/TCI_AERO/ws_drones/build/tortues/prefix_override:/usr/lib/python3/dist-packages/colcon_core/task/python/colcon_distutils_commands:/home/alexmin9/Desktop/TCI_AERO/ws_drones/install/tortues/lib/python3.12/site-packages:${PYTHONPATH} /usr/bin/python3 -W ignore:setup.py install is deprecated -W ignore:easy_install command is deprecated setup.py egg_info --egg-base ../../build/tortues build --build-base /home/alexmin9/Desktop/TCI_AERO/ws_drones/build/tortues/build install --record /home/alexmin9/Desktop/TCI_AERO/ws_drones/build/tortues/install.log --single-version-externally-managed install_data
[0.902s] running egg_info
[0.912s] writing ../../build/tortues/tortues.egg-info/PKG-INFO
[0.912s] writing dependency_links to ../../build/tortues/tortues.egg-info/dependency_links.txt
[0.912s] writing entry points to ../../build/tortues/tortues.egg-info/entry_points.txt
[0.912s] writing requirements to ../../build/tortues/tortues.egg-info/requires.txt
[0.912s] writing top-level names to ../../build/tortues/tortues.egg-info/top_level.txt
[0.932s] reading manifest file '../../build/tortues/tortues.egg-info/SOURCES.txt'
[0.933s] writing manifest file '../../build/tortues/tortues.egg-info/SOURCES.txt'
[0.933s] running build
[0.933s] running build_py
[0.933s] running install
[0.937s] running install_lib
[0.947s] running install_data
[0.947s] running install_egg_info
[0.958s] removing '/home/alexmin9/Desktop/TCI_AERO/ws_drones/install/tortues/lib/python3.12/site-packages/tortues-0.0.0-py3.12.egg-info' (and everything under it)
[0.958s] Copying ../../build/tortues/tortues.egg-info to /home/alexmin9/Desktop/TCI_AERO/ws_drones/install/tortues/lib/python3.12/site-packages/tortues-0.0.0-py3.12.egg-info
[0.959s] running install_scripts
[1.035s] Installing Turtle1_Node script to /home/alexmin9/Desktop/TCI_AERO/ws_drones/install/tortues/lib/tortues
[1.035s] Installing Turtle2_Node script to /home/alexmin9/Desktop/TCI_AERO/ws_drones/install/tortues/lib/tortues
[1.035s] Installing Turtle3_Node script to /home/alexmin9/Desktop/TCI_AERO/ws_drones/install/tortues/lib/tortues
[1.035s] Installing Turtle4_Node script to /home/alexmin9/Desktop/TCI_AERO/ws_drones/install/tortues/lib/tortues
[1.035s] Installing observer script to /home/alexmin9/Desktop/TCI_AERO/ws_drones/install/tortues/lib/tortues
[1.035s] Installing spawn script to /home/alexmin9/Desktop/TCI_AERO/ws_drones/install/tortues/lib/tortues
[1.036s] writing list of installed files to '/home/alexmin9/Desktop/TCI_AERO/ws_drones/build/tortues/install.log'
[1.056s] Invoked command in '/home/alexmin9/Desktop/TCI_AERO/ws_drones/src/tortues' returned '0': DEBUGINFOD_URLS=https://debuginfod.ubuntu.com PYTHONPATH=/home/alexmin9/Desktop/TCI_AERO/ws_drones/build/tortues/prefix_override:/usr/lib/python3/dist-packages/colcon_core/task/python/colcon_distutils_commands:/home/alexmin9/Desktop/TCI_AERO/ws_drones/install/tortues/lib/python3.12/site-packages:${PYTHONPATH} /usr/bin/python3 -W ignore:setup.py install is deprecated -W ignore:easy_install command is deprecated setup.py egg_info --egg-base ../../build/tortues build --build-base /home/alexmin9/Desktop/TCI_AERO/ws_drones/build/tortues/build install --record /home/alexmin9/Desktop/TCI_AERO/ws_drones/build/tortues/install.log --single-version-externally-managed install_data
