[0.084s] DEBUG:colcon:Command line arguments: ['/usr/bin/colcon', 'build']
[0.084s] DEBUG:colcon:Parsed command line arguments: Namespace(log_base=None, log_level=None, verb_name='build', build_base='build', install_base='install', merge_install=False, symlink_install=False, test_result_base=None, continue_on_error=False, executor='parallel', parallel_workers=32, event_handlers=None, ignore_user_meta=False, metas=['./colcon.meta'], base_paths=['.'], packages_ignore=None, packages_ignore_regex=None, paths=None, packages_up_to=None, packages_up_to_regex=None, packages_above=None, packages_above_and_dependencies=None, packages_above_depth=None, packages_select_by_dep=None, packages_skip_by_dep=None, packages_skip_up_to=None, packages_select_build_failed=False, packages_skip_build_finished=False, packages_select_test_failures=False, packages_skip_test_passed=False, packages_select=None, packages_skip=None, packages_select_regex=None, packages_skip_regex=None, packages_start=None, packages_end=None, allow_overriding=[], cmake_args=None, cmake_target=None, cmake_target_skip_unavailable=False, cmake_clean_cache=False, cmake_clean_first=False, cmake_force_configure=False, ament_cmake_args=None, catkin_cmake_args=None, catkin_skip_building_tests=False, mixin_files=None, mixin=None, verb_parser=<colcon_mixin.mixin.mixin_argument.MixinArgumentDecorator object at 0x709d4d3b7260>, verb_extension=<colcon_core.verb.build.BuildVerb object at 0x709d4d355c10>, main=<bound method BuildVerb.main of <colcon_core.verb.build.BuildVerb object at 0x709d4d355c10>>, mixin_verb=('build',))
[0.115s] Level 1:colcon.colcon_core.package_discovery:discover_packages(colcon_meta) check parameters
[0.115s] Level 1:colcon.colcon_core.package_discovery:discover_packages(recursive) check parameters
[0.115s] Level 1:colcon.colcon_core.package_discovery:discover_packages(ignore) check parameters
[0.115s] Level 1:colcon.colcon_core.package_discovery:discover_packages(path) check parameters
[0.115s] Level 1:colcon.colcon_core.package_discovery:discover_packages(colcon_meta) discover
[0.115s] Level 1:colcon.colcon_core.package_discovery:discover_packages(recursive) discover
[0.115s] INFO:colcon.colcon_core.package_discovery:Crawling recursively for packages in '/home/alexmin9/Desktop/TCI_AERO/ws_drones'
[0.115s] Level 1:colcon.colcon_core.package_identification:_identify(.) by extensions ['ignore', 'ignore_ament_install']
[0.115s] Level 1:colcon.colcon_core.package_identification:_identify(.) by extension 'ignore'
[0.115s] Level 1:colcon.colcon_core.package_identification:_identify(.) by extension 'ignore_ament_install'
[0.115s] Level 1:colcon.colcon_core.package_identification:_identify(.) by extensions ['colcon_pkg']
[0.115s] Level 1:colcon.colcon_core.package_identification:_identify(.) by extension 'colcon_pkg'
[0.115s] Level 1:colcon.colcon_core.package_identification:_identify(.) by extensions ['colcon_meta']
[0.115s] Level 1:colcon.colcon_core.package_identification:_identify(.) by extension 'colcon_meta'
[0.116s] Level 1:colcon.colcon_core.package_identification:_identify(.) by extensions ['ros']
[0.116s] Level 1:colcon.colcon_core.package_identification:_identify(.) by extension 'ros'
[0.135s] Level 1:colcon.colcon_core.package_identification:_identify(.) by extensions ['cmake', 'python']
[0.135s] Level 1:colcon.colcon_core.package_identification:_identify(.) by extension 'cmake'
[0.135s] Level 1:colcon.colcon_core.package_identification:_identify(.) by extension 'python'
[0.135s] Level 1:colcon.colcon_core.package_identification:_identify(.) by extensions ['python_setup_py']
[0.135s] Level 1:colcon.colcon_core.package_identification:_identify(.) by extension 'python_setup_py'
[0.135s] Level 1:colcon.colcon_core.package_identification:_identify(build) by extensions ['ignore', 'ignore_ament_install']
[0.135s] Level 1:colcon.colcon_core.package_identification:_identify(build) by extension 'ignore'
[0.135s] Level 1:colcon.colcon_core.package_identification:_identify(build) ignored
[0.135s] Level 1:colcon.colcon_core.package_identification:_identify(install) by extensions ['ignore', 'ignore_ament_install']
[0.135s] Level 1:colcon.colcon_core.package_identification:_identify(install) by extension 'ignore'
[0.135s] Level 1:colcon.colcon_core.package_identification:_identify(install) ignored
[0.136s] Level 1:colcon.colcon_core.package_identification:_identify(log) by extensions ['ignore', 'ignore_ament_install']
[0.136s] Level 1:colcon.colcon_core.package_identification:_identify(log) by extension 'ignore'
[0.136s] Level 1:colcon.colcon_core.package_identification:_identify(log) ignored
[0.136s] Level 1:colcon.colcon_core.package_identification:_identify(src) by extensions ['ignore', 'ignore_ament_install']
[0.136s] Level 1:colcon.colcon_core.package_identification:_identify(src) by extension 'ignore'
[0.136s] Level 1:colcon.colcon_core.package_identification:_identify(src) by extension 'ignore_ament_install'
[0.136s] Level 1:colcon.colcon_core.package_identification:_identify(src) by extensions ['colcon_pkg']
[0.136s] Level 1:colcon.colcon_core.package_identification:_identify(src) by extension 'colcon_pkg'
[0.136s] Level 1:colcon.colcon_core.package_identification:_identify(src) by extensions ['colcon_meta']
[0.136s] Level 1:colcon.colcon_core.package_identification:_identify(src) by extension 'colcon_meta'
[0.136s] Level 1:colcon.colcon_core.package_identification:_identify(src) by extensions ['ros']
[0.136s] Level 1:colcon.colcon_core.package_identification:_identify(src) by extension 'ros'
[0.136s] Level 1:colcon.colcon_core.package_identification:_identify(src) by extensions ['cmake', 'python']
[0.136s] Level 1:colcon.colcon_core.package_identification:_identify(src) by extension 'cmake'
[0.136s] Level 1:colcon.colcon_core.package_identification:_identify(src) by extension 'python'
[0.136s] Level 1:colcon.colcon_core.package_identification:_identify(src) by extensions ['python_setup_py']
[0.136s] Level 1:colcon.colcon_core.package_identification:_identify(src) by extension 'python_setup_py'
[0.136s] Level 1:colcon.colcon_core.package_identification:_identify(src/crazyflie) by extensions ['ignore', 'ignore_ament_install']
[0.136s] Level 1:colcon.colcon_core.package_identification:_identify(src/crazyflie) by extension 'ignore'
[0.136s] Level 1:colcon.colcon_core.package_identification:_identify(src/crazyflie) by extension 'ignore_ament_install'
[0.136s] Level 1:colcon.colcon_core.package_identification:_identify(src/crazyflie) by extensions ['colcon_pkg']
[0.136s] Level 1:colcon.colcon_core.package_identification:_identify(src/crazyflie) by extension 'colcon_pkg'
[0.136s] Level 1:colcon.colcon_core.package_identification:_identify(src/crazyflie) by extensions ['colcon_meta']
[0.136s] Level 1:colcon.colcon_core.package_identification:_identify(src/crazyflie) by extension 'colcon_meta'
[0.136s] Level 1:colcon.colcon_core.package_identification:_identify(src/crazyflie) by extensions ['ros']
[0.136s] Level 1:colcon.colcon_core.package_identification:_identify(src/crazyflie) by extension 'ros'
[0.138s] DEBUG:colcon.colcon_core.package_identification:Package 'src/crazyflie' with type 'ros.ament_python' and name 'crazyflie'
[0.138s] Level 1:colcon.colcon_core.package_identification:_identify(src/fusion_CP_Consensus) by extensions ['ignore', 'ignore_ament_install']
[0.138s] Level 1:colcon.colcon_core.package_identification:_identify(src/fusion_CP_Consensus) by extension 'ignore'
[0.138s] Level 1:colcon.colcon_core.package_identification:_identify(src/fusion_CP_Consensus) by extension 'ignore_ament_install'
[0.138s] Level 1:colcon.colcon_core.package_identification:_identify(src/fusion_CP_Consensus) by extensions ['colcon_pkg']
[0.138s] Level 1:colcon.colcon_core.package_identification:_identify(src/fusion_CP_Consensus) by extension 'colcon_pkg'
[0.138s] Level 1:colcon.colcon_core.package_identification:_identify(src/fusion_CP_Consensus) by extensions ['colcon_meta']
[0.138s] Level 1:colcon.colcon_core.package_identification:_identify(src/fusion_CP_Consensus) by extension 'colcon_meta'
[0.138s] Level 1:colcon.colcon_core.package_identification:_identify(src/fusion_CP_Consensus) by extensions ['ros']
[0.138s] Level 1:colcon.colcon_core.package_identification:_identify(src/fusion_CP_Consensus) by extension 'ros'
[0.139s] DEBUG:colcon.colcon_core.package_identification:Package 'src/fusion_CP_Consensus' with type 'ros.ament_python' and name 'fusion_CP_Consensus'
[0.139s] Level 1:colcon.colcon_core.package_identification:_identify(src/my_custom_interfaces) by extensions ['ignore', 'ignore_ament_install']
[0.139s] Level 1:colcon.colcon_core.package_identification:_identify(src/my_custom_interfaces) by extension 'ignore'
[0.139s] Level 1:colcon.colcon_core.package_identification:_identify(src/my_custom_interfaces) by extension 'ignore_ament_install'
[0.139s] Level 1:colcon.colcon_core.package_identification:_identify(src/my_custom_interfaces) by extensions ['colcon_pkg']
[0.139s] Level 1:colcon.colcon_core.package_identification:_identify(src/my_custom_interfaces) by extension 'colcon_pkg'
[0.139s] Level 1:colcon.colcon_core.package_identification:_identify(src/my_custom_interfaces) by extensions ['colcon_meta']
[0.139s] Level 1:colcon.colcon_core.package_identification:_identify(src/my_custom_interfaces) by extension 'colcon_meta'
[0.139s] Level 1:colcon.colcon_core.package_identification:_identify(src/my_custom_interfaces) by extensions ['ros']
[0.139s] Level 1:colcon.colcon_core.package_identification:_identify(src/my_custom_interfaces) by extension 'ros'
[0.140s] DEBUG:colcon.colcon_core.package_identification:Package 'src/my_custom_interfaces' with type 'ros.ament_cmake' and name 'my_custom_interfaces'
[0.140s] Level 1:colcon.colcon_core.package_identification:_identify(src/pid_control) by extensions ['ignore', 'ignore_ament_install']
[0.140s] Level 1:colcon.colcon_core.package_identification:_identify(src/pid_control) by extension 'ignore'
[0.140s] Level 1:colcon.colcon_core.package_identification:_identify(src/pid_control) by extension 'ignore_ament_install'
[0.140s] Level 1:colcon.colcon_core.package_identification:_identify(src/pid_control) by extensions ['colcon_pkg']
[0.140s] Level 1:colcon.colcon_core.package_identification:_identify(src/pid_control) by extension 'colcon_pkg'
[0.140s] Level 1:colcon.colcon_core.package_identification:_identify(src/pid_control) by extensions ['colcon_meta']
[0.140s] Level 1:colcon.colcon_core.package_identification:_identify(src/pid_control) by extension 'colcon_meta'
[0.140s] Level 1:colcon.colcon_core.package_identification:_identify(src/pid_control) by extensions ['ros']
[0.140s] Level 1:colcon.colcon_core.package_identification:_identify(src/pid_control) by extension 'ros'
[0.140s] DEBUG:colcon.colcon_core.package_identification:Package 'src/pid_control' with type 'ros.ament_python' and name 'pid_control'
[0.140s] Level 1:colcon.colcon_core.package_identification:_identify(src/tortues) by extensions ['ignore', 'ignore_ament_install']
[0.140s] Level 1:colcon.colcon_core.package_identification:_identify(src/tortues) by extension 'ignore'
[0.140s] Level 1:colcon.colcon_core.package_identification:_identify(src/tortues) by extension 'ignore_ament_install'
[0.141s] Level 1:colcon.colcon_core.package_identification:_identify(src/tortues) by extensions ['colcon_pkg']
[0.141s] Level 1:colcon.colcon_core.package_identification:_identify(src/tortues) by extension 'colcon_pkg'
[0.141s] Level 1:colcon.colcon_core.package_identification:_identify(src/tortues) by extensions ['colcon_meta']
[0.141s] Level 1:colcon.colcon_core.package_identification:_identify(src/tortues) by extension 'colcon_meta'
[0.141s] Level 1:colcon.colcon_core.package_identification:_identify(src/tortues) by extensions ['ros']
[0.141s] Level 1:colcon.colcon_core.package_identification:_identify(src/tortues) by extension 'ros'
[0.141s] DEBUG:colcon.colcon_core.package_identification:Package 'src/tortues' with type 'ros.ament_python' and name 'tortues'
[0.141s] Level 1:colcon.colcon_core.package_discovery:discover_packages(recursive) using defaults
[0.141s] Level 1:colcon.colcon_core.package_discovery:discover_packages(ignore) discover
[0.141s] Level 1:colcon.colcon_core.package_discovery:discover_packages(ignore) using defaults
[0.141s] Level 1:colcon.colcon_core.package_discovery:discover_packages(path) discover
[0.141s] Level 1:colcon.colcon_core.package_discovery:discover_packages(path) using defaults
[0.155s] Level 1:colcon.colcon_core.package_discovery:discover_packages(prefix_path) check parameters
[0.155s] Level 1:colcon.colcon_core.package_discovery:discover_packages(prefix_path) discover
[0.156s] WARNING:colcon.colcon_ros.prefix_path.ament:The path '/home/alexmin9/Desktop/TCI_AERO/ws_drones/install/tortues' in the environment variable AMENT_PREFIX_PATH doesn't exist
[0.156s] WARNING:colcon.colcon_ros.prefix_path.ament:The path '/home/alexmin9/Desktop/TCI_AERO/ws_drones/install/pid_control' in the environment variable AMENT_PREFIX_PATH doesn't exist
[0.156s] WARNING:colcon.colcon_ros.prefix_path.ament:The path '/home/alexmin9/Desktop/TCI_AERO/ws_drones/install/fusion_CP_Consensus' in the environment variable AMENT_PREFIX_PATH doesn't exist
[0.156s] WARNING:colcon.colcon_ros.prefix_path.ament:The path '/home/alexmin9/Desktop/TCI_AERO/ws_drones/install/my_custom_interfaces' in the environment variable AMENT_PREFIX_PATH doesn't exist
[0.156s] WARNING:colcon.colcon_ros.prefix_path.ament:The path '/home/alexmin9/Desktop/TCI_AERO/ws_drones/install/crazyflie' in the environment variable AMENT_PREFIX_PATH doesn't exist
[0.157s] WARNING:colcon.colcon_ros.prefix_path.catkin:The path '/home/alexmin9/Desktop/TCI_AERO/ws_drones/install/my_custom_interfaces' in the environment variable CMAKE_PREFIX_PATH doesn't exist
[0.157s] DEBUG:colcon.colcon_installed_package_information.package_discovery:Found 0 installed packages in /home/alexmin9/Desktop/TCI_AERO/ws_drones/install
[0.158s] DEBUG:colcon.colcon_installed_package_information.package_discovery:Found 17 installed packages in /home/alexmin9/Desktop/TCI_AERO/ws_simu/install
[0.159s] DEBUG:colcon.colcon_installed_package_information.package_discovery:Found 321 installed packages in /opt/ros/kilted
[0.160s] Level 1:colcon.colcon_core.package_discovery:discover_packages(prefix_path) using defaults
[0.192s] Level 5:colcon.colcon_core.verb:set package 'crazyflie' build argument 'cmake_args' from command line to 'None'
[0.192s] Level 5:colcon.colcon_core.verb:set package 'crazyflie' build argument 'cmake_target' from command line to 'None'
[0.192s] Level 5:colcon.colcon_core.verb:set package 'crazyflie' build argument 'cmake_target_skip_unavailable' from command line to 'False'
[0.192s] Level 5:colcon.colcon_core.verb:set package 'crazyflie' build argument 'cmake_clean_cache' from command line to 'False'
[0.192s] Level 5:colcon.colcon_core.verb:set package 'crazyflie' build argument 'cmake_clean_first' from command line to 'False'
[0.192s] Level 5:colcon.colcon_core.verb:set package 'crazyflie' build argument 'cmake_force_configure' from command line to 'False'
[0.192s] Level 5:colcon.colcon_core.verb:set package 'crazyflie' build argument 'ament_cmake_args' from command line to 'None'
[0.192s] Level 5:colcon.colcon_core.verb:set package 'crazyflie' build argument 'catkin_cmake_args' from command line to 'None'
[0.192s] Level 5:colcon.colcon_core.verb:set package 'crazyflie' build argument 'catkin_skip_building_tests' from command line to 'False'
[0.192s] DEBUG:colcon.colcon_core.verb:Building package 'crazyflie' with the following arguments: {'ament_cmake_args': None, 'build_base': '/home/alexmin9/Desktop/TCI_AERO/ws_drones/build/crazyflie', 'catkin_cmake_args': None, 'catkin_skip_building_tests': False, 'cmake_args': None, 'cmake_clean_cache': False, 'cmake_clean_first': False, 'cmake_force_configure': False, 'cmake_target': None, 'cmake_target_skip_unavailable': False, 'install_base': '/home/alexmin9/Desktop/TCI_AERO/ws_drones/install/crazyflie', 'merge_install': False, 'path': '/home/alexmin9/Desktop/TCI_AERO/ws_drones/src/crazyflie', 'symlink_install': False, 'test_result_base': None}
[0.192s] Level 5:colcon.colcon_core.verb:set package 'my_custom_interfaces' build argument 'cmake_args' from command line to 'None'
[0.192s] Level 5:colcon.colcon_core.verb:set package 'my_custom_interfaces' build argument 'cmake_target' from command line to 'None'
[0.192s] Level 5:colcon.colcon_core.verb:set package 'my_custom_interfaces' build argument 'cmake_target_skip_unavailable' from command line to 'False'
[0.192s] Level 5:colcon.colcon_core.verb:set package 'my_custom_interfaces' build argument 'cmake_clean_cache' from command line to 'False'
[0.193s] Level 5:colcon.colcon_core.verb:set package 'my_custom_interfaces' build argument 'cmake_clean_first' from command line to 'False'
[0.193s] Level 5:colcon.colcon_core.verb:set package 'my_custom_interfaces' build argument 'cmake_force_configure' from command line to 'False'
[0.193s] Level 5:colcon.colcon_core.verb:set package 'my_custom_interfaces' build argument 'ament_cmake_args' from command line to 'None'
[0.193s] Level 5:colcon.colcon_core.verb:set package 'my_custom_interfaces' build argument 'catkin_cmake_args' from command line to 'None'
[0.193s] Level 5:colcon.colcon_core.verb:set package 'my_custom_interfaces' build argument 'catkin_skip_building_tests' from command line to 'False'
[0.193s] DEBUG:colcon.colcon_core.verb:Building package 'my_custom_interfaces' with the following arguments: {'ament_cmake_args': None, 'build_base': '/home/alexmin9/Desktop/TCI_AERO/ws_drones/build/my_custom_interfaces', 'catkin_cmake_args': None, 'catkin_skip_building_tests': False, 'cmake_args': None, 'cmake_clean_cache': False, 'cmake_clean_first': False, 'cmake_force_configure': False, 'cmake_target': None, 'cmake_target_skip_unavailable': False, 'install_base': '/home/alexmin9/Desktop/TCI_AERO/ws_drones/install/my_custom_interfaces', 'merge_install': False, 'path': '/home/alexmin9/Desktop/TCI_AERO/ws_drones/src/my_custom_interfaces', 'symlink_install': False, 'test_result_base': None}
[0.193s] Level 5:colcon.colcon_core.verb:set package 'pid_control' build argument 'cmake_args' from command line to 'None'
[0.193s] Level 5:colcon.colcon_core.verb:set package 'pid_control' build argument 'cmake_target' from command line to 'None'
[0.193s] Level 5:colcon.colcon_core.verb:set package 'pid_control' build argument 'cmake_target_skip_unavailable' from command line to 'False'
[0.193s] Level 5:colcon.colcon_core.verb:set package 'pid_control' build argument 'cmake_clean_cache' from command line to 'False'
[0.193s] Level 5:colcon.colcon_core.verb:set package 'pid_control' build argument 'cmake_clean_first' from command line to 'False'
[0.193s] Level 5:colcon.colcon_core.verb:set package 'pid_control' build argument 'cmake_force_configure' from command line to 'False'
[0.193s] Level 5:colcon.colcon_core.verb:set package 'pid_control' build argument 'ament_cmake_args' from command line to 'None'
[0.193s] Level 5:colcon.colcon_core.verb:set package 'pid_control' build argument 'catkin_cmake_args' from command line to 'None'
[0.193s] Level 5:colcon.colcon_core.verb:set package 'pid_control' build argument 'catkin_skip_building_tests' from command line to 'False'
[0.193s] DEBUG:colcon.colcon_core.verb:Building package 'pid_control' with the following arguments: {'ament_cmake_args': None, 'build_base': '/home/alexmin9/Desktop/TCI_AERO/ws_drones/build/pid_control', 'catkin_cmake_args': None, 'catkin_skip_building_tests': False, 'cmake_args': None, 'cmake_clean_cache': False, 'cmake_clean_first': False, 'cmake_force_configure': False, 'cmake_target': None, 'cmake_target_skip_unavailable': False, 'install_base': '/home/alexmin9/Desktop/TCI_AERO/ws_drones/install/pid_control', 'merge_install': False, 'path': '/home/alexmin9/Desktop/TCI_AERO/ws_drones/src/pid_control', 'symlink_install': False, 'test_result_base': None}
[0.193s] Level 5:colcon.colcon_core.verb:set package 'tortues' build argument 'cmake_args' from command line to 'None'
[0.193s] Level 5:colcon.colcon_core.verb:set package 'tortues' build argument 'cmake_target' from command line to 'None'
[0.193s] Level 5:colcon.colcon_core.verb:set package 'tortues' build argument 'cmake_target_skip_unavailable' from command line to 'False'
[0.193s] Level 5:colcon.colcon_core.verb:set package 'tortues' build argument 'cmake_clean_cache' from command line to 'False'
[0.193s] Level 5:colcon.colcon_core.verb:set package 'tortues' build argument 'cmake_clean_first' from command line to 'False'
[0.193s] Level 5:colcon.colcon_core.verb:set package 'tortues' build argument 'cmake_force_configure' from command line to 'False'
[0.193s] Level 5:colcon.colcon_core.verb:set package 'tortues' build argument 'ament_cmake_args' from command line to 'None'
[0.193s] Level 5:colcon.colcon_core.verb:set package 'tortues' build argument 'catkin_cmake_args' from command line to 'None'
[0.193s] Level 5:colcon.colcon_core.verb:set package 'tortues' build argument 'catkin_skip_building_tests' from command line to 'False'
[0.193s] DEBUG:colcon.colcon_core.verb:Building package 'tortues' with the following arguments: {'ament_cmake_args': None, 'build_base': '/home/alexmin9/Desktop/TCI_AERO/ws_drones/build/tortues', 'catkin_cmake_args': None, 'catkin_skip_building_tests': False, 'cmake_args': None, 'cmake_clean_cache': False, 'cmake_clean_first': False, 'cmake_force_configure': False, 'cmake_target': None, 'cmake_target_skip_unavailable': False, 'install_base': '/home/alexmin9/Desktop/TCI_AERO/ws_drones/install/tortues', 'merge_install': False, 'path': '/home/alexmin9/Desktop/TCI_AERO/ws_drones/src/tortues', 'symlink_install': False, 'test_result_base': None}
[0.193s] Level 5:colcon.colcon_core.verb:set package 'fusion_CP_Consensus' build argument 'cmake_args' from command line to 'None'
[0.193s] Level 5:colcon.colcon_core.verb:set package 'fusion_CP_Consensus' build argument 'cmake_target' from command line to 'None'
[0.193s] Level 5:colcon.colcon_core.verb:set package 'fusion_CP_Consensus' build argument 'cmake_target_skip_unavailable' from command line to 'False'
[0.193s] Level 5:colcon.colcon_core.verb:set package 'fusion_CP_Consensus' build argument 'cmake_clean_cache' from command line to 'False'
[0.193s] Level 5:colcon.colcon_core.verb:set package 'fusion_CP_Consensus' build argument 'cmake_clean_first' from command line to 'False'
[0.193s] Level 5:colcon.colcon_core.verb:set package 'fusion_CP_Consensus' build argument 'cmake_force_configure' from command line to 'False'
[0.193s] Level 5:colcon.colcon_core.verb:set package 'fusion_CP_Consensus' build argument 'ament_cmake_args' from command line to 'None'
[0.193s] Level 5:colcon.colcon_core.verb:set package 'fusion_CP_Consensus' build argument 'catkin_cmake_args' from command line to 'None'
[0.193s] Level 5:colcon.colcon_core.verb:set package 'fusion_CP_Consensus' build argument 'catkin_skip_building_tests' from command line to 'False'
[0.193s] DEBUG:colcon.colcon_core.verb:Building package 'fusion_CP_Consensus' with the following arguments: {'ament_cmake_args': None, 'build_base': '/home/alexmin9/Desktop/TCI_AERO/ws_drones/build/fusion_CP_Consensus', 'catkin_cmake_args': None, 'catkin_skip_building_tests': False, 'cmake_args': None, 'cmake_clean_cache': False, 'cmake_clean_first': False, 'cmake_force_configure': False, 'cmake_target': None, 'cmake_target_skip_unavailable': False, 'install_base': '/home/alexmin9/Desktop/TCI_AERO/ws_drones/install/fusion_CP_Consensus', 'merge_install': False, 'path': '/home/alexmin9/Desktop/TCI_AERO/ws_drones/src/fusion_CP_Consensus', 'symlink_install': False, 'test_result_base': None}
[0.194s] INFO:colcon.colcon_core.executor:Executing jobs using 'parallel' executor
[0.194s] DEBUG:colcon.colcon_parallel_executor.executor.parallel:run_until_complete
[0.194s] INFO:colcon.colcon_ros.task.ament_cmake.build:Building ROS package in '/home/alexmin9/Desktop/TCI_AERO/ws_drones/src/my_custom_interfaces' with build type 'ament_cmake'
[0.194s] INFO:colcon.colcon_cmake.task.cmake.build:Building CMake package in '/home/alexmin9/Desktop/TCI_AERO/ws_drones/src/my_custom_interfaces'
[0.196s] INFO:colcon.colcon_core.plugin_system:Skipping extension 'colcon_core.shell.bat': Not used on non-Windows systems
[0.196s] INFO:colcon.colcon_core.shell:Skip shell extension 'powershell' for command environment: Not usable outside of PowerShell
[0.196s] DEBUG:colcon.colcon_core.shell:Skip shell extension 'dsv' for command environment
[0.200s] INFO:colcon.colcon_ros.task.ament_python.build:Building ROS package in '/home/alexmin9/Desktop/TCI_AERO/ws_drones/src/crazyflie' with build type 'ament_python'
[0.200s] Level 1:colcon.colcon_core.shell:create_environment_hook('crazyflie', 'ament_prefix_path')
[0.200s] INFO:colcon.colcon_core.shell:Creating environment hook '/home/alexmin9/Desktop/TCI_AERO/ws_drones/install/crazyflie/share/crazyflie/hook/ament_prefix_path.ps1'
[0.201s] INFO:colcon.colcon_core.shell:Creating environment descriptor '/home/alexmin9/Desktop/TCI_AERO/ws_drones/install/crazyflie/share/crazyflie/hook/ament_prefix_path.dsv'
[0.201s] INFO:colcon.colcon_core.shell:Creating environment hook '/home/alexmin9/Desktop/TCI_AERO/ws_drones/install/crazyflie/share/crazyflie/hook/ament_prefix_path.sh'
[0.202s] INFO:colcon.colcon_core.shell:Skip shell extension 'powershell' for command environment: Not usable outside of PowerShell
[0.202s] DEBUG:colcon.colcon_core.shell:Skip shell extension 'dsv' for command environment
[0.205s] INFO:colcon.colcon_ros.task.ament_python.build:Building ROS package in '/home/alexmin9/Desktop/TCI_AERO/ws_drones/src/pid_control' with build type 'ament_python'
[0.205s] Level 1:colcon.colcon_core.shell:create_environment_hook('pid_control', 'ament_prefix_path')
[0.205s] INFO:colcon.colcon_core.shell:Creating environment hook '/home/alexmin9/Desktop/TCI_AERO/ws_drones/install/pid_control/share/pid_control/hook/ament_prefix_path.ps1'
[0.205s] INFO:colcon.colcon_core.shell:Creating environment descriptor '/home/alexmin9/Desktop/TCI_AERO/ws_drones/install/pid_control/share/pid_control/hook/ament_prefix_path.dsv'
[0.206s] INFO:colcon.colcon_core.shell:Creating environment hook '/home/alexmin9/Desktop/TCI_AERO/ws_drones/install/pid_control/share/pid_control/hook/ament_prefix_path.sh'
[0.206s] INFO:colcon.colcon_core.shell:Skip shell extension 'powershell' for command environment: Not usable outside of PowerShell
[0.206s] DEBUG:colcon.colcon_core.shell:Skip shell extension 'dsv' for command environment
[0.209s] INFO:colcon.colcon_ros.task.ament_python.build:Building ROS package in '/home/alexmin9/Desktop/TCI_AERO/ws_drones/src/tortues' with build type 'ament_python'
[0.209s] Level 1:colcon.colcon_core.shell:create_environment_hook('tortues', 'ament_prefix_path')
[0.209s] INFO:colcon.colcon_core.shell:Creating environment hook '/home/alexmin9/Desktop/TCI_AERO/ws_drones/install/tortues/share/tortues/hook/ament_prefix_path.ps1'
[0.210s] INFO:colcon.colcon_core.shell:Creating environment descriptor '/home/alexmin9/Desktop/TCI_AERO/ws_drones/install/tortues/share/tortues/hook/ament_prefix_path.dsv'
[0.210s] INFO:colcon.colcon_core.shell:Creating environment hook '/home/alexmin9/Desktop/TCI_AERO/ws_drones/install/tortues/share/tortues/hook/ament_prefix_path.sh'
[0.210s] INFO:colcon.colcon_core.shell:Skip shell extension 'powershell' for command environment: Not usable outside of PowerShell
[0.210s] DEBUG:colcon.colcon_core.shell:Skip shell extension 'dsv' for command environment
[0.216s] DEBUG:colcon.colcon_core.event_handler.log_command:Invoking command in '/home/alexmin9/Desktop/TCI_AERO/ws_drones/build/my_custom_interfaces': CMAKE_PREFIX_PATH=${CMAKE_PREFIX_PATH}:/home/alexmin9/Desktop/TCI_AERO/ws_drones/install/tortues:/home/alexmin9/Desktop/TCI_AERO/ws_drones/install/pid_control:/home/alexmin9/Desktop/TCI_AERO/ws_drones/install/fusion_CP_Consensus:/home/alexmin9/Desktop/TCI_AERO/ws_drones/install/crazyflie:/home/alexmin9/Desktop/TCI_AERO/ws_simu/install/webots_ros2:/home/alexmin9/Desktop/TCI_AERO/ws_simu/install/webots_ros2_universal_robot:/home/alexmin9/Desktop/TCI_AERO/ws_simu/install/webots_ros2_turtlebot:/home/alexmin9/Desktop/TCI_AERO/ws_simu/install/webots_ros2_tiago:/home/alexmin9/Desktop/TCI_AERO/ws_simu/install/webots_ros2_tests:/home/alexmin9/Desktop/TCI_AERO/ws_simu/install/webots_ros2_tesla:/home/alexmin9/Desktop/TCI_AERO/ws_simu/install/webots_ros2_mavic:/home/alexmin9/Desktop/TCI_AERO/ws_simu/install/webots_ros2_husarion:/home/alexmin9/Desktop/TCI_AERO/ws_simu/install/webots_ros2_epuck:/home/alexmin9/Desktop/TCI_AERO/ws_simu/install/webots_ros2_crazyflie:/home/alexmin9/Desktop/TCI_AERO/ws_simu/install/webots_ros2_importer:/home/alexmin9/Desktop/TCI_AERO/ws_simu/install/tortues:/home/alexmin9/Desktop/TCI_AERO/ws_simu/install/swarm_package:/home/alexmin9/Desktop/TCI_AERO/ws_simu/install/my_package:/opt/ros/kilted DEBUGINFOD_URLS=https://debuginfod.ubuntu.com PS1=\[\e]0;\u@\h: \w\a\]${debian_chroot:+($debian_chroot)}\[\033[01;32m\]\u@\h\[\033[00m\]:\[\033[01;34m\]\w\[\033[00m\]\$ /usr/bin/cmake /home/alexmin9/Desktop/TCI_AERO/ws_drones/src/my_custom_interfaces -DCMAKE_INSTALL_PREFIX=/home/alexmin9/Desktop/TCI_AERO/ws_drones/install/my_custom_interfaces
[0.380s] INFO:colcon.colcon_core.task.python.build:Building Python package in '/home/alexmin9/Desktop/TCI_AERO/ws_drones/src/crazyflie'
[0.380s] INFO:colcon.colcon_core.shell:Skip shell extension 'powershell' for command environment: Not usable outside of PowerShell
[0.380s] DEBUG:colcon.colcon_core.shell:Skip shell extension 'dsv' for command environment
[0.547s] INFO:colcon.colcon_core.task.python.build:Building Python package in '/home/alexmin9/Desktop/TCI_AERO/ws_drones/src/pid_control'
[0.547s] INFO:colcon.colcon_core.shell:Skip shell extension 'powershell' for command environment: Not usable outside of PowerShell
[0.547s] DEBUG:colcon.colcon_core.shell:Skip shell extension 'dsv' for command environment
[0.677s] INFO:colcon.colcon_core.task.python.build:Building Python package in '/home/alexmin9/Desktop/TCI_AERO/ws_drones/src/tortues'
[0.677s] INFO:colcon.colcon_core.shell:Skip shell extension 'powershell' for command environment: Not usable outside of PowerShell
[0.677s] DEBUG:colcon.colcon_core.shell:Skip shell extension 'dsv' for command environment
[0.996s] DEBUG:colcon.colcon_core.event_handler.log_command:Invoking command in '/home/alexmin9/Desktop/TCI_AERO/ws_drones/src/crazyflie': DEBUGINFOD_URLS=https://debuginfod.ubuntu.com PS1=\[\e]0;\u@\h: \w\a\]${debian_chroot:+($debian_chroot)}\[\033[01;32m\]\u@\h\[\033[00m\]:\[\033[01;34m\]\w\[\033[00m\]\$ PYTHONPATH=/home/alexmin9/Desktop/TCI_AERO/ws_drones/build/crazyflie/prefix_override:/usr/lib/python3/dist-packages/colcon_core/task/python/colcon_distutils_commands:/home/alexmin9/Desktop/TCI_AERO/ws_drones/install/crazyflie/lib/python3.12/site-packages:${PYTHONPATH} /usr/bin/python3 -W ignore:setup.py install is deprecated -W ignore:easy_install command is deprecated setup.py egg_info --egg-base ../../build/crazyflie build --build-base /home/alexmin9/Desktop/TCI_AERO/ws_drones/build/crazyflie/build install --record /home/alexmin9/Desktop/TCI_AERO/ws_drones/build/crazyflie/install.log --single-version-externally-managed install_data
[1.001s] DEBUG:colcon.colcon_core.event_handler.log_command:Invoking command in '/home/alexmin9/Desktop/TCI_AERO/ws_drones/src/tortues': DEBUGINFOD_URLS=https://debuginfod.ubuntu.com PS1=\[\e]0;\u@\h: \w\a\]${debian_chroot:+($debian_chroot)}\[\033[01;32m\]\u@\h\[\033[00m\]:\[\033[01;34m\]\w\[\033[00m\]\$ PYTHONPATH=/home/alexmin9/Desktop/TCI_AERO/ws_drones/build/tortues/prefix_override:/usr/lib/python3/dist-packages/colcon_core/task/python/colcon_distutils_commands:/home/alexmin9/Desktop/TCI_AERO/ws_drones/install/tortues/lib/python3.12/site-packages:${PYTHONPATH} /usr/bin/python3 -W ignore:setup.py install is deprecated -W ignore:easy_install command is deprecated setup.py egg_info --egg-base ../../build/tortues build --build-base /home/alexmin9/Desktop/TCI_AERO/ws_drones/build/tortues/build install --record /home/alexmin9/Desktop/TCI_AERO/ws_drones/build/tortues/install.log --single-version-externally-managed install_data
[1.006s] DEBUG:colcon.colcon_core.event_handler.log_command:Invoking command in '/home/alexmin9/Desktop/TCI_AERO/ws_drones/src/pid_control': DEBUGINFOD_URLS=https://debuginfod.ubuntu.com PS1=\[\e]0;\u@\h: \w\a\]${debian_chroot:+($debian_chroot)}\[\033[01;32m\]\u@\h\[\033[00m\]:\[\033[01;34m\]\w\[\033[00m\]\$ PYTHONPATH=/home/alexmin9/Desktop/TCI_AERO/ws_drones/build/pid_control/prefix_override:/usr/lib/python3/dist-packages/colcon_core/task/python/colcon_distutils_commands:/home/alexmin9/Desktop/TCI_AERO/ws_drones/install/pid_control/lib/python3.12/site-packages:${PYTHONPATH} /usr/bin/python3 -W ignore:setup.py install is deprecated -W ignore:easy_install command is deprecated setup.py egg_info --egg-base ../../build/pid_control build --build-base /home/alexmin9/Desktop/TCI_AERO/ws_drones/build/pid_control/build install --record /home/alexmin9/Desktop/TCI_AERO/ws_drones/build/pid_control/install.log --single-version-externally-managed install_data
[1.289s] DEBUG:colcon.colcon_core.event_handler.log_command:Invoked command in '/home/alexmin9/Desktop/TCI_AERO/ws_drones/src/crazyflie' returned '0': DEBUGINFOD_URLS=https://debuginfod.ubuntu.com PS1=\[\e]0;\u@\h: \w\a\]${debian_chroot:+($debian_chroot)}\[\033[01;32m\]\u@\h\[\033[00m\]:\[\033[01;34m\]\w\[\033[00m\]\$ PYTHONPATH=/home/alexmin9/Desktop/TCI_AERO/ws_drones/build/crazyflie/prefix_override:/usr/lib/python3/dist-packages/colcon_core/task/python/colcon_distutils_commands:/home/alexmin9/Desktop/TCI_AERO/ws_drones/install/crazyflie/lib/python3.12/site-packages:${PYTHONPATH} /usr/bin/python3 -W ignore:setup.py install is deprecated -W ignore:easy_install command is deprecated setup.py egg_info --egg-base ../../build/crazyflie build --build-base /home/alexmin9/Desktop/TCI_AERO/ws_drones/build/crazyflie/build install --record /home/alexmin9/Desktop/TCI_AERO/ws_drones/build/crazyflie/install.log --single-version-externally-managed install_data
[1.291s] Level 1:colcon.colcon_core.environment:checking '/home/alexmin9/Desktop/TCI_AERO/ws_drones/install/crazyflie' for CMake module files
[1.291s] Level 1:colcon.colcon_core.environment:checking '/home/alexmin9/Desktop/TCI_AERO/ws_drones/install/crazyflie' for CMake config files
[1.291s] Level 1:colcon.colcon_core.environment:checking '/home/alexmin9/Desktop/TCI_AERO/ws_drones/install/crazyflie/lib'
[1.291s] Level 1:colcon.colcon_core.environment:checking '/home/alexmin9/Desktop/TCI_AERO/ws_drones/install/crazyflie/bin'
[1.291s] Level 1:colcon.colcon_core.environment:checking '/home/alexmin9/Desktop/TCI_AERO/ws_drones/install/crazyflie/lib/pkgconfig/crazyflie.pc'
[1.291s] Level 1:colcon.colcon_core.environment:checking '/home/alexmin9/Desktop/TCI_AERO/ws_drones/install/crazyflie/lib/python3.12/site-packages'
[1.292s] Level 1:colcon.colcon_core.shell:create_environment_hook('crazyflie', 'pythonpath')
[1.292s] INFO:colcon.colcon_core.shell:Creating environment hook '/home/alexmin9/Desktop/TCI_AERO/ws_drones/install/crazyflie/share/crazyflie/hook/pythonpath.ps1'
[1.292s] INFO:colcon.colcon_core.shell:Creating environment descriptor '/home/alexmin9/Desktop/TCI_AERO/ws_drones/install/crazyflie/share/crazyflie/hook/pythonpath.dsv'
[1.292s] INFO:colcon.colcon_core.shell:Creating environment hook '/home/alexmin9/Desktop/TCI_AERO/ws_drones/install/crazyflie/share/crazyflie/hook/pythonpath.sh'
[1.292s] Level 1:colcon.colcon_core.environment:checking '/home/alexmin9/Desktop/TCI_AERO/ws_drones/install/crazyflie/bin'
[1.292s] Level 1:colcon.colcon_core.environment:create_environment_scripts_only(crazyflie)
[1.292s] INFO:colcon.colcon_core.shell:Creating package script '/home/alexmin9/Desktop/TCI_AERO/ws_drones/install/crazyflie/share/crazyflie/package.ps1'
[1.293s] INFO:colcon.colcon_core.shell:Creating package descriptor '/home/alexmin9/Desktop/TCI_AERO/ws_drones/install/crazyflie/share/crazyflie/package.dsv'
[1.293s] INFO:colcon.colcon_core.shell:Creating package script '/home/alexmin9/Desktop/TCI_AERO/ws_drones/install/crazyflie/share/crazyflie/package.sh'
[1.294s] INFO:colcon.colcon_core.shell:Creating package script '/home/alexmin9/Desktop/TCI_AERO/ws_drones/install/crazyflie/share/crazyflie/package.bash'
[1.294s] INFO:colcon.colcon_core.shell:Creating package script '/home/alexmin9/Desktop/TCI_AERO/ws_drones/install/crazyflie/share/crazyflie/package.zsh'
[1.294s] Level 1:colcon.colcon_core.environment:create_file_with_runtime_dependencies(/home/alexmin9/Desktop/TCI_AERO/ws_drones/install/crazyflie/share/colcon-core/packages/crazyflie)
[1.296s] Level 1:colcon.colcon_core.environment:checking '/home/alexmin9/Desktop/TCI_AERO/ws_drones/install/tortues' for CMake module files
[1.296s] DEBUG:colcon.colcon_core.event_handler.log_command:Invoked command in '/home/alexmin9/Desktop/TCI_AERO/ws_drones/src/tortues' returned '0': DEBUGINFOD_URLS=https://debuginfod.ubuntu.com PS1=\[\e]0;\u@\h: \w\a\]${debian_chroot:+($debian_chroot)}\[\033[01;32m\]\u@\h\[\033[00m\]:\[\033[01;34m\]\w\[\033[00m\]\$ PYTHONPATH=/home/alexmin9/Desktop/TCI_AERO/ws_drones/build/tortues/prefix_override:/usr/lib/python3/dist-packages/colcon_core/task/python/colcon_distutils_commands:/home/alexmin9/Desktop/TCI_AERO/ws_drones/install/tortues/lib/python3.12/site-packages:${PYTHONPATH} /usr/bin/python3 -W ignore:setup.py install is deprecated -W ignore:easy_install command is deprecated setup.py egg_info --egg-base ../../build/tortues build --build-base /home/alexmin9/Desktop/TCI_AERO/ws_drones/build/tortues/build install --record /home/alexmin9/Desktop/TCI_AERO/ws_drones/build/tortues/install.log --single-version-externally-managed install_data
[1.296s] Level 1:colcon.colcon_core.environment:checking '/home/alexmin9/Desktop/TCI_AERO/ws_drones/install/tortues' for CMake config files
[1.297s] Level 1:colcon.colcon_core.environment:checking '/home/alexmin9/Desktop/TCI_AERO/ws_drones/install/tortues/lib'
[1.297s] Level 1:colcon.colcon_core.environment:checking '/home/alexmin9/Desktop/TCI_AERO/ws_drones/install/tortues/bin'
[1.297s] Level 1:colcon.colcon_core.environment:checking '/home/alexmin9/Desktop/TCI_AERO/ws_drones/install/tortues/lib/pkgconfig/tortues.pc'
[1.297s] Level 1:colcon.colcon_core.environment:checking '/home/alexmin9/Desktop/TCI_AERO/ws_drones/install/tortues/lib/python3.12/site-packages'
[1.297s] Level 1:colcon.colcon_core.shell:create_environment_hook('tortues', 'pythonpath')
[1.297s] INFO:colcon.colcon_core.shell:Creating environment hook '/home/alexmin9/Desktop/TCI_AERO/ws_drones/install/tortues/share/tortues/hook/pythonpath.ps1'
[1.297s] INFO:colcon.colcon_core.shell:Creating environment descriptor '/home/alexmin9/Desktop/TCI_AERO/ws_drones/install/tortues/share/tortues/hook/pythonpath.dsv'
[1.297s] INFO:colcon.colcon_core.shell:Creating environment hook '/home/alexmin9/Desktop/TCI_AERO/ws_drones/install/tortues/share/tortues/hook/pythonpath.sh'
[1.298s] Level 1:colcon.colcon_core.environment:checking '/home/alexmin9/Desktop/TCI_AERO/ws_drones/install/tortues/bin'
[1.298s] Level 1:colcon.colcon_core.environment:create_environment_scripts_only(tortues)
[1.298s] INFO:colcon.colcon_core.shell:Creating package script '/home/alexmin9/Desktop/TCI_AERO/ws_drones/install/tortues/share/tortues/package.ps1'
[1.298s] INFO:colcon.colcon_core.shell:Creating package descriptor '/home/alexmin9/Desktop/TCI_AERO/ws_drones/install/tortues/share/tortues/package.dsv'
[1.298s] INFO:colcon.colcon_core.shell:Creating package script '/home/alexmin9/Desktop/TCI_AERO/ws_drones/install/tortues/share/tortues/package.sh'
[1.299s] INFO:colcon.colcon_core.shell:Creating package script '/home/alexmin9/Desktop/TCI_AERO/ws_drones/install/tortues/share/tortues/package.bash'
[1.299s] INFO:colcon.colcon_core.shell:Creating package script '/home/alexmin9/Desktop/TCI_AERO/ws_drones/install/tortues/share/tortues/package.zsh'
[1.299s] Level 1:colcon.colcon_core.environment:create_file_with_runtime_dependencies(/home/alexmin9/Desktop/TCI_AERO/ws_drones/install/tortues/share/colcon-core/packages/tortues)
[1.309s] Level 1:colcon.colcon_core.environment:checking '/home/alexmin9/Desktop/TCI_AERO/ws_drones/install/pid_control' for CMake module files
[1.309s] DEBUG:colcon.colcon_core.event_handler.log_command:Invoked command in '/home/alexmin9/Desktop/TCI_AERO/ws_drones/src/pid_control' returned '0': DEBUGINFOD_URLS=https://debuginfod.ubuntu.com PS1=\[\e]0;\u@\h: \w\a\]${debian_chroot:+($debian_chroot)}\[\033[01;32m\]\u@\h\[\033[00m\]:\[\033[01;34m\]\w\[\033[00m\]\$ PYTHONPATH=/home/alexmin9/Desktop/TCI_AERO/ws_drones/build/pid_control/prefix_override:/usr/lib/python3/dist-packages/colcon_core/task/python/colcon_distutils_commands:/home/alexmin9/Desktop/TCI_AERO/ws_drones/install/pid_control/lib/python3.12/site-packages:${PYTHONPATH} /usr/bin/python3 -W ignore:setup.py install is deprecated -W ignore:easy_install command is deprecated setup.py egg_info --egg-base ../../build/pid_control build --build-base /home/alexmin9/Desktop/TCI_AERO/ws_drones/build/pid_control/build install --record /home/alexmin9/Desktop/TCI_AERO/ws_drones/build/pid_control/install.log --single-version-externally-managed install_data
[1.309s] Level 1:colcon.colcon_core.environment:checking '/home/alexmin9/Desktop/TCI_AERO/ws_drones/install/pid_control' for CMake config files
[1.310s] Level 1:colcon.colcon_core.environment:checking '/home/alexmin9/Desktop/TCI_AERO/ws_drones/install/pid_control/lib'
[1.310s] Level 1:colcon.colcon_core.environment:checking '/home/alexmin9/Desktop/TCI_AERO/ws_drones/install/pid_control/bin'
[1.310s] Level 1:colcon.colcon_core.environment:checking '/home/alexmin9/Desktop/TCI_AERO/ws_drones/install/pid_control/lib/pkgconfig/pid_control.pc'
[1.310s] Level 1:colcon.colcon_core.environment:checking '/home/alexmin9/Desktop/TCI_AERO/ws_drones/install/pid_control/lib/python3.12/site-packages'
[1.310s] Level 1:colcon.colcon_core.shell:create_environment_hook('pid_control', 'pythonpath')
[1.310s] INFO:colcon.colcon_core.shell:Creating environment hook '/home/alexmin9/Desktop/TCI_AERO/ws_drones/install/pid_control/share/pid_control/hook/pythonpath.ps1'
[1.310s] INFO:colcon.colcon_core.shell:Creating environment descriptor '/home/alexmin9/Desktop/TCI_AERO/ws_drones/install/pid_control/share/pid_control/hook/pythonpath.dsv'
[1.311s] INFO:colcon.colcon_core.shell:Creating environment hook '/home/alexmin9/Desktop/TCI_AERO/ws_drones/install/pid_control/share/pid_control/hook/pythonpath.sh'
[1.311s] Level 1:colcon.colcon_core.environment:checking '/home/alexmin9/Desktop/TCI_AERO/ws_drones/install/pid_control/bin'
[1.311s] Level 1:colcon.colcon_core.environment:create_environment_scripts_only(pid_control)
[1.311s] INFO:colcon.colcon_core.shell:Creating package script '/home/alexmin9/Desktop/TCI_AERO/ws_drones/install/pid_control/share/pid_control/package.ps1'
[1.311s] INFO:colcon.colcon_core.shell:Creating package descriptor '/home/alexmin9/Desktop/TCI_AERO/ws_drones/install/pid_control/share/pid_control/package.dsv'
[1.311s] INFO:colcon.colcon_core.shell:Creating package script '/home/alexmin9/Desktop/TCI_AERO/ws_drones/install/pid_control/share/pid_control/package.sh'
[1.312s] INFO:colcon.colcon_core.shell:Creating package script '/home/alexmin9/Desktop/TCI_AERO/ws_drones/install/pid_control/share/pid_control/package.bash'
[1.312s] INFO:colcon.colcon_core.shell:Creating package script '/home/alexmin9/Desktop/TCI_AERO/ws_drones/install/pid_control/share/pid_control/package.zsh'
[1.312s] Level 1:colcon.colcon_core.environment:create_file_with_runtime_dependencies(/home/alexmin9/Desktop/TCI_AERO/ws_drones/install/pid_control/share/colcon-core/packages/pid_control)
[2.515s] DEBUG:colcon.colcon_core.event_handler.log_command:Invoked command in '/home/alexmin9/Desktop/TCI_AERO/ws_drones/build/my_custom_interfaces' returned '0': CMAKE_PREFIX_PATH=${CMAKE_PREFIX_PATH}:/home/alexmin9/Desktop/TCI_AERO/ws_drones/install/tortues:/home/alexmin9/Desktop/TCI_AERO/ws_drones/install/pid_control:/home/alexmin9/Desktop/TCI_AERO/ws_drones/install/fusion_CP_Consensus:/home/alexmin9/Desktop/TCI_AERO/ws_drones/install/crazyflie:/home/alexmin9/Desktop/TCI_AERO/ws_simu/install/webots_ros2:/home/alexmin9/Desktop/TCI_AERO/ws_simu/install/webots_ros2_universal_robot:/home/alexmin9/Desktop/TCI_AERO/ws_simu/install/webots_ros2_turtlebot:/home/alexmin9/Desktop/TCI_AERO/ws_simu/install/webots_ros2_tiago:/home/alexmin9/Desktop/TCI_AERO/ws_simu/install/webots_ros2_tests:/home/alexmin9/Desktop/TCI_AERO/ws_simu/install/webots_ros2_tesla:/home/alexmin9/Desktop/TCI_AERO/ws_simu/install/webots_ros2_mavic:/home/alexmin9/Desktop/TCI_AERO/ws_simu/install/webots_ros2_husarion:/home/alexmin9/Desktop/TCI_AERO/ws_simu/install/webots_ros2_epuck:/home/alexmin9/Desktop/TCI_AERO/ws_simu/install/webots_ros2_crazyflie:/home/alexmin9/Desktop/TCI_AERO/ws_simu/install/webots_ros2_importer:/home/alexmin9/Desktop/TCI_AERO/ws_simu/install/tortues:/home/alexmin9/Desktop/TCI_AERO/ws_simu/install/swarm_package:/home/alexmin9/Desktop/TCI_AERO/ws_simu/install/my_package:/opt/ros/kilted DEBUGINFOD_URLS=https://debuginfod.ubuntu.com PS1=\[\e]0;\u@\h: \w\a\]${debian_chroot:+($debian_chroot)}\[\033[01;32m\]\u@\h\[\033[00m\]:\[\033[01;34m\]\w\[\033[00m\]\$ /usr/bin/cmake /home/alexmin9/Desktop/TCI_AERO/ws_drones/src/my_custom_interfaces -DCMAKE_INSTALL_PREFIX=/home/alexmin9/Desktop/TCI_AERO/ws_drones/install/my_custom_interfaces
[2.516s] DEBUG:colcon.colcon_core.event_handler.log_command:Invoking command in '/home/alexmin9/Desktop/TCI_AERO/ws_drones/build/my_custom_interfaces': CMAKE_PREFIX_PATH=${CMAKE_PREFIX_PATH}:/home/alexmin9/Desktop/TCI_AERO/ws_drones/install/tortues:/home/alexmin9/Desktop/TCI_AERO/ws_drones/install/pid_control:/home/alexmin9/Desktop/TCI_AERO/ws_drones/install/fusion_CP_Consensus:/home/alexmin9/Desktop/TCI_AERO/ws_drones/install/crazyflie:/home/alexmin9/Desktop/TCI_AERO/ws_simu/install/webots_ros2:/home/alexmin9/Desktop/TCI_AERO/ws_simu/install/webots_ros2_universal_robot:/home/alexmin9/Desktop/TCI_AERO/ws_simu/install/webots_ros2_turtlebot:/home/alexmin9/Desktop/TCI_AERO/ws_simu/install/webots_ros2_tiago:/home/alexmin9/Desktop/TCI_AERO/ws_simu/install/webots_ros2_tests:/home/alexmin9/Desktop/TCI_AERO/ws_simu/install/webots_ros2_tesla:/home/alexmin9/Desktop/TCI_AERO/ws_simu/install/webots_ros2_mavic:/home/alexmin9/Desktop/TCI_AERO/ws_simu/install/webots_ros2_husarion:/home/alexmin9/Desktop/TCI_AERO/ws_simu/install/webots_ros2_epuck:/home/alexmin9/Desktop/TCI_AERO/ws_simu/install/webots_ros2_crazyflie:/home/alexmin9/Desktop/TCI_AERO/ws_simu/install/webots_ros2_importer:/home/alexmin9/Desktop/TCI_AERO/ws_simu/install/tortues:/home/alexmin9/Desktop/TCI_AERO/ws_simu/install/swarm_package:/home/alexmin9/Desktop/TCI_AERO/ws_simu/install/my_package:/opt/ros/kilted DEBUGINFOD_URLS=https://debuginfod.ubuntu.com PS1=\[\e]0;\u@\h: \w\a\]${debian_chroot:+($debian_chroot)}\[\033[01;32m\]\u@\h\[\033[00m\]:\[\033[01;34m\]\w\[\033[00m\]\$ /usr/bin/cmake --build /home/alexmin9/Desktop/TCI_AERO/ws_drones/build/my_custom_interfaces -- -j32 -l32
[4.117s] DEBUG:colcon.colcon_core.event_handler.log_command:Invoked command in '/home/alexmin9/Desktop/TCI_AERO/ws_drones/build/my_custom_interfaces' returned '0': CMAKE_PREFIX_PATH=${CMAKE_PREFIX_PATH}:/home/alexmin9/Desktop/TCI_AERO/ws_drones/install/tortues:/home/alexmin9/Desktop/TCI_AERO/ws_drones/install/pid_control:/home/alexmin9/Desktop/TCI_AERO/ws_drones/install/fusion_CP_Consensus:/home/alexmin9/Desktop/TCI_AERO/ws_drones/install/crazyflie:/home/alexmin9/Desktop/TCI_AERO/ws_simu/install/webots_ros2:/home/alexmin9/Desktop/TCI_AERO/ws_simu/install/webots_ros2_universal_robot:/home/alexmin9/Desktop/TCI_AERO/ws_simu/install/webots_ros2_turtlebot:/home/alexmin9/Desktop/TCI_AERO/ws_simu/install/webots_ros2_tiago:/home/alexmin9/Desktop/TCI_AERO/ws_simu/install/webots_ros2_tests:/home/alexmin9/Desktop/TCI_AERO/ws_simu/install/webots_ros2_tesla:/home/alexmin9/Desktop/TCI_AERO/ws_simu/install/webots_ros2_mavic:/home/alexmin9/Desktop/TCI_AERO/ws_simu/install/webots_ros2_husarion:/home/alexmin9/Desktop/TCI_AERO/ws_simu/install/webots_ros2_epuck:/home/alexmin9/Desktop/TCI_AERO/ws_simu/install/webots_ros2_crazyflie:/home/alexmin9/Desktop/TCI_AERO/ws_simu/install/webots_ros2_importer:/home/alexmin9/Desktop/TCI_AERO/ws_simu/install/tortues:/home/alexmin9/Desktop/TCI_AERO/ws_simu/install/swarm_package:/home/alexmin9/Desktop/TCI_AERO/ws_simu/install/my_package:/opt/ros/kilted DEBUGINFOD_URLS=https://debuginfod.ubuntu.com PS1=\[\e]0;\u@\h: \w\a\]${debian_chroot:+($debian_chroot)}\[\033[01;32m\]\u@\h\[\033[00m\]:\[\033[01;34m\]\w\[\033[00m\]\$ /usr/bin/cmake --build /home/alexmin9/Desktop/TCI_AERO/ws_drones/build/my_custom_interfaces -- -j32 -l32
[4.124s] DEBUG:colcon.colcon_core.event_handler.log_command:Invoking command in '/home/alexmin9/Desktop/TCI_AERO/ws_drones/build/my_custom_interfaces': CMAKE_PREFIX_PATH=${CMAKE_PREFIX_PATH}:/home/alexmin9/Desktop/TCI_AERO/ws_drones/install/tortues:/home/alexmin9/Desktop/TCI_AERO/ws_drones/install/pid_control:/home/alexmin9/Desktop/TCI_AERO/ws_drones/install/fusion_CP_Consensus:/home/alexmin9/Desktop/TCI_AERO/ws_drones/install/crazyflie:/home/alexmin9/Desktop/TCI_AERO/ws_simu/install/webots_ros2:/home/alexmin9/Desktop/TCI_AERO/ws_simu/install/webots_ros2_universal_robot:/home/alexmin9/Desktop/TCI_AERO/ws_simu/install/webots_ros2_turtlebot:/home/alexmin9/Desktop/TCI_AERO/ws_simu/install/webots_ros2_tiago:/home/alexmin9/Desktop/TCI_AERO/ws_simu/install/webots_ros2_tests:/home/alexmin9/Desktop/TCI_AERO/ws_simu/install/webots_ros2_tesla:/home/alexmin9/Desktop/TCI_AERO/ws_simu/install/webots_ros2_mavic:/home/alexmin9/Desktop/TCI_AERO/ws_simu/install/webots_ros2_husarion:/home/alexmin9/Desktop/TCI_AERO/ws_simu/install/webots_ros2_epuck:/home/alexmin9/Desktop/TCI_AERO/ws_simu/install/webots_ros2_crazyflie:/home/alexmin9/Desktop/TCI_AERO/ws_simu/install/webots_ros2_importer:/home/alexmin9/Desktop/TCI_AERO/ws_simu/install/tortues:/home/alexmin9/Desktop/TCI_AERO/ws_simu/install/swarm_package:/home/alexmin9/Desktop/TCI_AERO/ws_simu/install/my_package:/opt/ros/kilted DEBUGINFOD_URLS=https://debuginfod.ubuntu.com PS1=\[\e]0;\u@\h: \w\a\]${debian_chroot:+($debian_chroot)}\[\033[01;32m\]\u@\h\[\033[00m\]:\[\033[01;34m\]\w\[\033[00m\]\$ /usr/bin/cmake --install /home/alexmin9/Desktop/TCI_AERO/ws_drones/build/my_custom_interfaces
[4.181s] Level 1:colcon.colcon_core.environment:create_environment_scripts_only(my_custom_interfaces)
[4.181s] Level 1:colcon.colcon_core.environment:checking '/home/alexmin9/Desktop/TCI_AERO/ws_drones/install/my_custom_interfaces' for CMake module files
[4.181s] DEBUG:colcon.colcon_core.event_handler.log_command:Invoked command in '/home/alexmin9/Desktop/TCI_AERO/ws_drones/build/my_custom_interfaces' returned '0': CMAKE_PREFIX_PATH=${CMAKE_PREFIX_PATH}:/home/alexmin9/Desktop/TCI_AERO/ws_drones/install/tortues:/home/alexmin9/Desktop/TCI_AERO/ws_drones/install/pid_control:/home/alexmin9/Desktop/TCI_AERO/ws_drones/install/fusion_CP_Consensus:/home/alexmin9/Desktop/TCI_AERO/ws_drones/install/crazyflie:/home/alexmin9/Desktop/TCI_AERO/ws_simu/install/webots_ros2:/home/alexmin9/Desktop/TCI_AERO/ws_simu/install/webots_ros2_universal_robot:/home/alexmin9/Desktop/TCI_AERO/ws_simu/install/webots_ros2_turtlebot:/home/alexmin9/Desktop/TCI_AERO/ws_simu/install/webots_ros2_tiago:/home/alexmin9/Desktop/TCI_AERO/ws_simu/install/webots_ros2_tests:/home/alexmin9/Desktop/TCI_AERO/ws_simu/install/webots_ros2_tesla:/home/alexmin9/Desktop/TCI_AERO/ws_simu/install/webots_ros2_mavic:/home/alexmin9/Desktop/TCI_AERO/ws_simu/install/webots_ros2_husarion:/home/alexmin9/Desktop/TCI_AERO/ws_simu/install/webots_ros2_epuck:/home/alexmin9/Desktop/TCI_AERO/ws_simu/install/webots_ros2_crazyflie:/home/alexmin9/Desktop/TCI_AERO/ws_simu/install/webots_ros2_importer:/home/alexmin9/Desktop/TCI_AERO/ws_simu/install/tortues:/home/alexmin9/Desktop/TCI_AERO/ws_simu/install/swarm_package:/home/alexmin9/Desktop/TCI_AERO/ws_simu/install/my_package:/opt/ros/kilted DEBUGINFOD_URLS=https://debuginfod.ubuntu.com PS1=\[\e]0;\u@\h: \w\a\]${debian_chroot:+($debian_chroot)}\[\033[01;32m\]\u@\h\[\033[00m\]:\[\033[01;34m\]\w\[\033[00m\]\$ /usr/bin/cmake --install /home/alexmin9/Desktop/TCI_AERO/ws_drones/build/my_custom_interfaces
[4.181s] Level 1:colcon.colcon_core.environment:checking '/home/alexmin9/Desktop/TCI_AERO/ws_drones/install/my_custom_interfaces' for CMake config files
[4.181s] Level 1:colcon.colcon_core.shell:create_environment_hook('my_custom_interfaces', 'cmake_prefix_path')
[4.181s] INFO:colcon.colcon_core.shell:Creating environment hook '/home/alexmin9/Desktop/TCI_AERO/ws_drones/install/my_custom_interfaces/share/my_custom_interfaces/hook/cmake_prefix_path.ps1'
[4.182s] INFO:colcon.colcon_core.shell:Creating environment descriptor '/home/alexmin9/Desktop/TCI_AERO/ws_drones/install/my_custom_interfaces/share/my_custom_interfaces/hook/cmake_prefix_path.dsv'
[4.182s] INFO:colcon.colcon_core.shell:Creating environment hook '/home/alexmin9/Desktop/TCI_AERO/ws_drones/install/my_custom_interfaces/share/my_custom_interfaces/hook/cmake_prefix_path.sh'
[4.182s] Level 1:colcon.colcon_core.environment:checking '/home/alexmin9/Desktop/TCI_AERO/ws_drones/install/my_custom_interfaces/lib'
[4.182s] Level 1:colcon.colcon_core.shell:create_environment_hook('my_custom_interfaces', 'ld_library_path_lib')
[4.182s] INFO:colcon.colcon_core.shell:Creating environment hook '/home/alexmin9/Desktop/TCI_AERO/ws_drones/install/my_custom_interfaces/share/my_custom_interfaces/hook/ld_library_path_lib.ps1'
[4.183s] INFO:colcon.colcon_core.shell:Creating environment descriptor '/home/alexmin9/Desktop/TCI_AERO/ws_drones/install/my_custom_interfaces/share/my_custom_interfaces/hook/ld_library_path_lib.dsv'
[4.183s] INFO:colcon.colcon_core.shell:Creating environment hook '/home/alexmin9/Desktop/TCI_AERO/ws_drones/install/my_custom_interfaces/share/my_custom_interfaces/hook/ld_library_path_lib.sh'
[4.183s] Level 1:colcon.colcon_core.environment:checking '/home/alexmin9/Desktop/TCI_AERO/ws_drones/install/my_custom_interfaces/bin'
[4.183s] Level 1:colcon.colcon_core.environment:checking '/home/alexmin9/Desktop/TCI_AERO/ws_drones/install/my_custom_interfaces/lib/pkgconfig/my_custom_interfaces.pc'
[4.183s] Level 1:colcon.colcon_core.environment:checking '/home/alexmin9/Desktop/TCI_AERO/ws_drones/install/my_custom_interfaces/lib/python3.12/site-packages'
[4.183s] Level 1:colcon.colcon_core.shell:create_environment_hook('my_custom_interfaces', 'pythonpath')
[4.183s] INFO:colcon.colcon_core.shell:Creating environment hook '/home/alexmin9/Desktop/TCI_AERO/ws_drones/install/my_custom_interfaces/share/my_custom_interfaces/hook/pythonpath.ps1'
[4.183s] INFO:colcon.colcon_core.shell:Creating environment descriptor '/home/alexmin9/Desktop/TCI_AERO/ws_drones/install/my_custom_interfaces/share/my_custom_interfaces/hook/pythonpath.dsv'
[4.184s] INFO:colcon.colcon_core.shell:Creating environment hook '/home/alexmin9/Desktop/TCI_AERO/ws_drones/install/my_custom_interfaces/share/my_custom_interfaces/hook/pythonpath.sh'
[4.184s] Level 1:colcon.colcon_core.environment:checking '/home/alexmin9/Desktop/TCI_AERO/ws_drones/install/my_custom_interfaces/bin'
[4.184s] INFO:colcon.colcon_core.shell:Creating package script '/home/alexmin9/Desktop/TCI_AERO/ws_drones/install/my_custom_interfaces/share/my_custom_interfaces/package.ps1'
[4.184s] INFO:colcon.colcon_core.shell:Creating package descriptor '/home/alexmin9/Desktop/TCI_AERO/ws_drones/install/my_custom_interfaces/share/my_custom_interfaces/package.dsv'
[4.184s] INFO:colcon.colcon_core.shell:Creating package script '/home/alexmin9/Desktop/TCI_AERO/ws_drones/install/my_custom_interfaces/share/my_custom_interfaces/package.sh'
[4.185s] INFO:colcon.colcon_core.shell:Creating package script '/home/alexmin9/Desktop/TCI_AERO/ws_drones/install/my_custom_interfaces/share/my_custom_interfaces/package.bash'
[4.185s] INFO:colcon.colcon_core.shell:Creating package script '/home/alexmin9/Desktop/TCI_AERO/ws_drones/install/my_custom_interfaces/share/my_custom_interfaces/package.zsh'
[4.185s] Level 1:colcon.colcon_core.environment:create_file_with_runtime_dependencies(/home/alexmin9/Desktop/TCI_AERO/ws_drones/install/my_custom_interfaces/share/colcon-core/packages/my_custom_interfaces)
[4.186s] Level 1:colcon.colcon_core.environment:create_environment_scripts_only(my_custom_interfaces)
[4.186s] Level 1:colcon.colcon_core.environment:checking '/home/alexmin9/Desktop/TCI_AERO/ws_drones/install/my_custom_interfaces' for CMake module files
[4.186s] Level 1:colcon.colcon_core.environment:checking '/home/alexmin9/Desktop/TCI_AERO/ws_drones/install/my_custom_interfaces' for CMake config files
[4.186s] Level 1:colcon.colcon_core.shell:create_environment_hook('my_custom_interfaces', 'cmake_prefix_path')
[4.186s] INFO:colcon.colcon_core.shell:Creating environment hook '/home/alexmin9/Desktop/TCI_AERO/ws_drones/install/my_custom_interfaces/share/my_custom_interfaces/hook/cmake_prefix_path.ps1'
[4.186s] INFO:colcon.colcon_core.shell:Creating environment descriptor '/home/alexmin9/Desktop/TCI_AERO/ws_drones/install/my_custom_interfaces/share/my_custom_interfaces/hook/cmake_prefix_path.dsv'
[4.187s] INFO:colcon.colcon_core.shell:Creating environment hook '/home/alexmin9/Desktop/TCI_AERO/ws_drones/install/my_custom_interfaces/share/my_custom_interfaces/hook/cmake_prefix_path.sh'
[4.187s] Level 1:colcon.colcon_core.environment:checking '/home/alexmin9/Desktop/TCI_AERO/ws_drones/install/my_custom_interfaces/lib'
[4.187s] Level 1:colcon.colcon_core.shell:create_environment_hook('my_custom_interfaces', 'ld_library_path_lib')
[4.187s] INFO:colcon.colcon_core.shell:Creating environment hook '/home/alexmin9/Desktop/TCI_AERO/ws_drones/install/my_custom_interfaces/share/my_custom_interfaces/hook/ld_library_path_lib.ps1'
[4.187s] INFO:colcon.colcon_core.shell:Creating environment descriptor '/home/alexmin9/Desktop/TCI_AERO/ws_drones/install/my_custom_interfaces/share/my_custom_interfaces/hook/ld_library_path_lib.dsv'
[4.187s] INFO:colcon.colcon_core.shell:Creating environment hook '/home/alexmin9/Desktop/TCI_AERO/ws_drones/install/my_custom_interfaces/share/my_custom_interfaces/hook/ld_library_path_lib.sh'
[4.188s] Level 1:colcon.colcon_core.environment:checking '/home/alexmin9/Desktop/TCI_AERO/ws_drones/install/my_custom_interfaces/bin'
[4.188s] Level 1:colcon.colcon_core.environment:checking '/home/alexmin9/Desktop/TCI_AERO/ws_drones/install/my_custom_interfaces/lib/pkgconfig/my_custom_interfaces.pc'
[4.188s] Level 1:colcon.colcon_core.environment:checking '/home/alexmin9/Desktop/TCI_AERO/ws_drones/install/my_custom_interfaces/lib/python3.12/site-packages'
[4.188s] Level 1:colcon.colcon_core.shell:create_environment_hook('my_custom_interfaces', 'pythonpath')
[4.188s] INFO:colcon.colcon_core.shell:Creating environment hook '/home/alexmin9/Desktop/TCI_AERO/ws_drones/install/my_custom_interfaces/share/my_custom_interfaces/hook/pythonpath.ps1'
[4.188s] INFO:colcon.colcon_core.shell:Creating environment descriptor '/home/alexmin9/Desktop/TCI_AERO/ws_drones/install/my_custom_interfaces/share/my_custom_interfaces/hook/pythonpath.dsv'
[4.188s] INFO:colcon.colcon_core.shell:Creating environment hook '/home/alexmin9/Desktop/TCI_AERO/ws_drones/install/my_custom_interfaces/share/my_custom_interfaces/hook/pythonpath.sh'
[4.189s] Level 1:colcon.colcon_core.environment:checking '/home/alexmin9/Desktop/TCI_AERO/ws_drones/install/my_custom_interfaces/bin'
[4.189s] INFO:colcon.colcon_core.shell:Creating package script '/home/alexmin9/Desktop/TCI_AERO/ws_drones/install/my_custom_interfaces/share/my_custom_interfaces/package.ps1'
[4.189s] INFO:colcon.colcon_core.shell:Creating package descriptor '/home/alexmin9/Desktop/TCI_AERO/ws_drones/install/my_custom_interfaces/share/my_custom_interfaces/package.dsv'
[4.189s] INFO:colcon.colcon_core.shell:Creating package script '/home/alexmin9/Desktop/TCI_AERO/ws_drones/install/my_custom_interfaces/share/my_custom_interfaces/package.sh'
[4.190s] INFO:colcon.colcon_core.shell:Creating package script '/home/alexmin9/Desktop/TCI_AERO/ws_drones/install/my_custom_interfaces/share/my_custom_interfaces/package.bash'
[4.190s] INFO:colcon.colcon_core.shell:Creating package script '/home/alexmin9/Desktop/TCI_AERO/ws_drones/install/my_custom_interfaces/share/my_custom_interfaces/package.zsh'
[4.190s] Level 1:colcon.colcon_core.environment:create_file_with_runtime_dependencies(/home/alexmin9/Desktop/TCI_AERO/ws_drones/install/my_custom_interfaces/share/colcon-core/packages/my_custom_interfaces)
[4.190s] INFO:colcon.colcon_ros.task.ament_python.build:Building ROS package in '/home/alexmin9/Desktop/TCI_AERO/ws_drones/src/fusion_CP_Consensus' with build type 'ament_python'
[4.190s] Level 1:colcon.colcon_core.shell:create_environment_hook('fusion_CP_Consensus', 'ament_prefix_path')
[4.190s] INFO:colcon.colcon_core.shell:Creating environment hook '/home/alexmin9/Desktop/TCI_AERO/ws_drones/install/fusion_CP_Consensus/share/fusion_CP_Consensus/hook/ament_prefix_path.ps1'
[4.191s] INFO:colcon.colcon_core.shell:Creating environment descriptor '/home/alexmin9/Desktop/TCI_AERO/ws_drones/install/fusion_CP_Consensus/share/fusion_CP_Consensus/hook/ament_prefix_path.dsv'
[4.191s] INFO:colcon.colcon_core.shell:Creating environment hook '/home/alexmin9/Desktop/TCI_AERO/ws_drones/install/fusion_CP_Consensus/share/fusion_CP_Consensus/hook/ament_prefix_path.sh'
[4.191s] INFO:colcon.colcon_core.shell:Skip shell extension 'powershell' for command environment: Not usable outside of PowerShell
[4.191s] DEBUG:colcon.colcon_core.shell:Skip shell extension 'dsv' for command environment
[4.320s] INFO:colcon.colcon_core.task.python.build:Building Python package in '/home/alexmin9/Desktop/TCI_AERO/ws_drones/src/fusion_CP_Consensus'
[4.320s] INFO:colcon.colcon_core.shell:Skip shell extension 'powershell' for command environment: Not usable outside of PowerShell
[4.320s] DEBUG:colcon.colcon_core.shell:Skip shell extension 'dsv' for command environment
[4.662s] DEBUG:colcon.colcon_core.event_handler.log_command:Invoking command in '/home/alexmin9/Desktop/TCI_AERO/ws_drones/src/fusion_CP_Consensus': DEBUGINFOD_URLS=https://debuginfod.ubuntu.com PS1=\[\e]0;\u@\h: \w\a\]${debian_chroot:+($debian_chroot)}\[\033[01;32m\]\u@\h\[\033[00m\]:\[\033[01;34m\]\w\[\033[00m\]\$ PYTHONPATH=/home/alexmin9/Desktop/TCI_AERO/ws_drones/build/fusion_CP_Consensus/prefix_override:/usr/lib/python3/dist-packages/colcon_core/task/python/colcon_distutils_commands:/home/alexmin9/Desktop/TCI_AERO/ws_drones/install/fusion_CP_Consensus/lib/python3.12/site-packages:/home/alexmin9/Desktop/TCI_AERO/ws_drones/install/my_custom_interfaces/lib/python3.12/site-packages:/opt/ros/kilted/lib/python3.12/site-packages:/home/alexmin9/Desktop/TCI_AERO/ws_drones/install/tortues/lib/python3.12/site-packages:/home/alexmin9/Desktop/TCI_AERO/ws_drones/install/pid_control/lib/python3.12/site-packages:/home/alexmin9/Desktop/TCI_AERO/ws_drones/install/fusion_CP_Consensus/lib/python3.12/site-packages:/home/alexmin9/Desktop/TCI_AERO/ws_drones/install/crazyflie/lib/python3.12/site-packages:/home/alexmin9/Desktop/TCI_AERO/ws_simu/install/webots_ros2/lib/python3.12/site-packages:/home/alexmin9/Desktop/TCI_AERO/ws_simu/install/webots_ros2_universal_robot/lib/python3.12/site-packages:/home/alexmin9/Desktop/TCI_AERO/ws_simu/install/webots_ros2_turtlebot/lib/python3.12/site-packages:/home/alexmin9/Desktop/TCI_AERO/ws_simu/install/webots_ros2_tiago/lib/python3.12/site-packages:/home/alexmin9/Desktop/TCI_AERO/ws_simu/install/webots_ros2_tests/lib/python3.12/site-packages:/home/alexmin9/Desktop/TCI_AERO/ws_simu/install/webots_ros2_tesla/lib/python3.12/site-packages:/home/alexmin9/Desktop/TCI_AERO/ws_simu/install/webots_ros2_mavic/lib/python3.12/site-packages:/home/alexmin9/Desktop/TCI_AERO/ws_simu/install/webots_ros2_husarion/lib/python3.12/site-packages:/home/alexmin9/Desktop/TCI_AERO/ws_simu/install/webots_ros2_epuck/lib/python3.12/site-packages:/home/alexmin9/Desktop/TCI_AERO/ws_simu/install/webots_ros2_crazyflie/lib/python3.12/site-packages:/home/alexmin9/Desktop/TCI_AERO/ws_simu/install/webots_ros2_driver/lib/python3.12/site-packages:/home/alexmin9/Desktop/TCI_AERO/ws_simu/install/webots_ros2_msgs/lib/python3.12/site-packages:/home/alexmin9/Desktop/TCI_AERO/ws_simu/install/webots_ros2_importer/lib/python3.12/site-packages:/home/alexmin9/Desktop/TCI_AERO/ws_simu/install/tortues/lib/python3.12/site-packages:/home/alexmin9/Desktop/TCI_AERO/ws_simu/install/swarm_package/lib/python3.12/site-packages:/home/alexmin9/Desktop/TCI_AERO/ws_simu/install/my_package/lib/python3.12/site-packages:/opt/ros/kilted/lib/python3.12/site-packages /usr/bin/python3 -W ignore:setup.py install is deprecated -W ignore:easy_install command is deprecated setup.py egg_info --egg-base ../../build/fusion_CP_Consensus build --build-base /home/alexmin9/Desktop/TCI_AERO/ws_drones/build/fusion_CP_Consensus/build install --record /home/alexmin9/Desktop/TCI_AERO/ws_drones/build/fusion_CP_Consensus/install.log --single-version-externally-managed install_data
[5.002s] Level 1:colcon.colcon_core.environment:checking '/home/alexmin9/Desktop/TCI_AERO/ws_drones/install/fusion_CP_Consensus' for CMake module files
[5.003s] DEBUG:colcon.colcon_core.event_handler.log_command:Invoked command in '/home/alexmin9/Desktop/TCI_AERO/ws_drones/src/fusion_CP_Consensus' returned '0': DEBUGINFOD_URLS=https://debuginfod.ubuntu.com PS1=\[\e]0;\u@\h: \w\a\]${debian_chroot:+($debian_chroot)}\[\033[01;32m\]\u@\h\[\033[00m\]:\[\033[01;34m\]\w\[\033[00m\]\$ PYTHONPATH=/home/alexmin9/Desktop/TCI_AERO/ws_drones/build/fusion_CP_Consensus/prefix_override:/usr/lib/python3/dist-packages/colcon_core/task/python/colcon_distutils_commands:/home/alexmin9/Desktop/TCI_AERO/ws_drones/install/fusion_CP_Consensus/lib/python3.12/site-packages:/home/alexmin9/Desktop/TCI_AERO/ws_drones/install/my_custom_interfaces/lib/python3.12/site-packages:/opt/ros/kilted/lib/python3.12/site-packages:/home/alexmin9/Desktop/TCI_AERO/ws_drones/install/tortues/lib/python3.12/site-packages:/home/alexmin9/Desktop/TCI_AERO/ws_drones/install/pid_control/lib/python3.12/site-packages:/home/alexmin9/Desktop/TCI_AERO/ws_drones/install/fusion_CP_Consensus/lib/python3.12/site-packages:/home/alexmin9/Desktop/TCI_AERO/ws_drones/install/crazyflie/lib/python3.12/site-packages:/home/alexmin9/Desktop/TCI_AERO/ws_simu/install/webots_ros2/lib/python3.12/site-packages:/home/alexmin9/Desktop/TCI_AERO/ws_simu/install/webots_ros2_universal_robot/lib/python3.12/site-packages:/home/alexmin9/Desktop/TCI_AERO/ws_simu/install/webots_ros2_turtlebot/lib/python3.12/site-packages:/home/alexmin9/Desktop/TCI_AERO/ws_simu/install/webots_ros2_tiago/lib/python3.12/site-packages:/home/alexmin9/Desktop/TCI_AERO/ws_simu/install/webots_ros2_tests/lib/python3.12/site-packages:/home/alexmin9/Desktop/TCI_AERO/ws_simu/install/webots_ros2_tesla/lib/python3.12/site-packages:/home/alexmin9/Desktop/TCI_AERO/ws_simu/install/webots_ros2_mavic/lib/python3.12/site-packages:/home/alexmin9/Desktop/TCI_AERO/ws_simu/install/webots_ros2_husarion/lib/python3.12/site-packages:/home/alexmin9/Desktop/TCI_AERO/ws_simu/install/webots_ros2_epuck/lib/python3.12/site-packages:/home/alexmin9/Desktop/TCI_AERO/ws_simu/install/webots_ros2_crazyflie/lib/python3.12/site-packages:/home/alexmin9/Desktop/TCI_AERO/ws_simu/install/webots_ros2_driver/lib/python3.12/site-packages:/home/alexmin9/Desktop/TCI_AERO/ws_simu/install/webots_ros2_msgs/lib/python3.12/site-packages:/home/alexmin9/Desktop/TCI_AERO/ws_simu/install/webots_ros2_importer/lib/python3.12/site-packages:/home/alexmin9/Desktop/TCI_AERO/ws_simu/install/tortues/lib/python3.12/site-packages:/home/alexmin9/Desktop/TCI_AERO/ws_simu/install/swarm_package/lib/python3.12/site-packages:/home/alexmin9/Desktop/TCI_AERO/ws_simu/install/my_package/lib/python3.12/site-packages:/opt/ros/kilted/lib/python3.12/site-packages /usr/bin/python3 -W ignore:setup.py install is deprecated -W ignore:easy_install command is deprecated setup.py egg_info --egg-base ../../build/fusion_CP_Consensus build --build-base /home/alexmin9/Desktop/TCI_AERO/ws_drones/build/fusion_CP_Consensus/build install --record /home/alexmin9/Desktop/TCI_AERO/ws_drones/build/fusion_CP_Consensus/install.log --single-version-externally-managed install_data
[5.003s] Level 1:colcon.colcon_core.environment:checking '/home/alexmin9/Desktop/TCI_AERO/ws_drones/install/fusion_CP_Consensus' for CMake config files
[5.003s] Level 1:colcon.colcon_core.environment:checking '/home/alexmin9/Desktop/TCI_AERO/ws_drones/install/fusion_CP_Consensus/lib'
[5.003s] Level 1:colcon.colcon_core.environment:checking '/home/alexmin9/Desktop/TCI_AERO/ws_drones/install/fusion_CP_Consensus/bin'
[5.003s] Level 1:colcon.colcon_core.environment:checking '/home/alexmin9/Desktop/TCI_AERO/ws_drones/install/fusion_CP_Consensus/lib/pkgconfig/fusion_CP_Consensus.pc'
[5.004s] Level 1:colcon.colcon_core.environment:checking '/home/alexmin9/Desktop/TCI_AERO/ws_drones/install/fusion_CP_Consensus/lib/python3.12/site-packages'
[5.004s] Level 1:colcon.colcon_core.shell:create_environment_hook('fusion_CP_Consensus', 'pythonpath')
[5.004s] INFO:colcon.colcon_core.shell:Creating environment hook '/home/alexmin9/Desktop/TCI_AERO/ws_drones/install/fusion_CP_Consensus/share/fusion_CP_Consensus/hook/pythonpath.ps1'
[5.004s] INFO:colcon.colcon_core.shell:Creating environment descriptor '/home/alexmin9/Desktop/TCI_AERO/ws_drones/install/fusion_CP_Consensus/share/fusion_CP_Consensus/hook/pythonpath.dsv'
[5.004s] INFO:colcon.colcon_core.shell:Creating environment hook '/home/alexmin9/Desktop/TCI_AERO/ws_drones/install/fusion_CP_Consensus/share/fusion_CP_Consensus/hook/pythonpath.sh'
[5.005s] Level 1:colcon.colcon_core.environment:checking '/home/alexmin9/Desktop/TCI_AERO/ws_drones/install/fusion_CP_Consensus/bin'
[5.005s] Level 1:colcon.colcon_core.environment:create_environment_scripts_only(fusion_CP_Consensus)
[5.005s] INFO:colcon.colcon_core.shell:Creating package script '/home/alexmin9/Desktop/TCI_AERO/ws_drones/install/fusion_CP_Consensus/share/fusion_CP_Consensus/package.ps1'
[5.005s] INFO:colcon.colcon_core.shell:Creating package descriptor '/home/alexmin9/Desktop/TCI_AERO/ws_drones/install/fusion_CP_Consensus/share/fusion_CP_Consensus/package.dsv'
[5.005s] INFO:colcon.colcon_core.shell:Creating package script '/home/alexmin9/Desktop/TCI_AERO/ws_drones/install/fusion_CP_Consensus/share/fusion_CP_Consensus/package.sh'
[5.005s] INFO:colcon.colcon_core.shell:Creating package script '/home/alexmin9/Desktop/TCI_AERO/ws_drones/install/fusion_CP_Consensus/share/fusion_CP_Consensus/package.bash'
[5.005s] INFO:colcon.colcon_core.shell:Creating package script '/home/alexmin9/Desktop/TCI_AERO/ws_drones/install/fusion_CP_Consensus/share/fusion_CP_Consensus/package.zsh'
[5.006s] Level 1:colcon.colcon_core.environment:create_file_with_runtime_dependencies(/home/alexmin9/Desktop/TCI_AERO/ws_drones/install/fusion_CP_Consensus/share/colcon-core/packages/fusion_CP_Consensus)
[5.006s] DEBUG:colcon.colcon_parallel_executor.executor.parallel:closing loop
[5.006s] DEBUG:colcon.colcon_parallel_executor.executor.parallel:loop closed
[5.006s] DEBUG:colcon.colcon_parallel_executor.executor.parallel:run_until_complete finished with '0'
[5.006s] DEBUG:colcon.colcon_core.event_reactor:joining thread
[5.010s] INFO:colcon.colcon_core.plugin_system:Skipping extension 'colcon_notification.desktop_notification.terminal_notifier': Not used on non-Darwin systems
[5.010s] INFO:colcon.colcon_core.plugin_system:Skipping extension 'colcon_notification.desktop_notification.win32': Not used on non-Windows systems
[5.010s] INFO:colcon.colcon_notification.desktop_notification:Sending desktop notification using 'notify2'
[5.020s] DEBUG:colcon.colcon_core.event_reactor:joined thread
[5.020s] INFO:colcon.colcon_core.shell:Creating prefix script '/home/alexmin9/Desktop/TCI_AERO/ws_drones/install/local_setup.ps1'
[5.021s] INFO:colcon.colcon_core.shell:Creating prefix util module '/home/alexmin9/Desktop/TCI_AERO/ws_drones/install/_local_setup_util_ps1.py'
[5.021s] INFO:colcon.colcon_core.shell:Creating prefix chain script '/home/alexmin9/Desktop/TCI_AERO/ws_drones/install/setup.ps1'
[5.022s] INFO:colcon.colcon_core.shell:Creating prefix script '/home/alexmin9/Desktop/TCI_AERO/ws_drones/install/local_setup.sh'
[5.022s] INFO:colcon.colcon_core.shell:Creating prefix util module '/home/alexmin9/Desktop/TCI_AERO/ws_drones/install/_local_setup_util_sh.py'
[5.023s] INFO:colcon.colcon_core.shell:Creating prefix chain script '/home/alexmin9/Desktop/TCI_AERO/ws_drones/install/setup.sh'
[5.023s] INFO:colcon.colcon_core.shell:Creating prefix script '/home/alexmin9/Desktop/TCI_AERO/ws_drones/install/local_setup.bash'
[5.024s] INFO:colcon.colcon_core.shell:Creating prefix chain script '/home/alexmin9/Desktop/TCI_AERO/ws_drones/install/setup.bash'
[5.025s] INFO:colcon.colcon_core.shell:Creating prefix script '/home/alexmin9/Desktop/TCI_AERO/ws_drones/install/local_setup.zsh'
[5.025s] INFO:colcon.colcon_core.shell:Creating prefix chain script '/home/alexmin9/Desktop/TCI_AERO/ws_drones/install/setup.zsh'
