running egg_info
creating ../../build/tortues/tortues.egg-info
writing ../../build/tortues/tortues.egg-info/PKG-INFO
writing dependency_links to ../../build/tortues/tortues.egg-info/dependency_links.txt
writing entry points to ../../build/tortues/tortues.egg-info/entry_points.txt
writing requirements to ../../build/tortues/tortues.egg-info/requires.txt
writing top-level names to ../../build/tortues/tortues.egg-info/top_level.txt
writing manifest file '../../build/tortues/tortues.egg-info/SOURCES.txt'
reading manifest file '../../build/tortues/tortues.egg-info/SOURCES.txt'
writing manifest file '../../build/tortues/tortues.egg-info/SOURCES.txt'
running build
running build_py
creating /home/alexmin9/Desktop/TCI_AERO/ws_drones/build/tortues/build
creating /home/alexmin9/Desktop/TCI_AERO/ws_drones/build/tortues/build/lib
creating /home/alexmin9/Desktop/TCI_AERO/ws_drones/build/tortues/build/lib/tortues
copying tortues/observer.py -> /home/alexmin9/Desktop/TCI_AERO/ws_drones/build/tortues/build/lib/tortues
copying tortues/Turtle3_Node.py -> /home/alexmin9/Desktop/TCI_AERO/ws_drones/build/tortues/build/lib/tortues
copying tortues/Turtle4_Node.py -> /home/alexmin9/Desktop/TCI_AERO/ws_drones/build/tortues/build/lib/tortues
copying tortues/pid_lib.py -> /home/alexmin9/Desktop/TCI_AERO/ws_drones/build/tortues/build/lib/tortues
copying tortues/Turtle1_Node.py -> /home/alexmin9/Desktop/TCI_AERO/ws_drones/build/tortues/build/lib/tortues
copying tortues/__init__.py -> /home/alexmin9/Desktop/TCI_AERO/ws_drones/build/tortues/build/lib/tortues
copying tortues/testSTART.py -> /home/alexmin9/Desktop/TCI_AERO/ws_drones/build/tortues/build/lib/tortues
copying tortues/Turtle2_Node.py -> /home/alexmin9/Desktop/TCI_AERO/ws_drones/build/tortues/build/lib/tortues
running install
running install_lib
creating /home/alexmin9/Desktop/TCI_AERO/ws_drones/install/tortues/lib/python3.12/site-packages/tortues
copying /home/alexmin9/Desktop/TCI_AERO/ws_drones/build/tortues/build/lib/tortues/observer.py -> /home/alexmin9/Desktop/TCI_AERO/ws_drones/install/tortues/lib/python3.12/site-packages/tortues
copying /home/alexmin9/Desktop/TCI_AERO/ws_drones/build/tortues/build/lib/tortues/Turtle3_Node.py -> /home/alexmin9/Desktop/TCI_AERO/ws_drones/install/tortues/lib/python3.12/site-packages/tortues
copying /home/alexmin9/Desktop/TCI_AERO/ws_drones/build/tortues/build/lib/tortues/Turtle4_Node.py -> /home/alexmin9/Desktop/TCI_AERO/ws_drones/install/tortues/lib/python3.12/site-packages/tortues
copying /home/alexmin9/Desktop/TCI_AERO/ws_drones/build/tortues/build/lib/tortues/pid_lib.py -> /home/alexmin9/Desktop/TCI_AERO/ws_drones/install/tortues/lib/python3.12/site-packages/tortues
copying /home/alexmin9/Desktop/TCI_AERO/ws_drones/build/tortues/build/lib/tortues/Turtle1_Node.py -> /home/alexmin9/Desktop/TCI_AERO/ws_drones/install/tortues/lib/python3.12/site-packages/tortues
copying /home/alexmin9/Desktop/TCI_AERO/ws_drones/build/tortues/build/lib/tortues/__init__.py -> /home/alexmin9/Desktop/TCI_AERO/ws_drones/install/tortues/lib/python3.12/site-packages/tortues
copying /home/alexmin9/Desktop/TCI_AERO/ws_drones/build/tortues/build/lib/tortues/testSTART.py -> /home/alexmin9/Desktop/TCI_AERO/ws_drones/install/tortues/lib/python3.12/site-packages/tortues
copying /home/alexmin9/Desktop/TCI_AERO/ws_drones/build/tortues/build/lib/tortues/Turtle2_Node.py -> /home/alexmin9/Desktop/TCI_AERO/ws_drones/install/tortues/lib/python3.12/site-packages/tortues
byte-compiling /home/alexmin9/Desktop/TCI_AERO/ws_drones/install/tortues/lib/python3.12/site-packages/tortues/observer.py to observer.cpython-312.pyc
byte-compiling /home/alexmin9/Desktop/TCI_AERO/ws_drones/install/tortues/lib/python3.12/site-packages/tortues/Turtle3_Node.py to Turtle3_Node.cpython-312.pyc
byte-compiling /home/alexmin9/Desktop/TCI_AERO/ws_drones/install/tortues/lib/python3.12/site-packages/tortues/Turtle4_Node.py to Turtle4_Node.cpython-312.pyc
byte-compiling /home/alexmin9/Desktop/TCI_AERO/ws_drones/install/tortues/lib/python3.12/site-packages/tortues/pid_lib.py to pid_lib.cpython-312.pyc
byte-compiling /home/alexmin9/Desktop/TCI_AERO/ws_drones/install/tortues/lib/python3.12/site-packages/tortues/Turtle1_Node.py to Turtle1_Node.cpython-312.pyc
byte-compiling /home/alexmin9/Desktop/TCI_AERO/ws_drones/install/tortues/lib/python3.12/site-packages/tortues/__init__.py to __init__.cpython-312.pyc
byte-compiling /home/alexmin9/Desktop/TCI_AERO/ws_drones/install/tortues/lib/python3.12/site-packages/tortues/testSTART.py to testSTART.cpython-312.pyc
byte-compiling /home/alexmin9/Desktop/TCI_AERO/ws_drones/install/tortues/lib/python3.12/site-packages/tortues/Turtle2_Node.py to Turtle2_Node.cpython-312.pyc
running install_data
creating /home/alexmin9/Desktop/TCI_AERO/ws_drones/install/tortues/share/ament_index
creating /home/alexmin9/Desktop/TCI_AERO/ws_drones/install/tortues/share/ament_index/resource_index
creating /home/alexmin9/Desktop/TCI_AERO/ws_drones/install/tortues/share/ament_index/resource_index/packages
copying resource/tortues -> /home/alexmin9/Desktop/TCI_AERO/ws_drones/install/tortues/share/ament_index/resource_index/packages
copying package.xml -> /home/alexmin9/Desktop/TCI_AERO/ws_drones/install/tortues/share/tortues
creating /home/alexmin9/Desktop/TCI_AERO/ws_drones/install/tortues/share/tortues/launch
copying launch/test_launch.yaml -> /home/alexmin9/Desktop/TCI_AERO/ws_drones/install/tortues/share/tortues/launch
running install_egg_info
Copying ../../build/tortues/tortues.egg-info to /home/alexmin9/Desktop/TCI_AERO/ws_drones/install/tortues/lib/python3.12/site-packages/tortues-0.0.0-py3.12.egg-info
running install_scripts
Installing Turtle1_Node script to /home/alexmin9/Desktop/TCI_AERO/ws_drones/install/tortues/lib/tortues
Installing Turtle2_Node script to /home/alexmin9/Desktop/TCI_AERO/ws_drones/install/tortues/lib/tortues
Installing Turtle3_Node script to /home/alexmin9/Desktop/TCI_AERO/ws_drones/install/tortues/lib/tortues
Installing Turtle4_Node script to /home/alexmin9/Desktop/TCI_AERO/ws_drones/install/tortues/lib/tortues
Installing observer script to /home/alexmin9/Desktop/TCI_AERO/ws_drones/install/tortues/lib/tortues
Installing spawn script to /home/alexmin9/Desktop/TCI_AERO/ws_drones/install/tortues/lib/tortues
writing list of installed files to '/home/alexmin9/Desktop/TCI_AERO/ws_drones/build/tortues/install.log'
