running develop
running egg_info
creating crazyflie_control.egg-info
writing crazyflie_control.egg-info/PKG-INFO
writing dependency_links to crazyflie_control.egg-info/dependency_links.txt
writing entry points to crazyflie_control.egg-info/entry_points.txt
writing requirements to crazyflie_control.egg-info/requires.txt
writing top-level names to crazyflie_control.egg-info/top_level.txt
writing manifest file 'crazyflie_control.egg-info/SOURCES.txt'
reading manifest file 'crazyflie_control.egg-info/SOURCES.txt'
writing manifest file 'crazyflie_control.egg-info/SOURCES.txt'
running build_ext
Creating /home/estacalab/Desktop/TCI_AERO/ws_crazyDev/install/crazyflie_control/lib/python3.10/site-packages/crazyflie-control.egg-link (link to .)
Installing crazyflie_control script to /home/estacalab/Desktop/TCI_AERO/ws_crazyDev/install/crazyflie_control/lib/crazyflie_control
Installing mocap_node script to /home/estacalab/Desktop/TCI_AERO/ws_crazyDev/install/crazyflie_control/lib/crazyflie_control

Installed /home/estacalab/Desktop/TCI_AERO/ws_crazyDev/build/crazyflie_control
running symlink_data
creating /home/estacalab/Desktop/TCI_AERO/ws_crazyDev/install/crazyflie_control/share/ament_index
creating /home/estacalab/Desktop/TCI_AERO/ws_crazyDev/install/crazyflie_control/share/ament_index/resource_index
creating /home/estacalab/Desktop/TCI_AERO/ws_crazyDev/install/crazyflie_control/share/ament_index/resource_index/packages
symbolically linking /home/estacalab/Desktop/TCI_AERO/ws_crazyDev/build/crazyflie_control/resource/crazyflie_control -> /home/estacalab/Desktop/TCI_AERO/ws_crazyDev/install/crazyflie_control/share/ament_index/resource_index/packages
symbolically linking /home/estacalab/Desktop/TCI_AERO/ws_crazyDev/build/crazyflie_control/package.xml -> /home/estacalab/Desktop/TCI_AERO/ws_crazyDev/install/crazyflie_control/share/crazyflie_control
