/home/alexmin9/Desktop/TCI_AERO/ws_drones/install/fusion_CP_Consensus/lib/python3.12/site-packages/fusion_CP_Consensus/global_path_node2.py
/home/alexmin9/Desktop/TCI_AERO/ws_drones/install/fusion_CP_Consensus/lib/python3.12/site-packages/fusion_CP_Consensus/local_path_node3.py
/home/alexmin9/Desktop/TCI_AERO/ws_drones/install/fusion_CP_Consensus/lib/python3.12/site-packages/fusion_CP_Consensus/global_path_node4.py
/home/alexmin9/Desktop/TCI_AERO/ws_drones/install/fusion_CP_Consensus/lib/python3.12/site-packages/fusion_CP_Consensus/decision_node1.py
/home/alexmin9/Desktop/TCI_AERO/ws_drones/install/fusion_CP_Consensus/lib/python3.12/site-packages/fusion_CP_Consensus/decision_node3.py
/home/alexmin9/Desktop/TCI_AERO/ws_drones/install/fusion_CP_Consensus/lib/python3.12/site-packages/fusion_CP_Consensus/champs_pot_class.py
/home/alexmin9/Desktop/TCI_AERO/ws_drones/install/fusion_CP_Consensus/lib/python3.12/site-packages/fusion_CP_Consensus/fake_ot_node.py
/home/alexmin9/Desktop/TCI_AERO/ws_drones/install/fusion_CP_Consensus/lib/python3.12/site-packages/fusion_CP_Consensus/my_robot_driver_node4.py
/home/alexmin9/Desktop/TCI_AERO/ws_drones/install/fusion_CP_Consensus/lib/python3.12/site-packages/fusion_CP_Consensus/decision_node4.py
/home/alexmin9/Desktop/TCI_AERO/ws_drones/install/fusion_CP_Consensus/lib/python3.12/site-packages/fusion_CP_Consensus/global_path_node1.py
/home/alexmin9/Desktop/TCI_AERO/ws_drones/install/fusion_CP_Consensus/lib/python3.12/site-packages/fusion_CP_Consensus/local_path_node1.py
/home/alexmin9/Desktop/TCI_AERO/ws_drones/install/fusion_CP_Consensus/lib/python3.12/site-packages/fusion_CP_Consensus/my_robot_driver_node1.py
/home/alexmin9/Desktop/TCI_AERO/ws_drones/install/fusion_CP_Consensus/lib/python3.12/site-packages/fusion_CP_Consensus/local_path_node2.py
/home/alexmin9/Desktop/TCI_AERO/ws_drones/install/fusion_CP_Consensus/lib/python3.12/site-packages/fusion_CP_Consensus/my_robot_driver_node2.py
/home/alexmin9/Desktop/TCI_AERO/ws_drones/install/fusion_CP_Consensus/lib/python3.12/site-packages/fusion_CP_Consensus/pid_class.py
/home/alexmin9/Desktop/TCI_AERO/ws_drones/install/fusion_CP_Consensus/lib/python3.12/site-packages/fusion_CP_Consensus/global_path_node3.py
/home/alexmin9/Desktop/TCI_AERO/ws_drones/install/fusion_CP_Consensus/lib/python3.12/site-packages/fusion_CP_Consensus/pid_control_turtle_old.py
/home/alexmin9/Desktop/TCI_AERO/ws_drones/install/fusion_CP_Consensus/lib/python3.12/site-packages/fusion_CP_Consensus/pid_vel.py
/home/alexmin9/Desktop/TCI_AERO/ws_drones/install/fusion_CP_Consensus/lib/python3.12/site-packages/fusion_CP_Consensus/my_robot_driver_node3.py
/home/alexmin9/Desktop/TCI_AERO/ws_drones/install/fusion_CP_Consensus/lib/python3.12/site-packages/fusion_CP_Consensus/__init__.py
/home/alexmin9/Desktop/TCI_AERO/ws_drones/install/fusion_CP_Consensus/lib/python3.12/site-packages/fusion_CP_Consensus/local_path_node4.py
/home/alexmin9/Desktop/TCI_AERO/ws_drones/install/fusion_CP_Consensus/lib/python3.12/site-packages/fusion_CP_Consensus/decision_node2.py
/home/alexmin9/Desktop/TCI_AERO/ws_drones/install/fusion_CP_Consensus/lib/python3.12/site-packages/fusion_CP_Consensus/__pycache__/global_path_node2.cpython-312.pyc
/home/alexmin9/Desktop/TCI_AERO/ws_drones/install/fusion_CP_Consensus/lib/python3.12/site-packages/fusion_CP_Consensus/__pycache__/local_path_node3.cpython-312.pyc
/home/alexmin9/Desktop/TCI_AERO/ws_drones/install/fusion_CP_Consensus/lib/python3.12/site-packages/fusion_CP_Consensus/__pycache__/global_path_node4.cpython-312.pyc
/home/alexmin9/Desktop/TCI_AERO/ws_drones/install/fusion_CP_Consensus/lib/python3.12/site-packages/fusion_CP_Consensus/__pycache__/decision_node1.cpython-312.pyc
/home/alexmin9/Desktop/TCI_AERO/ws_drones/install/fusion_CP_Consensus/lib/python3.12/site-packages/fusion_CP_Consensus/__pycache__/decision_node3.cpython-312.pyc
/home/alexmin9/Desktop/TCI_AERO/ws_drones/install/fusion_CP_Consensus/lib/python3.12/site-packages/fusion_CP_Consensus/__pycache__/champs_pot_class.cpython-312.pyc
/home/alexmin9/Desktop/TCI_AERO/ws_drones/install/fusion_CP_Consensus/lib/python3.12/site-packages/fusion_CP_Consensus/__pycache__/fake_ot_node.cpython-312.pyc
/home/alexmin9/Desktop/TCI_AERO/ws_drones/install/fusion_CP_Consensus/lib/python3.12/site-packages/fusion_CP_Consensus/__pycache__/my_robot_driver_node4.cpython-312.pyc
/home/alexmin9/Desktop/TCI_AERO/ws_drones/install/fusion_CP_Consensus/lib/python3.12/site-packages/fusion_CP_Consensus/__pycache__/decision_node4.cpython-312.pyc
/home/alexmin9/Desktop/TCI_AERO/ws_drones/install/fusion_CP_Consensus/lib/python3.12/site-packages/fusion_CP_Consensus/__pycache__/global_path_node1.cpython-312.pyc
/home/alexmin9/Desktop/TCI_AERO/ws_drones/install/fusion_CP_Consensus/lib/python3.12/site-packages/fusion_CP_Consensus/__pycache__/local_path_node1.cpython-312.pyc
/home/alexmin9/Desktop/TCI_AERO/ws_drones/install/fusion_CP_Consensus/lib/python3.12/site-packages/fusion_CP_Consensus/__pycache__/my_robot_driver_node1.cpython-312.pyc
/home/alexmin9/Desktop/TCI_AERO/ws_drones/install/fusion_CP_Consensus/lib/python3.12/site-packages/fusion_CP_Consensus/__pycache__/local_path_node2.cpython-312.pyc
/home/alexmin9/Desktop/TCI_AERO/ws_drones/install/fusion_CP_Consensus/lib/python3.12/site-packages/fusion_CP_Consensus/__pycache__/my_robot_driver_node2.cpython-312.pyc
/home/alexmin9/Desktop/TCI_AERO/ws_drones/install/fusion_CP_Consensus/lib/python3.12/site-packages/fusion_CP_Consensus/__pycache__/pid_class.cpython-312.pyc
/home/alexmin9/Desktop/TCI_AERO/ws_drones/install/fusion_CP_Consensus/lib/python3.12/site-packages/fusion_CP_Consensus/__pycache__/global_path_node3.cpython-312.pyc
/home/alexmin9/Desktop/TCI_AERO/ws_drones/install/fusion_CP_Consensus/lib/python3.12/site-packages/fusion_CP_Consensus/__pycache__/pid_control_turtle_old.cpython-312.pyc
/home/alexmin9/Desktop/TCI_AERO/ws_drones/install/fusion_CP_Consensus/lib/python3.12/site-packages/fusion_CP_Consensus/__pycache__/pid_vel.cpython-312.pyc
/home/alexmin9/Desktop/TCI_AERO/ws_drones/install/fusion_CP_Consensus/lib/python3.12/site-packages/fusion_CP_Consensus/__pycache__/my_robot_driver_node3.cpython-312.pyc
/home/alexmin9/Desktop/TCI_AERO/ws_drones/install/fusion_CP_Consensus/lib/python3.12/site-packages/fusion_CP_Consensus/__pycache__/__init__.cpython-312.pyc
/home/alexmin9/Desktop/TCI_AERO/ws_drones/install/fusion_CP_Consensus/lib/python3.12/site-packages/fusion_CP_Consensus/__pycache__/local_path_node4.cpython-312.pyc
/home/alexmin9/Desktop/TCI_AERO/ws_drones/install/fusion_CP_Consensus/lib/python3.12/site-packages/fusion_CP_Consensus/__pycache__/decision_node2.cpython-312.pyc
/home/alexmin9/Desktop/TCI_AERO/ws_drones/install/fusion_CP_Consensus/share/ament_index/resource_index/packages/fusion_CP_Consensus
/home/alexmin9/Desktop/TCI_AERO/ws_drones/install/fusion_CP_Consensus/share/fusion_CP_Consensus/package.xml
/home/alexmin9/Desktop/TCI_AERO/ws_drones/install/fusion_CP_Consensus/share/fusion_CP_Consensus/launch/essaim_launch.yaml
/home/alexmin9/Desktop/TCI_AERO/ws_drones/install/fusion_CP_Consensus/lib/python3.12/site-packages/fusion_CP_Consensus-0.0.0-py3.12.egg-info/entry_points.txt
/home/alexmin9/Desktop/TCI_AERO/ws_drones/install/fusion_CP_Consensus/lib/python3.12/site-packages/fusion_CP_Consensus-0.0.0-py3.12.egg-info/zip-safe
/home/alexmin9/Desktop/TCI_AERO/ws_drones/install/fusion_CP_Consensus/lib/python3.12/site-packages/fusion_CP_Consensus-0.0.0-py3.12.egg-info/requires.txt
/home/alexmin9/Desktop/TCI_AERO/ws_drones/install/fusion_CP_Consensus/lib/python3.12/site-packages/fusion_CP_Consensus-0.0.0-py3.12.egg-info/top_level.txt
/home/alexmin9/Desktop/TCI_AERO/ws_drones/install/fusion_CP_Consensus/lib/python3.12/site-packages/fusion_CP_Consensus-0.0.0-py3.12.egg-info/dependency_links.txt
/home/alexmin9/Desktop/TCI_AERO/ws_drones/install/fusion_CP_Consensus/lib/python3.12/site-packages/fusion_CP_Consensus-0.0.0-py3.12.egg-info/PKG-INFO
/home/alexmin9/Desktop/TCI_AERO/ws_drones/install/fusion_CP_Consensus/lib/python3.12/site-packages/fusion_CP_Consensus-0.0.0-py3.12.egg-info/SOURCES.txt
/home/alexmin9/Desktop/TCI_AERO/ws_drones/install/fusion_CP_Consensus/lib/fusion_CP_Consensus/decision_node1
/home/alexmin9/Desktop/TCI_AERO/ws_drones/install/fusion_CP_Consensus/lib/fusion_CP_Consensus/decision_node2
/home/alexmin9/Desktop/TCI_AERO/ws_drones/install/fusion_CP_Consensus/lib/fusion_CP_Consensus/decision_node3
/home/alexmin9/Desktop/TCI_AERO/ws_drones/install/fusion_CP_Consensus/lib/fusion_CP_Consensus/decision_node4
/home/alexmin9/Desktop/TCI_AERO/ws_drones/install/fusion_CP_Consensus/lib/fusion_CP_Consensus/fake_ot_node
/home/alexmin9/Desktop/TCI_AERO/ws_drones/install/fusion_CP_Consensus/lib/fusion_CP_Consensus/global_path_node1
/home/alexmin9/Desktop/TCI_AERO/ws_drones/install/fusion_CP_Consensus/lib/fusion_CP_Consensus/global_path_node2
/home/alexmin9/Desktop/TCI_AERO/ws_drones/install/fusion_CP_Consensus/lib/fusion_CP_Consensus/global_path_node3
/home/alexmin9/Desktop/TCI_AERO/ws_drones/install/fusion_CP_Consensus/lib/fusion_CP_Consensus/global_path_node4
/home/alexmin9/Desktop/TCI_AERO/ws_drones/install/fusion_CP_Consensus/lib/fusion_CP_Consensus/local_path_node1
/home/alexmin9/Desktop/TCI_AERO/ws_drones/install/fusion_CP_Consensus/lib/fusion_CP_Consensus/local_path_node2
/home/alexmin9/Desktop/TCI_AERO/ws_drones/install/fusion_CP_Consensus/lib/fusion_CP_Consensus/local_path_node3
/home/alexmin9/Desktop/TCI_AERO/ws_drones/install/fusion_CP_Consensus/lib/fusion_CP_Consensus/local_path_node4
/home/alexmin9/Desktop/TCI_AERO/ws_drones/install/fusion_CP_Consensus/lib/fusion_CP_Consensus/my_robot_driver_node1
/home/alexmin9/Desktop/TCI_AERO/ws_drones/install/fusion_CP_Consensus/lib/fusion_CP_Consensus/my_robot_driver_node2
/home/alexmin9/Desktop/TCI_AERO/ws_drones/install/fusion_CP_Consensus/lib/fusion_CP_Consensus/my_robot_driver_node3
/home/alexmin9/Desktop/TCI_AERO/ws_drones/install/fusion_CP_Consensus/lib/fusion_CP_Consensus/my_robot_driver_node4
