running egg_info
writing ../../build/tortues/tortues.egg-info/PKG-INFO
writing dependency_links to ../../build/tortues/tortues.egg-info/dependency_links.txt
writing entry points to ../../build/tortues/tortues.egg-info/entry_points.txt
writing requirements to ../../build/tortues/tortues.egg-info/requires.txt
writing top-level names to ../../build/tortues/tortues.egg-info/top_level.txt
reading manifest file '../../build/tortues/tortues.egg-info/SOURCES.txt'
writing manifest file '../../build/tortues/tortues.egg-info/SOURCES.txt'
running build
running build_py
running install
running install_lib
running install_data
running install_egg_info
removing '/home/alexmin9/Desktop/TCI_AERO/ws_drones/install/tortues/lib/python3.12/site-packages/tortues-0.0.0-py3.12.egg-info' (and everything under it)
Copying ../../build/tortues/tortues.egg-info to /home/alexmin9/Desktop/TCI_AERO/ws_drones/install/tortues/lib/python3.12/site-packages/tortues-0.0.0-py3.12.egg-info
running install_scripts
Installing Turtle1_Node script to /home/alexmin9/Desktop/TCI_AERO/ws_drones/install/tortues/lib/tortues
Installing Turtle2_Node script to /home/alexmin9/Desktop/TCI_AERO/ws_drones/install/tortues/lib/tortues
Installing Turtle3_Node script to /home/alexmin9/Desktop/TCI_AERO/ws_drones/install/tortues/lib/tortues
Installing Turtle4_Node script to /home/alexmin9/Desktop/TCI_AERO/ws_drones/install/tortues/lib/tortues
Installing observer script to /home/alexmin9/Desktop/TCI_AERO/ws_drones/install/tortues/lib/tortues
Installing spawn script to /home/alexmin9/Desktop/TCI_AERO/ws_drones/install/tortues/lib/tortues
writing list of installed files to '/home/alexmin9/Desktop/TCI_AERO/ws_drones/build/tortues/install.log'
