[0.734s] Invoking command in '/home/alexmin9/Desktop/TCI_AERO/ws_drones/src/pid_control': DEBUGINFOD_URLS=https://debuginfod.ubuntu.com PYTHONPATH=/home/alexmin9/Desktop/TCI_AERO/ws_drones/build/pid_control/prefix_override:/usr/lib/python3/dist-packages/colcon_core/task/python/colcon_distutils_commands:/home/alexmin9/Desktop/TCI_AERO/ws_drones/install/pid_control/lib/python3.12/site-packages:${PYTHONPATH} /usr/bin/python3 -W ignore:setup.py install is deprecated -W ignore:easy_install command is deprecated setup.py egg_info --egg-base ../../build/pid_control build --build-base /home/alexmin9/Desktop/TCI_AERO/ws_drones/build/pid_control/build install --record /home/alexmin9/Desktop/TCI_AERO/ws_drones/build/pid_control/install.log --single-version-externally-managed install_data
[0.884s] running egg_info
[0.894s] writing ../../build/pid_control/pid_control.egg-info/PKG-INFO
[0.894s] writing dependency_links to ../../build/pid_control/pid_control.egg-info/dependency_links.txt
[0.894s] writing entry points to ../../build/pid_control/pid_control.egg-info/entry_points.txt
[0.895s] writing requirements to ../../build/pid_control/pid_control.egg-info/requires.txt
[0.895s] writing top-level names to ../../build/pid_control/pid_control.egg-info/top_level.txt
[0.915s] reading manifest file '../../build/pid_control/pid_control.egg-info/SOURCES.txt'
[0.916s] writing manifest file '../../build/pid_control/pid_control.egg-info/SOURCES.txt'
[0.916s] running build
[0.916s] running build_py
[0.916s] running install
[0.920s] running install_lib
[0.931s] running install_data
[0.932s] running install_egg_info
[0.943s] removing '/home/alexmin9/Desktop/TCI_AERO/ws_drones/install/pid_control/lib/python3.12/site-packages/pid_control-0.0.0-py3.12.egg-info' (and everything under it)
[0.943s] Copying ../../build/pid_control/pid_control.egg-info to /home/alexmin9/Desktop/TCI_AERO/ws_drones/install/pid_control/lib/python3.12/site-packages/pid_control-0.0.0-py3.12.egg-info
[0.944s] running install_scripts
[1.020s] Installing global_path_node script to /home/alexmin9/Desktop/TCI_AERO/ws_drones/install/pid_control/lib/pid_control
[1.021s] Installing local_path_node script to /home/alexmin9/Desktop/TCI_AERO/ws_drones/install/pid_control/lib/pid_control
[1.021s] Installing pid_control_node_example script to /home/alexmin9/Desktop/TCI_AERO/ws_drones/install/pid_control/lib/pid_control
[1.021s] writing list of installed files to '/home/alexmin9/Desktop/TCI_AERO/ws_drones/build/pid_control/install.log'
[1.041s] Invoked command in '/home/alexmin9/Desktop/TCI_AERO/ws_drones/src/pid_control' returned '0': DEBUGINFOD_URLS=https://debuginfod.ubuntu.com PYTHONPATH=/home/alexmin9/Desktop/TCI_AERO/ws_drones/build/pid_control/prefix_override:/usr/lib/python3/dist-packages/colcon_core/task/python/colcon_distutils_commands:/home/alexmin9/Desktop/TCI_AERO/ws_drones/install/pid_control/lib/python3.12/site-packages:${PYTHONPATH} /usr/bin/python3 -W ignore:setup.py install is deprecated -W ignore:easy_install command is deprecated setup.py egg_info --egg-base ../../build/pid_control build --build-base /home/alexmin9/Desktop/TCI_AERO/ws_drones/build/pid_control/build install --record /home/alexmin9/Desktop/TCI_AERO/ws_drones/build/pid_control/install.log --single-version-externally-managed install_data
