[0.465s] Invoking command in '/home/alexmin9/Desktop/TCI_AERO/ws_drones/src/fusion_CP_Consensus': DEBUGINFOD_URLS=https://debuginfod.ubuntu.com PYTHONPATH=/home/alexmin9/Desktop/TCI_AERO/ws_drones/build/fusion_CP_Consensus/prefix_override:/usr/lib/python3/dist-packages/colcon_core/task/python/colcon_distutils_commands:/home/alexmin9/Desktop/TCI_AERO/ws_drones/install/fusion_CP_Consensus/lib/python3.12/site-packages:/home/alexmin9/Desktop/TCI_AERO/ws_drones/install/my_custom_interfaces/lib/python3.12/site-packages:/home/alexmin9/Desktop/TCI_AERO/ws_drones/install/crazyflie/lib/python3.12/site-packages:/opt/ros/kilted/lib/python3.12/site-packages:/opt/ros/kilted/lib/python3.12/site-packages:/home/alexmin9/Desktop/TCI_AERO/ws_drones/install/tortues/lib/python3.12/site-packages:/home/alexmin9/Desktop/TCI_AERO/ws_drones/install/pid_control/lib/python3.12/site-packages:/home/alexmin9/Desktop/TCI_AERO/ws_drones/install/fusion_CP_Consensus/lib/python3.12/site-packages:/home/alexmin9/Desktop/TCI_AERO/ws_simu/install/webots_ros2/lib/python3.12/site-packages:/home/alexmin9/Desktop/TCI_AERO/ws_simu/install/webots_ros2_universal_robot/lib/python3.12/site-packages:/home/alexmin9/Desktop/TCI_AERO/ws_simu/install/webots_ros2_turtlebot/lib/python3.12/site-packages:/home/alexmin9/Desktop/TCI_AERO/ws_simu/install/webots_ros2_tiago/lib/python3.12/site-packages:/home/alexmin9/Desktop/TCI_AERO/ws_simu/install/webots_ros2_tests/lib/python3.12/site-packages:/home/alexmin9/Desktop/TCI_AERO/ws_simu/install/webots_ros2_tesla/lib/python3.12/site-packages:/home/alexmin9/Desktop/TCI_AERO/ws_simu/install/webots_ros2_mavic/lib/python3.12/site-packages:/home/alexmin9/Desktop/TCI_AERO/ws_simu/install/webots_ros2_husarion/lib/python3.12/site-packages:/home/alexmin9/Desktop/TCI_AERO/ws_simu/install/webots_ros2_epuck/lib/python3.12/site-packages:/home/alexmin9/Desktop/TCI_AERO/ws_simu/install/webots_ros2_crazyflie/lib/python3.12/site-packages:/home/alexmin9/Desktop/TCI_AERO/ws_simu/install/webots_ros2_driver/lib/python3.12/site-packages:/home/alexmin9/Desktop/TCI_AERO/ws_simu/install/webots_ros2_msgs/lib/python3.12/site-packages:/home/alexmin9/Desktop/TCI_AERO/ws_simu/install/webots_ros2_importer/lib/python3.12/site-packages:/home/alexmin9/Desktop/TCI_AERO/ws_simu/install/tortues/lib/python3.12/site-packages:/home/alexmin9/Desktop/TCI_AERO/ws_simu/install/swarm_package/lib/python3.12/site-packages:/home/alexmin9/Desktop/TCI_AERO/ws_simu/install/my_package/lib/python3.12/site-packages:/opt/ros/kilted/lib/python3.12/site-packages /usr/bin/python3 -W ignore:setup.py install is deprecated -W ignore:easy_install command is deprecated setup.py egg_info --egg-base ../../build/fusion_CP_Consensus build --build-base /home/alexmin9/Desktop/TCI_AERO/ws_drones/build/fusion_CP_Consensus/build install --record /home/alexmin9/Desktop/TCI_AERO/ws_drones/build/fusion_CP_Consensus/install.log --single-version-externally-managed install_data
[0.620s] running egg_info
[0.630s] writing ../../build/fusion_CP_Consensus/fusion_CP_Consensus.egg-info/PKG-INFO
[0.630s] writing dependency_links to ../../build/fusion_CP_Consensus/fusion_CP_Consensus.egg-info/dependency_links.txt
[0.630s] writing entry points to ../../build/fusion_CP_Consensus/fusion_CP_Consensus.egg-info/entry_points.txt
[0.631s] writing requirements to ../../build/fusion_CP_Consensus/fusion_CP_Consensus.egg-info/requires.txt
[0.631s] writing top-level names to ../../build/fusion_CP_Consensus/fusion_CP_Consensus.egg-info/top_level.txt
[0.652s] reading manifest file '../../build/fusion_CP_Consensus/fusion_CP_Consensus.egg-info/SOURCES.txt'
[0.652s] writing manifest file '../../build/fusion_CP_Consensus/fusion_CP_Consensus.egg-info/SOURCES.txt'
[0.652s] running build
[0.653s] running build_py
[0.653s] running install
[0.656s] running install_lib
[0.668s] running install_data
[0.668s] running install_egg_info
[0.679s] removing '/home/alexmin9/Desktop/TCI_AERO/ws_drones/install/fusion_CP_Consensus/lib/python3.12/site-packages/fusion_CP_Consensus-0.0.0-py3.12.egg-info' (and everything under it)
[0.679s] Copying ../../build/fusion_CP_Consensus/fusion_CP_Consensus.egg-info to /home/alexmin9/Desktop/TCI_AERO/ws_drones/install/fusion_CP_Consensus/lib/python3.12/site-packages/fusion_CP_Consensus-0.0.0-py3.12.egg-info
[0.679s] running install_scripts
[0.755s] Installing decision_node1 script to /home/alexmin9/Desktop/TCI_AERO/ws_drones/install/fusion_CP_Consensus/lib/fusion_CP_Consensus
[0.755s] Installing decision_node2 script to /home/alexmin9/Desktop/TCI_AERO/ws_drones/install/fusion_CP_Consensus/lib/fusion_CP_Consensus
[0.755s] Installing decision_node3 script to /home/alexmin9/Desktop/TCI_AERO/ws_drones/install/fusion_CP_Consensus/lib/fusion_CP_Consensus
[0.755s] Installing decision_node4 script to /home/alexmin9/Desktop/TCI_AERO/ws_drones/install/fusion_CP_Consensus/lib/fusion_CP_Consensus
[0.755s] Installing fake_ot_node script to /home/alexmin9/Desktop/TCI_AERO/ws_drones/install/fusion_CP_Consensus/lib/fusion_CP_Consensus
[0.755s] Installing global_path_node1 script to /home/alexmin9/Desktop/TCI_AERO/ws_drones/install/fusion_CP_Consensus/lib/fusion_CP_Consensus
[0.756s] Installing global_path_node2 script to /home/alexmin9/Desktop/TCI_AERO/ws_drones/install/fusion_CP_Consensus/lib/fusion_CP_Consensus
[0.756s] Installing global_path_node3 script to /home/alexmin9/Desktop/TCI_AERO/ws_drones/install/fusion_CP_Consensus/lib/fusion_CP_Consensus
[0.756s] Installing global_path_node4 script to /home/alexmin9/Desktop/TCI_AERO/ws_drones/install/fusion_CP_Consensus/lib/fusion_CP_Consensus
[0.756s] Installing local_path_node1 script to /home/alexmin9/Desktop/TCI_AERO/ws_drones/install/fusion_CP_Consensus/lib/fusion_CP_Consensus
[0.756s] Installing local_path_node2 script to /home/alexmin9/Desktop/TCI_AERO/ws_drones/install/fusion_CP_Consensus/lib/fusion_CP_Consensus
[0.756s] Installing local_path_node3 script to /home/alexmin9/Desktop/TCI_AERO/ws_drones/install/fusion_CP_Consensus/lib/fusion_CP_Consensus
[0.756s] Installing local_path_node4 script to /home/alexmin9/Desktop/TCI_AERO/ws_drones/install/fusion_CP_Consensus/lib/fusion_CP_Consensus
[0.756s] Installing my_robot_driver_node1 script to /home/alexmin9/Desktop/TCI_AERO/ws_drones/install/fusion_CP_Consensus/lib/fusion_CP_Consensus
[0.756s] Installing my_robot_driver_node2 script to /home/alexmin9/Desktop/TCI_AERO/ws_drones/install/fusion_CP_Consensus/lib/fusion_CP_Consensus
[0.756s] Installing my_robot_driver_node3 script to /home/alexmin9/Desktop/TCI_AERO/ws_drones/install/fusion_CP_Consensus/lib/fusion_CP_Consensus
[0.757s] Installing my_robot_driver_node4 script to /home/alexmin9/Desktop/TCI_AERO/ws_drones/install/fusion_CP_Consensus/lib/fusion_CP_Consensus
[0.757s] writing list of installed files to '/home/alexmin9/Desktop/TCI_AERO/ws_drones/build/fusion_CP_Consensus/install.log'
[0.774s] Invoked command in '/home/alexmin9/Desktop/TCI_AERO/ws_drones/src/fusion_CP_Consensus' returned '0': DEBUGINFOD_URLS=https://debuginfod.ubuntu.com PYTHONPATH=/home/alexmin9/Desktop/TCI_AERO/ws_drones/build/fusion_CP_Consensus/prefix_override:/usr/lib/python3/dist-packages/colcon_core/task/python/colcon_distutils_commands:/home/alexmin9/Desktop/TCI_AERO/ws_drones/install/fusion_CP_Consensus/lib/python3.12/site-packages:/home/alexmin9/Desktop/TCI_AERO/ws_drones/install/my_custom_interfaces/lib/python3.12/site-packages:/home/alexmin9/Desktop/TCI_AERO/ws_drones/install/crazyflie/lib/python3.12/site-packages:/opt/ros/kilted/lib/python3.12/site-packages:/opt/ros/kilted/lib/python3.12/site-packages:/home/alexmin9/Desktop/TCI_AERO/ws_drones/install/tortues/lib/python3.12/site-packages:/home/alexmin9/Desktop/TCI_AERO/ws_drones/install/pid_control/lib/python3.12/site-packages:/home/alexmin9/Desktop/TCI_AERO/ws_drones/install/fusion_CP_Consensus/lib/python3.12/site-packages:/home/alexmin9/Desktop/TCI_AERO/ws_simu/install/webots_ros2/lib/python3.12/site-packages:/home/alexmin9/Desktop/TCI_AERO/ws_simu/install/webots_ros2_universal_robot/lib/python3.12/site-packages:/home/alexmin9/Desktop/TCI_AERO/ws_simu/install/webots_ros2_turtlebot/lib/python3.12/site-packages:/home/alexmin9/Desktop/TCI_AERO/ws_simu/install/webots_ros2_tiago/lib/python3.12/site-packages:/home/alexmin9/Desktop/TCI_AERO/ws_simu/install/webots_ros2_tests/lib/python3.12/site-packages:/home/alexmin9/Desktop/TCI_AERO/ws_simu/install/webots_ros2_tesla/lib/python3.12/site-packages:/home/alexmin9/Desktop/TCI_AERO/ws_simu/install/webots_ros2_mavic/lib/python3.12/site-packages:/home/alexmin9/Desktop/TCI_AERO/ws_simu/install/webots_ros2_husarion/lib/python3.12/site-packages:/home/alexmin9/Desktop/TCI_AERO/ws_simu/install/webots_ros2_epuck/lib/python3.12/site-packages:/home/alexmin9/Desktop/TCI_AERO/ws_simu/install/webots_ros2_crazyflie/lib/python3.12/site-packages:/home/alexmin9/Desktop/TCI_AERO/ws_simu/install/webots_ros2_driver/lib/python3.12/site-packages:/home/alexmin9/Desktop/TCI_AERO/ws_simu/install/webots_ros2_msgs/lib/python3.12/site-packages:/home/alexmin9/Desktop/TCI_AERO/ws_simu/install/webots_ros2_importer/lib/python3.12/site-packages:/home/alexmin9/Desktop/TCI_AERO/ws_simu/install/tortues/lib/python3.12/site-packages:/home/alexmin9/Desktop/TCI_AERO/ws_simu/install/swarm_package/lib/python3.12/site-packages:/home/alexmin9/Desktop/TCI_AERO/ws_simu/install/my_package/lib/python3.12/site-packages:/opt/ros/kilted/lib/python3.12/site-packages /usr/bin/python3 -W ignore:setup.py install is deprecated -W ignore:easy_install command is deprecated setup.py egg_info --egg-base ../../build/fusion_CP_Consensus build --build-base /home/alexmin9/Desktop/TCI_AERO/ws_drones/build/fusion_CP_Consensus/build install --record /home/alexmin9/Desktop/TCI_AERO/ws_drones/build/fusion_CP_Consensus/install.log --single-version-externally-managed install_data
