-- The C compiler identification is GNU 13.3.0
-- The CXX compiler identification is GNU 13.3.0
-- Detecting C compiler ABI info
-- Detecting C compiler ABI info - done
-- Check for working C compiler: /usr/bin/cc - skipped
-- Detecting C compile features
-- Detecting C compile features - done
-- Detecting CXX compiler ABI info
-- Detecting CXX compiler ABI info - done
-- Check for working CXX compiler: /usr/bin/c++ - skipped
-- Detecting CXX compile features
-- Detecting CXX compile features - done
-- Found ament_cmake: 2.7.3 (/opt/ros/kilted/share/ament_cmake/cmake)
-- Found Python3: /usr/bin/python3 (found version "3.12.3") found components: Interpreter 
-- Found rosidl_default_generators: 1.7.1 (/opt/ros/kilted/share/rosidl_default_generators/cmake)
-- Using all available rosidl_typesupport_c: rosidl_typesupport_fastrtps_c;rosidl_typesupport_introspection_c
-- Using all available rosidl_typesupport_cpp: rosidl_typesupport_fastrtps_cpp;rosidl_typesupport_introspection_cpp
-- Found rosidl_adapter: 4.9.5 (/opt/ros/kilted/share/rosidl_adapter/cmake)
-- Found geometry_msgs: 5.5.1 (/opt/ros/kilted/share/geometry_msgs/cmake)
-- Found ament_cmake_ros_core: 0.14.3 (/opt/ros/kilted/share/ament_cmake_ros_core/cmake)
-- Using all available rosidl_typesupport_c: rosidl_typesupport_fastrtps_c;rosidl_typesupport_introspection_c
-- Using all available rosidl_typesupport_cpp: rosidl_typesupport_fastrtps_cpp;rosidl_typesupport_introspection_cpp
-- Found Python3: /usr/bin/python3 (found version "3.12.3") found components: Interpreter Development NumPy Development.Module Development.Embed 
-- Found ament_lint_auto: 0.19.2 (/opt/ros/kilted/share/ament_lint_auto/cmake)
-- Added test 'lint_cmake' to check CMake code style
-- Added test 'xmllint' to check XML markup files
-- Configuring done (2.2s)
-- Generating done (0.0s)
-- Build files have been written to: /home/alexmin9/Desktop/TCI_AERO/ws_drones/build/my_custom_interfaces
[  2%] [34m[1mGenerating type hashes for ROS interfaces[0m
[  2%] Built target ament_cmake_python_copy_my_custom_interfaces
[  2%] Built target my_custom_interfaces__rosidl_generator_type_description
[  4%] [34m[1mGenerating C code for ROS interfaces[0m
running egg_info
creating my_custom_interfaces.egg-info
[  6%] [34m[1mGenerating C++ code for ROS interfaces[0m
writing my_custom_interfaces.egg-info/PKG-INFO
writing dependency_links to my_custom_interfaces.egg-info/dependency_links.txt
writing top-level names to my_custom_interfaces.egg-info/top_level.txt
writing manifest file 'my_custom_interfaces.egg-info/SOURCES.txt'
reading manifest file 'my_custom_interfaces.egg-info/SOURCES.txt'
writing manifest file 'my_custom_interfaces.egg-info/SOURCES.txt'
[  6%] Built target ament_cmake_python_build_my_custom_interfaces_egg
[  6%] Built target my_custom_interfaces__cpp
[  9%] [32mBuilding C object CMakeFiles/my_custom_interfaces__rosidl_generator_c.dir/rosidl_generator_c/my_custom_interfaces/msg/detail/pos_obstacles__description.c.o[0m
[ 18%] [32mBuilding C object CMakeFiles/my_custom_interfaces__rosidl_generator_c.dir/rosidl_generator_c/my_custom_interfaces/srv/detail/position3_d__functions.c.o[0m
[ 18%] [32mBuilding C object CMakeFiles/my_custom_interfaces__rosidl_generator_c.dir/rosidl_generator_c/my_custom_interfaces/msg/detail/pos_obstacles__functions.c.o[0m
[ 18%] [32mBuilding C object CMakeFiles/my_custom_interfaces__rosidl_generator_c.dir/rosidl_generator_c/my_custom_interfaces/srv/detail/position3_d__description.c.o[0m
[ 18%] [32mBuilding C object CMakeFiles/my_custom_interfaces__rosidl_generator_c.dir/rosidl_generator_c/my_custom_interfaces/srv/detail/position3_d__type_support.c.o[0m
[ 20%] [32mBuilding C object CMakeFiles/my_custom_interfaces__rosidl_generator_c.dir/rosidl_generator_c/my_custom_interfaces/msg/detail/pos_obstacles__type_support.c.o[0m
[ 22%] [32m[1mLinking C shared library libmy_custom_interfaces__rosidl_generator_c.so[0m
[ 22%] Built target my_custom_interfaces__rosidl_generator_c
[ 27%] [34m[1mGenerating C++ type support dispatch for ROS interfaces[0m
[ 27%] [34m[1mGenerating C type support for eProsima Fast-RTPS[0m
[ 31%] [34m[1mGenerating C introspection for ROS interfaces[0m
[ 31%] [34m[1mGenerating C++ type support for eProsima Fast-RTPS[0m
[ 36%] [34m[1mGenerating C type support dispatch for ROS interfaces[0m
[ 36%] [34m[1mGenerating C++ introspection for ROS interfaces[0m
[ 38%] [32mBuilding CXX object CMakeFiles/my_custom_interfaces__rosidl_typesupport_c.dir/rosidl_typesupport_c/my_custom_interfaces/srv/position3_d__type_support.cpp.o[0m
[ 40%] [32mBuilding CXX object CMakeFiles/my_custom_interfaces__rosidl_typesupport_c.dir/rosidl_typesupport_c/my_custom_interfaces/msg/pos_obstacles__type_support.cpp.o[0m
[ 43%] [32mBuilding CXX object CMakeFiles/my_custom_interfaces__rosidl_typesupport_cpp.dir/rosidl_typesupport_cpp/my_custom_interfaces/srv/position3_d__type_support.cpp.o[0m
[ 45%] [32mBuilding CXX object CMakeFiles/my_custom_interfaces__rosidl_typesupport_cpp.dir/rosidl_typesupport_cpp/my_custom_interfaces/msg/pos_obstacles__type_support.cpp.o[0m
[ 47%] [32mBuilding CXX object CMakeFiles/my_custom_interfaces__rosidl_typesupport_introspection_cpp.dir/rosidl_typesupport_introspection_cpp/my_custom_interfaces/srv/detail/position3_d__type_support.cpp.o[0m
[ 50%] [32mBuilding CXX object CMakeFiles/my_custom_interfaces__rosidl_typesupport_introspection_cpp.dir/rosidl_typesupport_introspection_cpp/my_custom_interfaces/msg/detail/pos_obstacles__type_support.cpp.o[0m
[ 52%] [32mBuilding C object CMakeFiles/my_custom_interfaces__rosidl_typesupport_introspection_c.dir/rosidl_typesupport_introspection_c/my_custom_interfaces/msg/detail/pos_obstacles__type_support.c.o[0m
[ 54%] [32mBuilding C object CMakeFiles/my_custom_interfaces__rosidl_typesupport_introspection_c.dir/rosidl_typesupport_introspection_c/my_custom_interfaces/srv/detail/position3_d__type_support.c.o[0m
[ 56%] [32m[1mLinking CXX shared library libmy_custom_interfaces__rosidl_typesupport_c.so[0m
[ 61%] [32mBuilding CXX object CMakeFiles/my_custom_interfaces__rosidl_typesupport_fastrtps_cpp.dir/rosidl_typesupport_fastrtps_cpp/my_custom_interfaces/msg/detail/dds_fastrtps/pos_obstacles__type_support.cpp.o[0m
[ 61%] [32mBuilding CXX object CMakeFiles/my_custom_interfaces__rosidl_typesupport_fastrtps_cpp.dir/rosidl_typesupport_fastrtps_cpp/my_custom_interfaces/srv/detail/dds_fastrtps/position3_d__type_support.cpp.o[0m
[ 65%] [32mBuilding CXX object CMakeFiles/my_custom_interfaces__rosidl_typesupport_fastrtps_c.dir/rosidl_typesupport_fastrtps_c/my_custom_interfaces/srv/detail/position3_d__type_support_c.cpp.o[0m
[ 65%] [32mBuilding CXX object CMakeFiles/my_custom_interfaces__rosidl_typesupport_fastrtps_c.dir/rosidl_typesupport_fastrtps_c/my_custom_interfaces/msg/detail/pos_obstacles__type_support_c.cpp.o[0m
[ 68%] [32m[1mLinking C shared library libmy_custom_interfaces__rosidl_typesupport_introspection_c.so[0m
[ 68%] Built target my_custom_interfaces__rosidl_typesupport_c
[ 68%] Built target my_custom_interfaces__rosidl_typesupport_introspection_c
[ 70%] [32m[1mLinking CXX shared library libmy_custom_interfaces__rosidl_typesupport_cpp.so[0m
[ 72%] [32m[1mLinking CXX shared library libmy_custom_interfaces__rosidl_typesupport_introspection_cpp.so[0m
[ 72%] Built target my_custom_interfaces__rosidl_typesupport_cpp
[ 72%] Built target my_custom_interfaces__rosidl_typesupport_introspection_cpp
[ 75%] [32m[1mLinking CXX shared library libmy_custom_interfaces__rosidl_typesupport_fastrtps_c.so[0m
[ 75%] Built target my_custom_interfaces__rosidl_typesupport_fastrtps_c
[ 77%] [32m[1mLinking CXX shared library libmy_custom_interfaces__rosidl_typesupport_fastrtps_cpp.so[0m
[ 77%] Built target my_custom_interfaces__rosidl_typesupport_fastrtps_cpp
[ 77%] Built target my_custom_interfaces
[ 79%] [34m[1mGenerating Python code for ROS interfaces[0m
[ 79%] Built target my_custom_interfaces__py
[ 84%] [32mBuilding C object CMakeFiles/my_custom_interfaces__rosidl_generator_py.dir/rosidl_generator_py/my_custom_interfaces/srv/_position3_d_s.c.o[0m
[ 84%] [32mBuilding C object CMakeFiles/my_custom_interfaces__rosidl_generator_py.dir/rosidl_generator_py/my_custom_interfaces/msg/_pos_obstacles_s.c.o[0m
[ 86%] [32m[1mLinking C shared library libmy_custom_interfaces__rosidl_generator_py.so[0m
[ 86%] Built target my_custom_interfaces__rosidl_generator_py
[ 90%] [32mBuilding C object CMakeFiles/my_custom_interfaces_s__rosidl_typesupport_c.dir/rosidl_generator_py/my_custom_interfaces/_my_custom_interfaces_s.ep.rosidl_typesupport_c.c.o[0m
[ 90%] [32mBuilding C object CMakeFiles/my_custom_interfaces_s__rosidl_typesupport_fastrtps_c.dir/rosidl_generator_py/my_custom_interfaces/_my_custom_interfaces_s.ep.rosidl_typesupport_fastrtps_c.c.o[0m
[ 93%] [32mBuilding C object CMakeFiles/my_custom_interfaces_s__rosidl_typesupport_introspection_c.dir/rosidl_generator_py/my_custom_interfaces/_my_custom_interfaces_s.ep.rosidl_typesupport_introspection_c.c.o[0m
[ 97%] [32m[1mLinking C shared module rosidl_generator_py/my_custom_interfaces/my_custom_interfaces_s__rosidl_typesupport_c.so[0m
[ 97%] [32m[1mLinking C shared module rosidl_generator_py/my_custom_interfaces/my_custom_interfaces_s__rosidl_typesupport_introspection_c.so[0m
[100%] [32m[1mLinking C shared module rosidl_generator_py/my_custom_interfaces/my_custom_interfaces_s__rosidl_typesupport_fastrtps_c.so[0m
[100%] Built target my_custom_interfaces_s__rosidl_typesupport_c
[100%] Built target my_custom_interfaces_s__rosidl_typesupport_introspection_c
[100%] Built target my_custom_interfaces_s__rosidl_typesupport_fastrtps_c
-- Install configuration: ""
-- Installing: /home/alexmin9/Desktop/TCI_AERO/ws_drones/install/my_custom_interfaces/share/ament_index/resource_index/rosidl_interfaces/my_custom_interfaces
-- Installing: /home/alexmin9/Desktop/TCI_AERO/ws_drones/install/my_custom_interfaces/share/my_custom_interfaces/srv/Position3D.json
-- Installing: /home/alexmin9/Desktop/TCI_AERO/ws_drones/install/my_custom_interfaces/share/my_custom_interfaces/msg/PosObstacles.json
-- Installing: /home/alexmin9/Desktop/TCI_AERO/ws_drones/install/my_custom_interfaces/include/my_custom_interfaces/my_custom_interfaces
-- Installing: /home/alexmin9/Desktop/TCI_AERO/ws_drones/install/my_custom_interfaces/include/my_custom_interfaces/my_custom_interfaces/msg
-- Installing: /home/alexmin9/Desktop/TCI_AERO/ws_drones/install/my_custom_interfaces/include/my_custom_interfaces/my_custom_interfaces/msg/pos_obstacles.h
-- Installing: /home/alexmin9/Desktop/TCI_AERO/ws_drones/install/my_custom_interfaces/include/my_custom_interfaces/my_custom_interfaces/msg/rosidl_generator_c__visibility_control.h
-- Installing: /home/alexmin9/Desktop/TCI_AERO/ws_drones/install/my_custom_interfaces/include/my_custom_interfaces/my_custom_interfaces/msg/detail
-- Installing: /home/alexmin9/Desktop/TCI_AERO/ws_drones/install/my_custom_interfaces/include/my_custom_interfaces/my_custom_interfaces/msg/detail/pos_obstacles__type_support.c
-- Installing: /home/alexmin9/Desktop/TCI_AERO/ws_drones/install/my_custom_interfaces/include/my_custom_interfaces/my_custom_interfaces/msg/detail/pos_obstacles__type_support.h
-- Installing: /home/alexmin9/Desktop/TCI_AERO/ws_drones/install/my_custom_interfaces/include/my_custom_interfaces/my_custom_interfaces/msg/detail/pos_obstacles__description.c
-- Installing: /home/alexmin9/Desktop/TCI_AERO/ws_drones/install/my_custom_interfaces/include/my_custom_interfaces/my_custom_interfaces/msg/detail/pos_obstacles__functions.h
-- Installing: /home/alexmin9/Desktop/TCI_AERO/ws_drones/install/my_custom_interfaces/include/my_custom_interfaces/my_custom_interfaces/msg/detail/pos_obstacles__functions.c
-- Installing: /home/alexmin9/Desktop/TCI_AERO/ws_drones/install/my_custom_interfaces/include/my_custom_interfaces/my_custom_interfaces/msg/detail/pos_obstacles__struct.h
-- Installing: /home/alexmin9/Desktop/TCI_AERO/ws_drones/install/my_custom_interfaces/include/my_custom_interfaces/my_custom_interfaces/srv
-- Installing: /home/alexmin9/Desktop/TCI_AERO/ws_drones/install/my_custom_interfaces/include/my_custom_interfaces/my_custom_interfaces/srv/position3_d.h
-- Installing: /home/alexmin9/Desktop/TCI_AERO/ws_drones/install/my_custom_interfaces/include/my_custom_interfaces/my_custom_interfaces/srv/detail
-- Installing: /home/alexmin9/Desktop/TCI_AERO/ws_drones/install/my_custom_interfaces/include/my_custom_interfaces/my_custom_interfaces/srv/detail/position3_d__functions.h
-- Installing: /home/alexmin9/Desktop/TCI_AERO/ws_drones/install/my_custom_interfaces/include/my_custom_interfaces/my_custom_interfaces/srv/detail/position3_d__struct.h
-- Installing: /home/alexmin9/Desktop/TCI_AERO/ws_drones/install/my_custom_interfaces/include/my_custom_interfaces/my_custom_interfaces/srv/detail/position3_d__description.c
-- Installing: /home/alexmin9/Desktop/TCI_AERO/ws_drones/install/my_custom_interfaces/include/my_custom_interfaces/my_custom_interfaces/srv/detail/position3_d__functions.c
-- Installing: /home/alexmin9/Desktop/TCI_AERO/ws_drones/install/my_custom_interfaces/include/my_custom_interfaces/my_custom_interfaces/srv/detail/position3_d__type_support.h
-- Installing: /home/alexmin9/Desktop/TCI_AERO/ws_drones/install/my_custom_interfaces/include/my_custom_interfaces/my_custom_interfaces/srv/detail/position3_d__type_support.c
-- Installing: /home/alexmin9/Desktop/TCI_AERO/ws_drones/install/my_custom_interfaces/share/my_custom_interfaces/environment/library_path.sh
-- Installing: /home/alexmin9/Desktop/TCI_AERO/ws_drones/install/my_custom_interfaces/share/my_custom_interfaces/environment/library_path.dsv
-- Installing: /home/alexmin9/Desktop/TCI_AERO/ws_drones/install/my_custom_interfaces/lib/libmy_custom_interfaces__rosidl_generator_c.so
-- Set non-toolchain portion of runtime path of "/home/alexmin9/Desktop/TCI_AERO/ws_drones/install/my_custom_interfaces/lib/libmy_custom_interfaces__rosidl_generator_c.so" to ""
-- Up-to-date: /home/alexmin9/Desktop/TCI_AERO/ws_drones/install/my_custom_interfaces/include/my_custom_interfaces/my_custom_interfaces
-- Up-to-date: /home/alexmin9/Desktop/TCI_AERO/ws_drones/install/my_custom_interfaces/include/my_custom_interfaces/my_custom_interfaces/msg
-- Up-to-date: /home/alexmin9/Desktop/TCI_AERO/ws_drones/install/my_custom_interfaces/include/my_custom_interfaces/my_custom_interfaces/msg/detail
-- Installing: /home/alexmin9/Desktop/TCI_AERO/ws_drones/install/my_custom_interfaces/include/my_custom_interfaces/my_custom_interfaces/msg/detail/pos_obstacles__rosidl_typesupport_fastrtps_c.h
-- Installing: /home/alexmin9/Desktop/TCI_AERO/ws_drones/install/my_custom_interfaces/include/my_custom_interfaces/my_custom_interfaces/msg/rosidl_typesupport_fastrtps_c__visibility_control.h
-- Up-to-date: /home/alexmin9/Desktop/TCI_AERO/ws_drones/install/my_custom_interfaces/include/my_custom_interfaces/my_custom_interfaces/srv
-- Up-to-date: /home/alexmin9/Desktop/TCI_AERO/ws_drones/install/my_custom_interfaces/include/my_custom_interfaces/my_custom_interfaces/srv/detail
-- Installing: /home/alexmin9/Desktop/TCI_AERO/ws_drones/install/my_custom_interfaces/include/my_custom_interfaces/my_custom_interfaces/srv/detail/position3_d__rosidl_typesupport_fastrtps_c.h
-- Installing: /home/alexmin9/Desktop/TCI_AERO/ws_drones/install/my_custom_interfaces/lib/libmy_custom_interfaces__rosidl_typesupport_fastrtps_c.so
-- Set non-toolchain portion of runtime path of "/home/alexmin9/Desktop/TCI_AERO/ws_drones/install/my_custom_interfaces/lib/libmy_custom_interfaces__rosidl_typesupport_fastrtps_c.so" to ""
-- Up-to-date: /home/alexmin9/Desktop/TCI_AERO/ws_drones/install/my_custom_interfaces/include/my_custom_interfaces/my_custom_interfaces
-- Up-to-date: /home/alexmin9/Desktop/TCI_AERO/ws_drones/install/my_custom_interfaces/include/my_custom_interfaces/my_custom_interfaces/msg
-- Installing: /home/alexmin9/Desktop/TCI_AERO/ws_drones/install/my_custom_interfaces/include/my_custom_interfaces/my_custom_interfaces/msg/rosidl_typesupport_introspection_c__visibility_control.h
-- Up-to-date: /home/alexmin9/Desktop/TCI_AERO/ws_drones/install/my_custom_interfaces/include/my_custom_interfaces/my_custom_interfaces/msg/detail
-- Up-to-date: /home/alexmin9/Desktop/TCI_AERO/ws_drones/install/my_custom_interfaces/include/my_custom_interfaces/my_custom_interfaces/msg/detail/pos_obstacles__type_support.c
-- Installing: /home/alexmin9/Desktop/TCI_AERO/ws_drones/install/my_custom_interfaces/include/my_custom_interfaces/my_custom_interfaces/msg/detail/pos_obstacles__rosidl_typesupport_introspection_c.h
-- Up-to-date: /home/alexmin9/Desktop/TCI_AERO/ws_drones/install/my_custom_interfaces/include/my_custom_interfaces/my_custom_interfaces/srv
-- Up-to-date: /home/alexmin9/Desktop/TCI_AERO/ws_drones/install/my_custom_interfaces/include/my_custom_interfaces/my_custom_interfaces/srv/detail
-- Installing: /home/alexmin9/Desktop/TCI_AERO/ws_drones/install/my_custom_interfaces/include/my_custom_interfaces/my_custom_interfaces/srv/detail/position3_d__rosidl_typesupport_introspection_c.h
-- Up-to-date: /home/alexmin9/Desktop/TCI_AERO/ws_drones/install/my_custom_interfaces/include/my_custom_interfaces/my_custom_interfaces/srv/detail/position3_d__type_support.c
-- Installing: /home/alexmin9/Desktop/TCI_AERO/ws_drones/install/my_custom_interfaces/lib/libmy_custom_interfaces__rosidl_typesupport_introspection_c.so
-- Set non-toolchain portion of runtime path of "/home/alexmin9/Desktop/TCI_AERO/ws_drones/install/my_custom_interfaces/lib/libmy_custom_interfaces__rosidl_typesupport_introspection_c.so" to ""
-- Installing: /home/alexmin9/Desktop/TCI_AERO/ws_drones/install/my_custom_interfaces/lib/libmy_custom_interfaces__rosidl_typesupport_c.so
-- Set non-toolchain portion of runtime path of "/home/alexmin9/Desktop/TCI_AERO/ws_drones/install/my_custom_interfaces/lib/libmy_custom_interfaces__rosidl_typesupport_c.so" to ""
-- Up-to-date: /home/alexmin9/Desktop/TCI_AERO/ws_drones/install/my_custom_interfaces/include/my_custom_interfaces/my_custom_interfaces
-- Up-to-date: /home/alexmin9/Desktop/TCI_AERO/ws_drones/install/my_custom_interfaces/include/my_custom_interfaces/my_custom_interfaces/msg
-- Installing: /home/alexmin9/Desktop/TCI_AERO/ws_drones/install/my_custom_interfaces/include/my_custom_interfaces/my_custom_interfaces/msg/pos_obstacles.hpp
-- Installing: /home/alexmin9/Desktop/TCI_AERO/ws_drones/install/my_custom_interfaces/include/my_custom_interfaces/my_custom_interfaces/msg/rosidl_generator_cpp__visibility_control.hpp
-- Up-to-date: /home/alexmin9/Desktop/TCI_AERO/ws_drones/install/my_custom_interfaces/include/my_custom_interfaces/my_custom_interfaces/msg/detail
-- Installing: /home/alexmin9/Desktop/TCI_AERO/ws_drones/install/my_custom_interfaces/include/my_custom_interfaces/my_custom_interfaces/msg/detail/pos_obstacles__type_support.hpp
-- Installing: /home/alexmin9/Desktop/TCI_AERO/ws_drones/install/my_custom_interfaces/include/my_custom_interfaces/my_custom_interfaces/msg/detail/pos_obstacles__traits.hpp
-- Installing: /home/alexmin9/Desktop/TCI_AERO/ws_drones/install/my_custom_interfaces/include/my_custom_interfaces/my_custom_interfaces/msg/detail/pos_obstacles__builder.hpp
-- Installing: /home/alexmin9/Desktop/TCI_AERO/ws_drones/install/my_custom_interfaces/include/my_custom_interfaces/my_custom_interfaces/msg/detail/pos_obstacles__struct.hpp
-- Up-to-date: /home/alexmin9/Desktop/TCI_AERO/ws_drones/install/my_custom_interfaces/include/my_custom_interfaces/my_custom_interfaces/srv
-- Installing: /home/alexmin9/Desktop/TCI_AERO/ws_drones/install/my_custom_interfaces/include/my_custom_interfaces/my_custom_interfaces/srv/position3_d.hpp
-- Up-to-date: /home/alexmin9/Desktop/TCI_AERO/ws_drones/install/my_custom_interfaces/include/my_custom_interfaces/my_custom_interfaces/srv/detail
-- Installing: /home/alexmin9/Desktop/TCI_AERO/ws_drones/install/my_custom_interfaces/include/my_custom_interfaces/my_custom_interfaces/srv/detail/position3_d__traits.hpp
-- Installing: /home/alexmin9/Desktop/TCI_AERO/ws_drones/install/my_custom_interfaces/include/my_custom_interfaces/my_custom_interfaces/srv/detail/position3_d__struct.hpp
-- Installing: /home/alexmin9/Desktop/TCI_AERO/ws_drones/install/my_custom_interfaces/include/my_custom_interfaces/my_custom_interfaces/srv/detail/position3_d__builder.hpp
-- Installing: /home/alexmin9/Desktop/TCI_AERO/ws_drones/install/my_custom_interfaces/include/my_custom_interfaces/my_custom_interfaces/srv/detail/position3_d__type_support.hpp
-- Up-to-date: /home/alexmin9/Desktop/TCI_AERO/ws_drones/install/my_custom_interfaces/include/my_custom_interfaces/my_custom_interfaces
-- Up-to-date: /home/alexmin9/Desktop/TCI_AERO/ws_drones/install/my_custom_interfaces/include/my_custom_interfaces/my_custom_interfaces/msg
-- Installing: /home/alexmin9/Desktop/TCI_AERO/ws_drones/install/my_custom_interfaces/include/my_custom_interfaces/my_custom_interfaces/msg/rosidl_typesupport_fastrtps_cpp__visibility_control.h
-- Up-to-date: /home/alexmin9/Desktop/TCI_AERO/ws_drones/install/my_custom_interfaces/include/my_custom_interfaces/my_custom_interfaces/msg/detail
-- Installing: /home/alexmin9/Desktop/TCI_AERO/ws_drones/install/my_custom_interfaces/include/my_custom_interfaces/my_custom_interfaces/msg/detail/pos_obstacles__rosidl_typesupport_fastrtps_cpp.hpp
-- Installing: /home/alexmin9/Desktop/TCI_AERO/ws_drones/install/my_custom_interfaces/include/my_custom_interfaces/my_custom_interfaces/msg/detail/dds_fastrtps
-- Up-to-date: /home/alexmin9/Desktop/TCI_AERO/ws_drones/install/my_custom_interfaces/include/my_custom_interfaces/my_custom_interfaces/srv
-- Up-to-date: /home/alexmin9/Desktop/TCI_AERO/ws_drones/install/my_custom_interfaces/include/my_custom_interfaces/my_custom_interfaces/srv/detail
-- Installing: /home/alexmin9/Desktop/TCI_AERO/ws_drones/install/my_custom_interfaces/include/my_custom_interfaces/my_custom_interfaces/srv/detail/position3_d__rosidl_typesupport_fastrtps_cpp.hpp
-- Installing: /home/alexmin9/Desktop/TCI_AERO/ws_drones/install/my_custom_interfaces/include/my_custom_interfaces/my_custom_interfaces/srv/detail/dds_fastrtps
-- Installing: /home/alexmin9/Desktop/TCI_AERO/ws_drones/install/my_custom_interfaces/lib/libmy_custom_interfaces__rosidl_typesupport_fastrtps_cpp.so
-- Set non-toolchain portion of runtime path of "/home/alexmin9/Desktop/TCI_AERO/ws_drones/install/my_custom_interfaces/lib/libmy_custom_interfaces__rosidl_typesupport_fastrtps_cpp.so" to ""
-- Up-to-date: /home/alexmin9/Desktop/TCI_AERO/ws_drones/install/my_custom_interfaces/include/my_custom_interfaces/my_custom_interfaces
-- Up-to-date: /home/alexmin9/Desktop/TCI_AERO/ws_drones/install/my_custom_interfaces/include/my_custom_interfaces/my_custom_interfaces/msg
-- Up-to-date: /home/alexmin9/Desktop/TCI_AERO/ws_drones/install/my_custom_interfaces/include/my_custom_interfaces/my_custom_interfaces/msg/detail
-- Installing: /home/alexmin9/Desktop/TCI_AERO/ws_drones/install/my_custom_interfaces/include/my_custom_interfaces/my_custom_interfaces/msg/detail/pos_obstacles__type_support.cpp
-- Installing: /home/alexmin9/Desktop/TCI_AERO/ws_drones/install/my_custom_interfaces/include/my_custom_interfaces/my_custom_interfaces/msg/detail/pos_obstacles__rosidl_typesupport_introspection_cpp.hpp
-- Up-to-date: /home/alexmin9/Desktop/TCI_AERO/ws_drones/install/my_custom_interfaces/include/my_custom_interfaces/my_custom_interfaces/srv
-- Up-to-date: /home/alexmin9/Desktop/TCI_AERO/ws_drones/install/my_custom_interfaces/include/my_custom_interfaces/my_custom_interfaces/srv/detail
-- Installing: /home/alexmin9/Desktop/TCI_AERO/ws_drones/install/my_custom_interfaces/include/my_custom_interfaces/my_custom_interfaces/srv/detail/position3_d__type_support.cpp
-- Installing: /home/alexmin9/Desktop/TCI_AERO/ws_drones/install/my_custom_interfaces/include/my_custom_interfaces/my_custom_interfaces/srv/detail/position3_d__rosidl_typesupport_introspection_cpp.hpp
-- Installing: /home/alexmin9/Desktop/TCI_AERO/ws_drones/install/my_custom_interfaces/lib/libmy_custom_interfaces__rosidl_typesupport_introspection_cpp.so
-- Set non-toolchain portion of runtime path of "/home/alexmin9/Desktop/TCI_AERO/ws_drones/install/my_custom_interfaces/lib/libmy_custom_interfaces__rosidl_typesupport_introspection_cpp.so" to ""
-- Installing: /home/alexmin9/Desktop/TCI_AERO/ws_drones/install/my_custom_interfaces/lib/libmy_custom_interfaces__rosidl_typesupport_cpp.so
-- Set non-toolchain portion of runtime path of "/home/alexmin9/Desktop/TCI_AERO/ws_drones/install/my_custom_interfaces/lib/libmy_custom_interfaces__rosidl_typesupport_cpp.so" to ""
-- Installing: /home/alexmin9/Desktop/TCI_AERO/ws_drones/install/my_custom_interfaces/share/my_custom_interfaces/environment/pythonpath.sh
-- Installing: /home/alexmin9/Desktop/TCI_AERO/ws_drones/install/my_custom_interfaces/share/my_custom_interfaces/environment/pythonpath.dsv
-- Installing: /home/alexmin9/Desktop/TCI_AERO/ws_drones/install/my_custom_interfaces/lib/python3.12/site-packages/my_custom_interfaces-0.0.0-py3.12.egg-info
-- Installing: /home/alexmin9/Desktop/TCI_AERO/ws_drones/install/my_custom_interfaces/lib/python3.12/site-packages/my_custom_interfaces-0.0.0-py3.12.egg-info/top_level.txt
-- Installing: /home/alexmin9/Desktop/TCI_AERO/ws_drones/install/my_custom_interfaces/lib/python3.12/site-packages/my_custom_interfaces-0.0.0-py3.12.egg-info/dependency_links.txt
-- Installing: /home/alexmin9/Desktop/TCI_AERO/ws_drones/install/my_custom_interfaces/lib/python3.12/site-packages/my_custom_interfaces-0.0.0-py3.12.egg-info/PKG-INFO
-- Installing: /home/alexmin9/Desktop/TCI_AERO/ws_drones/install/my_custom_interfaces/lib/python3.12/site-packages/my_custom_interfaces-0.0.0-py3.12.egg-info/SOURCES.txt
-- Installing: /home/alexmin9/Desktop/TCI_AERO/ws_drones/install/my_custom_interfaces/lib/python3.12/site-packages/my_custom_interfaces
-- Installing: /home/alexmin9/Desktop/TCI_AERO/ws_drones/install/my_custom_interfaces/lib/python3.12/site-packages/my_custom_interfaces/my_custom_interfaces_s__rosidl_typesupport_c.so
-- Installing: /home/alexmin9/Desktop/TCI_AERO/ws_drones/install/my_custom_interfaces/lib/python3.12/site-packages/my_custom_interfaces/_my_custom_interfaces_s.ep.rosidl_typesupport_introspection_c.c
-- Installing: /home/alexmin9/Desktop/TCI_AERO/ws_drones/install/my_custom_interfaces/lib/python3.12/site-packages/my_custom_interfaces/my_custom_interfaces_s__rosidl_typesupport_fastrtps_c.so
-- Installing: /home/alexmin9/Desktop/TCI_AERO/ws_drones/install/my_custom_interfaces/lib/python3.12/site-packages/my_custom_interfaces/msg
-- Installing: /home/alexmin9/Desktop/TCI_AERO/ws_drones/install/my_custom_interfaces/lib/python3.12/site-packages/my_custom_interfaces/msg/_pos_obstacles.py
-- Installing: /home/alexmin9/Desktop/TCI_AERO/ws_drones/install/my_custom_interfaces/lib/python3.12/site-packages/my_custom_interfaces/msg/__init__.py
-- Installing: /home/alexmin9/Desktop/TCI_AERO/ws_drones/install/my_custom_interfaces/lib/python3.12/site-packages/my_custom_interfaces/msg/_pos_obstacles_s.c
-- Installing: /home/alexmin9/Desktop/TCI_AERO/ws_drones/install/my_custom_interfaces/lib/python3.12/site-packages/my_custom_interfaces/my_custom_interfaces_s__rosidl_typesupport_introspection_c.so
-- Installing: /home/alexmin9/Desktop/TCI_AERO/ws_drones/install/my_custom_interfaces/lib/python3.12/site-packages/my_custom_interfaces/_my_custom_interfaces_s.ep.rosidl_typesupport_fastrtps_c.c
-- Installing: /home/alexmin9/Desktop/TCI_AERO/ws_drones/install/my_custom_interfaces/lib/python3.12/site-packages/my_custom_interfaces/srv
-- Installing: /home/alexmin9/Desktop/TCI_AERO/ws_drones/install/my_custom_interfaces/lib/python3.12/site-packages/my_custom_interfaces/srv/_position3_d.py
-- Installing: /home/alexmin9/Desktop/TCI_AERO/ws_drones/install/my_custom_interfaces/lib/python3.12/site-packages/my_custom_interfaces/srv/_position3_d_s.c
-- Installing: /home/alexmin9/Desktop/TCI_AERO/ws_drones/install/my_custom_interfaces/lib/python3.12/site-packages/my_custom_interfaces/srv/__init__.py
-- Installing: /home/alexmin9/Desktop/TCI_AERO/ws_drones/install/my_custom_interfaces/lib/python3.12/site-packages/my_custom_interfaces/__init__.py
-- Installing: /home/alexmin9/Desktop/TCI_AERO/ws_drones/install/my_custom_interfaces/lib/python3.12/site-packages/my_custom_interfaces/_my_custom_interfaces_s.ep.rosidl_typesupport_c.c
Listing '/home/alexmin9/Desktop/TCI_AERO/ws_drones/install/my_custom_interfaces/lib/python3.12/site-packages/my_custom_interfaces'...
Compiling '/home/alexmin9/Desktop/TCI_AERO/ws_drones/install/my_custom_interfaces/lib/python3.12/site-packages/my_custom_interfaces/__init__.py'...
Listing '/home/alexmin9/Desktop/TCI_AERO/ws_drones/install/my_custom_interfaces/lib/python3.12/site-packages/my_custom_interfaces/msg'...
Compiling '/home/alexmin9/Desktop/TCI_AERO/ws_drones/install/my_custom_interfaces/lib/python3.12/site-packages/my_custom_interfaces/msg/__init__.py'...
Compiling '/home/alexmin9/Desktop/TCI_AERO/ws_drones/install/my_custom_interfaces/lib/python3.12/site-packages/my_custom_interfaces/msg/_pos_obstacles.py'...
Listing '/home/alexmin9/Desktop/TCI_AERO/ws_drones/install/my_custom_interfaces/lib/python3.12/site-packages/my_custom_interfaces/srv'...
Compiling '/home/alexmin9/Desktop/TCI_AERO/ws_drones/install/my_custom_interfaces/lib/python3.12/site-packages/my_custom_interfaces/srv/__init__.py'...
Compiling '/home/alexmin9/Desktop/TCI_AERO/ws_drones/install/my_custom_interfaces/lib/python3.12/site-packages/my_custom_interfaces/srv/_position3_d.py'...
-- Installing: /home/alexmin9/Desktop/TCI_AERO/ws_drones/install/my_custom_interfaces/lib/python3.12/site-packages/my_custom_interfaces/my_custom_interfaces_s__rosidl_typesupport_fastrtps_c.so
-- Set non-toolchain portion of runtime path of "/home/alexmin9/Desktop/TCI_AERO/ws_drones/install/my_custom_interfaces/lib/python3.12/site-packages/my_custom_interfaces/my_custom_interfaces_s__rosidl_typesupport_fastrtps_c.so" to ""
-- Installing: /home/alexmin9/Desktop/TCI_AERO/ws_drones/install/my_custom_interfaces/lib/python3.12/site-packages/my_custom_interfaces/my_custom_interfaces_s__rosidl_typesupport_introspection_c.so
-- Set non-toolchain portion of runtime path of "/home/alexmin9/Desktop/TCI_AERO/ws_drones/install/my_custom_interfaces/lib/python3.12/site-packages/my_custom_interfaces/my_custom_interfaces_s__rosidl_typesupport_introspection_c.so" to ""
-- Installing: /home/alexmin9/Desktop/TCI_AERO/ws_drones/install/my_custom_interfaces/lib/python3.12/site-packages/my_custom_interfaces/my_custom_interfaces_s__rosidl_typesupport_c.so
-- Set non-toolchain portion of runtime path of "/home/alexmin9/Desktop/TCI_AERO/ws_drones/install/my_custom_interfaces/lib/python3.12/site-packages/my_custom_interfaces/my_custom_interfaces_s__rosidl_typesupport_c.so" to ""
-- Installing: /home/alexmin9/Desktop/TCI_AERO/ws_drones/install/my_custom_interfaces/lib/libmy_custom_interfaces__rosidl_generator_py.so
-- Set non-toolchain portion of runtime path of "/home/alexmin9/Desktop/TCI_AERO/ws_drones/install/my_custom_interfaces/lib/libmy_custom_interfaces__rosidl_generator_py.so" to ""
-- Installing: /home/alexmin9/Desktop/TCI_AERO/ws_drones/install/my_custom_interfaces/share/my_custom_interfaces/srv/Position3D.idl
-- Installing: /home/alexmin9/Desktop/TCI_AERO/ws_drones/install/my_custom_interfaces/share/my_custom_interfaces/msg/PosObstacles.idl
-- Installing: /home/alexmin9/Desktop/TCI_AERO/ws_drones/install/my_custom_interfaces/share/my_custom_interfaces/srv/Position3D.srv
-- Installing: /home/alexmin9/Desktop/TCI_AERO/ws_drones/install/my_custom_interfaces/share/my_custom_interfaces/msg/PosObstacles.msg
-- Installing: /home/alexmin9/Desktop/TCI_AERO/ws_drones/install/my_custom_interfaces/share/ament_index/resource_index/package_run_dependencies/my_custom_interfaces
-- Installing: /home/alexmin9/Desktop/TCI_AERO/ws_drones/install/my_custom_interfaces/share/ament_index/resource_index/parent_prefix_path/my_custom_interfaces
-- Installing: /home/alexmin9/Desktop/TCI_AERO/ws_drones/install/my_custom_interfaces/share/my_custom_interfaces/environment/ament_prefix_path.sh
-- Installing: /home/alexmin9/Desktop/TCI_AERO/ws_drones/install/my_custom_interfaces/share/my_custom_interfaces/environment/ament_prefix_path.dsv
-- Installing: /home/alexmin9/Desktop/TCI_AERO/ws_drones/install/my_custom_interfaces/share/my_custom_interfaces/environment/path.sh
-- Installing: /home/alexmin9/Desktop/TCI_AERO/ws_drones/install/my_custom_interfaces/share/my_custom_interfaces/environment/path.dsv
-- Installing: /home/alexmin9/Desktop/TCI_AERO/ws_drones/install/my_custom_interfaces/share/my_custom_interfaces/local_setup.bash
-- Installing: /home/alexmin9/Desktop/TCI_AERO/ws_drones/install/my_custom_interfaces/share/my_custom_interfaces/local_setup.sh
-- Installing: /home/alexmin9/Desktop/TCI_AERO/ws_drones/install/my_custom_interfaces/share/my_custom_interfaces/local_setup.zsh
-- Installing: /home/alexmin9/Desktop/TCI_AERO/ws_drones/install/my_custom_interfaces/share/my_custom_interfaces/local_setup.dsv
-- Installing: /home/alexmin9/Desktop/TCI_AERO/ws_drones/install/my_custom_interfaces/share/my_custom_interfaces/package.dsv
-- Installing: /home/alexmin9/Desktop/TCI_AERO/ws_drones/install/my_custom_interfaces/share/ament_index/resource_index/packages/my_custom_interfaces
-- Installing: /home/alexmin9/Desktop/TCI_AERO/ws_drones/install/my_custom_interfaces/share/my_custom_interfaces/cmake/export_my_custom_interfaces__rosidl_generator_cExport.cmake
-- Installing: /home/alexmin9/Desktop/TCI_AERO/ws_drones/install/my_custom_interfaces/share/my_custom_interfaces/cmake/export_my_custom_interfaces__rosidl_generator_cExport-noconfig.cmake
-- Installing: /home/alexmin9/Desktop/TCI_AERO/ws_drones/install/my_custom_interfaces/share/my_custom_interfaces/cmake/export_my_custom_interfaces__rosidl_typesupport_fastrtps_cExport.cmake
-- Installing: /home/alexmin9/Desktop/TCI_AERO/ws_drones/install/my_custom_interfaces/share/my_custom_interfaces/cmake/export_my_custom_interfaces__rosidl_typesupport_fastrtps_cExport-noconfig.cmake
-- Installing: /home/alexmin9/Desktop/TCI_AERO/ws_drones/install/my_custom_interfaces/share/my_custom_interfaces/cmake/my_custom_interfaces__rosidl_typesupport_introspection_cExport.cmake
-- Installing: /home/alexmin9/Desktop/TCI_AERO/ws_drones/install/my_custom_interfaces/share/my_custom_interfaces/cmake/my_custom_interfaces__rosidl_typesupport_introspection_cExport-noconfig.cmake
-- Installing: /home/alexmin9/Desktop/TCI_AERO/ws_drones/install/my_custom_interfaces/share/my_custom_interfaces/cmake/my_custom_interfaces__rosidl_typesupport_cExport.cmake
-- Installing: /home/alexmin9/Desktop/TCI_AERO/ws_drones/install/my_custom_interfaces/share/my_custom_interfaces/cmake/my_custom_interfaces__rosidl_typesupport_cExport-noconfig.cmake
-- Installing: /home/alexmin9/Desktop/TCI_AERO/ws_drones/install/my_custom_interfaces/share/my_custom_interfaces/cmake/export_my_custom_interfaces__rosidl_generator_cppExport.cmake
-- Installing: /home/alexmin9/Desktop/TCI_AERO/ws_drones/install/my_custom_interfaces/share/my_custom_interfaces/cmake/export_my_custom_interfaces__rosidl_typesupport_fastrtps_cppExport.cmake
-- Installing: /home/alexmin9/Desktop/TCI_AERO/ws_drones/install/my_custom_interfaces/share/my_custom_interfaces/cmake/export_my_custom_interfaces__rosidl_typesupport_fastrtps_cppExport-noconfig.cmake
-- Installing: /home/alexmin9/Desktop/TCI_AERO/ws_drones/install/my_custom_interfaces/share/my_custom_interfaces/cmake/my_custom_interfaces__rosidl_typesupport_introspection_cppExport.cmake
-- Installing: /home/alexmin9/Desktop/TCI_AERO/ws_drones/install/my_custom_interfaces/share/my_custom_interfaces/cmake/my_custom_interfaces__rosidl_typesupport_introspection_cppExport-noconfig.cmake
-- Installing: /home/alexmin9/Desktop/TCI_AERO/ws_drones/install/my_custom_interfaces/share/my_custom_interfaces/cmake/my_custom_interfaces__rosidl_typesupport_cppExport.cmake
-- Installing: /home/alexmin9/Desktop/TCI_AERO/ws_drones/install/my_custom_interfaces/share/my_custom_interfaces/cmake/my_custom_interfaces__rosidl_typesupport_cppExport-noconfig.cmake
-- Installing: /home/alexmin9/Desktop/TCI_AERO/ws_drones/install/my_custom_interfaces/share/my_custom_interfaces/cmake/export_my_custom_interfaces__rosidl_generator_pyExport.cmake
-- Installing: /home/alexmin9/Desktop/TCI_AERO/ws_drones/install/my_custom_interfaces/share/my_custom_interfaces/cmake/export_my_custom_interfaces__rosidl_generator_pyExport-noconfig.cmake
-- Installing: /home/alexmin9/Desktop/TCI_AERO/ws_drones/install/my_custom_interfaces/share/my_custom_interfaces/cmake/rosidl_cmake-extras.cmake
-- Installing: /home/alexmin9/Desktop/TCI_AERO/ws_drones/install/my_custom_interfaces/share/my_custom_interfaces/cmake/ament_cmake_export_dependencies-extras.cmake
-- Installing: /home/alexmin9/Desktop/TCI_AERO/ws_drones/install/my_custom_interfaces/share/my_custom_interfaces/cmake/ament_cmake_export_include_directories-extras.cmake
-- Installing: /home/alexmin9/Desktop/TCI_AERO/ws_drones/install/my_custom_interfaces/share/my_custom_interfaces/cmake/ament_cmake_export_libraries-extras.cmake
-- Installing: /home/alexmin9/Desktop/TCI_AERO/ws_drones/install/my_custom_interfaces/share/my_custom_interfaces/cmake/ament_cmake_export_targets-extras.cmake
-- Installing: /home/alexmin9/Desktop/TCI_AERO/ws_drones/install/my_custom_interfaces/share/my_custom_interfaces/cmake/rosidl_cmake_export_typesupport_targets-extras.cmake
-- Installing: /home/alexmin9/Desktop/TCI_AERO/ws_drones/install/my_custom_interfaces/share/my_custom_interfaces/cmake/rosidl_cmake_export_typesupport_libraries-extras.cmake
-- Installing: /home/alexmin9/Desktop/TCI_AERO/ws_drones/install/my_custom_interfaces/share/my_custom_interfaces/cmake/my_custom_interfacesConfig.cmake
-- Installing: /home/alexmin9/Desktop/TCI_AERO/ws_drones/install/my_custom_interfaces/share/my_custom_interfaces/cmake/my_custom_interfacesConfig-version.cmake
-- Installing: /home/alexmin9/Desktop/TCI_AERO/ws_drones/install/my_custom_interfaces/share/my_custom_interfaces/package.xml
