[0.021s] Invoking command in '/home/alexmin9/Desktop/TCI_AERO/ws_drones/build/my_custom_interfaces': CMAKE_PREFIX_PATH=${CMAKE_PREFIX_PATH}:/home/alexmin9/Desktop/TCI_AERO/ws_drones/install/tortues:/home/alexmin9/Desktop/TCI_AERO/ws_drones/install/pid_control:/home/alexmin9/Desktop/TCI_AERO/ws_drones/install/fusion_CP_Consensus:/home/alexmin9/Desktop/TCI_AERO/ws_drones/install/crazyflie:/home/alexmin9/Desktop/TCI_AERO/ws_simu/install/webots_ros2:/home/alexmin9/Desktop/TCI_AERO/ws_simu/install/webots_ros2_universal_robot:/home/alexmin9/Desktop/TCI_AERO/ws_simu/install/webots_ros2_turtlebot:/home/alexmin9/Desktop/TCI_AERO/ws_simu/install/webots_ros2_tiago:/home/alexmin9/Desktop/TCI_AERO/ws_simu/install/webots_ros2_tests:/home/alexmin9/Desktop/TCI_AERO/ws_simu/install/webots_ros2_tesla:/home/alexmin9/Desktop/TCI_AERO/ws_simu/install/webots_ros2_mavic:/home/alexmin9/Desktop/TCI_AERO/ws_simu/install/webots_ros2_husarion:/home/alexmin9/Desktop/TCI_AERO/ws_simu/install/webots_ros2_epuck:/home/alexmin9/Desktop/TCI_AERO/ws_simu/install/webots_ros2_crazyflie:/home/alexmin9/Desktop/TCI_AERO/ws_simu/install/webots_ros2_importer:/home/alexmin9/Desktop/TCI_AERO/ws_simu/install/tortues:/home/alexmin9/Desktop/TCI_AERO/ws_simu/install/swarm_package:/home/alexmin9/Desktop/TCI_AERO/ws_simu/install/my_package:/opt/ros/kilted DEBUGINFOD_URLS=https://debuginfod.ubuntu.com PS1=\[\e]0;\u@\h: \w\a\]${debian_chroot:+($debian_chroot)}\[\033[01;32m\]\u@\h\[\033[00m\]:\[\033[01;34m\]\w\[\033[00m\]\$ /usr/bin/cmake /home/alexmin9/Desktop/TCI_AERO/ws_drones/src/my_custom_interfaces -DCMAKE_INSTALL_PREFIX=/home/alexmin9/Desktop/TCI_AERO/ws_drones/install/my_custom_interfaces
[0.357s] -- The C compiler identification is GNU 13.3.0
[0.357s] -- The CXX compiler identification is GNU 13.3.0
[0.357s] -- Detecting C compiler ABI info
[0.357s] -- Detecting C compiler ABI info - done
[0.357s] -- Check for working C compiler: /usr/bin/cc - skipped
[0.357s] -- Detecting C compile features
[0.358s] -- Detecting C compile features - done
[0.358s] -- Detecting CXX compiler ABI info
[0.358s] -- Detecting CXX compiler ABI info - done
[0.358s] -- Check for working CXX compiler: /usr/bin/c++ - skipped
[0.358s] -- Detecting CXX compile features
[0.358s] -- Detecting CXX compile features - done
[0.358s] -- Found ament_cmake: 2.7.3 (/opt/ros/kilted/share/ament_cmake/cmake)
[0.456s] -- Found Python3: /usr/bin/python3 (found version "3.12.3") found components: Interpreter 
[0.541s] -- Found rosidl_default_generators: 1.7.1 (/opt/ros/kilted/share/rosidl_default_generators/cmake)
[0.549s] -- Using all available rosidl_typesupport_c: rosidl_typesupport_fastrtps_c;rosidl_typesupport_introspection_c
[0.591s] -- Using all available rosidl_typesupport_cpp: rosidl_typesupport_fastrtps_cpp;rosidl_typesupport_introspection_cpp
[0.626s] -- Found rosidl_adapter: 4.9.5 (/opt/ros/kilted/share/rosidl_adapter/cmake)
[0.629s] -- Found geometry_msgs: 5.5.1 (/opt/ros/kilted/share/geometry_msgs/cmake)
[1.107s] -- Found ament_cmake_ros_core: 0.14.3 (/opt/ros/kilted/share/ament_cmake_ros_core/cmake)
[1.456s] -- Using all available rosidl_typesupport_c: rosidl_typesupport_fastrtps_c;rosidl_typesupport_introspection_c
[1.920s] -- Using all available rosidl_typesupport_cpp: rosidl_typesupport_fastrtps_cpp;rosidl_typesupport_introspection_cpp
[2.214s] -- Found Python3: /usr/bin/python3 (found version "3.12.3") found components: Interpreter Development NumPy Development.Module Development.Embed 
[2.253s] -- Found ament_lint_auto: 0.19.2 (/opt/ros/kilted/share/ament_lint_auto/cmake)
[2.275s] -- Added test 'lint_cmake' to check CMake code style
[2.276s] -- Added test 'xmllint' to check XML markup files
[2.278s] -- Configuring done (2.2s)
[2.306s] -- Generating done (0.0s)
[2.313s] -- Build files have been written to: /home/alexmin9/Desktop/TCI_AERO/ws_drones/build/my_custom_interfaces
[2.320s] Invoked command in '/home/alexmin9/Desktop/TCI_AERO/ws_drones/build/my_custom_interfaces' returned '0': CMAKE_PREFIX_PATH=${CMAKE_PREFIX_PATH}:/home/alexmin9/Desktop/TCI_AERO/ws_drones/install/tortues:/home/alexmin9/Desktop/TCI_AERO/ws_drones/install/pid_control:/home/alexmin9/Desktop/TCI_AERO/ws_drones/install/fusion_CP_Consensus:/home/alexmin9/Desktop/TCI_AERO/ws_drones/install/crazyflie:/home/alexmin9/Desktop/TCI_AERO/ws_simu/install/webots_ros2:/home/alexmin9/Desktop/TCI_AERO/ws_simu/install/webots_ros2_universal_robot:/home/alexmin9/Desktop/TCI_AERO/ws_simu/install/webots_ros2_turtlebot:/home/alexmin9/Desktop/TCI_AERO/ws_simu/install/webots_ros2_tiago:/home/alexmin9/Desktop/TCI_AERO/ws_simu/install/webots_ros2_tests:/home/alexmin9/Desktop/TCI_AERO/ws_simu/install/webots_ros2_tesla:/home/alexmin9/Desktop/TCI_AERO/ws_simu/install/webots_ros2_mavic:/home/alexmin9/Desktop/TCI_AERO/ws_simu/install/webots_ros2_husarion:/home/alexmin9/Desktop/TCI_AERO/ws_simu/install/webots_ros2_epuck:/home/alexmin9/Desktop/TCI_AERO/ws_simu/install/webots_ros2_crazyflie:/home/alexmin9/Desktop/TCI_AERO/ws_simu/install/webots_ros2_importer:/home/alexmin9/Desktop/TCI_AERO/ws_simu/install/tortues:/home/alexmin9/Desktop/TCI_AERO/ws_simu/install/swarm_package:/home/alexmin9/Desktop/TCI_AERO/ws_simu/install/my_package:/opt/ros/kilted DEBUGINFOD_URLS=https://debuginfod.ubuntu.com PS1=\[\e]0;\u@\h: \w\a\]${debian_chroot:+($debian_chroot)}\[\033[01;32m\]\u@\h\[\033[00m\]:\[\033[01;34m\]\w\[\033[00m\]\$ /usr/bin/cmake /home/alexmin9/Desktop/TCI_AERO/ws_drones/src/my_custom_interfaces -DCMAKE_INSTALL_PREFIX=/home/alexmin9/Desktop/TCI_AERO/ws_drones/install/my_custom_interfaces
[2.321s] Invoking command in '/home/alexmin9/Desktop/TCI_AERO/ws_drones/build/my_custom_interfaces': CMAKE_PREFIX_PATH=${CMAKE_PREFIX_PATH}:/home/alexmin9/Desktop/TCI_AERO/ws_drones/install/tortues:/home/alexmin9/Desktop/TCI_AERO/ws_drones/install/pid_control:/home/alexmin9/Desktop/TCI_AERO/ws_drones/install/fusion_CP_Consensus:/home/alexmin9/Desktop/TCI_AERO/ws_drones/install/crazyflie:/home/alexmin9/Desktop/TCI_AERO/ws_simu/install/webots_ros2:/home/alexmin9/Desktop/TCI_AERO/ws_simu/install/webots_ros2_universal_robot:/home/alexmin9/Desktop/TCI_AERO/ws_simu/install/webots_ros2_turtlebot:/home/alexmin9/Desktop/TCI_AERO/ws_simu/install/webots_ros2_tiago:/home/alexmin9/Desktop/TCI_AERO/ws_simu/install/webots_ros2_tests:/home/alexmin9/Desktop/TCI_AERO/ws_simu/install/webots_ros2_tesla:/home/alexmin9/Desktop/TCI_AERO/ws_simu/install/webots_ros2_mavic:/home/alexmin9/Desktop/TCI_AERO/ws_simu/install/webots_ros2_husarion:/home/alexmin9/Desktop/TCI_AERO/ws_simu/install/webots_ros2_epuck:/home/alexmin9/Desktop/TCI_AERO/ws_simu/install/webots_ros2_crazyflie:/home/alexmin9/Desktop/TCI_AERO/ws_simu/install/webots_ros2_importer:/home/alexmin9/Desktop/TCI_AERO/ws_simu/install/tortues:/home/alexmin9/Desktop/TCI_AERO/ws_simu/install/swarm_package:/home/alexmin9/Desktop/TCI_AERO/ws_simu/install/my_package:/opt/ros/kilted DEBUGINFOD_URLS=https://debuginfod.ubuntu.com PS1=\[\e]0;\u@\h: \w\a\]${debian_chroot:+($debian_chroot)}\[\033[01;32m\]\u@\h\[\033[00m\]:\[\033[01;34m\]\w\[\033[00m\]\$ /usr/bin/cmake --build /home/alexmin9/Desktop/TCI_AERO/ws_drones/build/my_custom_interfaces -- -j32 -l32
[2.356s] [  2%] [34m[1mGenerating type hashes for ROS interfaces[0m
[2.362s] [  2%] Built target ament_cmake_python_copy_my_custom_interfaces
[2.484s] [  2%] Built target my_custom_interfaces__rosidl_generator_type_description
[2.492s] [  4%] [34m[1mGenerating C code for ROS interfaces[0m
[2.493s] running egg_info
[2.493s] creating my_custom_interfaces.egg-info
[2.500s] [  6%] [34m[1mGenerating C++ code for ROS interfaces[0m
[2.503s] writing my_custom_interfaces.egg-info/PKG-INFO
[2.504s] writing dependency_links to my_custom_interfaces.egg-info/dependency_links.txt
[2.504s] writing top-level names to my_custom_interfaces.egg-info/top_level.txt
[2.504s] writing manifest file 'my_custom_interfaces.egg-info/SOURCES.txt'
[2.535s] reading manifest file 'my_custom_interfaces.egg-info/SOURCES.txt'
[2.536s] writing manifest file 'my_custom_interfaces.egg-info/SOURCES.txt'
[2.559s] [  6%] Built target ament_cmake_python_build_my_custom_interfaces_egg
[2.680s] [  6%] Built target my_custom_interfaces__cpp
[2.707s] [  9%] [32mBuilding C object CMakeFiles/my_custom_interfaces__rosidl_generator_c.dir/rosidl_generator_c/my_custom_interfaces/msg/detail/pos_obstacles__description.c.o[0m
[2.707s] [ 18%] [32mBuilding C object CMakeFiles/my_custom_interfaces__rosidl_generator_c.dir/rosidl_generator_c/my_custom_interfaces/srv/detail/position3_d__functions.c.o[0m
[2.707s] [ 18%] [32mBuilding C object CMakeFiles/my_custom_interfaces__rosidl_generator_c.dir/rosidl_generator_c/my_custom_interfaces/msg/detail/pos_obstacles__functions.c.o[0m
[2.707s] [ 18%] [32mBuilding C object CMakeFiles/my_custom_interfaces__rosidl_generator_c.dir/rosidl_generator_c/my_custom_interfaces/srv/detail/position3_d__description.c.o[0m
[2.707s] [ 18%] [32mBuilding C object CMakeFiles/my_custom_interfaces__rosidl_generator_c.dir/rosidl_generator_c/my_custom_interfaces/srv/detail/position3_d__type_support.c.o[0m
[2.708s] [ 20%] [32mBuilding C object CMakeFiles/my_custom_interfaces__rosidl_generator_c.dir/rosidl_generator_c/my_custom_interfaces/msg/detail/pos_obstacles__type_support.c.o[0m
[2.752s] [ 22%] [32m[1mLinking C shared library libmy_custom_interfaces__rosidl_generator_c.so[0m
[2.780s] [ 22%] Built target my_custom_interfaces__rosidl_generator_c
[2.788s] [ 27%] [34m[1mGenerating C++ type support dispatch for ROS interfaces[0m
[2.788s] [ 27%] [34m[1mGenerating C type support for eProsima Fast-RTPS[0m
[2.788s] [ 31%] [34m[1mGenerating C introspection for ROS interfaces[0m
[2.788s] [ 31%] [34m[1mGenerating C++ type support for eProsima Fast-RTPS[0m
[2.788s] [ 36%] [34m[1mGenerating C type support dispatch for ROS interfaces[0m
[2.788s] [ 36%] [34m[1mGenerating C++ introspection for ROS interfaces[0m
[2.959s] [ 38%] [32mBuilding CXX object CMakeFiles/my_custom_interfaces__rosidl_typesupport_c.dir/rosidl_typesupport_c/my_custom_interfaces/srv/position3_d__type_support.cpp.o[0m
[2.960s] [ 40%] [32mBuilding CXX object CMakeFiles/my_custom_interfaces__rosidl_typesupport_c.dir/rosidl_typesupport_c/my_custom_interfaces/msg/pos_obstacles__type_support.cpp.o[0m
[2.962s] [ 43%] [32mBuilding CXX object CMakeFiles/my_custom_interfaces__rosidl_typesupport_cpp.dir/rosidl_typesupport_cpp/my_custom_interfaces/srv/position3_d__type_support.cpp.o[0m
[2.962s] [ 45%] [32mBuilding CXX object CMakeFiles/my_custom_interfaces__rosidl_typesupport_cpp.dir/rosidl_typesupport_cpp/my_custom_interfaces/msg/pos_obstacles__type_support.cpp.o[0m
[2.977s] [ 47%] [32mBuilding CXX object CMakeFiles/my_custom_interfaces__rosidl_typesupport_introspection_cpp.dir/rosidl_typesupport_introspection_cpp/my_custom_interfaces/srv/detail/position3_d__type_support.cpp.o[0m
[2.979s] [ 50%] [32mBuilding CXX object CMakeFiles/my_custom_interfaces__rosidl_typesupport_introspection_cpp.dir/rosidl_typesupport_introspection_cpp/my_custom_interfaces/msg/detail/pos_obstacles__type_support.cpp.o[0m
[2.987s] [ 52%] [32mBuilding C object CMakeFiles/my_custom_interfaces__rosidl_typesupport_introspection_c.dir/rosidl_typesupport_introspection_c/my_custom_interfaces/msg/detail/pos_obstacles__type_support.c.o[0m
[2.987s] [ 54%] [32mBuilding C object CMakeFiles/my_custom_interfaces__rosidl_typesupport_introspection_c.dir/rosidl_typesupport_introspection_c/my_custom_interfaces/srv/detail/position3_d__type_support.c.o[0m
[2.997s] [ 56%] [32m[1mLinking CXX shared library libmy_custom_interfaces__rosidl_typesupport_c.so[0m
[3.004s] [ 61%] [32mBuilding CXX object CMakeFiles/my_custom_interfaces__rosidl_typesupport_fastrtps_cpp.dir/rosidl_typesupport_fastrtps_cpp/my_custom_interfaces/msg/detail/dds_fastrtps/pos_obstacles__type_support.cpp.o[0m
[3.004s] [ 61%] [32mBuilding CXX object CMakeFiles/my_custom_interfaces__rosidl_typesupport_fastrtps_cpp.dir/rosidl_typesupport_fastrtps_cpp/my_custom_interfaces/srv/detail/dds_fastrtps/position3_d__type_support.cpp.o[0m
[3.013s] [ 65%] [32mBuilding CXX object CMakeFiles/my_custom_interfaces__rosidl_typesupport_fastrtps_c.dir/rosidl_typesupport_fastrtps_c/my_custom_interfaces/srv/detail/position3_d__type_support_c.cpp.o[0m
[3.013s] [ 65%] [32mBuilding CXX object CMakeFiles/my_custom_interfaces__rosidl_typesupport_fastrtps_c.dir/rosidl_typesupport_fastrtps_c/my_custom_interfaces/msg/detail/pos_obstacles__type_support_c.cpp.o[0m
[3.027s] [ 68%] [32m[1mLinking C shared library libmy_custom_interfaces__rosidl_typesupport_introspection_c.so[0m
[3.030s] [ 68%] Built target my_custom_interfaces__rosidl_typesupport_c
[3.054s] [ 68%] Built target my_custom_interfaces__rosidl_typesupport_introspection_c
[3.197s] [ 70%] [32m[1mLinking CXX shared library libmy_custom_interfaces__rosidl_typesupport_cpp.so[0m
[3.223s] [ 72%] [32m[1mLinking CXX shared library libmy_custom_interfaces__rosidl_typesupport_introspection_cpp.so[0m
[3.251s] [ 72%] Built target my_custom_interfaces__rosidl_typesupport_cpp
[3.282s] [ 72%] Built target my_custom_interfaces__rosidl_typesupport_introspection_cpp
[3.303s] [ 75%] [32m[1mLinking CXX shared library libmy_custom_interfaces__rosidl_typesupport_fastrtps_c.so[0m
[3.337s] [ 75%] Built target my_custom_interfaces__rosidl_typesupport_fastrtps_c
[3.362s] [ 77%] [32m[1mLinking CXX shared library libmy_custom_interfaces__rosidl_typesupport_fastrtps_cpp.so[0m
[3.413s] [ 77%] Built target my_custom_interfaces__rosidl_typesupport_fastrtps_cpp
[3.429s] [ 77%] Built target my_custom_interfaces
[3.445s] [ 79%] [34m[1mGenerating Python code for ROS interfaces[0m
[3.665s] [ 79%] Built target my_custom_interfaces__py
[3.681s] [ 84%] [32mBuilding C object CMakeFiles/my_custom_interfaces__rosidl_generator_py.dir/rosidl_generator_py/my_custom_interfaces/srv/_position3_d_s.c.o[0m
[3.681s] [ 84%] [32mBuilding C object CMakeFiles/my_custom_interfaces__rosidl_generator_py.dir/rosidl_generator_py/my_custom_interfaces/msg/_pos_obstacles_s.c.o[0m
[3.770s] [ 86%] [32m[1mLinking C shared library libmy_custom_interfaces__rosidl_generator_py.so[0m
[3.802s] [ 86%] Built target my_custom_interfaces__rosidl_generator_py
[3.817s] [ 90%] [32mBuilding C object CMakeFiles/my_custom_interfaces_s__rosidl_typesupport_c.dir/rosidl_generator_py/my_custom_interfaces/_my_custom_interfaces_s.ep.rosidl_typesupport_c.c.o[0m
[3.817s] [ 90%] [32mBuilding C object CMakeFiles/my_custom_interfaces_s__rosidl_typesupport_fastrtps_c.dir/rosidl_generator_py/my_custom_interfaces/_my_custom_interfaces_s.ep.rosidl_typesupport_fastrtps_c.c.o[0m
[3.819s] [ 93%] [32mBuilding C object CMakeFiles/my_custom_interfaces_s__rosidl_typesupport_introspection_c.dir/rosidl_generator_py/my_custom_interfaces/_my_custom_interfaces_s.ep.rosidl_typesupport_introspection_c.c.o[0m
[3.885s] [ 97%] [32m[1mLinking C shared module rosidl_generator_py/my_custom_interfaces/my_custom_interfaces_s__rosidl_typesupport_c.so[0m
[3.885s] [ 97%] [32m[1mLinking C shared module rosidl_generator_py/my_custom_interfaces/my_custom_interfaces_s__rosidl_typesupport_introspection_c.so[0m
[3.890s] [100%] [32m[1mLinking C shared module rosidl_generator_py/my_custom_interfaces/my_custom_interfaces_s__rosidl_typesupport_fastrtps_c.so[0m
[3.907s] [100%] Built target my_custom_interfaces_s__rosidl_typesupport_c
[3.907s] [100%] Built target my_custom_interfaces_s__rosidl_typesupport_introspection_c
[3.913s] [100%] Built target my_custom_interfaces_s__rosidl_typesupport_fastrtps_c
[3.922s] Invoked command in '/home/alexmin9/Desktop/TCI_AERO/ws_drones/build/my_custom_interfaces' returned '0': CMAKE_PREFIX_PATH=${CMAKE_PREFIX_PATH}:/home/alexmin9/Desktop/TCI_AERO/ws_drones/install/tortues:/home/alexmin9/Desktop/TCI_AERO/ws_drones/install/pid_control:/home/alexmin9/Desktop/TCI_AERO/ws_drones/install/fusion_CP_Consensus:/home/alexmin9/Desktop/TCI_AERO/ws_drones/install/crazyflie:/home/alexmin9/Desktop/TCI_AERO/ws_simu/install/webots_ros2:/home/alexmin9/Desktop/TCI_AERO/ws_simu/install/webots_ros2_universal_robot:/home/alexmin9/Desktop/TCI_AERO/ws_simu/install/webots_ros2_turtlebot:/home/alexmin9/Desktop/TCI_AERO/ws_simu/install/webots_ros2_tiago:/home/alexmin9/Desktop/TCI_AERO/ws_simu/install/webots_ros2_tests:/home/alexmin9/Desktop/TCI_AERO/ws_simu/install/webots_ros2_tesla:/home/alexmin9/Desktop/TCI_AERO/ws_simu/install/webots_ros2_mavic:/home/alexmin9/Desktop/TCI_AERO/ws_simu/install/webots_ros2_husarion:/home/alexmin9/Desktop/TCI_AERO/ws_simu/install/webots_ros2_epuck:/home/alexmin9/Desktop/TCI_AERO/ws_simu/install/webots_ros2_crazyflie:/home/alexmin9/Desktop/TCI_AERO/ws_simu/install/webots_ros2_importer:/home/alexmin9/Desktop/TCI_AERO/ws_simu/install/tortues:/home/alexmin9/Desktop/TCI_AERO/ws_simu/install/swarm_package:/home/alexmin9/Desktop/TCI_AERO/ws_simu/install/my_package:/opt/ros/kilted DEBUGINFOD_URLS=https://debuginfod.ubuntu.com PS1=\[\e]0;\u@\h: \w\a\]${debian_chroot:+($debian_chroot)}\[\033[01;32m\]\u@\h\[\033[00m\]:\[\033[01;34m\]\w\[\033[00m\]\$ /usr/bin/cmake --build /home/alexmin9/Desktop/TCI_AERO/ws_drones/build/my_custom_interfaces -- -j32 -l32
[3.929s] Invoking command in '/home/alexmin9/Desktop/TCI_AERO/ws_drones/build/my_custom_interfaces': CMAKE_PREFIX_PATH=${CMAKE_PREFIX_PATH}:/home/alexmin9/Desktop/TCI_AERO/ws_drones/install/tortues:/home/alexmin9/Desktop/TCI_AERO/ws_drones/install/pid_control:/home/alexmin9/Desktop/TCI_AERO/ws_drones/install/fusion_CP_Consensus:/home/alexmin9/Desktop/TCI_AERO/ws_drones/install/crazyflie:/home/alexmin9/Desktop/TCI_AERO/ws_simu/install/webots_ros2:/home/alexmin9/Desktop/TCI_AERO/ws_simu/install/webots_ros2_universal_robot:/home/alexmin9/Desktop/TCI_AERO/ws_simu/install/webots_ros2_turtlebot:/home/alexmin9/Desktop/TCI_AERO/ws_simu/install/webots_ros2_tiago:/home/alexmin9/Desktop/TCI_AERO/ws_simu/install/webots_ros2_tests:/home/alexmin9/Desktop/TCI_AERO/ws_simu/install/webots_ros2_tesla:/home/alexmin9/Desktop/TCI_AERO/ws_simu/install/webots_ros2_mavic:/home/alexmin9/Desktop/TCI_AERO/ws_simu/install/webots_ros2_husarion:/home/alexmin9/Desktop/TCI_AERO/ws_simu/install/webots_ros2_epuck:/home/alexmin9/Desktop/TCI_AERO/ws_simu/install/webots_ros2_crazyflie:/home/alexmin9/Desktop/TCI_AERO/ws_simu/install/webots_ros2_importer:/home/alexmin9/Desktop/TCI_AERO/ws_simu/install/tortues:/home/alexmin9/Desktop/TCI_AERO/ws_simu/install/swarm_package:/home/alexmin9/Desktop/TCI_AERO/ws_simu/install/my_package:/opt/ros/kilted DEBUGINFOD_URLS=https://debuginfod.ubuntu.com PS1=\[\e]0;\u@\h: \w\a\]${debian_chroot:+($debian_chroot)}\[\033[01;32m\]\u@\h\[\033[00m\]:\[\033[01;34m\]\w\[\033[00m\]\$ /usr/bin/cmake --install /home/alexmin9/Desktop/TCI_AERO/ws_drones/build/my_custom_interfaces
[3.935s] -- Install configuration: ""
[3.935s] -- Installing: /home/alexmin9/Desktop/TCI_AERO/ws_drones/install/my_custom_interfaces/share/ament_index/resource_index/rosidl_interfaces/my_custom_interfaces
[3.935s] -- Installing: /home/alexmin9/Desktop/TCI_AERO/ws_drones/install/my_custom_interfaces/share/my_custom_interfaces/srv/Position3D.json
[3.935s] -- Installing: /home/alexmin9/Desktop/TCI_AERO/ws_drones/install/my_custom_interfaces/share/my_custom_interfaces/msg/PosObstacles.json
[3.935s] -- Installing: /home/alexmin9/Desktop/TCI_AERO/ws_drones/install/my_custom_interfaces/include/my_custom_interfaces/my_custom_interfaces
[3.936s] -- Installing: /home/alexmin9/Desktop/TCI_AERO/ws_drones/install/my_custom_interfaces/include/my_custom_interfaces/my_custom_interfaces/msg
[3.936s] -- Installing: /home/alexmin9/Desktop/TCI_AERO/ws_drones/install/my_custom_interfaces/include/my_custom_interfaces/my_custom_interfaces/msg/pos_obstacles.h
[3.936s] -- Installing: /home/alexmin9/Desktop/TCI_AERO/ws_drones/install/my_custom_interfaces/include/my_custom_interfaces/my_custom_interfaces/msg/rosidl_generator_c__visibility_control.h
[3.936s] -- Installing: /home/alexmin9/Desktop/TCI_AERO/ws_drones/install/my_custom_interfaces/include/my_custom_interfaces/my_custom_interfaces/msg/detail
[3.936s] -- Installing: /home/alexmin9/Desktop/TCI_AERO/ws_drones/install/my_custom_interfaces/include/my_custom_interfaces/my_custom_interfaces/msg/detail/pos_obstacles__type_support.c
[3.936s] -- Installing: /home/alexmin9/Desktop/TCI_AERO/ws_drones/install/my_custom_interfaces/include/my_custom_interfaces/my_custom_interfaces/msg/detail/pos_obstacles__type_support.h
[3.936s] -- Installing: /home/alexmin9/Desktop/TCI_AERO/ws_drones/install/my_custom_interfaces/include/my_custom_interfaces/my_custom_interfaces/msg/detail/pos_obstacles__description.c
[3.936s] -- Installing: /home/alexmin9/Desktop/TCI_AERO/ws_drones/install/my_custom_interfaces/include/my_custom_interfaces/my_custom_interfaces/msg/detail/pos_obstacles__functions.h
[3.936s] -- Installing: /home/alexmin9/Desktop/TCI_AERO/ws_drones/install/my_custom_interfaces/include/my_custom_interfaces/my_custom_interfaces/msg/detail/pos_obstacles__functions.c
[3.936s] -- Installing: /home/alexmin9/Desktop/TCI_AERO/ws_drones/install/my_custom_interfaces/include/my_custom_interfaces/my_custom_interfaces/msg/detail/pos_obstacles__struct.h
[3.937s] -- Installing: /home/alexmin9/Desktop/TCI_AERO/ws_drones/install/my_custom_interfaces/include/my_custom_interfaces/my_custom_interfaces/srv
[3.937s] -- Installing: /home/alexmin9/Desktop/TCI_AERO/ws_drones/install/my_custom_interfaces/include/my_custom_interfaces/my_custom_interfaces/srv/position3_d.h
[3.937s] -- Installing: /home/alexmin9/Desktop/TCI_AERO/ws_drones/install/my_custom_interfaces/include/my_custom_interfaces/my_custom_interfaces/srv/detail
[3.937s] -- Installing: /home/alexmin9/Desktop/TCI_AERO/ws_drones/install/my_custom_interfaces/include/my_custom_interfaces/my_custom_interfaces/srv/detail/position3_d__functions.h
[3.937s] -- Installing: /home/alexmin9/Desktop/TCI_AERO/ws_drones/install/my_custom_interfaces/include/my_custom_interfaces/my_custom_interfaces/srv/detail/position3_d__struct.h
[3.937s] -- Installing: /home/alexmin9/Desktop/TCI_AERO/ws_drones/install/my_custom_interfaces/include/my_custom_interfaces/my_custom_interfaces/srv/detail/position3_d__description.c
[3.937s] -- Installing: /home/alexmin9/Desktop/TCI_AERO/ws_drones/install/my_custom_interfaces/include/my_custom_interfaces/my_custom_interfaces/srv/detail/position3_d__functions.c
[3.937s] -- Installing: /home/alexmin9/Desktop/TCI_AERO/ws_drones/install/my_custom_interfaces/include/my_custom_interfaces/my_custom_interfaces/srv/detail/position3_d__type_support.h
[3.937s] -- Installing: /home/alexmin9/Desktop/TCI_AERO/ws_drones/install/my_custom_interfaces/include/my_custom_interfaces/my_custom_interfaces/srv/detail/position3_d__type_support.c
[3.937s] -- Installing: /home/alexmin9/Desktop/TCI_AERO/ws_drones/install/my_custom_interfaces/share/my_custom_interfaces/environment/library_path.sh
[3.937s] -- Installing: /home/alexmin9/Desktop/TCI_AERO/ws_drones/install/my_custom_interfaces/share/my_custom_interfaces/environment/library_path.dsv
[3.937s] -- Installing: /home/alexmin9/Desktop/TCI_AERO/ws_drones/install/my_custom_interfaces/lib/libmy_custom_interfaces__rosidl_generator_c.so
[3.938s] -- Set non-toolchain portion of runtime path of "/home/alexmin9/Desktop/TCI_AERO/ws_drones/install/my_custom_interfaces/lib/libmy_custom_interfaces__rosidl_generator_c.so" to ""
[3.938s] -- Up-to-date: /home/alexmin9/Desktop/TCI_AERO/ws_drones/install/my_custom_interfaces/include/my_custom_interfaces/my_custom_interfaces
[3.938s] -- Up-to-date: /home/alexmin9/Desktop/TCI_AERO/ws_drones/install/my_custom_interfaces/include/my_custom_interfaces/my_custom_interfaces/msg
[3.938s] -- Up-to-date: /home/alexmin9/Desktop/TCI_AERO/ws_drones/install/my_custom_interfaces/include/my_custom_interfaces/my_custom_interfaces/msg/detail
[3.938s] -- Installing: /home/alexmin9/Desktop/TCI_AERO/ws_drones/install/my_custom_interfaces/include/my_custom_interfaces/my_custom_interfaces/msg/detail/pos_obstacles__rosidl_typesupport_fastrtps_c.h
[3.938s] -- Installing: /home/alexmin9/Desktop/TCI_AERO/ws_drones/install/my_custom_interfaces/include/my_custom_interfaces/my_custom_interfaces/msg/rosidl_typesupport_fastrtps_c__visibility_control.h
[3.938s] -- Up-to-date: /home/alexmin9/Desktop/TCI_AERO/ws_drones/install/my_custom_interfaces/include/my_custom_interfaces/my_custom_interfaces/srv
[3.938s] -- Up-to-date: /home/alexmin9/Desktop/TCI_AERO/ws_drones/install/my_custom_interfaces/include/my_custom_interfaces/my_custom_interfaces/srv/detail
[3.938s] -- Installing: /home/alexmin9/Desktop/TCI_AERO/ws_drones/install/my_custom_interfaces/include/my_custom_interfaces/my_custom_interfaces/srv/detail/position3_d__rosidl_typesupport_fastrtps_c.h
[3.938s] -- Installing: /home/alexmin9/Desktop/TCI_AERO/ws_drones/install/my_custom_interfaces/lib/libmy_custom_interfaces__rosidl_typesupport_fastrtps_c.so
[3.939s] -- Set non-toolchain portion of runtime path of "/home/alexmin9/Desktop/TCI_AERO/ws_drones/install/my_custom_interfaces/lib/libmy_custom_interfaces__rosidl_typesupport_fastrtps_c.so" to ""
[3.939s] -- Up-to-date: /home/alexmin9/Desktop/TCI_AERO/ws_drones/install/my_custom_interfaces/include/my_custom_interfaces/my_custom_interfaces
[3.939s] -- Up-to-date: /home/alexmin9/Desktop/TCI_AERO/ws_drones/install/my_custom_interfaces/include/my_custom_interfaces/my_custom_interfaces/msg
[3.939s] -- Installing: /home/alexmin9/Desktop/TCI_AERO/ws_drones/install/my_custom_interfaces/include/my_custom_interfaces/my_custom_interfaces/msg/rosidl_typesupport_introspection_c__visibility_control.h
[3.939s] -- Up-to-date: /home/alexmin9/Desktop/TCI_AERO/ws_drones/install/my_custom_interfaces/include/my_custom_interfaces/my_custom_interfaces/msg/detail
[3.939s] -- Up-to-date: /home/alexmin9/Desktop/TCI_AERO/ws_drones/install/my_custom_interfaces/include/my_custom_interfaces/my_custom_interfaces/msg/detail/pos_obstacles__type_support.c
[3.939s] -- Installing: /home/alexmin9/Desktop/TCI_AERO/ws_drones/install/my_custom_interfaces/include/my_custom_interfaces/my_custom_interfaces/msg/detail/pos_obstacles__rosidl_typesupport_introspection_c.h
[3.939s] -- Up-to-date: /home/alexmin9/Desktop/TCI_AERO/ws_drones/install/my_custom_interfaces/include/my_custom_interfaces/my_custom_interfaces/srv
[3.939s] -- Up-to-date: /home/alexmin9/Desktop/TCI_AERO/ws_drones/install/my_custom_interfaces/include/my_custom_interfaces/my_custom_interfaces/srv/detail
[3.939s] -- Installing: /home/alexmin9/Desktop/TCI_AERO/ws_drones/install/my_custom_interfaces/include/my_custom_interfaces/my_custom_interfaces/srv/detail/position3_d__rosidl_typesupport_introspection_c.h
[3.939s] -- Up-to-date: /home/alexmin9/Desktop/TCI_AERO/ws_drones/install/my_custom_interfaces/include/my_custom_interfaces/my_custom_interfaces/srv/detail/position3_d__type_support.c
[3.940s] -- Installing: /home/alexmin9/Desktop/TCI_AERO/ws_drones/install/my_custom_interfaces/lib/libmy_custom_interfaces__rosidl_typesupport_introspection_c.so
[3.940s] -- Set non-toolchain portion of runtime path of "/home/alexmin9/Desktop/TCI_AERO/ws_drones/install/my_custom_interfaces/lib/libmy_custom_interfaces__rosidl_typesupport_introspection_c.so" to ""
[3.940s] -- Installing: /home/alexmin9/Desktop/TCI_AERO/ws_drones/install/my_custom_interfaces/lib/libmy_custom_interfaces__rosidl_typesupport_c.so
[3.940s] -- Set non-toolchain portion of runtime path of "/home/alexmin9/Desktop/TCI_AERO/ws_drones/install/my_custom_interfaces/lib/libmy_custom_interfaces__rosidl_typesupport_c.so" to ""
[3.940s] -- Up-to-date: /home/alexmin9/Desktop/TCI_AERO/ws_drones/install/my_custom_interfaces/include/my_custom_interfaces/my_custom_interfaces
[3.940s] -- Up-to-date: /home/alexmin9/Desktop/TCI_AERO/ws_drones/install/my_custom_interfaces/include/my_custom_interfaces/my_custom_interfaces/msg
[3.940s] -- Installing: /home/alexmin9/Desktop/TCI_AERO/ws_drones/install/my_custom_interfaces/include/my_custom_interfaces/my_custom_interfaces/msg/pos_obstacles.hpp
[3.940s] -- Installing: /home/alexmin9/Desktop/TCI_AERO/ws_drones/install/my_custom_interfaces/include/my_custom_interfaces/my_custom_interfaces/msg/rosidl_generator_cpp__visibility_control.hpp
[3.940s] -- Up-to-date: /home/alexmin9/Desktop/TCI_AERO/ws_drones/install/my_custom_interfaces/include/my_custom_interfaces/my_custom_interfaces/msg/detail
[3.940s] -- Installing: /home/alexmin9/Desktop/TCI_AERO/ws_drones/install/my_custom_interfaces/include/my_custom_interfaces/my_custom_interfaces/msg/detail/pos_obstacles__type_support.hpp
[3.940s] -- Installing: /home/alexmin9/Desktop/TCI_AERO/ws_drones/install/my_custom_interfaces/include/my_custom_interfaces/my_custom_interfaces/msg/detail/pos_obstacles__traits.hpp
[3.941s] -- Installing: /home/alexmin9/Desktop/TCI_AERO/ws_drones/install/my_custom_interfaces/include/my_custom_interfaces/my_custom_interfaces/msg/detail/pos_obstacles__builder.hpp
[3.941s] -- Installing: /home/alexmin9/Desktop/TCI_AERO/ws_drones/install/my_custom_interfaces/include/my_custom_interfaces/my_custom_interfaces/msg/detail/pos_obstacles__struct.hpp
[3.941s] -- Up-to-date: /home/alexmin9/Desktop/TCI_AERO/ws_drones/install/my_custom_interfaces/include/my_custom_interfaces/my_custom_interfaces/srv
[3.941s] -- Installing: /home/alexmin9/Desktop/TCI_AERO/ws_drones/install/my_custom_interfaces/include/my_custom_interfaces/my_custom_interfaces/srv/position3_d.hpp
[3.941s] -- Up-to-date: /home/alexmin9/Desktop/TCI_AERO/ws_drones/install/my_custom_interfaces/include/my_custom_interfaces/my_custom_interfaces/srv/detail
[3.941s] -- Installing: /home/alexmin9/Desktop/TCI_AERO/ws_drones/install/my_custom_interfaces/include/my_custom_interfaces/my_custom_interfaces/srv/detail/position3_d__traits.hpp
[3.941s] -- Installing: /home/alexmin9/Desktop/TCI_AERO/ws_drones/install/my_custom_interfaces/include/my_custom_interfaces/my_custom_interfaces/srv/detail/position3_d__struct.hpp
[3.941s] -- Installing: /home/alexmin9/Desktop/TCI_AERO/ws_drones/install/my_custom_interfaces/include/my_custom_interfaces/my_custom_interfaces/srv/detail/position3_d__builder.hpp
[3.941s] -- Installing: /home/alexmin9/Desktop/TCI_AERO/ws_drones/install/my_custom_interfaces/include/my_custom_interfaces/my_custom_interfaces/srv/detail/position3_d__type_support.hpp
[3.941s] -- Up-to-date: /home/alexmin9/Desktop/TCI_AERO/ws_drones/install/my_custom_interfaces/include/my_custom_interfaces/my_custom_interfaces
[3.941s] -- Up-to-date: /home/alexmin9/Desktop/TCI_AERO/ws_drones/install/my_custom_interfaces/include/my_custom_interfaces/my_custom_interfaces/msg
[3.941s] -- Installing: /home/alexmin9/Desktop/TCI_AERO/ws_drones/install/my_custom_interfaces/include/my_custom_interfaces/my_custom_interfaces/msg/rosidl_typesupport_fastrtps_cpp__visibility_control.h
[3.941s] -- Up-to-date: /home/alexmin9/Desktop/TCI_AERO/ws_drones/install/my_custom_interfaces/include/my_custom_interfaces/my_custom_interfaces/msg/detail
[3.941s] -- Installing: /home/alexmin9/Desktop/TCI_AERO/ws_drones/install/my_custom_interfaces/include/my_custom_interfaces/my_custom_interfaces/msg/detail/pos_obstacles__rosidl_typesupport_fastrtps_cpp.hpp
[3.941s] -- Installing: /home/alexmin9/Desktop/TCI_AERO/ws_drones/install/my_custom_interfaces/include/my_custom_interfaces/my_custom_interfaces/msg/detail/dds_fastrtps
[3.941s] -- Up-to-date: /home/alexmin9/Desktop/TCI_AERO/ws_drones/install/my_custom_interfaces/include/my_custom_interfaces/my_custom_interfaces/srv
[3.941s] -- Up-to-date: /home/alexmin9/Desktop/TCI_AERO/ws_drones/install/my_custom_interfaces/include/my_custom_interfaces/my_custom_interfaces/srv/detail
[3.941s] -- Installing: /home/alexmin9/Desktop/TCI_AERO/ws_drones/install/my_custom_interfaces/include/my_custom_interfaces/my_custom_interfaces/srv/detail/position3_d__rosidl_typesupport_fastrtps_cpp.hpp
[3.941s] -- Installing: /home/alexmin9/Desktop/TCI_AERO/ws_drones/install/my_custom_interfaces/include/my_custom_interfaces/my_custom_interfaces/srv/detail/dds_fastrtps
[3.942s] -- Installing: /home/alexmin9/Desktop/TCI_AERO/ws_drones/install/my_custom_interfaces/lib/libmy_custom_interfaces__rosidl_typesupport_fastrtps_cpp.so
[3.942s] -- Set non-toolchain portion of runtime path of "/home/alexmin9/Desktop/TCI_AERO/ws_drones/install/my_custom_interfaces/lib/libmy_custom_interfaces__rosidl_typesupport_fastrtps_cpp.so" to ""
[3.942s] -- Up-to-date: /home/alexmin9/Desktop/TCI_AERO/ws_drones/install/my_custom_interfaces/include/my_custom_interfaces/my_custom_interfaces
[3.942s] -- Up-to-date: /home/alexmin9/Desktop/TCI_AERO/ws_drones/install/my_custom_interfaces/include/my_custom_interfaces/my_custom_interfaces/msg
[3.942s] -- Up-to-date: /home/alexmin9/Desktop/TCI_AERO/ws_drones/install/my_custom_interfaces/include/my_custom_interfaces/my_custom_interfaces/msg/detail
[3.942s] -- Installing: /home/alexmin9/Desktop/TCI_AERO/ws_drones/install/my_custom_interfaces/include/my_custom_interfaces/my_custom_interfaces/msg/detail/pos_obstacles__type_support.cpp
[3.942s] -- Installing: /home/alexmin9/Desktop/TCI_AERO/ws_drones/install/my_custom_interfaces/include/my_custom_interfaces/my_custom_interfaces/msg/detail/pos_obstacles__rosidl_typesupport_introspection_cpp.hpp
[3.942s] -- Up-to-date: /home/alexmin9/Desktop/TCI_AERO/ws_drones/install/my_custom_interfaces/include/my_custom_interfaces/my_custom_interfaces/srv
[3.942s] -- Up-to-date: /home/alexmin9/Desktop/TCI_AERO/ws_drones/install/my_custom_interfaces/include/my_custom_interfaces/my_custom_interfaces/srv/detail
[3.942s] -- Installing: /home/alexmin9/Desktop/TCI_AERO/ws_drones/install/my_custom_interfaces/include/my_custom_interfaces/my_custom_interfaces/srv/detail/position3_d__type_support.cpp
[3.942s] -- Installing: /home/alexmin9/Desktop/TCI_AERO/ws_drones/install/my_custom_interfaces/include/my_custom_interfaces/my_custom_interfaces/srv/detail/position3_d__rosidl_typesupport_introspection_cpp.hpp
[3.942s] -- Installing: /home/alexmin9/Desktop/TCI_AERO/ws_drones/install/my_custom_interfaces/lib/libmy_custom_interfaces__rosidl_typesupport_introspection_cpp.so
[3.943s] -- Set non-toolchain portion of runtime path of "/home/alexmin9/Desktop/TCI_AERO/ws_drones/install/my_custom_interfaces/lib/libmy_custom_interfaces__rosidl_typesupport_introspection_cpp.so" to ""
[3.943s] -- Installing: /home/alexmin9/Desktop/TCI_AERO/ws_drones/install/my_custom_interfaces/lib/libmy_custom_interfaces__rosidl_typesupport_cpp.so
[3.943s] -- Set non-toolchain portion of runtime path of "/home/alexmin9/Desktop/TCI_AERO/ws_drones/install/my_custom_interfaces/lib/libmy_custom_interfaces__rosidl_typesupport_cpp.so" to ""
[3.943s] -- Installing: /home/alexmin9/Desktop/TCI_AERO/ws_drones/install/my_custom_interfaces/share/my_custom_interfaces/environment/pythonpath.sh
[3.943s] -- Installing: /home/alexmin9/Desktop/TCI_AERO/ws_drones/install/my_custom_interfaces/share/my_custom_interfaces/environment/pythonpath.dsv
[3.943s] -- Installing: /home/alexmin9/Desktop/TCI_AERO/ws_drones/install/my_custom_interfaces/lib/python3.12/site-packages/my_custom_interfaces-0.0.0-py3.12.egg-info
[3.943s] -- Installing: /home/alexmin9/Desktop/TCI_AERO/ws_drones/install/my_custom_interfaces/lib/python3.12/site-packages/my_custom_interfaces-0.0.0-py3.12.egg-info/top_level.txt
[3.944s] -- Installing: /home/alexmin9/Desktop/TCI_AERO/ws_drones/install/my_custom_interfaces/lib/python3.12/site-packages/my_custom_interfaces-0.0.0-py3.12.egg-info/dependency_links.txt
[3.944s] -- Installing: /home/alexmin9/Desktop/TCI_AERO/ws_drones/install/my_custom_interfaces/lib/python3.12/site-packages/my_custom_interfaces-0.0.0-py3.12.egg-info/PKG-INFO
[3.944s] -- Installing: /home/alexmin9/Desktop/TCI_AERO/ws_drones/install/my_custom_interfaces/lib/python3.12/site-packages/my_custom_interfaces-0.0.0-py3.12.egg-info/SOURCES.txt
[3.944s] -- Installing: /home/alexmin9/Desktop/TCI_AERO/ws_drones/install/my_custom_interfaces/lib/python3.12/site-packages/my_custom_interfaces
[3.944s] -- Installing: /home/alexmin9/Desktop/TCI_AERO/ws_drones/install/my_custom_interfaces/lib/python3.12/site-packages/my_custom_interfaces/my_custom_interfaces_s__rosidl_typesupport_c.so
[3.944s] -- Installing: /home/alexmin9/Desktop/TCI_AERO/ws_drones/install/my_custom_interfaces/lib/python3.12/site-packages/my_custom_interfaces/_my_custom_interfaces_s.ep.rosidl_typesupport_introspection_c.c
[3.944s] -- Installing: /home/alexmin9/Desktop/TCI_AERO/ws_drones/install/my_custom_interfaces/lib/python3.12/site-packages/my_custom_interfaces/my_custom_interfaces_s__rosidl_typesupport_fastrtps_c.so
[3.944s] -- Installing: /home/alexmin9/Desktop/TCI_AERO/ws_drones/install/my_custom_interfaces/lib/python3.12/site-packages/my_custom_interfaces/msg
[3.944s] -- Installing: /home/alexmin9/Desktop/TCI_AERO/ws_drones/install/my_custom_interfaces/lib/python3.12/site-packages/my_custom_interfaces/msg/_pos_obstacles.py
[3.944s] -- Installing: /home/alexmin9/Desktop/TCI_AERO/ws_drones/install/my_custom_interfaces/lib/python3.12/site-packages/my_custom_interfaces/msg/__init__.py
[3.944s] -- Installing: /home/alexmin9/Desktop/TCI_AERO/ws_drones/install/my_custom_interfaces/lib/python3.12/site-packages/my_custom_interfaces/msg/_pos_obstacles_s.c
[3.944s] -- Installing: /home/alexmin9/Desktop/TCI_AERO/ws_drones/install/my_custom_interfaces/lib/python3.12/site-packages/my_custom_interfaces/my_custom_interfaces_s__rosidl_typesupport_introspection_c.so
[3.945s] -- Installing: /home/alexmin9/Desktop/TCI_AERO/ws_drones/install/my_custom_interfaces/lib/python3.12/site-packages/my_custom_interfaces/_my_custom_interfaces_s.ep.rosidl_typesupport_fastrtps_c.c
[3.945s] -- Installing: /home/alexmin9/Desktop/TCI_AERO/ws_drones/install/my_custom_interfaces/lib/python3.12/site-packages/my_custom_interfaces/srv
[3.945s] -- Installing: /home/alexmin9/Desktop/TCI_AERO/ws_drones/install/my_custom_interfaces/lib/python3.12/site-packages/my_custom_interfaces/srv/_position3_d.py
[3.945s] -- Installing: /home/alexmin9/Desktop/TCI_AERO/ws_drones/install/my_custom_interfaces/lib/python3.12/site-packages/my_custom_interfaces/srv/_position3_d_s.c
[3.945s] -- Installing: /home/alexmin9/Desktop/TCI_AERO/ws_drones/install/my_custom_interfaces/lib/python3.12/site-packages/my_custom_interfaces/srv/__init__.py
[3.945s] -- Installing: /home/alexmin9/Desktop/TCI_AERO/ws_drones/install/my_custom_interfaces/lib/python3.12/site-packages/my_custom_interfaces/__init__.py
[3.945s] -- Installing: /home/alexmin9/Desktop/TCI_AERO/ws_drones/install/my_custom_interfaces/lib/python3.12/site-packages/my_custom_interfaces/_my_custom_interfaces_s.ep.rosidl_typesupport_c.c
[3.975s] Listing '/home/alexmin9/Desktop/TCI_AERO/ws_drones/install/my_custom_interfaces/lib/python3.12/site-packages/my_custom_interfaces'...
[3.975s] Compiling '/home/alexmin9/Desktop/TCI_AERO/ws_drones/install/my_custom_interfaces/lib/python3.12/site-packages/my_custom_interfaces/__init__.py'...
[3.975s] Listing '/home/alexmin9/Desktop/TCI_AERO/ws_drones/install/my_custom_interfaces/lib/python3.12/site-packages/my_custom_interfaces/msg'...
[3.975s] Compiling '/home/alexmin9/Desktop/TCI_AERO/ws_drones/install/my_custom_interfaces/lib/python3.12/site-packages/my_custom_interfaces/msg/__init__.py'...
[3.975s] Compiling '/home/alexmin9/Desktop/TCI_AERO/ws_drones/install/my_custom_interfaces/lib/python3.12/site-packages/my_custom_interfaces/msg/_pos_obstacles.py'...
[3.975s] Listing '/home/alexmin9/Desktop/TCI_AERO/ws_drones/install/my_custom_interfaces/lib/python3.12/site-packages/my_custom_interfaces/srv'...
[3.975s] Compiling '/home/alexmin9/Desktop/TCI_AERO/ws_drones/install/my_custom_interfaces/lib/python3.12/site-packages/my_custom_interfaces/srv/__init__.py'...
[3.975s] Compiling '/home/alexmin9/Desktop/TCI_AERO/ws_drones/install/my_custom_interfaces/lib/python3.12/site-packages/my_custom_interfaces/srv/_position3_d.py'...
[3.978s] -- Installing: /home/alexmin9/Desktop/TCI_AERO/ws_drones/install/my_custom_interfaces/lib/python3.12/site-packages/my_custom_interfaces/my_custom_interfaces_s__rosidl_typesupport_fastrtps_c.so
[3.978s] -- Set non-toolchain portion of runtime path of "/home/alexmin9/Desktop/TCI_AERO/ws_drones/install/my_custom_interfaces/lib/python3.12/site-packages/my_custom_interfaces/my_custom_interfaces_s__rosidl_typesupport_fastrtps_c.so" to ""
[3.979s] -- Installing: /home/alexmin9/Desktop/TCI_AERO/ws_drones/install/my_custom_interfaces/lib/python3.12/site-packages/my_custom_interfaces/my_custom_interfaces_s__rosidl_typesupport_introspection_c.so
[3.979s] -- Set non-toolchain portion of runtime path of "/home/alexmin9/Desktop/TCI_AERO/ws_drones/install/my_custom_interfaces/lib/python3.12/site-packages/my_custom_interfaces/my_custom_interfaces_s__rosidl_typesupport_introspection_c.so" to ""
[3.979s] -- Installing: /home/alexmin9/Desktop/TCI_AERO/ws_drones/install/my_custom_interfaces/lib/python3.12/site-packages/my_custom_interfaces/my_custom_interfaces_s__rosidl_typesupport_c.so
[3.979s] -- Set non-toolchain portion of runtime path of "/home/alexmin9/Desktop/TCI_AERO/ws_drones/install/my_custom_interfaces/lib/python3.12/site-packages/my_custom_interfaces/my_custom_interfaces_s__rosidl_typesupport_c.so" to ""
[3.979s] -- Installing: /home/alexmin9/Desktop/TCI_AERO/ws_drones/install/my_custom_interfaces/lib/libmy_custom_interfaces__rosidl_generator_py.so
[3.980s] -- Set non-toolchain portion of runtime path of "/home/alexmin9/Desktop/TCI_AERO/ws_drones/install/my_custom_interfaces/lib/libmy_custom_interfaces__rosidl_generator_py.so" to ""
[3.980s] -- Installing: /home/alexmin9/Desktop/TCI_AERO/ws_drones/install/my_custom_interfaces/share/my_custom_interfaces/srv/Position3D.idl
[3.980s] -- Installing: /home/alexmin9/Desktop/TCI_AERO/ws_drones/install/my_custom_interfaces/share/my_custom_interfaces/msg/PosObstacles.idl
[3.980s] -- Installing: /home/alexmin9/Desktop/TCI_AERO/ws_drones/install/my_custom_interfaces/share/my_custom_interfaces/srv/Position3D.srv
[3.980s] -- Installing: /home/alexmin9/Desktop/TCI_AERO/ws_drones/install/my_custom_interfaces/share/my_custom_interfaces/msg/PosObstacles.msg
[3.980s] -- Installing: /home/alexmin9/Desktop/TCI_AERO/ws_drones/install/my_custom_interfaces/share/ament_index/resource_index/package_run_dependencies/my_custom_interfaces
[3.980s] -- Installing: /home/alexmin9/Desktop/TCI_AERO/ws_drones/install/my_custom_interfaces/share/ament_index/resource_index/parent_prefix_path/my_custom_interfaces
[3.980s] -- Installing: /home/alexmin9/Desktop/TCI_AERO/ws_drones/install/my_custom_interfaces/share/my_custom_interfaces/environment/ament_prefix_path.sh
[3.980s] -- Installing: /home/alexmin9/Desktop/TCI_AERO/ws_drones/install/my_custom_interfaces/share/my_custom_interfaces/environment/ament_prefix_path.dsv
[3.981s] -- Installing: /home/alexmin9/Desktop/TCI_AERO/ws_drones/install/my_custom_interfaces/share/my_custom_interfaces/environment/path.sh
[3.981s] -- Installing: /home/alexmin9/Desktop/TCI_AERO/ws_drones/install/my_custom_interfaces/share/my_custom_interfaces/environment/path.dsv
[3.981s] -- Installing: /home/alexmin9/Desktop/TCI_AERO/ws_drones/install/my_custom_interfaces/share/my_custom_interfaces/local_setup.bash
[3.981s] -- Installing: /home/alexmin9/Desktop/TCI_AERO/ws_drones/install/my_custom_interfaces/share/my_custom_interfaces/local_setup.sh
[3.981s] -- Installing: /home/alexmin9/Desktop/TCI_AERO/ws_drones/install/my_custom_interfaces/share/my_custom_interfaces/local_setup.zsh
[3.981s] -- Installing: /home/alexmin9/Desktop/TCI_AERO/ws_drones/install/my_custom_interfaces/share/my_custom_interfaces/local_setup.dsv
[3.981s] -- Installing: /home/alexmin9/Desktop/TCI_AERO/ws_drones/install/my_custom_interfaces/share/my_custom_interfaces/package.dsv
[3.981s] -- Installing: /home/alexmin9/Desktop/TCI_AERO/ws_drones/install/my_custom_interfaces/share/ament_index/resource_index/packages/my_custom_interfaces
[3.981s] -- Installing: /home/alexmin9/Desktop/TCI_AERO/ws_drones/install/my_custom_interfaces/share/my_custom_interfaces/cmake/export_my_custom_interfaces__rosidl_generator_cExport.cmake
[3.981s] -- Installing: /home/alexmin9/Desktop/TCI_AERO/ws_drones/install/my_custom_interfaces/share/my_custom_interfaces/cmake/export_my_custom_interfaces__rosidl_generator_cExport-noconfig.cmake
[3.982s] -- Installing: /home/alexmin9/Desktop/TCI_AERO/ws_drones/install/my_custom_interfaces/share/my_custom_interfaces/cmake/export_my_custom_interfaces__rosidl_typesupport_fastrtps_cExport.cmake
[3.982s] -- Installing: /home/alexmin9/Desktop/TCI_AERO/ws_drones/install/my_custom_interfaces/share/my_custom_interfaces/cmake/export_my_custom_interfaces__rosidl_typesupport_fastrtps_cExport-noconfig.cmake
[3.982s] -- Installing: /home/alexmin9/Desktop/TCI_AERO/ws_drones/install/my_custom_interfaces/share/my_custom_interfaces/cmake/my_custom_interfaces__rosidl_typesupport_introspection_cExport.cmake
[3.982s] -- Installing: /home/alexmin9/Desktop/TCI_AERO/ws_drones/install/my_custom_interfaces/share/my_custom_interfaces/cmake/my_custom_interfaces__rosidl_typesupport_introspection_cExport-noconfig.cmake
[3.982s] -- Installing: /home/alexmin9/Desktop/TCI_AERO/ws_drones/install/my_custom_interfaces/share/my_custom_interfaces/cmake/my_custom_interfaces__rosidl_typesupport_cExport.cmake
[3.982s] -- Installing: /home/alexmin9/Desktop/TCI_AERO/ws_drones/install/my_custom_interfaces/share/my_custom_interfaces/cmake/my_custom_interfaces__rosidl_typesupport_cExport-noconfig.cmake
[3.982s] -- Installing: /home/alexmin9/Desktop/TCI_AERO/ws_drones/install/my_custom_interfaces/share/my_custom_interfaces/cmake/export_my_custom_interfaces__rosidl_generator_cppExport.cmake
[3.982s] -- Installing: /home/alexmin9/Desktop/TCI_AERO/ws_drones/install/my_custom_interfaces/share/my_custom_interfaces/cmake/export_my_custom_interfaces__rosidl_typesupport_fastrtps_cppExport.cmake
[3.982s] -- Installing: /home/alexmin9/Desktop/TCI_AERO/ws_drones/install/my_custom_interfaces/share/my_custom_interfaces/cmake/export_my_custom_interfaces__rosidl_typesupport_fastrtps_cppExport-noconfig.cmake
[3.982s] -- Installing: /home/alexmin9/Desktop/TCI_AERO/ws_drones/install/my_custom_interfaces/share/my_custom_interfaces/cmake/my_custom_interfaces__rosidl_typesupport_introspection_cppExport.cmake
[3.982s] -- Installing: /home/alexmin9/Desktop/TCI_AERO/ws_drones/install/my_custom_interfaces/share/my_custom_interfaces/cmake/my_custom_interfaces__rosidl_typesupport_introspection_cppExport-noconfig.cmake
[3.983s] -- Installing: /home/alexmin9/Desktop/TCI_AERO/ws_drones/install/my_custom_interfaces/share/my_custom_interfaces/cmake/my_custom_interfaces__rosidl_typesupport_cppExport.cmake
[3.983s] -- Installing: /home/alexmin9/Desktop/TCI_AERO/ws_drones/install/my_custom_interfaces/share/my_custom_interfaces/cmake/my_custom_interfaces__rosidl_typesupport_cppExport-noconfig.cmake
[3.983s] -- Installing: /home/alexmin9/Desktop/TCI_AERO/ws_drones/install/my_custom_interfaces/share/my_custom_interfaces/cmake/export_my_custom_interfaces__rosidl_generator_pyExport.cmake
[3.983s] -- Installing: /home/alexmin9/Desktop/TCI_AERO/ws_drones/install/my_custom_interfaces/share/my_custom_interfaces/cmake/export_my_custom_interfaces__rosidl_generator_pyExport-noconfig.cmake
[3.983s] -- Installing: /home/alexmin9/Desktop/TCI_AERO/ws_drones/install/my_custom_interfaces/share/my_custom_interfaces/cmake/rosidl_cmake-extras.cmake
[3.983s] -- Installing: /home/alexmin9/Desktop/TCI_AERO/ws_drones/install/my_custom_interfaces/share/my_custom_interfaces/cmake/ament_cmake_export_dependencies-extras.cmake
[3.983s] -- Installing: /home/alexmin9/Desktop/TCI_AERO/ws_drones/install/my_custom_interfaces/share/my_custom_interfaces/cmake/ament_cmake_export_include_directories-extras.cmake
[3.983s] -- Installing: /home/alexmin9/Desktop/TCI_AERO/ws_drones/install/my_custom_interfaces/share/my_custom_interfaces/cmake/ament_cmake_export_libraries-extras.cmake
[3.983s] -- Installing: /home/alexmin9/Desktop/TCI_AERO/ws_drones/install/my_custom_interfaces/share/my_custom_interfaces/cmake/ament_cmake_export_targets-extras.cmake
[3.983s] -- Installing: /home/alexmin9/Desktop/TCI_AERO/ws_drones/install/my_custom_interfaces/share/my_custom_interfaces/cmake/rosidl_cmake_export_typesupport_targets-extras.cmake
[3.984s] -- Installing: /home/alexmin9/Desktop/TCI_AERO/ws_drones/install/my_custom_interfaces/share/my_custom_interfaces/cmake/rosidl_cmake_export_typesupport_libraries-extras.cmake
[3.984s] -- Installing: /home/alexmin9/Desktop/TCI_AERO/ws_drones/install/my_custom_interfaces/share/my_custom_interfaces/cmake/my_custom_interfacesConfig.cmake
[3.984s] -- Installing: /home/alexmin9/Desktop/TCI_AERO/ws_drones/install/my_custom_interfaces/share/my_custom_interfaces/cmake/my_custom_interfacesConfig-version.cmake
[3.984s] -- Installing: /home/alexmin9/Desktop/TCI_AERO/ws_drones/install/my_custom_interfaces/share/my_custom_interfaces/package.xml
[3.986s] Invoked command in '/home/alexmin9/Desktop/TCI_AERO/ws_drones/build/my_custom_interfaces' returned '0': CMAKE_PREFIX_PATH=${CMAKE_PREFIX_PATH}:/home/alexmin9/Desktop/TCI_AERO/ws_drones/install/tortues:/home/alexmin9/Desktop/TCI_AERO/ws_drones/install/pid_control:/home/alexmin9/Desktop/TCI_AERO/ws_drones/install/fusion_CP_Consensus:/home/alexmin9/Desktop/TCI_AERO/ws_drones/install/crazyflie:/home/alexmin9/Desktop/TCI_AERO/ws_simu/install/webots_ros2:/home/alexmin9/Desktop/TCI_AERO/ws_simu/install/webots_ros2_universal_robot:/home/alexmin9/Desktop/TCI_AERO/ws_simu/install/webots_ros2_turtlebot:/home/alexmin9/Desktop/TCI_AERO/ws_simu/install/webots_ros2_tiago:/home/alexmin9/Desktop/TCI_AERO/ws_simu/install/webots_ros2_tests:/home/alexmin9/Desktop/TCI_AERO/ws_simu/install/webots_ros2_tesla:/home/alexmin9/Desktop/TCI_AERO/ws_simu/install/webots_ros2_mavic:/home/alexmin9/Desktop/TCI_AERO/ws_simu/install/webots_ros2_husarion:/home/alexmin9/Desktop/TCI_AERO/ws_simu/install/webots_ros2_epuck:/home/alexmin9/Desktop/TCI_AERO/ws_simu/install/webots_ros2_crazyflie:/home/alexmin9/Desktop/TCI_AERO/ws_simu/install/webots_ros2_importer:/home/alexmin9/Desktop/TCI_AERO/ws_simu/install/tortues:/home/alexmin9/Desktop/TCI_AERO/ws_simu/install/swarm_package:/home/alexmin9/Desktop/TCI_AERO/ws_simu/install/my_package:/opt/ros/kilted DEBUGINFOD_URLS=https://debuginfod.ubuntu.com PS1=\[\e]0;\u@\h: \w\a\]${debian_chroot:+($debian_chroot)}\[\033[01;32m\]\u@\h\[\033[00m\]:\[\033[01;34m\]\w\[\033[00m\]\$ /usr/bin/cmake --install /home/alexmin9/Desktop/TCI_AERO/ws_drones/build/my_custom_interfaces
