[0.086s] DEBUG:colcon:Command line arguments: ['/usr/bin/colcon', 'build', '--packages-skip-regex', 'webots_ros2.*']
[0.086s] DEBUG:colcon:Parsed command line arguments: Namespace(log_base=None, log_level=None, verb_name='build', build_base='build', install_base='install', merge_install=False, symlink_install=False, test_result_base=None, continue_on_error=False, executor='parallel', parallel_workers=32, event_handlers=None, ignore_user_meta=False, metas=['./colcon.meta'], base_paths=['.'], packages_ignore=None, packages_ignore_regex=None, paths=None, packages_up_to=None, packages_up_to_regex=None, packages_above=None, packages_above_and_dependencies=None, packages_above_depth=None, packages_select_by_dep=None, packages_skip_by_dep=None, packages_skip_up_to=None, packages_select_build_failed=False, packages_skip_build_finished=False, packages_select_test_failures=False, packages_skip_test_passed=False, packages_select=None, packages_skip=None, packages_select_regex=None, packages_skip_regex=[re.compile('webots_ros2.*')], packages_start=None, packages_end=None, allow_overriding=[], cmake_args=None, cmake_target=None, cmake_target_skip_unavailable=False, cmake_clean_cache=False, cmake_clean_first=False, cmake_force_configure=False, ament_cmake_args=None, catkin_cmake_args=None, catkin_skip_building_tests=False, mixin_files=None, mixin=None, verb_parser=<colcon_mixin.mixin.mixin_argument.MixinArgumentDecorator object at 0x7e0d9fbcc530>, verb_extension=<colcon_core.verb.build.BuildVerb object at 0x7e0d9fb42ff0>, main=<bound method BuildVerb.main of <colcon_core.verb.build.BuildVerb object at 0x7e0d9fb42ff0>>, mixin_verb=('build',))
[0.116s] Level 1:colcon.colcon_core.package_discovery:discover_packages(colcon_meta) check parameters
[0.116s] Level 1:colcon.colcon_core.package_discovery:discover_packages(recursive) check parameters
[0.116s] Level 1:colcon.colcon_core.package_discovery:discover_packages(ignore) check parameters
[0.116s] Level 1:colcon.colcon_core.package_discovery:discover_packages(path) check parameters
[0.117s] Level 1:colcon.colcon_core.package_discovery:discover_packages(colcon_meta) discover
[0.117s] Level 1:colcon.colcon_core.package_discovery:discover_packages(recursive) discover
[0.117s] INFO:colcon.colcon_core.package_discovery:Crawling recursively for packages in '/home/alexmin9/Desktop/TCI_AERO/ws_drones'
[0.117s] Level 1:colcon.colcon_core.package_identification:_identify(.) by extensions ['ignore', 'ignore_ament_install']
[0.117s] Level 1:colcon.colcon_core.package_identification:_identify(.) by extension 'ignore'
[0.117s] Level 1:colcon.colcon_core.package_identification:_identify(.) by extension 'ignore_ament_install'
[0.117s] Level 1:colcon.colcon_core.package_identification:_identify(.) by extensions ['colcon_pkg']
[0.117s] Level 1:colcon.colcon_core.package_identification:_identify(.) by extension 'colcon_pkg'
[0.117s] Level 1:colcon.colcon_core.package_identification:_identify(.) by extensions ['colcon_meta']
[0.117s] Level 1:colcon.colcon_core.package_identification:_identify(.) by extension 'colcon_meta'
[0.117s] Level 1:colcon.colcon_core.package_identification:_identify(.) by extensions ['ros']
[0.117s] Level 1:colcon.colcon_core.package_identification:_identify(.) by extension 'ros'
[0.136s] Level 1:colcon.colcon_core.package_identification:_identify(.) by extensions ['cmake', 'python']
[0.136s] Level 1:colcon.colcon_core.package_identification:_identify(.) by extension 'cmake'
[0.136s] Level 1:colcon.colcon_core.package_identification:_identify(.) by extension 'python'
[0.136s] Level 1:colcon.colcon_core.package_identification:_identify(.) by extensions ['python_setup_py']
[0.136s] Level 1:colcon.colcon_core.package_identification:_identify(.) by extension 'python_setup_py'
[0.137s] Level 1:colcon.colcon_core.package_identification:_identify(build) by extensions ['ignore', 'ignore_ament_install']
[0.137s] Level 1:colcon.colcon_core.package_identification:_identify(build) by extension 'ignore'
[0.137s] Level 1:colcon.colcon_core.package_identification:_identify(build) ignored
[0.137s] Level 1:colcon.colcon_core.package_identification:_identify(install) by extensions ['ignore', 'ignore_ament_install']
[0.137s] Level 1:colcon.colcon_core.package_identification:_identify(install) by extension 'ignore'
[0.137s] Level 1:colcon.colcon_core.package_identification:_identify(install) ignored
[0.137s] Level 1:colcon.colcon_core.package_identification:_identify(log) by extensions ['ignore', 'ignore_ament_install']
[0.137s] Level 1:colcon.colcon_core.package_identification:_identify(log) by extension 'ignore'
[0.137s] Level 1:colcon.colcon_core.package_identification:_identify(log) ignored
[0.137s] Level 1:colcon.colcon_core.package_identification:_identify(src) by extensions ['ignore', 'ignore_ament_install']
[0.137s] Level 1:colcon.colcon_core.package_identification:_identify(src) by extension 'ignore'
[0.137s] Level 1:colcon.colcon_core.package_identification:_identify(src) by extension 'ignore_ament_install'
[0.137s] Level 1:colcon.colcon_core.package_identification:_identify(src) by extensions ['colcon_pkg']
[0.137s] Level 1:colcon.colcon_core.package_identification:_identify(src) by extension 'colcon_pkg'
[0.137s] Level 1:colcon.colcon_core.package_identification:_identify(src) by extensions ['colcon_meta']
[0.137s] Level 1:colcon.colcon_core.package_identification:_identify(src) by extension 'colcon_meta'
[0.137s] Level 1:colcon.colcon_core.package_identification:_identify(src) by extensions ['ros']
[0.137s] Level 1:colcon.colcon_core.package_identification:_identify(src) by extension 'ros'
[0.137s] Level 1:colcon.colcon_core.package_identification:_identify(src) by extensions ['cmake', 'python']
[0.137s] Level 1:colcon.colcon_core.package_identification:_identify(src) by extension 'cmake'
[0.137s] Level 1:colcon.colcon_core.package_identification:_identify(src) by extension 'python'
[0.137s] Level 1:colcon.colcon_core.package_identification:_identify(src) by extensions ['python_setup_py']
[0.137s] Level 1:colcon.colcon_core.package_identification:_identify(src) by extension 'python_setup_py'
[0.137s] Level 1:colcon.colcon_core.package_identification:_identify(src/crazyflie) by extensions ['ignore', 'ignore_ament_install']
[0.138s] Level 1:colcon.colcon_core.package_identification:_identify(src/crazyflie) by extension 'ignore'
[0.138s] Level 1:colcon.colcon_core.package_identification:_identify(src/crazyflie) by extension 'ignore_ament_install'
[0.138s] Level 1:colcon.colcon_core.package_identification:_identify(src/crazyflie) by extensions ['colcon_pkg']
[0.138s] Level 1:colcon.colcon_core.package_identification:_identify(src/crazyflie) by extension 'colcon_pkg'
[0.138s] Level 1:colcon.colcon_core.package_identification:_identify(src/crazyflie) by extensions ['colcon_meta']
[0.138s] Level 1:colcon.colcon_core.package_identification:_identify(src/crazyflie) by extension 'colcon_meta'
[0.138s] Level 1:colcon.colcon_core.package_identification:_identify(src/crazyflie) by extensions ['ros']
[0.138s] Level 1:colcon.colcon_core.package_identification:_identify(src/crazyflie) by extension 'ros'
[0.140s] DEBUG:colcon.colcon_core.package_identification:Package 'src/crazyflie' with type 'ros.ament_python' and name 'crazyflie'
[0.140s] Level 1:colcon.colcon_core.package_identification:_identify(src/fusion_CP_Consensus) by extensions ['ignore', 'ignore_ament_install']
[0.140s] Level 1:colcon.colcon_core.package_identification:_identify(src/fusion_CP_Consensus) by extension 'ignore'
[0.140s] Level 1:colcon.colcon_core.package_identification:_identify(src/fusion_CP_Consensus) by extension 'ignore_ament_install'
[0.140s] Level 1:colcon.colcon_core.package_identification:_identify(src/fusion_CP_Consensus) by extensions ['colcon_pkg']
[0.140s] Level 1:colcon.colcon_core.package_identification:_identify(src/fusion_CP_Consensus) by extension 'colcon_pkg'
[0.140s] Level 1:colcon.colcon_core.package_identification:_identify(src/fusion_CP_Consensus) by extensions ['colcon_meta']
[0.140s] Level 1:colcon.colcon_core.package_identification:_identify(src/fusion_CP_Consensus) by extension 'colcon_meta'
[0.140s] Level 1:colcon.colcon_core.package_identification:_identify(src/fusion_CP_Consensus) by extensions ['ros']
[0.140s] Level 1:colcon.colcon_core.package_identification:_identify(src/fusion_CP_Consensus) by extension 'ros'
[0.141s] DEBUG:colcon.colcon_core.package_identification:Package 'src/fusion_CP_Consensus' with type 'ros.ament_python' and name 'fusion_CP_Consensus'
[0.141s] Level 1:colcon.colcon_core.package_identification:_identify(src/my_custom_interfaces) by extensions ['ignore', 'ignore_ament_install']
[0.141s] Level 1:colcon.colcon_core.package_identification:_identify(src/my_custom_interfaces) by extension 'ignore'
[0.141s] Level 1:colcon.colcon_core.package_identification:_identify(src/my_custom_interfaces) by extension 'ignore_ament_install'
[0.141s] Level 1:colcon.colcon_core.package_identification:_identify(src/my_custom_interfaces) by extensions ['colcon_pkg']
[0.141s] Level 1:colcon.colcon_core.package_identification:_identify(src/my_custom_interfaces) by extension 'colcon_pkg'
[0.141s] Level 1:colcon.colcon_core.package_identification:_identify(src/my_custom_interfaces) by extensions ['colcon_meta']
[0.141s] Level 1:colcon.colcon_core.package_identification:_identify(src/my_custom_interfaces) by extension 'colcon_meta'
[0.141s] Level 1:colcon.colcon_core.package_identification:_identify(src/my_custom_interfaces) by extensions ['ros']
[0.141s] Level 1:colcon.colcon_core.package_identification:_identify(src/my_custom_interfaces) by extension 'ros'
[0.141s] DEBUG:colcon.colcon_core.package_identification:Package 'src/my_custom_interfaces' with type 'ros.ament_cmake' and name 'my_custom_interfaces'
[0.141s] Level 1:colcon.colcon_core.package_identification:_identify(src/pid_control) by extensions ['ignore', 'ignore_ament_install']
[0.141s] Level 1:colcon.colcon_core.package_identification:_identify(src/pid_control) by extension 'ignore'
[0.141s] Level 1:colcon.colcon_core.package_identification:_identify(src/pid_control) by extension 'ignore_ament_install'
[0.141s] Level 1:colcon.colcon_core.package_identification:_identify(src/pid_control) by extensions ['colcon_pkg']
[0.141s] Level 1:colcon.colcon_core.package_identification:_identify(src/pid_control) by extension 'colcon_pkg'
[0.141s] Level 1:colcon.colcon_core.package_identification:_identify(src/pid_control) by extensions ['colcon_meta']
[0.141s] Level 1:colcon.colcon_core.package_identification:_identify(src/pid_control) by extension 'colcon_meta'
[0.142s] Level 1:colcon.colcon_core.package_identification:_identify(src/pid_control) by extensions ['ros']
[0.142s] Level 1:colcon.colcon_core.package_identification:_identify(src/pid_control) by extension 'ros'
[0.142s] DEBUG:colcon.colcon_core.package_identification:Package 'src/pid_control' with type 'ros.ament_python' and name 'pid_control'
[0.142s] Level 1:colcon.colcon_core.package_identification:_identify(src/tortues) by extensions ['ignore', 'ignore_ament_install']
[0.142s] Level 1:colcon.colcon_core.package_identification:_identify(src/tortues) by extension 'ignore'
[0.142s] Level 1:colcon.colcon_core.package_identification:_identify(src/tortues) by extension 'ignore_ament_install'
[0.142s] Level 1:colcon.colcon_core.package_identification:_identify(src/tortues) by extensions ['colcon_pkg']
[0.142s] Level 1:colcon.colcon_core.package_identification:_identify(src/tortues) by extension 'colcon_pkg'
[0.142s] Level 1:colcon.colcon_core.package_identification:_identify(src/tortues) by extensions ['colcon_meta']
[0.142s] Level 1:colcon.colcon_core.package_identification:_identify(src/tortues) by extension 'colcon_meta'
[0.142s] Level 1:colcon.colcon_core.package_identification:_identify(src/tortues) by extensions ['ros']
[0.142s] Level 1:colcon.colcon_core.package_identification:_identify(src/tortues) by extension 'ros'
[0.143s] DEBUG:colcon.colcon_core.package_identification:Package 'src/tortues' with type 'ros.ament_python' and name 'tortues'
[0.143s] Level 1:colcon.colcon_core.package_discovery:discover_packages(recursive) using defaults
[0.143s] Level 1:colcon.colcon_core.package_discovery:discover_packages(ignore) discover
[0.143s] Level 1:colcon.colcon_core.package_discovery:discover_packages(ignore) using defaults
[0.143s] Level 1:colcon.colcon_core.package_discovery:discover_packages(path) discover
[0.143s] Level 1:colcon.colcon_core.package_discovery:discover_packages(path) using defaults
[0.143s] WARNING:colcon.colcon_core.package_selection:the --packages-skip-regex 'webots_ros2.*' doesn't match any of the package names
[0.157s] Level 1:colcon.colcon_core.package_discovery:discover_packages(prefix_path) check parameters
[0.157s] Level 1:colcon.colcon_core.package_discovery:discover_packages(prefix_path) discover
[0.159s] DEBUG:colcon.colcon_installed_package_information.package_discovery:Found 5 installed packages in /home/alexmin9/Desktop/TCI_AERO/ws_drones/install
[0.160s] DEBUG:colcon.colcon_installed_package_information.package_discovery:Found 17 installed packages in /home/alexmin9/Desktop/TCI_AERO/ws_simu/install
[0.161s] DEBUG:colcon.colcon_installed_package_information.package_discovery:Found 321 installed packages in /opt/ros/kilted
[0.163s] Level 1:colcon.colcon_core.package_discovery:discover_packages(prefix_path) using defaults
[0.194s] Level 5:colcon.colcon_core.verb:set package 'crazyflie' build argument 'cmake_args' from command line to 'None'
[0.194s] Level 5:colcon.colcon_core.verb:set package 'crazyflie' build argument 'cmake_target' from command line to 'None'
[0.194s] Level 5:colcon.colcon_core.verb:set package 'crazyflie' build argument 'cmake_target_skip_unavailable' from command line to 'False'
[0.194s] Level 5:colcon.colcon_core.verb:set package 'crazyflie' build argument 'cmake_clean_cache' from command line to 'False'
[0.194s] Level 5:colcon.colcon_core.verb:set package 'crazyflie' build argument 'cmake_clean_first' from command line to 'False'
[0.194s] Level 5:colcon.colcon_core.verb:set package 'crazyflie' build argument 'cmake_force_configure' from command line to 'False'
[0.194s] Level 5:colcon.colcon_core.verb:set package 'crazyflie' build argument 'ament_cmake_args' from command line to 'None'
[0.194s] Level 5:colcon.colcon_core.verb:set package 'crazyflie' build argument 'catkin_cmake_args' from command line to 'None'
[0.194s] Level 5:colcon.colcon_core.verb:set package 'crazyflie' build argument 'catkin_skip_building_tests' from command line to 'False'
[0.195s] DEBUG:colcon.colcon_core.verb:Building package 'crazyflie' with the following arguments: {'ament_cmake_args': None, 'build_base': '/home/alexmin9/Desktop/TCI_AERO/ws_drones/build/crazyflie', 'catkin_cmake_args': None, 'catkin_skip_building_tests': False, 'cmake_args': None, 'cmake_clean_cache': False, 'cmake_clean_first': False, 'cmake_force_configure': False, 'cmake_target': None, 'cmake_target_skip_unavailable': False, 'install_base': '/home/alexmin9/Desktop/TCI_AERO/ws_drones/install/crazyflie', 'merge_install': False, 'path': '/home/alexmin9/Desktop/TCI_AERO/ws_drones/src/crazyflie', 'symlink_install': False, 'test_result_base': None}
[0.195s] Level 5:colcon.colcon_core.verb:set package 'my_custom_interfaces' build argument 'cmake_args' from command line to 'None'
[0.195s] Level 5:colcon.colcon_core.verb:set package 'my_custom_interfaces' build argument 'cmake_target' from command line to 'None'
[0.195s] Level 5:colcon.colcon_core.verb:set package 'my_custom_interfaces' build argument 'cmake_target_skip_unavailable' from command line to 'False'
[0.195s] Level 5:colcon.colcon_core.verb:set package 'my_custom_interfaces' build argument 'cmake_clean_cache' from command line to 'False'
[0.195s] Level 5:colcon.colcon_core.verb:set package 'my_custom_interfaces' build argument 'cmake_clean_first' from command line to 'False'
[0.195s] Level 5:colcon.colcon_core.verb:set package 'my_custom_interfaces' build argument 'cmake_force_configure' from command line to 'False'
[0.195s] Level 5:colcon.colcon_core.verb:set package 'my_custom_interfaces' build argument 'ament_cmake_args' from command line to 'None'
[0.195s] Level 5:colcon.colcon_core.verb:set package 'my_custom_interfaces' build argument 'catkin_cmake_args' from command line to 'None'
[0.195s] Level 5:colcon.colcon_core.verb:set package 'my_custom_interfaces' build argument 'catkin_skip_building_tests' from command line to 'False'
[0.195s] DEBUG:colcon.colcon_core.verb:Building package 'my_custom_interfaces' with the following arguments: {'ament_cmake_args': None, 'build_base': '/home/alexmin9/Desktop/TCI_AERO/ws_drones/build/my_custom_interfaces', 'catkin_cmake_args': None, 'catkin_skip_building_tests': False, 'cmake_args': None, 'cmake_clean_cache': False, 'cmake_clean_first': False, 'cmake_force_configure': False, 'cmake_target': None, 'cmake_target_skip_unavailable': False, 'install_base': '/home/alexmin9/Desktop/TCI_AERO/ws_drones/install/my_custom_interfaces', 'merge_install': False, 'path': '/home/alexmin9/Desktop/TCI_AERO/ws_drones/src/my_custom_interfaces', 'symlink_install': False, 'test_result_base': None}
[0.195s] Level 5:colcon.colcon_core.verb:set package 'pid_control' build argument 'cmake_args' from command line to 'None'
[0.195s] Level 5:colcon.colcon_core.verb:set package 'pid_control' build argument 'cmake_target' from command line to 'None'
[0.195s] Level 5:colcon.colcon_core.verb:set package 'pid_control' build argument 'cmake_target_skip_unavailable' from command line to 'False'
[0.195s] Level 5:colcon.colcon_core.verb:set package 'pid_control' build argument 'cmake_clean_cache' from command line to 'False'
[0.195s] Level 5:colcon.colcon_core.verb:set package 'pid_control' build argument 'cmake_clean_first' from command line to 'False'
[0.195s] Level 5:colcon.colcon_core.verb:set package 'pid_control' build argument 'cmake_force_configure' from command line to 'False'
[0.195s] Level 5:colcon.colcon_core.verb:set package 'pid_control' build argument 'ament_cmake_args' from command line to 'None'
[0.195s] Level 5:colcon.colcon_core.verb:set package 'pid_control' build argument 'catkin_cmake_args' from command line to 'None'
[0.195s] Level 5:colcon.colcon_core.verb:set package 'pid_control' build argument 'catkin_skip_building_tests' from command line to 'False'
[0.195s] DEBUG:colcon.colcon_core.verb:Building package 'pid_control' with the following arguments: {'ament_cmake_args': None, 'build_base': '/home/alexmin9/Desktop/TCI_AERO/ws_drones/build/pid_control', 'catkin_cmake_args': None, 'catkin_skip_building_tests': False, 'cmake_args': None, 'cmake_clean_cache': False, 'cmake_clean_first': False, 'cmake_force_configure': False, 'cmake_target': None, 'cmake_target_skip_unavailable': False, 'install_base': '/home/alexmin9/Desktop/TCI_AERO/ws_drones/install/pid_control', 'merge_install': False, 'path': '/home/alexmin9/Desktop/TCI_AERO/ws_drones/src/pid_control', 'symlink_install': False, 'test_result_base': None}
[0.196s] Level 5:colcon.colcon_core.verb:set package 'tortues' build argument 'cmake_args' from command line to 'None'
[0.196s] Level 5:colcon.colcon_core.verb:set package 'tortues' build argument 'cmake_target' from command line to 'None'
[0.196s] Level 5:colcon.colcon_core.verb:set package 'tortues' build argument 'cmake_target_skip_unavailable' from command line to 'False'
[0.196s] Level 5:colcon.colcon_core.verb:set package 'tortues' build argument 'cmake_clean_cache' from command line to 'False'
[0.196s] Level 5:colcon.colcon_core.verb:set package 'tortues' build argument 'cmake_clean_first' from command line to 'False'
[0.196s] Level 5:colcon.colcon_core.verb:set package 'tortues' build argument 'cmake_force_configure' from command line to 'False'
[0.196s] Level 5:colcon.colcon_core.verb:set package 'tortues' build argument 'ament_cmake_args' from command line to 'None'
[0.196s] Level 5:colcon.colcon_core.verb:set package 'tortues' build argument 'catkin_cmake_args' from command line to 'None'
[0.196s] Level 5:colcon.colcon_core.verb:set package 'tortues' build argument 'catkin_skip_building_tests' from command line to 'False'
[0.196s] DEBUG:colcon.colcon_core.verb:Building package 'tortues' with the following arguments: {'ament_cmake_args': None, 'build_base': '/home/alexmin9/Desktop/TCI_AERO/ws_drones/build/tortues', 'catkin_cmake_args': None, 'catkin_skip_building_tests': False, 'cmake_args': None, 'cmake_clean_cache': False, 'cmake_clean_first': False, 'cmake_force_configure': False, 'cmake_target': None, 'cmake_target_skip_unavailable': False, 'install_base': '/home/alexmin9/Desktop/TCI_AERO/ws_drones/install/tortues', 'merge_install': False, 'path': '/home/alexmin9/Desktop/TCI_AERO/ws_drones/src/tortues', 'symlink_install': False, 'test_result_base': None}
[0.196s] Level 5:colcon.colcon_core.verb:set package 'fusion_CP_Consensus' build argument 'cmake_args' from command line to 'None'
[0.196s] Level 5:colcon.colcon_core.verb:set package 'fusion_CP_Consensus' build argument 'cmake_target' from command line to 'None'
[0.196s] Level 5:colcon.colcon_core.verb:set package 'fusion_CP_Consensus' build argument 'cmake_target_skip_unavailable' from command line to 'False'
[0.196s] Level 5:colcon.colcon_core.verb:set package 'fusion_CP_Consensus' build argument 'cmake_clean_cache' from command line to 'False'
[0.196s] Level 5:colcon.colcon_core.verb:set package 'fusion_CP_Consensus' build argument 'cmake_clean_first' from command line to 'False'
[0.196s] Level 5:colcon.colcon_core.verb:set package 'fusion_CP_Consensus' build argument 'cmake_force_configure' from command line to 'False'
[0.196s] Level 5:colcon.colcon_core.verb:set package 'fusion_CP_Consensus' build argument 'ament_cmake_args' from command line to 'None'
[0.196s] Level 5:colcon.colcon_core.verb:set package 'fusion_CP_Consensus' build argument 'catkin_cmake_args' from command line to 'None'
[0.196s] Level 5:colcon.colcon_core.verb:set package 'fusion_CP_Consensus' build argument 'catkin_skip_building_tests' from command line to 'False'
[0.196s] DEBUG:colcon.colcon_core.verb:Building package 'fusion_CP_Consensus' with the following arguments: {'ament_cmake_args': None, 'build_base': '/home/alexmin9/Desktop/TCI_AERO/ws_drones/build/fusion_CP_Consensus', 'catkin_cmake_args': None, 'catkin_skip_building_tests': False, 'cmake_args': None, 'cmake_clean_cache': False, 'cmake_clean_first': False, 'cmake_force_configure': False, 'cmake_target': None, 'cmake_target_skip_unavailable': False, 'install_base': '/home/alexmin9/Desktop/TCI_AERO/ws_drones/install/fusion_CP_Consensus', 'merge_install': False, 'path': '/home/alexmin9/Desktop/TCI_AERO/ws_drones/src/fusion_CP_Consensus', 'symlink_install': False, 'test_result_base': None}
[0.196s] INFO:colcon.colcon_core.executor:Executing jobs using 'parallel' executor
[0.197s] DEBUG:colcon.colcon_parallel_executor.executor.parallel:run_until_complete
[0.197s] INFO:colcon.colcon_ros.task.ament_cmake.build:Building ROS package in '/home/alexmin9/Desktop/TCI_AERO/ws_drones/src/my_custom_interfaces' with build type 'ament_cmake'
[0.197s] INFO:colcon.colcon_cmake.task.cmake.build:Building CMake package in '/home/alexmin9/Desktop/TCI_AERO/ws_drones/src/my_custom_interfaces'
[0.199s] INFO:colcon.colcon_core.plugin_system:Skipping extension 'colcon_core.shell.bat': Not used on non-Windows systems
[0.200s] INFO:colcon.colcon_core.shell:Skip shell extension 'powershell' for command environment: Not usable outside of PowerShell
[0.200s] DEBUG:colcon.colcon_core.shell:Skip shell extension 'dsv' for command environment
[0.204s] INFO:colcon.colcon_ros.task.ament_python.build:Building ROS package in '/home/alexmin9/Desktop/TCI_AERO/ws_drones/src/crazyflie' with build type 'ament_python'
[0.204s] Level 1:colcon.colcon_core.shell:create_environment_hook('crazyflie', 'ament_prefix_path')
[0.204s] INFO:colcon.colcon_core.shell:Creating environment hook '/home/alexmin9/Desktop/TCI_AERO/ws_drones/install/crazyflie/share/crazyflie/hook/ament_prefix_path.ps1'
[0.205s] INFO:colcon.colcon_core.shell:Creating environment descriptor '/home/alexmin9/Desktop/TCI_AERO/ws_drones/install/crazyflie/share/crazyflie/hook/ament_prefix_path.dsv'
[0.205s] INFO:colcon.colcon_core.shell:Creating environment hook '/home/alexmin9/Desktop/TCI_AERO/ws_drones/install/crazyflie/share/crazyflie/hook/ament_prefix_path.sh'
[0.205s] INFO:colcon.colcon_core.shell:Skip shell extension 'powershell' for command environment: Not usable outside of PowerShell
[0.205s] DEBUG:colcon.colcon_core.shell:Skip shell extension 'dsv' for command environment
[0.209s] INFO:colcon.colcon_ros.task.ament_python.build:Building ROS package in '/home/alexmin9/Desktop/TCI_AERO/ws_drones/src/pid_control' with build type 'ament_python'
[0.209s] Level 1:colcon.colcon_core.shell:create_environment_hook('pid_control', 'ament_prefix_path')
[0.209s] INFO:colcon.colcon_core.shell:Creating environment hook '/home/alexmin9/Desktop/TCI_AERO/ws_drones/install/pid_control/share/pid_control/hook/ament_prefix_path.ps1'
[0.210s] INFO:colcon.colcon_core.shell:Creating environment descriptor '/home/alexmin9/Desktop/TCI_AERO/ws_drones/install/pid_control/share/pid_control/hook/ament_prefix_path.dsv'
[0.210s] INFO:colcon.colcon_core.shell:Creating environment hook '/home/alexmin9/Desktop/TCI_AERO/ws_drones/install/pid_control/share/pid_control/hook/ament_prefix_path.sh'
[0.210s] INFO:colcon.colcon_core.shell:Skip shell extension 'powershell' for command environment: Not usable outside of PowerShell
[0.210s] DEBUG:colcon.colcon_core.shell:Skip shell extension 'dsv' for command environment
[0.214s] INFO:colcon.colcon_ros.task.ament_python.build:Building ROS package in '/home/alexmin9/Desktop/TCI_AERO/ws_drones/src/tortues' with build type 'ament_python'
[0.214s] Level 1:colcon.colcon_core.shell:create_environment_hook('tortues', 'ament_prefix_path')
[0.214s] INFO:colcon.colcon_core.shell:Creating environment hook '/home/alexmin9/Desktop/TCI_AERO/ws_drones/install/tortues/share/tortues/hook/ament_prefix_path.ps1'
[0.215s] INFO:colcon.colcon_core.shell:Creating environment descriptor '/home/alexmin9/Desktop/TCI_AERO/ws_drones/install/tortues/share/tortues/hook/ament_prefix_path.dsv'
[0.215s] INFO:colcon.colcon_core.shell:Creating environment hook '/home/alexmin9/Desktop/TCI_AERO/ws_drones/install/tortues/share/tortues/hook/ament_prefix_path.sh'
[0.215s] INFO:colcon.colcon_core.shell:Skip shell extension 'powershell' for command environment: Not usable outside of PowerShell
[0.215s] DEBUG:colcon.colcon_core.shell:Skip shell extension 'dsv' for command environment
[0.222s] DEBUG:colcon.colcon_core.event_handler.log_command:Invoking command in '/home/alexmin9/Desktop/TCI_AERO/ws_drones/build/my_custom_interfaces': CMAKE_PREFIX_PATH=${CMAKE_PREFIX_PATH}:/home/alexmin9/Desktop/TCI_AERO/ws_drones/install/crazyflie:/home/alexmin9/Desktop/TCI_AERO/ws_drones/install/tortues:/home/alexmin9/Desktop/TCI_AERO/ws_drones/install/pid_control:/home/alexmin9/Desktop/TCI_AERO/ws_drones/install/fusion_CP_Consensus:/home/alexmin9/Desktop/TCI_AERO/ws_simu/install/webots_ros2:/home/alexmin9/Desktop/TCI_AERO/ws_simu/install/webots_ros2_universal_robot:/home/alexmin9/Desktop/TCI_AERO/ws_simu/install/webots_ros2_turtlebot:/home/alexmin9/Desktop/TCI_AERO/ws_simu/install/webots_ros2_tiago:/home/alexmin9/Desktop/TCI_AERO/ws_simu/install/webots_ros2_tests:/home/alexmin9/Desktop/TCI_AERO/ws_simu/install/webots_ros2_tesla:/home/alexmin9/Desktop/TCI_AERO/ws_simu/install/webots_ros2_mavic:/home/alexmin9/Desktop/TCI_AERO/ws_simu/install/webots_ros2_husarion:/home/alexmin9/Desktop/TCI_AERO/ws_simu/install/webots_ros2_epuck:/home/alexmin9/Desktop/TCI_AERO/ws_simu/install/webots_ros2_crazyflie:/home/alexmin9/Desktop/TCI_AERO/ws_simu/install/webots_ros2_importer:/home/alexmin9/Desktop/TCI_AERO/ws_simu/install/tortues:/home/alexmin9/Desktop/TCI_AERO/ws_simu/install/swarm_package:/home/alexmin9/Desktop/TCI_AERO/ws_simu/install/my_package:/opt/ros/kilted DEBUGINFOD_URLS=https://debuginfod.ubuntu.com /usr/bin/cmake --build /home/alexmin9/Desktop/TCI_AERO/ws_drones/build/my_custom_interfaces -- -j32 -l32
[0.391s] INFO:colcon.colcon_core.task.python.build:Building Python package in '/home/alexmin9/Desktop/TCI_AERO/ws_drones/src/crazyflie'
[0.392s] INFO:colcon.colcon_core.shell:Skip shell extension 'powershell' for command environment: Not usable outside of PowerShell
[0.392s] DEBUG:colcon.colcon_core.shell:Skip shell extension 'dsv' for command environment
[0.564s] INFO:colcon.colcon_core.task.python.build:Building Python package in '/home/alexmin9/Desktop/TCI_AERO/ws_drones/src/pid_control'
[0.565s] INFO:colcon.colcon_core.shell:Skip shell extension 'powershell' for command environment: Not usable outside of PowerShell
[0.565s] DEBUG:colcon.colcon_core.shell:Skip shell extension 'dsv' for command environment
[0.698s] INFO:colcon.colcon_core.task.python.build:Building Python package in '/home/alexmin9/Desktop/TCI_AERO/ws_drones/src/tortues'
[0.698s] INFO:colcon.colcon_core.shell:Skip shell extension 'powershell' for command environment: Not usable outside of PowerShell
[0.698s] DEBUG:colcon.colcon_core.shell:Skip shell extension 'dsv' for command environment
[0.702s] DEBUG:colcon.colcon_core.event_handler.log_command:Invoked command in '/home/alexmin9/Desktop/TCI_AERO/ws_drones/build/my_custom_interfaces' returned '0': CMAKE_PREFIX_PATH=${CMAKE_PREFIX_PATH}:/home/alexmin9/Desktop/TCI_AERO/ws_drones/install/crazyflie:/home/alexmin9/Desktop/TCI_AERO/ws_drones/install/tortues:/home/alexmin9/Desktop/TCI_AERO/ws_drones/install/pid_control:/home/alexmin9/Desktop/TCI_AERO/ws_drones/install/fusion_CP_Consensus:/home/alexmin9/Desktop/TCI_AERO/ws_simu/install/webots_ros2:/home/alexmin9/Desktop/TCI_AERO/ws_simu/install/webots_ros2_universal_robot:/home/alexmin9/Desktop/TCI_AERO/ws_simu/install/webots_ros2_turtlebot:/home/alexmin9/Desktop/TCI_AERO/ws_simu/install/webots_ros2_tiago:/home/alexmin9/Desktop/TCI_AERO/ws_simu/install/webots_ros2_tests:/home/alexmin9/Desktop/TCI_AERO/ws_simu/install/webots_ros2_tesla:/home/alexmin9/Desktop/TCI_AERO/ws_simu/install/webots_ros2_mavic:/home/alexmin9/Desktop/TCI_AERO/ws_simu/install/webots_ros2_husarion:/home/alexmin9/Desktop/TCI_AERO/ws_simu/install/webots_ros2_epuck:/home/alexmin9/Desktop/TCI_AERO/ws_simu/install/webots_ros2_crazyflie:/home/alexmin9/Desktop/TCI_AERO/ws_simu/install/webots_ros2_importer:/home/alexmin9/Desktop/TCI_AERO/ws_simu/install/tortues:/home/alexmin9/Desktop/TCI_AERO/ws_simu/install/swarm_package:/home/alexmin9/Desktop/TCI_AERO/ws_simu/install/my_package:/opt/ros/kilted DEBUGINFOD_URLS=https://debuginfod.ubuntu.com /usr/bin/cmake --build /home/alexmin9/Desktop/TCI_AERO/ws_drones/build/my_custom_interfaces -- -j32 -l32
[0.709s] DEBUG:colcon.colcon_core.event_handler.log_command:Invoking command in '/home/alexmin9/Desktop/TCI_AERO/ws_drones/build/my_custom_interfaces': CMAKE_PREFIX_PATH=${CMAKE_PREFIX_PATH}:/home/alexmin9/Desktop/TCI_AERO/ws_drones/install/crazyflie:/home/alexmin9/Desktop/TCI_AERO/ws_drones/install/tortues:/home/alexmin9/Desktop/TCI_AERO/ws_drones/install/pid_control:/home/alexmin9/Desktop/TCI_AERO/ws_drones/install/fusion_CP_Consensus:/home/alexmin9/Desktop/TCI_AERO/ws_simu/install/webots_ros2:/home/alexmin9/Desktop/TCI_AERO/ws_simu/install/webots_ros2_universal_robot:/home/alexmin9/Desktop/TCI_AERO/ws_simu/install/webots_ros2_turtlebot:/home/alexmin9/Desktop/TCI_AERO/ws_simu/install/webots_ros2_tiago:/home/alexmin9/Desktop/TCI_AERO/ws_simu/install/webots_ros2_tests:/home/alexmin9/Desktop/TCI_AERO/ws_simu/install/webots_ros2_tesla:/home/alexmin9/Desktop/TCI_AERO/ws_simu/install/webots_ros2_mavic:/home/alexmin9/Desktop/TCI_AERO/ws_simu/install/webots_ros2_husarion:/home/alexmin9/Desktop/TCI_AERO/ws_simu/install/webots_ros2_epuck:/home/alexmin9/Desktop/TCI_AERO/ws_simu/install/webots_ros2_crazyflie:/home/alexmin9/Desktop/TCI_AERO/ws_simu/install/webots_ros2_importer:/home/alexmin9/Desktop/TCI_AERO/ws_simu/install/tortues:/home/alexmin9/Desktop/TCI_AERO/ws_simu/install/swarm_package:/home/alexmin9/Desktop/TCI_AERO/ws_simu/install/my_package:/opt/ros/kilted DEBUGINFOD_URLS=https://debuginfod.ubuntu.com /usr/bin/cmake --install /home/alexmin9/Desktop/TCI_AERO/ws_drones/build/my_custom_interfaces
[0.752s] Level 1:colcon.colcon_core.environment:create_environment_scripts_only(my_custom_interfaces)
[0.752s] DEBUG:colcon.colcon_core.event_handler.log_command:Invoked command in '/home/alexmin9/Desktop/TCI_AERO/ws_drones/build/my_custom_interfaces' returned '0': CMAKE_PREFIX_PATH=${CMAKE_PREFIX_PATH}:/home/alexmin9/Desktop/TCI_AERO/ws_drones/install/crazyflie:/home/alexmin9/Desktop/TCI_AERO/ws_drones/install/tortues:/home/alexmin9/Desktop/TCI_AERO/ws_drones/install/pid_control:/home/alexmin9/Desktop/TCI_AERO/ws_drones/install/fusion_CP_Consensus:/home/alexmin9/Desktop/TCI_AERO/ws_simu/install/webots_ros2:/home/alexmin9/Desktop/TCI_AERO/ws_simu/install/webots_ros2_universal_robot:/home/alexmin9/Desktop/TCI_AERO/ws_simu/install/webots_ros2_turtlebot:/home/alexmin9/Desktop/TCI_AERO/ws_simu/install/webots_ros2_tiago:/home/alexmin9/Desktop/TCI_AERO/ws_simu/install/webots_ros2_tests:/home/alexmin9/Desktop/TCI_AERO/ws_simu/install/webots_ros2_tesla:/home/alexmin9/Desktop/TCI_AERO/ws_simu/install/webots_ros2_mavic:/home/alexmin9/Desktop/TCI_AERO/ws_simu/install/webots_ros2_husarion:/home/alexmin9/Desktop/TCI_AERO/ws_simu/install/webots_ros2_epuck:/home/alexmin9/Desktop/TCI_AERO/ws_simu/install/webots_ros2_crazyflie:/home/alexmin9/Desktop/TCI_AERO/ws_simu/install/webots_ros2_importer:/home/alexmin9/Desktop/TCI_AERO/ws_simu/install/tortues:/home/alexmin9/Desktop/TCI_AERO/ws_simu/install/swarm_package:/home/alexmin9/Desktop/TCI_AERO/ws_simu/install/my_package:/opt/ros/kilted DEBUGINFOD_URLS=https://debuginfod.ubuntu.com /usr/bin/cmake --install /home/alexmin9/Desktop/TCI_AERO/ws_drones/build/my_custom_interfaces
[0.753s] Level 1:colcon.colcon_core.environment:checking '/home/alexmin9/Desktop/TCI_AERO/ws_drones/install/my_custom_interfaces' for CMake module files
[0.754s] Level 1:colcon.colcon_core.environment:checking '/home/alexmin9/Desktop/TCI_AERO/ws_drones/install/my_custom_interfaces' for CMake config files
[0.754s] Level 1:colcon.colcon_core.shell:create_environment_hook('my_custom_interfaces', 'cmake_prefix_path')
[0.754s] INFO:colcon.colcon_core.shell:Creating environment hook '/home/alexmin9/Desktop/TCI_AERO/ws_drones/install/my_custom_interfaces/share/my_custom_interfaces/hook/cmake_prefix_path.ps1'
[0.754s] INFO:colcon.colcon_core.shell:Creating environment descriptor '/home/alexmin9/Desktop/TCI_AERO/ws_drones/install/my_custom_interfaces/share/my_custom_interfaces/hook/cmake_prefix_path.dsv'
[0.754s] INFO:colcon.colcon_core.shell:Creating environment hook '/home/alexmin9/Desktop/TCI_AERO/ws_drones/install/my_custom_interfaces/share/my_custom_interfaces/hook/cmake_prefix_path.sh'
[0.755s] Level 1:colcon.colcon_core.environment:checking '/home/alexmin9/Desktop/TCI_AERO/ws_drones/install/my_custom_interfaces/lib'
[0.755s] Level 1:colcon.colcon_core.shell:create_environment_hook('my_custom_interfaces', 'ld_library_path_lib')
[0.755s] INFO:colcon.colcon_core.shell:Creating environment hook '/home/alexmin9/Desktop/TCI_AERO/ws_drones/install/my_custom_interfaces/share/my_custom_interfaces/hook/ld_library_path_lib.ps1'
[0.755s] INFO:colcon.colcon_core.shell:Creating environment descriptor '/home/alexmin9/Desktop/TCI_AERO/ws_drones/install/my_custom_interfaces/share/my_custom_interfaces/hook/ld_library_path_lib.dsv'
[0.756s] INFO:colcon.colcon_core.shell:Creating environment hook '/home/alexmin9/Desktop/TCI_AERO/ws_drones/install/my_custom_interfaces/share/my_custom_interfaces/hook/ld_library_path_lib.sh'
[0.756s] Level 1:colcon.colcon_core.environment:checking '/home/alexmin9/Desktop/TCI_AERO/ws_drones/install/my_custom_interfaces/bin'
[0.756s] Level 1:colcon.colcon_core.environment:checking '/home/alexmin9/Desktop/TCI_AERO/ws_drones/install/my_custom_interfaces/lib/pkgconfig/my_custom_interfaces.pc'
[0.756s] Level 1:colcon.colcon_core.environment:checking '/home/alexmin9/Desktop/TCI_AERO/ws_drones/install/my_custom_interfaces/lib/python3.12/site-packages'
[0.756s] Level 1:colcon.colcon_core.shell:create_environment_hook('my_custom_interfaces', 'pythonpath')
[0.756s] INFO:colcon.colcon_core.shell:Creating environment hook '/home/alexmin9/Desktop/TCI_AERO/ws_drones/install/my_custom_interfaces/share/my_custom_interfaces/hook/pythonpath.ps1'
[0.756s] INFO:colcon.colcon_core.shell:Creating environment descriptor '/home/alexmin9/Desktop/TCI_AERO/ws_drones/install/my_custom_interfaces/share/my_custom_interfaces/hook/pythonpath.dsv'
[0.757s] INFO:colcon.colcon_core.shell:Creating environment hook '/home/alexmin9/Desktop/TCI_AERO/ws_drones/install/my_custom_interfaces/share/my_custom_interfaces/hook/pythonpath.sh'
[0.757s] Level 1:colcon.colcon_core.environment:checking '/home/alexmin9/Desktop/TCI_AERO/ws_drones/install/my_custom_interfaces/bin'
[0.757s] INFO:colcon.colcon_core.shell:Creating package script '/home/alexmin9/Desktop/TCI_AERO/ws_drones/install/my_custom_interfaces/share/my_custom_interfaces/package.ps1'
[0.757s] INFO:colcon.colcon_core.shell:Creating package descriptor '/home/alexmin9/Desktop/TCI_AERO/ws_drones/install/my_custom_interfaces/share/my_custom_interfaces/package.dsv'
[0.758s] INFO:colcon.colcon_core.shell:Creating package script '/home/alexmin9/Desktop/TCI_AERO/ws_drones/install/my_custom_interfaces/share/my_custom_interfaces/package.sh'
[0.758s] INFO:colcon.colcon_core.shell:Creating package script '/home/alexmin9/Desktop/TCI_AERO/ws_drones/install/my_custom_interfaces/share/my_custom_interfaces/package.bash'
[0.758s] INFO:colcon.colcon_core.shell:Creating package script '/home/alexmin9/Desktop/TCI_AERO/ws_drones/install/my_custom_interfaces/share/my_custom_interfaces/package.zsh'
[0.759s] Level 1:colcon.colcon_core.environment:create_file_with_runtime_dependencies(/home/alexmin9/Desktop/TCI_AERO/ws_drones/install/my_custom_interfaces/share/colcon-core/packages/my_custom_interfaces)
[0.759s] Level 1:colcon.colcon_core.environment:create_environment_scripts_only(my_custom_interfaces)
[0.759s] Level 1:colcon.colcon_core.environment:checking '/home/alexmin9/Desktop/TCI_AERO/ws_drones/install/my_custom_interfaces' for CMake module files
[0.759s] Level 1:colcon.colcon_core.environment:checking '/home/alexmin9/Desktop/TCI_AERO/ws_drones/install/my_custom_interfaces' for CMake config files
[0.759s] Level 1:colcon.colcon_core.shell:create_environment_hook('my_custom_interfaces', 'cmake_prefix_path')
[0.759s] INFO:colcon.colcon_core.shell:Creating environment hook '/home/alexmin9/Desktop/TCI_AERO/ws_drones/install/my_custom_interfaces/share/my_custom_interfaces/hook/cmake_prefix_path.ps1'
[0.760s] INFO:colcon.colcon_core.shell:Creating environment descriptor '/home/alexmin9/Desktop/TCI_AERO/ws_drones/install/my_custom_interfaces/share/my_custom_interfaces/hook/cmake_prefix_path.dsv'
[0.760s] INFO:colcon.colcon_core.shell:Creating environment hook '/home/alexmin9/Desktop/TCI_AERO/ws_drones/install/my_custom_interfaces/share/my_custom_interfaces/hook/cmake_prefix_path.sh'
[0.760s] Level 1:colcon.colcon_core.environment:checking '/home/alexmin9/Desktop/TCI_AERO/ws_drones/install/my_custom_interfaces/lib'
[0.760s] Level 1:colcon.colcon_core.shell:create_environment_hook('my_custom_interfaces', 'ld_library_path_lib')
[0.760s] INFO:colcon.colcon_core.shell:Creating environment hook '/home/alexmin9/Desktop/TCI_AERO/ws_drones/install/my_custom_interfaces/share/my_custom_interfaces/hook/ld_library_path_lib.ps1'
[0.760s] INFO:colcon.colcon_core.shell:Creating environment descriptor '/home/alexmin9/Desktop/TCI_AERO/ws_drones/install/my_custom_interfaces/share/my_custom_interfaces/hook/ld_library_path_lib.dsv'
[0.761s] INFO:colcon.colcon_core.shell:Creating environment hook '/home/alexmin9/Desktop/TCI_AERO/ws_drones/install/my_custom_interfaces/share/my_custom_interfaces/hook/ld_library_path_lib.sh'
[0.761s] Level 1:colcon.colcon_core.environment:checking '/home/alexmin9/Desktop/TCI_AERO/ws_drones/install/my_custom_interfaces/bin'
[0.761s] Level 1:colcon.colcon_core.environment:checking '/home/alexmin9/Desktop/TCI_AERO/ws_drones/install/my_custom_interfaces/lib/pkgconfig/my_custom_interfaces.pc'
[0.761s] Level 1:colcon.colcon_core.environment:checking '/home/alexmin9/Desktop/TCI_AERO/ws_drones/install/my_custom_interfaces/lib/python3.12/site-packages'
[0.761s] Level 1:colcon.colcon_core.shell:create_environment_hook('my_custom_interfaces', 'pythonpath')
[0.761s] INFO:colcon.colcon_core.shell:Creating environment hook '/home/alexmin9/Desktop/TCI_AERO/ws_drones/install/my_custom_interfaces/share/my_custom_interfaces/hook/pythonpath.ps1'
[0.761s] INFO:colcon.colcon_core.shell:Creating environment descriptor '/home/alexmin9/Desktop/TCI_AERO/ws_drones/install/my_custom_interfaces/share/my_custom_interfaces/hook/pythonpath.dsv'
[0.761s] INFO:colcon.colcon_core.shell:Creating environment hook '/home/alexmin9/Desktop/TCI_AERO/ws_drones/install/my_custom_interfaces/share/my_custom_interfaces/hook/pythonpath.sh'
[0.762s] Level 1:colcon.colcon_core.environment:checking '/home/alexmin9/Desktop/TCI_AERO/ws_drones/install/my_custom_interfaces/bin'
[0.762s] INFO:colcon.colcon_core.shell:Creating package script '/home/alexmin9/Desktop/TCI_AERO/ws_drones/install/my_custom_interfaces/share/my_custom_interfaces/package.ps1'
[0.762s] INFO:colcon.colcon_core.shell:Creating package descriptor '/home/alexmin9/Desktop/TCI_AERO/ws_drones/install/my_custom_interfaces/share/my_custom_interfaces/package.dsv'
[0.763s] INFO:colcon.colcon_core.shell:Creating package script '/home/alexmin9/Desktop/TCI_AERO/ws_drones/install/my_custom_interfaces/share/my_custom_interfaces/package.sh'
[0.763s] INFO:colcon.colcon_core.shell:Creating package script '/home/alexmin9/Desktop/TCI_AERO/ws_drones/install/my_custom_interfaces/share/my_custom_interfaces/package.bash'
[0.763s] INFO:colcon.colcon_core.shell:Creating package script '/home/alexmin9/Desktop/TCI_AERO/ws_drones/install/my_custom_interfaces/share/my_custom_interfaces/package.zsh'
[0.763s] Level 1:colcon.colcon_core.environment:create_file_with_runtime_dependencies(/home/alexmin9/Desktop/TCI_AERO/ws_drones/install/my_custom_interfaces/share/colcon-core/packages/my_custom_interfaces)
[0.764s] INFO:colcon.colcon_ros.task.ament_python.build:Building ROS package in '/home/alexmin9/Desktop/TCI_AERO/ws_drones/src/fusion_CP_Consensus' with build type 'ament_python'
[0.764s] Level 1:colcon.colcon_core.shell:create_environment_hook('fusion_CP_Consensus', 'ament_prefix_path')
[0.764s] INFO:colcon.colcon_core.shell:Creating environment hook '/home/alexmin9/Desktop/TCI_AERO/ws_drones/install/fusion_CP_Consensus/share/fusion_CP_Consensus/hook/ament_prefix_path.ps1'
[0.764s] INFO:colcon.colcon_core.shell:Creating environment descriptor '/home/alexmin9/Desktop/TCI_AERO/ws_drones/install/fusion_CP_Consensus/share/fusion_CP_Consensus/hook/ament_prefix_path.dsv'
[0.764s] INFO:colcon.colcon_core.shell:Creating environment hook '/home/alexmin9/Desktop/TCI_AERO/ws_drones/install/fusion_CP_Consensus/share/fusion_CP_Consensus/hook/ament_prefix_path.sh'
[0.765s] INFO:colcon.colcon_core.shell:Skip shell extension 'powershell' for command environment: Not usable outside of PowerShell
[0.765s] DEBUG:colcon.colcon_core.shell:Skip shell extension 'dsv' for command environment
[0.893s] INFO:colcon.colcon_core.task.python.build:Building Python package in '/home/alexmin9/Desktop/TCI_AERO/ws_drones/src/fusion_CP_Consensus'
[0.893s] INFO:colcon.colcon_core.shell:Skip shell extension 'powershell' for command environment: Not usable outside of PowerShell
[0.893s] DEBUG:colcon.colcon_core.shell:Skip shell extension 'dsv' for command environment
[1.043s] DEBUG:colcon.colcon_core.event_handler.log_command:Invoking command in '/home/alexmin9/Desktop/TCI_AERO/ws_drones/src/tortues': DEBUGINFOD_URLS=https://debuginfod.ubuntu.com PYTHONPATH=/home/alexmin9/Desktop/TCI_AERO/ws_drones/build/tortues/prefix_override:/usr/lib/python3/dist-packages/colcon_core/task/python/colcon_distutils_commands:/home/alexmin9/Desktop/TCI_AERO/ws_drones/install/tortues/lib/python3.12/site-packages:${PYTHONPATH} /usr/bin/python3 -W ignore:setup.py install is deprecated -W ignore:easy_install command is deprecated setup.py egg_info --egg-base ../../build/tortues build --build-base /home/alexmin9/Desktop/TCI_AERO/ws_drones/build/tortues/build install --record /home/alexmin9/Desktop/TCI_AERO/ws_drones/build/tortues/install.log --single-version-externally-managed install_data
[1.045s] DEBUG:colcon.colcon_core.event_handler.log_command:Invoking command in '/home/alexmin9/Desktop/TCI_AERO/ws_drones/src/crazyflie': DEBUGINFOD_URLS=https://debuginfod.ubuntu.com PYTHONPATH=/home/alexmin9/Desktop/TCI_AERO/ws_drones/build/crazyflie/prefix_override:/usr/lib/python3/dist-packages/colcon_core/task/python/colcon_distutils_commands:/home/alexmin9/Desktop/TCI_AERO/ws_drones/install/crazyflie/lib/python3.12/site-packages:${PYTHONPATH} /usr/bin/python3 -W ignore:setup.py install is deprecated -W ignore:easy_install command is deprecated setup.py egg_info --egg-base ../../build/crazyflie build --build-base /home/alexmin9/Desktop/TCI_AERO/ws_drones/build/crazyflie/build install --record /home/alexmin9/Desktop/TCI_AERO/ws_drones/build/crazyflie/install.log --single-version-externally-managed install_data
[1.046s] DEBUG:colcon.colcon_core.event_handler.log_command:Invoking command in '/home/alexmin9/Desktop/TCI_AERO/ws_drones/src/pid_control': DEBUGINFOD_URLS=https://debuginfod.ubuntu.com PYTHONPATH=/home/alexmin9/Desktop/TCI_AERO/ws_drones/build/pid_control/prefix_override:/usr/lib/python3/dist-packages/colcon_core/task/python/colcon_distutils_commands:/home/alexmin9/Desktop/TCI_AERO/ws_drones/install/pid_control/lib/python3.12/site-packages:${PYTHONPATH} /usr/bin/python3 -W ignore:setup.py install is deprecated -W ignore:easy_install command is deprecated setup.py egg_info --egg-base ../../build/pid_control build --build-base /home/alexmin9/Desktop/TCI_AERO/ws_drones/build/pid_control/build install --record /home/alexmin9/Desktop/TCI_AERO/ws_drones/build/pid_control/install.log --single-version-externally-managed install_data
[1.229s] DEBUG:colcon.colcon_core.event_handler.log_command:Invoking command in '/home/alexmin9/Desktop/TCI_AERO/ws_drones/src/fusion_CP_Consensus': DEBUGINFOD_URLS=https://debuginfod.ubuntu.com PYTHONPATH=/home/alexmin9/Desktop/TCI_AERO/ws_drones/build/fusion_CP_Consensus/prefix_override:/usr/lib/python3/dist-packages/colcon_core/task/python/colcon_distutils_commands:/home/alexmin9/Desktop/TCI_AERO/ws_drones/install/fusion_CP_Consensus/lib/python3.12/site-packages:/home/alexmin9/Desktop/TCI_AERO/ws_drones/install/my_custom_interfaces/lib/python3.12/site-packages:/home/alexmin9/Desktop/TCI_AERO/ws_drones/install/crazyflie/lib/python3.12/site-packages:/opt/ros/kilted/lib/python3.12/site-packages:/opt/ros/kilted/lib/python3.12/site-packages:/home/alexmin9/Desktop/TCI_AERO/ws_drones/install/tortues/lib/python3.12/site-packages:/home/alexmin9/Desktop/TCI_AERO/ws_drones/install/pid_control/lib/python3.12/site-packages:/home/alexmin9/Desktop/TCI_AERO/ws_drones/install/fusion_CP_Consensus/lib/python3.12/site-packages:/home/alexmin9/Desktop/TCI_AERO/ws_simu/install/webots_ros2/lib/python3.12/site-packages:/home/alexmin9/Desktop/TCI_AERO/ws_simu/install/webots_ros2_universal_robot/lib/python3.12/site-packages:/home/alexmin9/Desktop/TCI_AERO/ws_simu/install/webots_ros2_turtlebot/lib/python3.12/site-packages:/home/alexmin9/Desktop/TCI_AERO/ws_simu/install/webots_ros2_tiago/lib/python3.12/site-packages:/home/alexmin9/Desktop/TCI_AERO/ws_simu/install/webots_ros2_tests/lib/python3.12/site-packages:/home/alexmin9/Desktop/TCI_AERO/ws_simu/install/webots_ros2_tesla/lib/python3.12/site-packages:/home/alexmin9/Desktop/TCI_AERO/ws_simu/install/webots_ros2_mavic/lib/python3.12/site-packages:/home/alexmin9/Desktop/TCI_AERO/ws_simu/install/webots_ros2_husarion/lib/python3.12/site-packages:/home/alexmin9/Desktop/TCI_AERO/ws_simu/install/webots_ros2_epuck/lib/python3.12/site-packages:/home/alexmin9/Desktop/TCI_AERO/ws_simu/install/webots_ros2_crazyflie/lib/python3.12/site-packages:/home/alexmin9/Desktop/TCI_AERO/ws_simu/install/webots_ros2_driver/lib/python3.12/site-packages:/home/alexmin9/Desktop/TCI_AERO/ws_simu/install/webots_ros2_msgs/lib/python3.12/site-packages:/home/alexmin9/Desktop/TCI_AERO/ws_simu/install/webots_ros2_importer/lib/python3.12/site-packages:/home/alexmin9/Desktop/TCI_AERO/ws_simu/install/tortues/lib/python3.12/site-packages:/home/alexmin9/Desktop/TCI_AERO/ws_simu/install/swarm_package/lib/python3.12/site-packages:/home/alexmin9/Desktop/TCI_AERO/ws_simu/install/my_package/lib/python3.12/site-packages:/opt/ros/kilted/lib/python3.12/site-packages /usr/bin/python3 -W ignore:setup.py install is deprecated -W ignore:easy_install command is deprecated setup.py egg_info --egg-base ../../build/fusion_CP_Consensus build --build-base /home/alexmin9/Desktop/TCI_AERO/ws_drones/build/fusion_CP_Consensus/build install --record /home/alexmin9/Desktop/TCI_AERO/ws_drones/build/fusion_CP_Consensus/install.log --single-version-externally-managed install_data
[1.339s] Level 1:colcon.colcon_core.environment:checking '/home/alexmin9/Desktop/TCI_AERO/ws_drones/install/crazyflie' for CMake module files
[1.339s] DEBUG:colcon.colcon_core.event_handler.log_command:Invoked command in '/home/alexmin9/Desktop/TCI_AERO/ws_drones/src/crazyflie' returned '0': DEBUGINFOD_URLS=https://debuginfod.ubuntu.com PYTHONPATH=/home/alexmin9/Desktop/TCI_AERO/ws_drones/build/crazyflie/prefix_override:/usr/lib/python3/dist-packages/colcon_core/task/python/colcon_distutils_commands:/home/alexmin9/Desktop/TCI_AERO/ws_drones/install/crazyflie/lib/python3.12/site-packages:${PYTHONPATH} /usr/bin/python3 -W ignore:setup.py install is deprecated -W ignore:easy_install command is deprecated setup.py egg_info --egg-base ../../build/crazyflie build --build-base /home/alexmin9/Desktop/TCI_AERO/ws_drones/build/crazyflie/build install --record /home/alexmin9/Desktop/TCI_AERO/ws_drones/build/crazyflie/install.log --single-version-externally-managed install_data
[1.340s] Level 1:colcon.colcon_core.environment:checking '/home/alexmin9/Desktop/TCI_AERO/ws_drones/install/crazyflie' for CMake config files
[1.340s] Level 1:colcon.colcon_core.environment:checking '/home/alexmin9/Desktop/TCI_AERO/ws_drones/install/crazyflie/lib'
[1.340s] Level 1:colcon.colcon_core.environment:checking '/home/alexmin9/Desktop/TCI_AERO/ws_drones/install/crazyflie/bin'
[1.340s] Level 1:colcon.colcon_core.environment:checking '/home/alexmin9/Desktop/TCI_AERO/ws_drones/install/crazyflie/lib/pkgconfig/crazyflie.pc'
[1.340s] Level 1:colcon.colcon_core.environment:checking '/home/alexmin9/Desktop/TCI_AERO/ws_drones/install/crazyflie/lib/python3.12/site-packages'
[1.340s] Level 1:colcon.colcon_core.shell:create_environment_hook('crazyflie', 'pythonpath')
[1.340s] INFO:colcon.colcon_core.shell:Creating environment hook '/home/alexmin9/Desktop/TCI_AERO/ws_drones/install/crazyflie/share/crazyflie/hook/pythonpath.ps1'
[1.341s] INFO:colcon.colcon_core.shell:Creating environment descriptor '/home/alexmin9/Desktop/TCI_AERO/ws_drones/install/crazyflie/share/crazyflie/hook/pythonpath.dsv'
[1.341s] INFO:colcon.colcon_core.shell:Creating environment hook '/home/alexmin9/Desktop/TCI_AERO/ws_drones/install/crazyflie/share/crazyflie/hook/pythonpath.sh'
[1.341s] Level 1:colcon.colcon_core.environment:checking '/home/alexmin9/Desktop/TCI_AERO/ws_drones/install/crazyflie/bin'
[1.341s] Level 1:colcon.colcon_core.environment:create_environment_scripts_only(crazyflie)
[1.341s] INFO:colcon.colcon_core.shell:Creating package script '/home/alexmin9/Desktop/TCI_AERO/ws_drones/install/crazyflie/share/crazyflie/package.ps1'
[1.342s] INFO:colcon.colcon_core.shell:Creating package descriptor '/home/alexmin9/Desktop/TCI_AERO/ws_drones/install/crazyflie/share/crazyflie/package.dsv'
[1.342s] INFO:colcon.colcon_core.shell:Creating package script '/home/alexmin9/Desktop/TCI_AERO/ws_drones/install/crazyflie/share/crazyflie/package.sh'
[1.342s] INFO:colcon.colcon_core.shell:Creating package script '/home/alexmin9/Desktop/TCI_AERO/ws_drones/install/crazyflie/share/crazyflie/package.bash'
[1.342s] INFO:colcon.colcon_core.shell:Creating package script '/home/alexmin9/Desktop/TCI_AERO/ws_drones/install/crazyflie/share/crazyflie/package.zsh'
[1.343s] Level 1:colcon.colcon_core.environment:create_file_with_runtime_dependencies(/home/alexmin9/Desktop/TCI_AERO/ws_drones/install/crazyflie/share/colcon-core/packages/crazyflie)
[1.344s] Level 1:colcon.colcon_core.environment:checking '/home/alexmin9/Desktop/TCI_AERO/ws_drones/install/pid_control' for CMake module files
[1.344s] DEBUG:colcon.colcon_core.event_handler.log_command:Invoked command in '/home/alexmin9/Desktop/TCI_AERO/ws_drones/src/pid_control' returned '0': DEBUGINFOD_URLS=https://debuginfod.ubuntu.com PYTHONPATH=/home/alexmin9/Desktop/TCI_AERO/ws_drones/build/pid_control/prefix_override:/usr/lib/python3/dist-packages/colcon_core/task/python/colcon_distutils_commands:/home/alexmin9/Desktop/TCI_AERO/ws_drones/install/pid_control/lib/python3.12/site-packages:${PYTHONPATH} /usr/bin/python3 -W ignore:setup.py install is deprecated -W ignore:easy_install command is deprecated setup.py egg_info --egg-base ../../build/pid_control build --build-base /home/alexmin9/Desktop/TCI_AERO/ws_drones/build/pid_control/build install --record /home/alexmin9/Desktop/TCI_AERO/ws_drones/build/pid_control/install.log --single-version-externally-managed install_data
[1.344s] Level 1:colcon.colcon_core.environment:checking '/home/alexmin9/Desktop/TCI_AERO/ws_drones/install/pid_control' for CMake config files
[1.344s] Level 1:colcon.colcon_core.environment:checking '/home/alexmin9/Desktop/TCI_AERO/ws_drones/install/pid_control/lib'
[1.344s] Level 1:colcon.colcon_core.environment:checking '/home/alexmin9/Desktop/TCI_AERO/ws_drones/install/pid_control/bin'
[1.344s] Level 1:colcon.colcon_core.environment:checking '/home/alexmin9/Desktop/TCI_AERO/ws_drones/install/pid_control/lib/pkgconfig/pid_control.pc'
[1.344s] Level 1:colcon.colcon_core.environment:checking '/home/alexmin9/Desktop/TCI_AERO/ws_drones/install/pid_control/lib/python3.12/site-packages'
[1.345s] Level 1:colcon.colcon_core.shell:create_environment_hook('pid_control', 'pythonpath')
[1.345s] INFO:colcon.colcon_core.shell:Creating environment hook '/home/alexmin9/Desktop/TCI_AERO/ws_drones/install/pid_control/share/pid_control/hook/pythonpath.ps1'
[1.345s] INFO:colcon.colcon_core.shell:Creating environment descriptor '/home/alexmin9/Desktop/TCI_AERO/ws_drones/install/pid_control/share/pid_control/hook/pythonpath.dsv'
[1.345s] INFO:colcon.colcon_core.shell:Creating environment hook '/home/alexmin9/Desktop/TCI_AERO/ws_drones/install/pid_control/share/pid_control/hook/pythonpath.sh'
[1.345s] Level 1:colcon.colcon_core.environment:checking '/home/alexmin9/Desktop/TCI_AERO/ws_drones/install/pid_control/bin'
[1.346s] Level 1:colcon.colcon_core.environment:create_environment_scripts_only(pid_control)
[1.346s] INFO:colcon.colcon_core.shell:Creating package script '/home/alexmin9/Desktop/TCI_AERO/ws_drones/install/pid_control/share/pid_control/package.ps1'
[1.346s] INFO:colcon.colcon_core.shell:Creating package descriptor '/home/alexmin9/Desktop/TCI_AERO/ws_drones/install/pid_control/share/pid_control/package.dsv'
[1.346s] INFO:colcon.colcon_core.shell:Creating package script '/home/alexmin9/Desktop/TCI_AERO/ws_drones/install/pid_control/share/pid_control/package.sh'
[1.346s] INFO:colcon.colcon_core.shell:Creating package script '/home/alexmin9/Desktop/TCI_AERO/ws_drones/install/pid_control/share/pid_control/package.bash'
[1.347s] INFO:colcon.colcon_core.shell:Creating package script '/home/alexmin9/Desktop/TCI_AERO/ws_drones/install/pid_control/share/pid_control/package.zsh'
[1.347s] Level 1:colcon.colcon_core.environment:create_file_with_runtime_dependencies(/home/alexmin9/Desktop/TCI_AERO/ws_drones/install/pid_control/share/colcon-core/packages/pid_control)
[1.347s] Level 1:colcon.colcon_core.environment:checking '/home/alexmin9/Desktop/TCI_AERO/ws_drones/install/tortues' for CMake module files
[1.348s] DEBUG:colcon.colcon_core.event_handler.log_command:Invoked command in '/home/alexmin9/Desktop/TCI_AERO/ws_drones/src/tortues' returned '0': DEBUGINFOD_URLS=https://debuginfod.ubuntu.com PYTHONPATH=/home/alexmin9/Desktop/TCI_AERO/ws_drones/build/tortues/prefix_override:/usr/lib/python3/dist-packages/colcon_core/task/python/colcon_distutils_commands:/home/alexmin9/Desktop/TCI_AERO/ws_drones/install/tortues/lib/python3.12/site-packages:${PYTHONPATH} /usr/bin/python3 -W ignore:setup.py install is deprecated -W ignore:easy_install command is deprecated setup.py egg_info --egg-base ../../build/tortues build --build-base /home/alexmin9/Desktop/TCI_AERO/ws_drones/build/tortues/build install --record /home/alexmin9/Desktop/TCI_AERO/ws_drones/build/tortues/install.log --single-version-externally-managed install_data
[1.348s] Level 1:colcon.colcon_core.environment:checking '/home/alexmin9/Desktop/TCI_AERO/ws_drones/install/tortues' for CMake config files
[1.348s] Level 1:colcon.colcon_core.environment:checking '/home/alexmin9/Desktop/TCI_AERO/ws_drones/install/tortues/lib'
[1.348s] Level 1:colcon.colcon_core.environment:checking '/home/alexmin9/Desktop/TCI_AERO/ws_drones/install/tortues/bin'
[1.348s] Level 1:colcon.colcon_core.environment:checking '/home/alexmin9/Desktop/TCI_AERO/ws_drones/install/tortues/lib/pkgconfig/tortues.pc'
[1.348s] Level 1:colcon.colcon_core.environment:checking '/home/alexmin9/Desktop/TCI_AERO/ws_drones/install/tortues/lib/python3.12/site-packages'
[1.348s] Level 1:colcon.colcon_core.shell:create_environment_hook('tortues', 'pythonpath')
[1.348s] INFO:colcon.colcon_core.shell:Creating environment hook '/home/alexmin9/Desktop/TCI_AERO/ws_drones/install/tortues/share/tortues/hook/pythonpath.ps1'
[1.349s] INFO:colcon.colcon_core.shell:Creating environment descriptor '/home/alexmin9/Desktop/TCI_AERO/ws_drones/install/tortues/share/tortues/hook/pythonpath.dsv'
[1.349s] INFO:colcon.colcon_core.shell:Creating environment hook '/home/alexmin9/Desktop/TCI_AERO/ws_drones/install/tortues/share/tortues/hook/pythonpath.sh'
[1.349s] Level 1:colcon.colcon_core.environment:checking '/home/alexmin9/Desktop/TCI_AERO/ws_drones/install/tortues/bin'
[1.349s] Level 1:colcon.colcon_core.environment:create_environment_scripts_only(tortues)
[1.349s] INFO:colcon.colcon_core.shell:Creating package script '/home/alexmin9/Desktop/TCI_AERO/ws_drones/install/tortues/share/tortues/package.ps1'
[1.350s] INFO:colcon.colcon_core.shell:Creating package descriptor '/home/alexmin9/Desktop/TCI_AERO/ws_drones/install/tortues/share/tortues/package.dsv'
[1.350s] INFO:colcon.colcon_core.shell:Creating package script '/home/alexmin9/Desktop/TCI_AERO/ws_drones/install/tortues/share/tortues/package.sh'
[1.350s] INFO:colcon.colcon_core.shell:Creating package script '/home/alexmin9/Desktop/TCI_AERO/ws_drones/install/tortues/share/tortues/package.bash'
[1.350s] INFO:colcon.colcon_core.shell:Creating package script '/home/alexmin9/Desktop/TCI_AERO/ws_drones/install/tortues/share/tortues/package.zsh'
[1.350s] Level 1:colcon.colcon_core.environment:create_file_with_runtime_dependencies(/home/alexmin9/Desktop/TCI_AERO/ws_drones/install/tortues/share/colcon-core/packages/tortues)
[1.538s] Level 1:colcon.colcon_core.environment:checking '/home/alexmin9/Desktop/TCI_AERO/ws_drones/install/fusion_CP_Consensus' for CMake module files
[1.538s] DEBUG:colcon.colcon_core.event_handler.log_command:Invoked command in '/home/alexmin9/Desktop/TCI_AERO/ws_drones/src/fusion_CP_Consensus' returned '0': DEBUGINFOD_URLS=https://debuginfod.ubuntu.com PYTHONPATH=/home/alexmin9/Desktop/TCI_AERO/ws_drones/build/fusion_CP_Consensus/prefix_override:/usr/lib/python3/dist-packages/colcon_core/task/python/colcon_distutils_commands:/home/alexmin9/Desktop/TCI_AERO/ws_drones/install/fusion_CP_Consensus/lib/python3.12/site-packages:/home/alexmin9/Desktop/TCI_AERO/ws_drones/install/my_custom_interfaces/lib/python3.12/site-packages:/home/alexmin9/Desktop/TCI_AERO/ws_drones/install/crazyflie/lib/python3.12/site-packages:/opt/ros/kilted/lib/python3.12/site-packages:/opt/ros/kilted/lib/python3.12/site-packages:/home/alexmin9/Desktop/TCI_AERO/ws_drones/install/tortues/lib/python3.12/site-packages:/home/alexmin9/Desktop/TCI_AERO/ws_drones/install/pid_control/lib/python3.12/site-packages:/home/alexmin9/Desktop/TCI_AERO/ws_drones/install/fusion_CP_Consensus/lib/python3.12/site-packages:/home/alexmin9/Desktop/TCI_AERO/ws_simu/install/webots_ros2/lib/python3.12/site-packages:/home/alexmin9/Desktop/TCI_AERO/ws_simu/install/webots_ros2_universal_robot/lib/python3.12/site-packages:/home/alexmin9/Desktop/TCI_AERO/ws_simu/install/webots_ros2_turtlebot/lib/python3.12/site-packages:/home/alexmin9/Desktop/TCI_AERO/ws_simu/install/webots_ros2_tiago/lib/python3.12/site-packages:/home/alexmin9/Desktop/TCI_AERO/ws_simu/install/webots_ros2_tests/lib/python3.12/site-packages:/home/alexmin9/Desktop/TCI_AERO/ws_simu/install/webots_ros2_tesla/lib/python3.12/site-packages:/home/alexmin9/Desktop/TCI_AERO/ws_simu/install/webots_ros2_mavic/lib/python3.12/site-packages:/home/alexmin9/Desktop/TCI_AERO/ws_simu/install/webots_ros2_husarion/lib/python3.12/site-packages:/home/alexmin9/Desktop/TCI_AERO/ws_simu/install/webots_ros2_epuck/lib/python3.12/site-packages:/home/alexmin9/Desktop/TCI_AERO/ws_simu/install/webots_ros2_crazyflie/lib/python3.12/site-packages:/home/alexmin9/Desktop/TCI_AERO/ws_simu/install/webots_ros2_driver/lib/python3.12/site-packages:/home/alexmin9/Desktop/TCI_AERO/ws_simu/install/webots_ros2_msgs/lib/python3.12/site-packages:/home/alexmin9/Desktop/TCI_AERO/ws_simu/install/webots_ros2_importer/lib/python3.12/site-packages:/home/alexmin9/Desktop/TCI_AERO/ws_simu/install/tortues/lib/python3.12/site-packages:/home/alexmin9/Desktop/TCI_AERO/ws_simu/install/swarm_package/lib/python3.12/site-packages:/home/alexmin9/Desktop/TCI_AERO/ws_simu/install/my_package/lib/python3.12/site-packages:/opt/ros/kilted/lib/python3.12/site-packages /usr/bin/python3 -W ignore:setup.py install is deprecated -W ignore:easy_install command is deprecated setup.py egg_info --egg-base ../../build/fusion_CP_Consensus build --build-base /home/alexmin9/Desktop/TCI_AERO/ws_drones/build/fusion_CP_Consensus/build install --record /home/alexmin9/Desktop/TCI_AERO/ws_drones/build/fusion_CP_Consensus/install.log --single-version-externally-managed install_data
[1.538s] Level 1:colcon.colcon_core.environment:checking '/home/alexmin9/Desktop/TCI_AERO/ws_drones/install/fusion_CP_Consensus' for CMake config files
[1.539s] Level 1:colcon.colcon_core.environment:checking '/home/alexmin9/Desktop/TCI_AERO/ws_drones/install/fusion_CP_Consensus/lib'
[1.539s] Level 1:colcon.colcon_core.environment:checking '/home/alexmin9/Desktop/TCI_AERO/ws_drones/install/fusion_CP_Consensus/bin'
[1.539s] Level 1:colcon.colcon_core.environment:checking '/home/alexmin9/Desktop/TCI_AERO/ws_drones/install/fusion_CP_Consensus/lib/pkgconfig/fusion_CP_Consensus.pc'
[1.539s] Level 1:colcon.colcon_core.environment:checking '/home/alexmin9/Desktop/TCI_AERO/ws_drones/install/fusion_CP_Consensus/lib/python3.12/site-packages'
[1.539s] Level 1:colcon.colcon_core.shell:create_environment_hook('fusion_CP_Consensus', 'pythonpath')
[1.539s] INFO:colcon.colcon_core.shell:Creating environment hook '/home/alexmin9/Desktop/TCI_AERO/ws_drones/install/fusion_CP_Consensus/share/fusion_CP_Consensus/hook/pythonpath.ps1'
[1.539s] INFO:colcon.colcon_core.shell:Creating environment descriptor '/home/alexmin9/Desktop/TCI_AERO/ws_drones/install/fusion_CP_Consensus/share/fusion_CP_Consensus/hook/pythonpath.dsv'
[1.539s] INFO:colcon.colcon_core.shell:Creating environment hook '/home/alexmin9/Desktop/TCI_AERO/ws_drones/install/fusion_CP_Consensus/share/fusion_CP_Consensus/hook/pythonpath.sh'
[1.540s] Level 1:colcon.colcon_core.environment:checking '/home/alexmin9/Desktop/TCI_AERO/ws_drones/install/fusion_CP_Consensus/bin'
[1.540s] Level 1:colcon.colcon_core.environment:create_environment_scripts_only(fusion_CP_Consensus)
[1.540s] INFO:colcon.colcon_core.shell:Creating package script '/home/alexmin9/Desktop/TCI_AERO/ws_drones/install/fusion_CP_Consensus/share/fusion_CP_Consensus/package.ps1'
[1.540s] INFO:colcon.colcon_core.shell:Creating package descriptor '/home/alexmin9/Desktop/TCI_AERO/ws_drones/install/fusion_CP_Consensus/share/fusion_CP_Consensus/package.dsv'
[1.540s] INFO:colcon.colcon_core.shell:Creating package script '/home/alexmin9/Desktop/TCI_AERO/ws_drones/install/fusion_CP_Consensus/share/fusion_CP_Consensus/package.sh'
[1.541s] INFO:colcon.colcon_core.shell:Creating package script '/home/alexmin9/Desktop/TCI_AERO/ws_drones/install/fusion_CP_Consensus/share/fusion_CP_Consensus/package.bash'
[1.541s] INFO:colcon.colcon_core.shell:Creating package script '/home/alexmin9/Desktop/TCI_AERO/ws_drones/install/fusion_CP_Consensus/share/fusion_CP_Consensus/package.zsh'
[1.541s] Level 1:colcon.colcon_core.environment:create_file_with_runtime_dependencies(/home/alexmin9/Desktop/TCI_AERO/ws_drones/install/fusion_CP_Consensus/share/colcon-core/packages/fusion_CP_Consensus)
[1.541s] DEBUG:colcon.colcon_parallel_executor.executor.parallel:closing loop
[1.541s] DEBUG:colcon.colcon_parallel_executor.executor.parallel:loop closed
[1.541s] DEBUG:colcon.colcon_parallel_executor.executor.parallel:run_until_complete finished with '0'
[1.542s] DEBUG:colcon.colcon_core.event_reactor:joining thread
[1.545s] INFO:colcon.colcon_core.plugin_system:Skipping extension 'colcon_notification.desktop_notification.terminal_notifier': Not used on non-Darwin systems
[1.545s] INFO:colcon.colcon_core.plugin_system:Skipping extension 'colcon_notification.desktop_notification.win32': Not used on non-Windows systems
[1.545s] INFO:colcon.colcon_notification.desktop_notification:Sending desktop notification using 'notify2'
[1.554s] DEBUG:colcon.colcon_core.event_reactor:joined thread
[1.554s] INFO:colcon.colcon_core.shell:Creating prefix script '/home/alexmin9/Desktop/TCI_AERO/ws_drones/install/local_setup.ps1'
[1.554s] INFO:colcon.colcon_core.shell:Creating prefix util module '/home/alexmin9/Desktop/TCI_AERO/ws_drones/install/_local_setup_util_ps1.py'
[1.555s] INFO:colcon.colcon_core.shell:Creating prefix chain script '/home/alexmin9/Desktop/TCI_AERO/ws_drones/install/setup.ps1'
[1.556s] INFO:colcon.colcon_core.shell:Creating prefix script '/home/alexmin9/Desktop/TCI_AERO/ws_drones/install/local_setup.sh'
[1.556s] INFO:colcon.colcon_core.shell:Creating prefix util module '/home/alexmin9/Desktop/TCI_AERO/ws_drones/install/_local_setup_util_sh.py'
[1.556s] INFO:colcon.colcon_core.shell:Creating prefix chain script '/home/alexmin9/Desktop/TCI_AERO/ws_drones/install/setup.sh'
[1.557s] INFO:colcon.colcon_core.shell:Creating prefix script '/home/alexmin9/Desktop/TCI_AERO/ws_drones/install/local_setup.bash'
[1.558s] INFO:colcon.colcon_core.shell:Creating prefix chain script '/home/alexmin9/Desktop/TCI_AERO/ws_drones/install/setup.bash'
[1.558s] INFO:colcon.colcon_core.shell:Creating prefix script '/home/alexmin9/Desktop/TCI_AERO/ws_drones/install/local_setup.zsh'
[1.559s] INFO:colcon.colcon_core.shell:Creating prefix chain script '/home/alexmin9/Desktop/TCI_AERO/ws_drones/install/setup.zsh'
