[0.844s] Invoking command in '/home/alexmin9/Desktop/TCI_AERO/ws_drones/src/crazyflie': DEBUGINFOD_URLS=https://debuginfod.ubuntu.com PYTHONPATH=/home/alexmin9/Desktop/TCI_AERO/ws_drones/build/crazyflie/prefix_override:/usr/lib/python3/dist-packages/colcon_core/task/python/colcon_distutils_commands:/home/alexmin9/Desktop/TCI_AERO/ws_drones/install/crazyflie/lib/python3.12/site-packages:${PYTHONPATH} /usr/bin/python3 -W ignore:setup.py install is deprecated -W ignore:easy_install command is deprecated setup.py egg_info --egg-base ../../build/crazyflie build --build-base /home/alexmin9/Desktop/TCI_AERO/ws_drones/build/crazyflie/build install --record /home/alexmin9/Desktop/TCI_AERO/ws_drones/build/crazyflie/install.log --single-version-externally-managed install_data
[0.989s] running egg_info
[0.998s] writing ../../build/crazyflie/crazyflie.egg-info/PKG-INFO
[0.998s] writing dependency_links to ../../build/crazyflie/crazyflie.egg-info/dependency_links.txt
[0.998s] writing entry points to ../../build/crazyflie/crazyflie.egg-info/entry_points.txt
[0.998s] writing requirements to ../../build/crazyflie/crazyflie.egg-info/requires.txt
[0.998s] writing top-level names to ../../build/crazyflie/crazyflie.egg-info/top_level.txt
[1.019s] reading manifest file '../../build/crazyflie/crazyflie.egg-info/SOURCES.txt'
[1.020s] writing manifest file '../../build/crazyflie/crazyflie.egg-info/SOURCES.txt'
[1.020s] running build
[1.020s] running build_py
[1.020s] copying crazyflie/interface_node_vrai.py -> /home/alexmin9/Desktop/TCI_AERO/ws_drones/build/crazyflie/build/lib/crazyflie
[1.020s] running install
[1.024s] running install_lib
[1.033s] copying /home/alexmin9/Desktop/TCI_AERO/ws_drones/build/crazyflie/build/lib/crazyflie/interface_node_vrai.py -> /home/alexmin9/Desktop/TCI_AERO/ws_drones/install/crazyflie/lib/python3.12/site-packages/crazyflie
[1.034s] byte-compiling /home/alexmin9/Desktop/TCI_AERO/ws_drones/install/crazyflie/lib/python3.12/site-packages/crazyflie/interface_node_vrai.py to interface_node_vrai.cpython-312.pyc
[1.034s] running install_data
[1.035s] running install_egg_info
[1.045s] removing '/home/alexmin9/Desktop/TCI_AERO/ws_drones/install/crazyflie/lib/python3.12/site-packages/crazyflie-0.0.0-py3.12.egg-info' (and everything under it)
[1.045s] Copying ../../build/crazyflie/crazyflie.egg-info to /home/alexmin9/Desktop/TCI_AERO/ws_drones/install/crazyflie/lib/python3.12/site-packages/crazyflie-0.0.0-py3.12.egg-info
[1.046s] running install_scripts
[1.119s] Installing Control_node script to /home/alexmin9/Desktop/TCI_AERO/ws_drones/install/crazyflie/lib/crazyflie
[1.120s] Installing interface_node script to /home/alexmin9/Desktop/TCI_AERO/ws_drones/install/crazyflie/lib/crazyflie
[1.120s] writing list of installed files to '/home/alexmin9/Desktop/TCI_AERO/ws_drones/build/crazyflie/install.log'
[1.136s] Invoked command in '/home/alexmin9/Desktop/TCI_AERO/ws_drones/src/crazyflie' returned '0': DEBUGINFOD_URLS=https://debuginfod.ubuntu.com PYTHONPATH=/home/alexmin9/Desktop/TCI_AERO/ws_drones/build/crazyflie/prefix_override:/usr/lib/python3/dist-packages/colcon_core/task/python/colcon_distutils_commands:/home/alexmin9/Desktop/TCI_AERO/ws_drones/install/crazyflie/lib/python3.12/site-packages:${PYTHONPATH} /usr/bin/python3 -W ignore:setup.py install is deprecated -W ignore:easy_install command is deprecated setup.py egg_info --egg-base ../../build/crazyflie build --build-base /home/alexmin9/Desktop/TCI_AERO/ws_drones/build/crazyflie/build install --record /home/alexmin9/Desktop/TCI_AERO/ws_drones/build/crazyflie/install.log --single-version-externally-managed install_data
