running egg_info
creating ../../build/fusion_CP_Consensus/fusion_CP_Consensus.egg-info
writing ../../build/fusion_CP_Consensus/fusion_CP_Consensus.egg-info/PKG-INFO
writing dependency_links to ../../build/fusion_CP_Consensus/fusion_CP_Consensus.egg-info/dependency_links.txt
writing entry points to ../../build/fusion_CP_Consensus/fusion_CP_Consensus.egg-info/entry_points.txt
writing requirements to ../../build/fusion_CP_Consensus/fusion_CP_Consensus.egg-info/requires.txt
writing top-level names to ../../build/fusion_CP_Consensus/fusion_CP_Consensus.egg-info/top_level.txt
writing manifest file '../../build/fusion_CP_Consensus/fusion_CP_Consensus.egg-info/SOURCES.txt'
reading manifest file '../../build/fusion_CP_Consensus/fusion_CP_Consensus.egg-info/SOURCES.txt'
writing manifest file '../../build/fusion_CP_Consensus/fusion_CP_Consensus.egg-info/SOURCES.txt'
running build
running build_py
creating /home/alexmin9/Desktop/TCI_AERO/ws_drones/build/fusion_CP_Consensus/build
creating /home/alexmin9/Desktop/TCI_AERO/ws_drones/build/fusion_CP_Consensus/build/lib
creating /home/alexmin9/Desktop/TCI_AERO/ws_drones/build/fusion_CP_Consensus/build/lib/fusion_CP_Consensus
copying fusion_CP_Consensus/global_path_node2.py -> /home/alexmin9/Desktop/TCI_AERO/ws_drones/build/fusion_CP_Consensus/build/lib/fusion_CP_Consensus
copying fusion_CP_Consensus/local_path_node3.py -> /home/alexmin9/Desktop/TCI_AERO/ws_drones/build/fusion_CP_Consensus/build/lib/fusion_CP_Consensus
copying fusion_CP_Consensus/global_path_node4.py -> /home/alexmin9/Desktop/TCI_AERO/ws_drones/build/fusion_CP_Consensus/build/lib/fusion_CP_Consensus
copying fusion_CP_Consensus/decision_node1.py -> /home/alexmin9/Desktop/TCI_AERO/ws_drones/build/fusion_CP_Consensus/build/lib/fusion_CP_Consensus
copying fusion_CP_Consensus/decision_node3.py -> /home/alexmin9/Desktop/TCI_AERO/ws_drones/build/fusion_CP_Consensus/build/lib/fusion_CP_Consensus
copying fusion_CP_Consensus/champs_pot_class.py -> /home/alexmin9/Desktop/TCI_AERO/ws_drones/build/fusion_CP_Consensus/build/lib/fusion_CP_Consensus
copying fusion_CP_Consensus/fake_ot_node.py -> /home/alexmin9/Desktop/TCI_AERO/ws_drones/build/fusion_CP_Consensus/build/lib/fusion_CP_Consensus
copying fusion_CP_Consensus/my_robot_driver_node4.py -> /home/alexmin9/Desktop/TCI_AERO/ws_drones/build/fusion_CP_Consensus/build/lib/fusion_CP_Consensus
copying fusion_CP_Consensus/decision_node4.py -> /home/alexmin9/Desktop/TCI_AERO/ws_drones/build/fusion_CP_Consensus/build/lib/fusion_CP_Consensus
copying fusion_CP_Consensus/global_path_node1.py -> /home/alexmin9/Desktop/TCI_AERO/ws_drones/build/fusion_CP_Consensus/build/lib/fusion_CP_Consensus
copying fusion_CP_Consensus/local_path_node1.py -> /home/alexmin9/Desktop/TCI_AERO/ws_drones/build/fusion_CP_Consensus/build/lib/fusion_CP_Consensus
copying fusion_CP_Consensus/my_robot_driver_node1.py -> /home/alexmin9/Desktop/TCI_AERO/ws_drones/build/fusion_CP_Consensus/build/lib/fusion_CP_Consensus
copying fusion_CP_Consensus/local_path_node2.py -> /home/alexmin9/Desktop/TCI_AERO/ws_drones/build/fusion_CP_Consensus/build/lib/fusion_CP_Consensus
copying fusion_CP_Consensus/my_robot_driver_node2.py -> /home/alexmin9/Desktop/TCI_AERO/ws_drones/build/fusion_CP_Consensus/build/lib/fusion_CP_Consensus
copying fusion_CP_Consensus/pid_class.py -> /home/alexmin9/Desktop/TCI_AERO/ws_drones/build/fusion_CP_Consensus/build/lib/fusion_CP_Consensus
copying fusion_CP_Consensus/global_path_node3.py -> /home/alexmin9/Desktop/TCI_AERO/ws_drones/build/fusion_CP_Consensus/build/lib/fusion_CP_Consensus
copying fusion_CP_Consensus/pid_control_turtle_old.py -> /home/alexmin9/Desktop/TCI_AERO/ws_drones/build/fusion_CP_Consensus/build/lib/fusion_CP_Consensus
copying fusion_CP_Consensus/pid_vel.py -> /home/alexmin9/Desktop/TCI_AERO/ws_drones/build/fusion_CP_Consensus/build/lib/fusion_CP_Consensus
copying fusion_CP_Consensus/my_robot_driver_node3.py -> /home/alexmin9/Desktop/TCI_AERO/ws_drones/build/fusion_CP_Consensus/build/lib/fusion_CP_Consensus
copying fusion_CP_Consensus/__init__.py -> /home/alexmin9/Desktop/TCI_AERO/ws_drones/build/fusion_CP_Consensus/build/lib/fusion_CP_Consensus
copying fusion_CP_Consensus/local_path_node4.py -> /home/alexmin9/Desktop/TCI_AERO/ws_drones/build/fusion_CP_Consensus/build/lib/fusion_CP_Consensus
copying fusion_CP_Consensus/decision_node2.py -> /home/alexmin9/Desktop/TCI_AERO/ws_drones/build/fusion_CP_Consensus/build/lib/fusion_CP_Consensus
running install
running install_lib
creating /home/alexmin9/Desktop/TCI_AERO/ws_drones/install/fusion_CP_Consensus/lib/python3.12/site-packages/fusion_CP_Consensus
copying /home/alexmin9/Desktop/TCI_AERO/ws_drones/build/fusion_CP_Consensus/build/lib/fusion_CP_Consensus/global_path_node2.py -> /home/alexmin9/Desktop/TCI_AERO/ws_drones/install/fusion_CP_Consensus/lib/python3.12/site-packages/fusion_CP_Consensus
copying /home/alexmin9/Desktop/TCI_AERO/ws_drones/build/fusion_CP_Consensus/build/lib/fusion_CP_Consensus/local_path_node3.py -> /home/alexmin9/Desktop/TCI_AERO/ws_drones/install/fusion_CP_Consensus/lib/python3.12/site-packages/fusion_CP_Consensus
copying /home/alexmin9/Desktop/TCI_AERO/ws_drones/build/fusion_CP_Consensus/build/lib/fusion_CP_Consensus/global_path_node4.py -> /home/alexmin9/Desktop/TCI_AERO/ws_drones/install/fusion_CP_Consensus/lib/python3.12/site-packages/fusion_CP_Consensus
copying /home/alexmin9/Desktop/TCI_AERO/ws_drones/build/fusion_CP_Consensus/build/lib/fusion_CP_Consensus/decision_node1.py -> /home/alexmin9/Desktop/TCI_AERO/ws_drones/install/fusion_CP_Consensus/lib/python3.12/site-packages/fusion_CP_Consensus
copying /home/alexmin9/Desktop/TCI_AERO/ws_drones/build/fusion_CP_Consensus/build/lib/fusion_CP_Consensus/decision_node3.py -> /home/alexmin9/Desktop/TCI_AERO/ws_drones/install/fusion_CP_Consensus/lib/python3.12/site-packages/fusion_CP_Consensus
copying /home/alexmin9/Desktop/TCI_AERO/ws_drones/build/fusion_CP_Consensus/build/lib/fusion_CP_Consensus/champs_pot_class.py -> /home/alexmin9/Desktop/TCI_AERO/ws_drones/install/fusion_CP_Consensus/lib/python3.12/site-packages/fusion_CP_Consensus
copying /home/alexmin9/Desktop/TCI_AERO/ws_drones/build/fusion_CP_Consensus/build/lib/fusion_CP_Consensus/fake_ot_node.py -> /home/alexmin9/Desktop/TCI_AERO/ws_drones/install/fusion_CP_Consensus/lib/python3.12/site-packages/fusion_CP_Consensus
copying /home/alexmin9/Desktop/TCI_AERO/ws_drones/build/fusion_CP_Consensus/build/lib/fusion_CP_Consensus/my_robot_driver_node4.py -> /home/alexmin9/Desktop/TCI_AERO/ws_drones/install/fusion_CP_Consensus/lib/python3.12/site-packages/fusion_CP_Consensus
copying /home/alexmin9/Desktop/TCI_AERO/ws_drones/build/fusion_CP_Consensus/build/lib/fusion_CP_Consensus/decision_node4.py -> /home/alexmin9/Desktop/TCI_AERO/ws_drones/install/fusion_CP_Consensus/lib/python3.12/site-packages/fusion_CP_Consensus
copying /home/alexmin9/Desktop/TCI_AERO/ws_drones/build/fusion_CP_Consensus/build/lib/fusion_CP_Consensus/global_path_node1.py -> /home/alexmin9/Desktop/TCI_AERO/ws_drones/install/fusion_CP_Consensus/lib/python3.12/site-packages/fusion_CP_Consensus
copying /home/alexmin9/Desktop/TCI_AERO/ws_drones/build/fusion_CP_Consensus/build/lib/fusion_CP_Consensus/local_path_node1.py -> /home/alexmin9/Desktop/TCI_AERO/ws_drones/install/fusion_CP_Consensus/lib/python3.12/site-packages/fusion_CP_Consensus
copying /home/alexmin9/Desktop/TCI_AERO/ws_drones/build/fusion_CP_Consensus/build/lib/fusion_CP_Consensus/my_robot_driver_node1.py -> /home/alexmin9/Desktop/TCI_AERO/ws_drones/install/fusion_CP_Consensus/lib/python3.12/site-packages/fusion_CP_Consensus
copying /home/alexmin9/Desktop/TCI_AERO/ws_drones/build/fusion_CP_Consensus/build/lib/fusion_CP_Consensus/local_path_node2.py -> /home/alexmin9/Desktop/TCI_AERO/ws_drones/install/fusion_CP_Consensus/lib/python3.12/site-packages/fusion_CP_Consensus
copying /home/alexmin9/Desktop/TCI_AERO/ws_drones/build/fusion_CP_Consensus/build/lib/fusion_CP_Consensus/my_robot_driver_node2.py -> /home/alexmin9/Desktop/TCI_AERO/ws_drones/install/fusion_CP_Consensus/lib/python3.12/site-packages/fusion_CP_Consensus
copying /home/alexmin9/Desktop/TCI_AERO/ws_drones/build/fusion_CP_Consensus/build/lib/fusion_CP_Consensus/pid_class.py -> /home/alexmin9/Desktop/TCI_AERO/ws_drones/install/fusion_CP_Consensus/lib/python3.12/site-packages/fusion_CP_Consensus
copying /home/alexmin9/Desktop/TCI_AERO/ws_drones/build/fusion_CP_Consensus/build/lib/fusion_CP_Consensus/global_path_node3.py -> /home/alexmin9/Desktop/TCI_AERO/ws_drones/install/fusion_CP_Consensus/lib/python3.12/site-packages/fusion_CP_Consensus
copying /home/alexmin9/Desktop/TCI_AERO/ws_drones/build/fusion_CP_Consensus/build/lib/fusion_CP_Consensus/pid_control_turtle_old.py -> /home/alexmin9/Desktop/TCI_AERO/ws_drones/install/fusion_CP_Consensus/lib/python3.12/site-packages/fusion_CP_Consensus
copying /home/alexmin9/Desktop/TCI_AERO/ws_drones/build/fusion_CP_Consensus/build/lib/fusion_CP_Consensus/pid_vel.py -> /home/alexmin9/Desktop/TCI_AERO/ws_drones/install/fusion_CP_Consensus/lib/python3.12/site-packages/fusion_CP_Consensus
copying /home/alexmin9/Desktop/TCI_AERO/ws_drones/build/fusion_CP_Consensus/build/lib/fusion_CP_Consensus/my_robot_driver_node3.py -> /home/alexmin9/Desktop/TCI_AERO/ws_drones/install/fusion_CP_Consensus/lib/python3.12/site-packages/fusion_CP_Consensus
copying /home/alexmin9/Desktop/TCI_AERO/ws_drones/build/fusion_CP_Consensus/build/lib/fusion_CP_Consensus/__init__.py -> /home/alexmin9/Desktop/TCI_AERO/ws_drones/install/fusion_CP_Consensus/lib/python3.12/site-packages/fusion_CP_Consensus
copying /home/alexmin9/Desktop/TCI_AERO/ws_drones/build/fusion_CP_Consensus/build/lib/fusion_CP_Consensus/local_path_node4.py -> /home/alexmin9/Desktop/TCI_AERO/ws_drones/install/fusion_CP_Consensus/lib/python3.12/site-packages/fusion_CP_Consensus
copying /home/alexmin9/Desktop/TCI_AERO/ws_drones/build/fusion_CP_Consensus/build/lib/fusion_CP_Consensus/decision_node2.py -> /home/alexmin9/Desktop/TCI_AERO/ws_drones/install/fusion_CP_Consensus/lib/python3.12/site-packages/fusion_CP_Consensus
byte-compiling /home/alexmin9/Desktop/TCI_AERO/ws_drones/install/fusion_CP_Consensus/lib/python3.12/site-packages/fusion_CP_Consensus/global_path_node2.py to global_path_node2.cpython-312.pyc
byte-compiling /home/alexmin9/Desktop/TCI_AERO/ws_drones/install/fusion_CP_Consensus/lib/python3.12/site-packages/fusion_CP_Consensus/local_path_node3.py to local_path_node3.cpython-312.pyc
byte-compiling /home/alexmin9/Desktop/TCI_AERO/ws_drones/install/fusion_CP_Consensus/lib/python3.12/site-packages/fusion_CP_Consensus/global_path_node4.py to global_path_node4.cpython-312.pyc
byte-compiling /home/alexmin9/Desktop/TCI_AERO/ws_drones/install/fusion_CP_Consensus/lib/python3.12/site-packages/fusion_CP_Consensus/decision_node1.py to decision_node1.cpython-312.pyc
byte-compiling /home/alexmin9/Desktop/TCI_AERO/ws_drones/install/fusion_CP_Consensus/lib/python3.12/site-packages/fusion_CP_Consensus/decision_node3.py to decision_node3.cpython-312.pyc
byte-compiling /home/alexmin9/Desktop/TCI_AERO/ws_drones/install/fusion_CP_Consensus/lib/python3.12/site-packages/fusion_CP_Consensus/champs_pot_class.py to champs_pot_class.cpython-312.pyc
byte-compiling /home/alexmin9/Desktop/TCI_AERO/ws_drones/install/fusion_CP_Consensus/lib/python3.12/site-packages/fusion_CP_Consensus/fake_ot_node.py to fake_ot_node.cpython-312.pyc
byte-compiling /home/alexmin9/Desktop/TCI_AERO/ws_drones/install/fusion_CP_Consensus/lib/python3.12/site-packages/fusion_CP_Consensus/my_robot_driver_node4.py to my_robot_driver_node4.cpython-312.pyc
byte-compiling /home/alexmin9/Desktop/TCI_AERO/ws_drones/install/fusion_CP_Consensus/lib/python3.12/site-packages/fusion_CP_Consensus/decision_node4.py to decision_node4.cpython-312.pyc
byte-compiling /home/alexmin9/Desktop/TCI_AERO/ws_drones/install/fusion_CP_Consensus/lib/python3.12/site-packages/fusion_CP_Consensus/global_path_node1.py to global_path_node1.cpython-312.pyc
byte-compiling /home/alexmin9/Desktop/TCI_AERO/ws_drones/install/fusion_CP_Consensus/lib/python3.12/site-packages/fusion_CP_Consensus/local_path_node1.py to local_path_node1.cpython-312.pyc
byte-compiling /home/alexmin9/Desktop/TCI_AERO/ws_drones/install/fusion_CP_Consensus/lib/python3.12/site-packages/fusion_CP_Consensus/my_robot_driver_node1.py to my_robot_driver_node1.cpython-312.pyc
byte-compiling /home/alexmin9/Desktop/TCI_AERO/ws_drones/install/fusion_CP_Consensus/lib/python3.12/site-packages/fusion_CP_Consensus/local_path_node2.py to local_path_node2.cpython-312.pyc
byte-compiling /home/alexmin9/Desktop/TCI_AERO/ws_drones/install/fusion_CP_Consensus/lib/python3.12/site-packages/fusion_CP_Consensus/my_robot_driver_node2.py to my_robot_driver_node2.cpython-312.pyc
byte-compiling /home/alexmin9/Desktop/TCI_AERO/ws_drones/install/fusion_CP_Consensus/lib/python3.12/site-packages/fusion_CP_Consensus/pid_class.py to pid_class.cpython-312.pyc
byte-compiling /home/alexmin9/Desktop/TCI_AERO/ws_drones/install/fusion_CP_Consensus/lib/python3.12/site-packages/fusion_CP_Consensus/global_path_node3.py to global_path_node3.cpython-312.pyc
byte-compiling /home/alexmin9/Desktop/TCI_AERO/ws_drones/install/fusion_CP_Consensus/lib/python3.12/site-packages/fusion_CP_Consensus/pid_control_turtle_old.py to pid_control_turtle_old.cpython-312.pyc
byte-compiling /home/alexmin9/Desktop/TCI_AERO/ws_drones/install/fusion_CP_Consensus/lib/python3.12/site-packages/fusion_CP_Consensus/pid_vel.py to pid_vel.cpython-312.pyc
byte-compiling /home/alexmin9/Desktop/TCI_AERO/ws_drones/install/fusion_CP_Consensus/lib/python3.12/site-packages/fusion_CP_Consensus/my_robot_driver_node3.py to my_robot_driver_node3.cpython-312.pyc
byte-compiling /home/alexmin9/Desktop/TCI_AERO/ws_drones/install/fusion_CP_Consensus/lib/python3.12/site-packages/fusion_CP_Consensus/__init__.py to __init__.cpython-312.pyc
byte-compiling /home/alexmin9/Desktop/TCI_AERO/ws_drones/install/fusion_CP_Consensus/lib/python3.12/site-packages/fusion_CP_Consensus/local_path_node4.py to local_path_node4.cpython-312.pyc
byte-compiling /home/alexmin9/Desktop/TCI_AERO/ws_drones/install/fusion_CP_Consensus/lib/python3.12/site-packages/fusion_CP_Consensus/decision_node2.py to decision_node2.cpython-312.pyc
running install_data
creating /home/alexmin9/Desktop/TCI_AERO/ws_drones/install/fusion_CP_Consensus/share/ament_index
creating /home/alexmin9/Desktop/TCI_AERO/ws_drones/install/fusion_CP_Consensus/share/ament_index/resource_index
creating /home/alexmin9/Desktop/TCI_AERO/ws_drones/install/fusion_CP_Consensus/share/ament_index/resource_index/packages
copying resource/fusion_CP_Consensus -> /home/alexmin9/Desktop/TCI_AERO/ws_drones/install/fusion_CP_Consensus/share/ament_index/resource_index/packages
copying package.xml -> /home/alexmin9/Desktop/TCI_AERO/ws_drones/install/fusion_CP_Consensus/share/fusion_CP_Consensus
creating /home/alexmin9/Desktop/TCI_AERO/ws_drones/install/fusion_CP_Consensus/share/fusion_CP_Consensus/launch
copying launch/essaim_launch.yaml -> /home/alexmin9/Desktop/TCI_AERO/ws_drones/install/fusion_CP_Consensus/share/fusion_CP_Consensus/launch
running install_egg_info
Copying ../../build/fusion_CP_Consensus/fusion_CP_Consensus.egg-info to /home/alexmin9/Desktop/TCI_AERO/ws_drones/install/fusion_CP_Consensus/lib/python3.12/site-packages/fusion_CP_Consensus-0.0.0-py3.12.egg-info
running install_scripts
Installing decision_node1 script to /home/alexmin9/Desktop/TCI_AERO/ws_drones/install/fusion_CP_Consensus/lib/fusion_CP_Consensus
Installing decision_node2 script to /home/alexmin9/Desktop/TCI_AERO/ws_drones/install/fusion_CP_Consensus/lib/fusion_CP_Consensus
Installing decision_node3 script to /home/alexmin9/Desktop/TCI_AERO/ws_drones/install/fusion_CP_Consensus/lib/fusion_CP_Consensus
Installing decision_node4 script to /home/alexmin9/Desktop/TCI_AERO/ws_drones/install/fusion_CP_Consensus/lib/fusion_CP_Consensus
Installing fake_ot_node script to /home/alexmin9/Desktop/TCI_AERO/ws_drones/install/fusion_CP_Consensus/lib/fusion_CP_Consensus
Installing global_path_node1 script to /home/alexmin9/Desktop/TCI_AERO/ws_drones/install/fusion_CP_Consensus/lib/fusion_CP_Consensus
Installing global_path_node2 script to /home/alexmin9/Desktop/TCI_AERO/ws_drones/install/fusion_CP_Consensus/lib/fusion_CP_Consensus
Installing global_path_node3 script to /home/alexmin9/Desktop/TCI_AERO/ws_drones/install/fusion_CP_Consensus/lib/fusion_CP_Consensus
Installing global_path_node4 script to /home/alexmin9/Desktop/TCI_AERO/ws_drones/install/fusion_CP_Consensus/lib/fusion_CP_Consensus
Installing local_path_node1 script to /home/alexmin9/Desktop/TCI_AERO/ws_drones/install/fusion_CP_Consensus/lib/fusion_CP_Consensus
Installing local_path_node2 script to /home/alexmin9/Desktop/TCI_AERO/ws_drones/install/fusion_CP_Consensus/lib/fusion_CP_Consensus
Installing local_path_node3 script to /home/alexmin9/Desktop/TCI_AERO/ws_drones/install/fusion_CP_Consensus/lib/fusion_CP_Consensus
Installing local_path_node4 script to /home/alexmin9/Desktop/TCI_AERO/ws_drones/install/fusion_CP_Consensus/lib/fusion_CP_Consensus
Installing my_robot_driver_node1 script to /home/alexmin9/Desktop/TCI_AERO/ws_drones/install/fusion_CP_Consensus/lib/fusion_CP_Consensus
Installing my_robot_driver_node2 script to /home/alexmin9/Desktop/TCI_AERO/ws_drones/install/fusion_CP_Consensus/lib/fusion_CP_Consensus
Installing my_robot_driver_node3 script to /home/alexmin9/Desktop/TCI_AERO/ws_drones/install/fusion_CP_Consensus/lib/fusion_CP_Consensus
Installing my_robot_driver_node4 script to /home/alexmin9/Desktop/TCI_AERO/ws_drones/install/fusion_CP_Consensus/lib/fusion_CP_Consensus
writing list of installed files to '/home/alexmin9/Desktop/TCI_AERO/ws_drones/build/fusion_CP_Consensus/install.log'
