running egg_info
creating ../../build/pid_control/pid_control.egg-info
writing ../../build/pid_control/pid_control.egg-info/PKG-INFO
writing dependency_links to ../../build/pid_control/pid_control.egg-info/dependency_links.txt
writing entry points to ../../build/pid_control/pid_control.egg-info/entry_points.txt
writing requirements to ../../build/pid_control/pid_control.egg-info/requires.txt
writing top-level names to ../../build/pid_control/pid_control.egg-info/top_level.txt
writing manifest file '../../build/pid_control/pid_control.egg-info/SOURCES.txt'
reading manifest file '../../build/pid_control/pid_control.egg-info/SOURCES.txt'
writing manifest file '../../build/pid_control/pid_control.egg-info/SOURCES.txt'
running build
running build_py
creating /home/alexmin9/Desktop/TCI_AERO/ws_drones/build/pid_control/build
creating /home/alexmin9/Desktop/TCI_AERO/ws_drones/build/pid_control/build/lib
creating /home/alexmin9/Desktop/TCI_AERO/ws_drones/build/pid_control/build/lib/pid_control
copying pid_control/global_path_node.py -> /home/alexmin9/Desktop/TCI_AERO/ws_drones/build/pid_control/build/lib/pid_control
copying pid_control/local_path_node.py -> /home/alexmin9/Desktop/TCI_AERO/ws_drones/build/pid_control/build/lib/pid_control
copying pid_control/pid_class.py -> /home/alexmin9/Desktop/TCI_AERO/ws_drones/build/pid_control/build/lib/pid_control
copying pid_control/pid_control_node_example.py -> /home/alexmin9/Desktop/TCI_AERO/ws_drones/build/pid_control/build/lib/pid_control
copying pid_control/__init__.py -> /home/alexmin9/Desktop/TCI_AERO/ws_drones/build/pid_control/build/lib/pid_control
running install
running install_lib
creating /home/alexmin9/Desktop/TCI_AERO/ws_drones/install/pid_control/lib/python3.12/site-packages/pid_control
copying /home/alexmin9/Desktop/TCI_AERO/ws_drones/build/pid_control/build/lib/pid_control/global_path_node.py -> /home/alexmin9/Desktop/TCI_AERO/ws_drones/install/pid_control/lib/python3.12/site-packages/pid_control
copying /home/alexmin9/Desktop/TCI_AERO/ws_drones/build/pid_control/build/lib/pid_control/local_path_node.py -> /home/alexmin9/Desktop/TCI_AERO/ws_drones/install/pid_control/lib/python3.12/site-packages/pid_control
copying /home/alexmin9/Desktop/TCI_AERO/ws_drones/build/pid_control/build/lib/pid_control/pid_class.py -> /home/alexmin9/Desktop/TCI_AERO/ws_drones/install/pid_control/lib/python3.12/site-packages/pid_control
copying /home/alexmin9/Desktop/TCI_AERO/ws_drones/build/pid_control/build/lib/pid_control/pid_control_node_example.py -> /home/alexmin9/Desktop/TCI_AERO/ws_drones/install/pid_control/lib/python3.12/site-packages/pid_control
copying /home/alexmin9/Desktop/TCI_AERO/ws_drones/build/pid_control/build/lib/pid_control/__init__.py -> /home/alexmin9/Desktop/TCI_AERO/ws_drones/install/pid_control/lib/python3.12/site-packages/pid_control
byte-compiling /home/alexmin9/Desktop/TCI_AERO/ws_drones/install/pid_control/lib/python3.12/site-packages/pid_control/global_path_node.py to global_path_node.cpython-312.pyc
byte-compiling /home/alexmin9/Desktop/TCI_AERO/ws_drones/install/pid_control/lib/python3.12/site-packages/pid_control/local_path_node.py to local_path_node.cpython-312.pyc
byte-compiling /home/alexmin9/Desktop/TCI_AERO/ws_drones/install/pid_control/lib/python3.12/site-packages/pid_control/pid_class.py to pid_class.cpython-312.pyc
byte-compiling /home/alexmin9/Desktop/TCI_AERO/ws_drones/install/pid_control/lib/python3.12/site-packages/pid_control/pid_control_node_example.py to pid_control_node_example.cpython-312.pyc
byte-compiling /home/alexmin9/Desktop/TCI_AERO/ws_drones/install/pid_control/lib/python3.12/site-packages/pid_control/__init__.py to __init__.cpython-312.pyc
running install_data
creating /home/alexmin9/Desktop/TCI_AERO/ws_drones/install/pid_control/share/ament_index
creating /home/alexmin9/Desktop/TCI_AERO/ws_drones/install/pid_control/share/ament_index/resource_index
creating /home/alexmin9/Desktop/TCI_AERO/ws_drones/install/pid_control/share/ament_index/resource_index/packages
copying resource/pid_control -> /home/alexmin9/Desktop/TCI_AERO/ws_drones/install/pid_control/share/ament_index/resource_index/packages
copying package.xml -> /home/alexmin9/Desktop/TCI_AERO/ws_drones/install/pid_control/share/pid_control
creating /home/alexmin9/Desktop/TCI_AERO/ws_drones/install/pid_control/share/pid_control/launch
copying launch/essaim_launch.yaml -> /home/alexmin9/Desktop/TCI_AERO/ws_drones/install/pid_control/share/pid_control/launch
running install_egg_info
Copying ../../build/pid_control/pid_control.egg-info to /home/alexmin9/Desktop/TCI_AERO/ws_drones/install/pid_control/lib/python3.12/site-packages/pid_control-0.0.0-py3.12.egg-info
running install_scripts
Installing global_path_node script to /home/alexmin9/Desktop/TCI_AERO/ws_drones/install/pid_control/lib/pid_control
Installing local_path_node script to /home/alexmin9/Desktop/TCI_AERO/ws_drones/install/pid_control/lib/pid_control
Installing pid_control_node_example script to /home/alexmin9/Desktop/TCI_AERO/ws_drones/install/pid_control/lib/pid_control
writing list of installed files to '/home/alexmin9/Desktop/TCI_AERO/ws_drones/build/pid_control/install.log'
